C      C.3%6A CG2R61 C.3%6A
N      N.2%6A NG2R60 N.2%6 
C3     C.3%6A CG2R61 C.3%6A
C4     C.3%6A CG2R64 C.3%6(N.2%6)(N)
C5     C.3%6A CG2R61 C.3%6A
C6     C.3%6A CG2R61 C.3%6A
C7     C.3%6A CG2R61 C.3%6A
N8     N.3%6A NG2R61 N.3%6A(H.1)
C9     C.3%6A CG2R63 C.3%6(O.1)(N.3%6)
N10    N.2%6A NG2R62 N.2%6(C.3%6(N.3%6(C.3%6)))
C11    C.3%6A,6A CG2R61 C.3%6A
C12    C.3%6A,6A CG2R62 C.3%6(C.3%6([^C]%6))(C.3%6([^C]%6))
C13    C.3%6A CG2R61 C.3%6A
C14    C.3%6A CG2R66 C.3%6(F.1)
C15    C.3%6A CG2R61 C.3%6A
C16    C.3%6A CG2R61 C.3%6A
O      O.1    OG2D4  O.1(C.3%6(N%6))
C18    C.4    CG301  C.4   
O19    O.2    OG311  !O.2(!H.1)
F      F.1    FGR1   F.1(C.3%)
C21    C.4    CG331  !C.4(H.1)(H.1)(H.1)
C22    C.4    CG331  !C.4(H.1)(H.1)(H.1)
H      H.1    HGR61  H.1(C.3%6)
H24    H.1    HGR62  H.1(C.3%6A([^C]%6A))
H25    H.1    HGR61  H.1(C.3%6)
H26    H.1    HGP1   H.1(N.3%)
H27    H.1    HGR62  H.1(C.3%6(C.3%6(F|CL|BR|I.1)))
H28    H.1    HGR62  H.1(C.3%6(C.3%6(F|CL|BR|I.1)))
H29    H.1    HGR61  H.1(C.3%6)
H30    H.1    HGA3   H.1(C.4(H.1)(H.1))
H31    H.1    HGA3   H.1(C.4(H.1)(H.1))
H32    H.1    HGA3   H.1(C.4(H.1)(H.1))
H33    H.1    HGA3   H.1(C.4(H.1)(H.1))
H34    H.1    HGA3   H.1(C.4(H.1)(H.1))
H35    H.1    HGA3   H.1(C.4(H.1)(H.1))
H36    H.1    HGP1   H(O.2)
C       CG2R61  N       NG2R60  2        0.28000 -  -0.28000
C       CG2R61  C3      CG2R61  1        0.00000 -   0.00000
C       CG2R61  C4      CG2R64  1        0.00000 -   0.00000
C5      CG2R61  N       NG2R60  1        0.28000 -  -0.28000
C3      CG2R61  C6      CG2R61  2        0.00000 -   0.00000
C3      CG2R61  H       HGR61   1       -0.11500 -   0.11500
C4      CG2R64  N8      NG2R61  1        0.05000 -  -0.05000
C4      CG2R64  N10     NG2R62  2        0.31500 -  -0.31500
C5      CG2R61  C7      CG2R61  2        0.00000 -   0.00000
C5      CG2R61  H24     HGR62   1       -0.12000 -   0.12000
C6      CG2R61  C7      CG2R61  1        0.00000 -   0.00000
C6      CG2R61  H25     HGR61   1       -0.11500 -   0.11500
C7      CG2R61  C18     CG301   1        0.00000 -   0.00000
C9      CG2R63  N8      NG2R61  1        0.05000 -  -0.05000
H26     HGP1    N8      NG2R61  1        0.36000 -  -0.36000
C12     CG2R62  C9      CG2R63  1        0.00000 -   0.00000
C9      CG2R63  O       OG2D4   2        0.49000 -  -0.49000
C11     CG2R61  N10     NG2R62  1        0.41000 -  -0.41000
C11     CG2R61  C12     CG2R62  2        0.00000 -   0.00000
C11     CG2R61  C16     CG2R61  1        0.00000 -   0.00000
C13     CG2R61  C12     CG2R62  1        0.00000 -   0.00000
C13     CG2R61  C14     CG2R66  2        0.00000 -   0.00000
C13     CG2R61  H27     HGR62   1         -0.150 -     0.150
C15     CG2R61  C14     CG2R66  1        0.00000 -   0.00000
C14     CG2R66  F       FGR1    1        0.21000 -  -0.21000
C15     CG2R61  C16     CG2R61  2        0.00000 -   0.00000
C15     CG2R61  H28     HGR62   1         -0.150 -     0.150
C16     CG2R61  H29     HGR61   1       -0.11500 -   0.11500
C18     CG301   O19     OG311   1        0.23000 -  -0.23000
C18     CG301   C21     CG331   1        0.00000 -   0.00000
C18     CG301   C22     CG331   1        0.00000 -   0.00000
H36     HGP1    O19     OG311   1        0.42000 -  -0.42000
C21     CG331   H30     HGA3    1       -0.09000 -   0.09000
C21     CG331   H31     HGA3    1       -0.09000 -   0.09000
C21     CG331   H32     HGA3    1       -0.09000 -   0.09000
C22     CG331   H33     HGA3    1       -0.09000 -   0.09000
C22     CG331   H34     HGA3    1       -0.09000 -   0.09000
C22     CG331   H35     HGA3    1       -0.09000 -   0.09000
mol.mol2 Success!
