C      C.4    CG331  !C.4(H.1)(H.1)(H.1)
N      N.3    NG2S1  !N.3(H.1)(C.3(!O.1))
C3     C.3    CG2O1  !C.3(O.1)(N.3)
O      O.1    OG2D1  O.1(C.3)
C5     C.3%6A CG2R61 C.3%6A
C6     C.3%6A CG2R61 C.3%6A
C7     C.3%6A CG2R61 C.3%6A
C8     C.3%6A CG2R61 C.3%6A
C9     C.3%6A CG2R67 C.3%6(C.3%6)(C.3%6)(C.3%6)
C10    C.3%6A CG2R61 C.3%6A
C11    C.3%6A CG2R61 C.3%6A
C12    C.3%6A CG2R62 C.3%6(N.3%6)
N13    N.3%6A,5A NG2RC0 N.3%5,6(C.3%6)
C14    C.3%5A CG2R51 C.3%5 
C15    C.3%5A CG2R51 C.3%5 
N16    N.2%5A NG2R50 N.2%5 
C17    C.3%6A,5A CG2RC0 C.3%6,5([^C]%6)([^C]%5)
C18    C.3%6A CG2R64 C.3%6(N.2%6)(N)
N19    N.3    NG311  N.3(H.1)
C20    C.3%6A CG2R61 C.3%6A
C21    C.3%6A CG2R61 C.3%6A
C22    C.3%6A CG2R61 C.3%6A
C23    C.3%6A CG2R61 C.3%6A
O24    O.2    OG301  O.2   
C25    C.4    CG331  !C.4(H.1)(H.1)(H.1)
C26    C.3%6A CG2R61 C.3%6A
O27    O.2    OG301  O.2   
C28    C.4    CG331  !C.4(H.1)(H.1)(H.1)
C29    C.3%6A CG2R61 C.3%6A
N30    N.2%6A NG2R60 N.2%6 
H      H.1    HGA3   H.1(C.4(H.1)(H.1))
H32    H.1    HGA3   H.1(C.4(H.1)(H.1))
H33    H.1    HGA3   H.1(C.4(H.1)(H.1))
H34    H.1    HGP1   H.1(!N.3)
H35    H.1    HGR61  H.1(C.3%6)
H36    H.1    HGR61  H.1(C.3%6)
H37    H.1    HGR61  H.1(C.3%6)
H38    H.1    HGR61  H.1(C.3%6)
H39    H.1    HGR62  H.1(C.3%6A([^C]%6A))
H40    H.1    HGR52  H.1(C.3%5([^C]%5))
H41    H.1    HGR52  H.1(C.3%5([^C]%5))
H42    H.1    HGP1   H.1(!N.3)
H43    H.1    HGR61  H.1(C.3%6)
H44    H.1    HGR61  H.1(C.3%6)
H45    H.1    HGA3   H.1(C.4(H.1)(H.1))
H46    H.1    HGA3   H.1(C.4(H.1)(H.1))
H47    H.1    HGA3   H.1(C.4(H.1)(H.1))
H48    H.1    HGA3   H.1(C.4(H.1)(H.1))
H49    H.1    HGA3   H.1(C.4(H.1)(H.1))
H50    H.1    HGA3   H.1(C.4(H.1)(H.1))
H51    H.1    HGR61  H.1(C.3%6)
C       CG331   N       NG2S1   1        0.16000 -  -0.16000
C       CG331   H       HGA3    1       -0.09000 -   0.09000
C       CG331   H32     HGA3    1       -0.09000 -   0.09000
C       CG331   H33     HGA3    1       -0.09000 -   0.09000
C3      CG2O1   N       NG2S1   1        0.00000 -   0.00000
H34     HGP1    N       NG2S1   1        0.31000 -  -0.31000
C3      CG2O1   O       OG2D1   2        0.51000 -  -0.51000
C3      CG2O1   C5      CG2R61  1        0.02000 -  -0.02000
C5      CG2R61  C6      CG2R61  2        0.00000 -   0.00000
C5      CG2R61  C10     CG2R61  1        0.00000 -   0.00000
C6      CG2R61  C7      CG2R61  1        0.00000 -   0.00000
C6      CG2R61  H35     HGR61   1       -0.11500 -   0.11500
C7      CG2R61  C8      CG2R61  2        0.00000 -   0.00000
C7      CG2R61  H36     HGR61   1       -0.11500 -   0.11500
C8      CG2R61  C9      CG2R67  1        0.00000 -   0.00000
C8      CG2R61  H37     HGR61   1       -0.11500 -   0.11500
C10     CG2R61  C9      CG2R67  2        0.00000 -   0.00000
C11     CG2R61  C9      CG2R67  1        0.00000 -   0.00000
C10     CG2R61  H38     HGR61   1       -0.11500 -   0.11500
C11     CG2R61  C12     CG2R62  2        0.00000 -   0.00000
C11     CG2R61  N30     NG2R60  1        0.30000 -  -0.30000
C12     CG2R62  N13     NG2RC0  1        0.29000 -  -0.29000
C12     CG2R62  H39     HGR62   1       -0.17000 -   0.17000
C14     CG2R51  N13     NG2RC0  1        0.04000 -  -0.04000
C17     CG2RC0  N13     NG2RC0  1       -0.05000 -   0.05000
C14     CG2R51  C15     CG2R51  2        0.00000 -   0.00000
C14     CG2R51  H40     HGR52   1         -0.090 -     0.090
C15     CG2R51  N16     NG2R50  1        0.32000 -  -0.32000
C15     CG2R51  H41     HGR52   1       -0.10000 -   0.10000
C17     CG2RC0  N16     NG2R50  2        0.35000 -  -0.35000
C18     CG2R64  C17     CG2RC0  1        0.02500 -  -0.02500
C18     CG2R64  N19     NG311   1        0.13500 -  -0.13500
C18     CG2R64  N30     NG2R60  2        0.30000 -  -0.30000
C20     CG2R61  N19     NG311   1        0.04000 -  -0.04000
H42     HGP1    N19     NG311   1        0.35000 -  -0.35000
C20     CG2R61  C21     CG2R61  2        0.00000 -   0.00000
C20     CG2R61  C29     CG2R61  1        0.00000 -   0.00000
C21     CG2R61  C22     CG2R61  1        0.00000 -   0.00000
C21     CG2R61  H43     HGR61   1       -0.11500 -   0.11500
C22     CG2R61  C23     CG2R61  2        0.00000 -   0.00000
C22     CG2R61  H44     HGR61   1       -0.11500 -   0.11500
C23     CG2R61  O24     OG301   1        0.21500 -  -0.21500
C23     CG2R61  C26     CG2R61  1        0.00000 -   0.00000
C25     CG331   O24     OG301   1        0.17000 -  -0.17000
C25     CG331   H45     HGA3    1       -0.09000 -   0.09000
C25     CG331   H46     HGA3    1       -0.09000 -   0.09000
C25     CG331   H47     HGA3    1       -0.09000 -   0.09000
C26     CG2R61  O27     OG301   1        0.21500 -  -0.21500
C26     CG2R61  C29     CG2R61  2        0.00000 -   0.00000
C28     CG331   O27     OG301   1        0.17000 -  -0.17000
C28     CG331   H48     HGA3    1       -0.09000 -   0.09000
C28     CG331   H49     HGA3    1       -0.09000 -   0.09000
C28     CG331   H50     HGA3    1       -0.09000 -   0.09000
C29     CG2R61  H51     HGR61   1       -0.11500 -   0.11500
mol_gmx.pdb Success!
