O      O.2    OG311  !O.2(!H.1)
C      C.4%5N CG3C51 C.4%5(H.1)
C3     C.4%5N CG312  C.4(F.1)(F.1)
C4     C.4%5N CG3C52 C.4%5(H.1)(H.1)
C5     C.3%5N,6A CG2RC0 C.3%6,5(C.3%6,5)(C.3%6)
C6     C.3%5N,6A CG2RC0 C.3%6,5(C.3%6,5)(C.3%6)
C7     C.3%6A CG2R61 C.3%6A
C8     C.3%6A CG2R61 C.3%6A
C9     C.3%6A CG2R61 C.3%6A
C10    C.3%6A CG2R61 C.3%6A
O11    O.2    OG301  O.2   
C12    C.3%6A CG2R61 C.3%6A
C13    C.3%6A CG2R61 C.3%6A
C14    C.3%6A CG2R61 C.3%6A
C15    C.3%6A CG2R66 C.3%6(F.1)
C16    C.3%6A,5A CG2RC0 C.3%6,5(C.3%6,5)(C.3%6)
C17    C.3%6A,5A CG2RC0 C.3%6,5(C.3%6,5)(C.3%6)
S      S.4    SG3O2  S.4(O.1)(O.1)
O19    O.1    OG2P1  O.1(!S)
O20    O.1    OG2P1  O.1(!S)
C21    C.4    CG302  C.4(F.1)(F.1)(F.1)
F      F.1    FGA2   F.1(C.4(F.1))
F23    F.1    FGA2   F.1(C.4(F.1))
F24    F.1    FGA3   F.1(!C.4(F.1)(F.1))
F25    F.1    FGA3   F.1(!C.4(F.1)(F.1))
F26    F.1    FGA3   F.1(!C.4(F.1)(F.1))
F27    F.1    FGR1   F.1(C.3%)
C28    C.3%5A CG2R52 C.3%5(=N.2%5)
N      N.2%5A NG2R50 N.2%5 
N30    N.3%5A NG2R51 N.3%5A(C.3%5)
H      H.1    HGP1   H(O.2)
H32    H.1    HGA1   H.1(C.4)
H33    H.1    HGA2   H.1(C.4(H.1))
H34    H.1    HGA2   H.1(C.4(H.1))
H35    H.1    HGR61  H.1(C.3%6)
H36    H.1    HGR61  H.1(C.3%6)
H37    H.1    HGR61  H.1(C.3%6)
H38    H.1    HGR62  H.1(C.3%6(C.3%6(F|CL|BR|I.1)))
H39    H.1    HGR52  H.1(C.3%5([^C]%5))
H40    H.1    HGP1   H.1(N.3%5)
C       CG3C51  O       OG311   1        0.23000 -  -0.23000
H       HGP1    O       OG311   1        0.42000 -  -0.42000
C3      CG312   C       CG3C51  1        0.00000 -   0.00000
C6      CG2RC0  C       CG3C51  1        0.00000 -   0.00000
C       CG3C51  H32     HGA1    1       -0.09000 -   0.09000
C3      CG312   C4      CG3C52  1        0.00000 -   0.00000
C3      CG312   F       FGA2    1        0.17000 -  -0.17000
C3      CG312   F23     FGA2    1        0.17000 -  -0.17000
C5      CG2RC0  C4      CG3C52  1       -0.17000 -   0.17000
C4      CG3C52  H33     HGA2    1       -0.09000 -   0.09000
C4      CG3C52  H34     HGA2    1       -0.09000 -   0.09000
C5      CG2RC0  C6      CG2RC0  1        0.00000 -   0.00000
C10     CG2R61  C5      CG2RC0  2        0.00000 -   0.00000
C7      CG2R61  C6      CG2RC0  2        0.00000 -   0.00000
C7      CG2R61  C8      CG2R61  1        0.00000 -   0.00000
C7      CG2R61  S       SG3O2   1        0.24000 -  -0.24000
C8      CG2R61  C9      CG2R61  2        0.00000 -   0.00000
C8      CG2R61  H35     HGR61   1       -0.11500 -   0.11500
C9      CG2R61  C10     CG2R61  1        0.00000 -   0.00000
C9      CG2R61  H36     HGR61   1       -0.11500 -   0.11500
C10     CG2R61  O11     OG301   1        0.21500 -  -0.21500
C12     CG2R61  O11     OG301   1        0.21500 -  -0.21500
C12     CG2R61  C13     CG2R61  2        0.00000 -   0.00000
C12     CG2R61  C17     CG2RC0  1        0.00000 -   0.00000
C13     CG2R61  C14     CG2R61  1        0.00000 -   0.00000
C13     CG2R61  H37     HGR61   1       -0.11500 -   0.11500
C14     CG2R61  C15     CG2R66  2        0.00000 -   0.00000
C14     CG2R61  H38     HGR62   1         -0.150 -     0.150
C15     CG2R66  C16     CG2RC0  1       -0.03000 -   0.03000
C15     CG2R66  F27     FGR1    1        0.21000 -  -0.21000
C16     CG2RC0  C17     CG2RC0  2        0.00000 -   0.00000
C16     CG2RC0  N30     NG2R51  1        0.15000 -  -0.15000
C28     CG2R52  C17     CG2RC0  1        0.02500 -  -0.02500
O19     OG2P1   S       SG3O2   2       -0.42000 -   0.42000
O20     OG2P1   S       SG3O2   2       -0.42000 -   0.42000
C21     CG302   S       SG3O2   1        0.22000 -  -0.22000
C21     CG302   F24     FGA3    1        0.14000 -  -0.14000
C21     CG302   F25     FGA3    1        0.14000 -  -0.14000
C21     CG302   F26     FGA3    1        0.14000 -  -0.14000
C28     CG2R52  N       NG2R50  2        0.25000 -  -0.25000
C28     CG2R52  H39     HGR52   1         -0.130 -     0.130
N       NG2R50  N30     NG2R51  1       -0.32000 -   0.32000
H40     HGP1    N30     NG2R51  1          0.370 -   -0.3700
mol.mol2 Success!
