C      C.3%6A CG2R61 C.3%6A
C2     C.3%6A CG2R61 C.3%6A
C3     C.3%6A CG2R61 C.3%6A
C4     C.3%6A CG2R61 C.3%6A
C5     C.3%6A,5A CG2RC0 C.3%6,5(C.3%6,5)(C.3%6)
C6     C.3%6A,5A CG2RC0 C.3%6,5(C.3%6,5)(C.3%6)
C7     C.3%5A CG2R52 C.3%5(=N.2%5)
N      N.2%5A NG2R50 N.2%5 
N9     N.3%5A NG2R51 N.3%5A(C.3%5)
C10    C.4    CG321  C.4(H.1)(H.1)
N11    N.3    NG2S1  !N.3(H.1)(C.3(!O.1))
C12    C.4    CG331  !C.4(H.1)(H.1)(H.1)
C13    C.3    CG2O1  !C.3(O.1)(N.3)
O      O.1    OG2D1  O.1(C.3)
C15    C.3%6A CG2R61 C.3%6A
C16    C.3%6A CG2R61 C.3%6A
C17    C.3%6A CG2R61 C.3%6A
C18    C.3%6A CG2R61 C.3%6A
C19    C.3%6A CG2R61 C.3%6A
C20    C.3%6A CG2R61 C.3%6A
C21    C.3%5A CG2R51 C.3%5 
C22    C.3%5A CG2R51 C.3%5 
N23    N.3%5A NG2R51 N.3%5A(C.3%5)
N24    N.2%5A NG2R50 N.2%5 
C25    C.3%5A CG2R52 C.3%5(=N.2%5)
C26    C.4    CG321  C.4(H.1)(H.1)
C27    C.4    CG301  C.4   
O28    O.2    OG311  !O.2(!H.1)
C29    C.4    CG331  !C.4(H.1)(H.1)(H.1)
C30    C.4    CG331  !C.4(H.1)(H.1)(H.1)
H      H.1    HGR61  H.1(C.3%6)
H32    H.1    HGR61  H.1(C.3%6)
H33    H.1    HGR61  H.1(C.3%6)
H34    H.1    HGP1   H.1(N.3%5)
H35    H.1    HGA2   H.1(C.4(H.1))
H36    H.1    HGA2   H.1(C.4(H.1))
H37    H.1    HGP1   H.1(!N.3)
H38    H.1    HGA3   H.1(C.4(H.1)(H.1))
H39    H.1    HGA3   H.1(C.4(H.1)(H.1))
H40    H.1    HGA3   H.1(C.4(H.1)(H.1))
H41    H.1    HGR61  H.1(C.3%6)
H42    H.1    HGR61  H.1(C.3%6)
H43    H.1    HGR61  H.1(C.3%6)
H44    H.1    HGR61  H.1(C.3%6)
H45    H.1    HGR52  H.1(C.3%5([^C]%5))
H46    H.1    HGR52  H.1(C.3%5([^C]%5))
H47    H.1    HGA2   H.1(C.4(H.1))
H48    H.1    HGA2   H.1(C.4(H.1))
H49    H.1    HGP1   H(O.2)
H50    H.1    HGA3   H.1(C.4(H.1)(H.1))
H51    H.1    HGA3   H.1(C.4(H.1)(H.1))
H52    H.1    HGA3   H.1(C.4(H.1)(H.1))
H53    H.1    HGA3   H.1(C.4(H.1)(H.1))
H54    H.1    HGA3   H.1(C.4(H.1)(H.1))
H55    H.1    HGA3   H.1(C.4(H.1)(H.1))
C       CG2R61  C2      CG2R61  2        0.00000 -   0.00000
C       CG2R61  C4      CG2R61  1        0.00000 -   0.00000
C13     CG2O1   C       CG2R61  1        0.02000 -  -0.02000
C2      CG2R61  C6      CG2RC0  1        0.00000 -   0.00000
C2      CG2R61  H       HGR61   1       -0.11500 -   0.11500
C3      CG2R61  C4      CG2R61  2        0.00000 -   0.00000
C3      CG2R61  C5      CG2RC0  1        0.00000 -   0.00000
C3      CG2R61  H32     HGR61   1       -0.11500 -   0.11500
C4      CG2R61  H33     HGR61   1       -0.11500 -   0.11500
C5      CG2RC0  C6      CG2RC0  2        0.00000 -   0.00000
C5      CG2RC0  N9      NG2R51  1        0.15000 -  -0.15000
C7      CG2R52  C6      CG2RC0  1        0.02500 -  -0.02500
C7      CG2R52  N       NG2R50  2        0.25000 -  -0.25000
C7      CG2R52  C10     CG321   1       -0.11000 -   0.11000
N       NG2R50  N9      NG2R51  1       -0.32000 -   0.32000
H34     HGP1    N9      NG2R51  1          0.370 -   -0.3700
C15     CG2R61  C10     CG321   1        0.00000 -   0.00000
C10     CG321   H35     HGA2    1       -0.09000 -   0.09000
C10     CG321   H36     HGA2    1       -0.09000 -   0.09000
C12     CG331   N11     NG2S1   1        0.16000 -  -0.16000
C13     CG2O1   N11     NG2S1   1        0.00000 -   0.00000
H37     HGP1    N11     NG2S1   1        0.31000 -  -0.31000
C12     CG331   H38     HGA3    1       -0.09000 -   0.09000
C12     CG331   H39     HGA3    1       -0.09000 -   0.09000
C12     CG331   H40     HGA3    1       -0.09000 -   0.09000
C13     CG2O1   O       OG2D1   2        0.51000 -  -0.51000
C15     CG2R61  C16     CG2R61  2        0.00000 -   0.00000
C15     CG2R61  C20     CG2R61  1        0.00000 -   0.00000
C16     CG2R61  C17     CG2R61  1        0.00000 -   0.00000
C16     CG2R61  H41     HGR61   1       -0.11500 -   0.11500
C17     CG2R61  C18     CG2R61  2        0.00000 -   0.00000
C17     CG2R61  H42     HGR61   1       -0.11500 -   0.11500
C18     CG2R61  C19     CG2R61  1        0.00000 -   0.00000
C21     CG2R51  C18     CG2R61  1       -0.03000 -   0.03000
C19     CG2R61  C20     CG2R61  2        0.00000 -   0.00000
C19     CG2R61  H43     HGR61   1       -0.11500 -   0.11500
C20     CG2R61  H44     HGR61   1       -0.11500 -   0.11500
C21     CG2R51  C22     CG2R51  2       -0.08000 -   0.08000
C21     CG2R51  C25     CG2R52  1       -0.02000 -   0.02000
C22     CG2R51  N23     NG2R51  1        0.04000 -  -0.04000
C22     CG2R51  H45     HGR52   1       -0.10000 -   0.10000
N24     NG2R50  N23     NG2R51  1       -0.32000 -   0.32000
C26     CG321   N23     NG2R51  1        0.21000 -  -0.21000
C25     CG2R52  N24     NG2R50  2        0.25000 -  -0.25000
C25     CG2R52  H46     HGR52   1       -0.27000 -   0.27000
C27     CG301   C26     CG321   1        0.00000 -   0.00000
C26     CG321   H47     HGA2    1       -0.09000 -   0.09000
C26     CG321   H48     HGA2    1       -0.09000 -   0.09000
C27     CG301   O28     OG311   1        0.23000 -  -0.23000
C27     CG301   C29     CG331   1        0.00000 -   0.00000
C27     CG301   C30     CG331   1        0.00000 -   0.00000
H49     HGP1    O28     OG311   1        0.42000 -  -0.42000
C29     CG331   H50     HGA3    1       -0.09000 -   0.09000
C29     CG331   H51     HGA3    1       -0.09000 -   0.09000
C29     CG331   H52     HGA3    1       -0.09000 -   0.09000
C30     CG331   H53     HGA3    1       -0.09000 -   0.09000
C30     CG331   H54     HGA3    1       -0.09000 -   0.09000
C30     CG331   H55     HGA3    1       -0.09000 -   0.09000
mol.mol2 Success!
