C      C.3%6A CG2R61 C.3%6A
C2     C.3%6A CG2R61 C.3%6A
C3     C.3%6A CG2R61 C.3%6A
C4     C.3%6A CG2R67 C.3%6(C.3%6)(C.3%6)(C.3%6)
C5     C.3%6A,6A CG2R61 C.3%6A
C6     C.3%6A,6A CG2R61 C.3%6A
N      N.2%6A NG2R60 N.2%6 
C8     C.3%6A CG2R61 C.3%6A
C9     C.3%6A CG2R61 C.3%6A
N10    N.2%6A NG2R60 N.2%6 
C11    C.3%6A CG2R67 C.3%6(C.3%6)(C.3%6)(C.3%6)
C12    C.3%6A CG2R61 C.3%6A
C13    C.3%6A CG2R61 C.3%6A
C14    C.3%6A CG2R61 C.3%6A
C15    C.3%6A,5A CG2RC0 C.3%6,5(C.3%6,5)(C.3%6)
C16    C.3%6A,5A CG2RC0 C.3%6,5(C.3%6,5)(C.3%6)
N17    N.2%5A NG2R50 N.2%5 
C18    C.3%5A CG2R53 C.3%5(N.2%5)(^C%5)
S      S.2%5A SG2R50 S.2%*A
N20    N.3    NG311  N.3(H.1)
C21    C.3%6A CG2R61 C.3%6A
C22    C.3%6A CG2R61 C.3%6A
C23    C.3%6A CG2R61 C.3%6A
C24    C.3%6A CG2R61 C.3%6A
N25    N.2%6A NG2R60 N.2%6 
C26    C.3%6A CG2R61 C.3%6A
S27    S.4    SG3O2  S.4(O.1)(O.1)
O      O.1    OG2P1  O.1(!S)
O29    O.1    OG2P1  O.1(!S)
C30    C.4    CG331  !C.4(H.1)(H.1)(H.1)
H      H.1    HGR61  H.1(C.3%6)
H32    H.1    HGR61  H.1(C.3%6)
H33    H.1    HGR62  H.1(C.3%6A([^C]%6A))
H34    H.1    HGR62  H.1(C.3%6A([^C]%6A))
H35    H.1    HGR61  H.1(C.3%6)
H36    H.1    HGR61  H.1(C.3%6)
H37    H.1    HGR61  H.1(C.3%6)
H38    H.1    HGR52  H.1(C.3%5([^C]%5))
H39    H.1    HGP1   H.1(!N.3)
H40    H.1    HGR61  H.1(C.3%6)
H41    H.1    HGR62  H.1(C.3%6A([^C]%6A))
H42    H.1    HGR62  H.1(C.3%6A([^C]%6A))
H43    H.1    HGA3   H.1(C.4(H.1)(H.1))
H44    H.1    HGA3   H.1(C.4(H.1)(H.1))
H45    H.1    HGA3   H.1(C.4(H.1)(H.1))
C       CG2R61  C2      CG2R61  2        0.00000 -   0.00000
C       CG2R61  C5      CG2R61  1        0.00000 -   0.00000
C       CG2R61  H       HGR61   1       -0.11500 -   0.11500
C2      CG2R61  C3      CG2R61  1        0.00000 -   0.00000
C2      CG2R61  N20     NG311   1        0.04000 -  -0.04000
C3      CG2R61  C4      CG2R67  2        0.00000 -   0.00000
C3      CG2R61  H32     HGR61   1       -0.11500 -   0.11500
C6      CG2R61  C4      CG2R67  1        0.00000 -   0.00000
C4      CG2R67  C11     CG2R67  1        0.00000 -   0.00000
C5      CG2R61  C6      CG2R61  2        0.00000 -   0.00000
C5      CG2R61  N10     NG2R60  1        0.29000 -  -0.29000
C6      CG2R61  N       NG2R60  1        0.29000 -  -0.29000
C8      CG2R61  N       NG2R60  2        0.29000 -  -0.29000
C8      CG2R61  C9      CG2R61  1        0.00000 -   0.00000
C8      CG2R61  H33     HGR62   1         -0.160 -     0.160
C9      CG2R61  N10     NG2R60  2        0.29000 -  -0.29000
C9      CG2R61  H34     HGR62   1         -0.160 -     0.160
C12     CG2R61  C11     CG2R67  2        0.00000 -   0.00000
C14     CG2R61  C11     CG2R67  1        0.00000 -   0.00000
C12     CG2R61  C13     CG2R61  1        0.00000 -   0.00000
C12     CG2R61  H35     HGR61   1       -0.11500 -   0.11500
C13     CG2R61  C16     CG2RC0  2        0.00000 -   0.00000
C13     CG2R61  H36     HGR61   1       -0.11500 -   0.11500
C14     CG2R61  C15     CG2RC0  2        0.00000 -   0.00000
C14     CG2R61  H37     HGR61   1       -0.11500 -   0.11500
C15     CG2RC0  C16     CG2RC0  1        0.00000 -   0.00000
C15     CG2RC0  S       SG2R50  1        0.08000 -  -0.08000
C16     CG2RC0  N17     NG2R50  1        0.35000 -  -0.35000
C18     CG2R53  N17     NG2R50  2        0.28000 -  -0.28000
C18     CG2R53  S       SG2R50  1        0.08000 -  -0.08000
C18     CG2R53  H38     HGR52   1         -0.140 -     0.140
C21     CG2R61  N20     NG311   1        0.04000 -  -0.04000
H39     HGP1    N20     NG311   1        0.35000 -  -0.35000
C21     CG2R61  C22     CG2R61  2        0.00000 -   0.00000
C21     CG2R61  C26     CG2R61  1        0.00000 -   0.00000
C22     CG2R61  C23     CG2R61  1        0.00000 -   0.00000
C22     CG2R61  S27     SG3O2   1        0.24000 -  -0.24000
C23     CG2R61  C24     CG2R61  2        0.00000 -   0.00000
C23     CG2R61  H40     HGR61   1       -0.11500 -   0.11500
C24     CG2R61  N25     NG2R60  1        0.30000 -  -0.30000
C24     CG2R61  H41     HGR62   1       -0.12000 -   0.12000
C26     CG2R61  N25     NG2R60  2        0.30000 -  -0.30000
C26     CG2R61  H42     HGR62   1       -0.12000 -   0.12000
O       OG2P1   S27     SG3O2   2       -0.36000 -   0.36000
O29     OG2P1   S27     SG3O2   2       -0.36000 -   0.36000
C30     CG331   S27     SG3O2   1        0.29000 -  -0.29000
C30     CG331   H43     HGA3    1       -0.09000 -   0.09000
C30     CG331   H44     HGA3    1       -0.09000 -   0.09000
C30     CG331   H45     HGA3    1       -0.09000 -   0.09000
mol.mol2 Success!
