N      N.3%6N NG301  N.3%6N
C      C.4%6N CG321  C.4(H.1)(H.1)
C3     C.4%6N CG321  C.4(H.1)(H.1)
C4     C.4%6N CG301  C.4   
C5     C.4%6N CG321  C.4(H.1)(H.1)
C6     C.4%6N CG321  C.4(H.1)(H.1)
C7     C.3%6A CG2R67 C.3%6(C.3%6)(C.3%6)(C.3%6)
C8     C.3%6A CG2R61 C.3%6A
C9     C.3%6A CG2R61 C.3%6A
C10    C.3%6A CG2R61 C.3%6A
C11    C.3%6A CG2R61 C.3%6A
C12    C.3%6A CG2R61 C.3%6A
C13    C.3%6A CG2R62 C.3%6(C.3%6([^C]%6))(C.3%6([^C]%6))
C14    C.3%6A CG2R61 C.3%6A
N15    N.2%6A NG2R62 N.2%6(C.3%6(N.2%6))
C16    C.3%6A CG2R64 C.3%6(N.2%6)(N)
N17    N.2%6A NG2R62 N.2%6(C.3%6(N.2%6))
C18    C.3%6A CG2R64 C.3%6(N.2%6)(N)
C19    C.4    CG331  !C.4(H.1)(H.1)(H.1)
CL     CL.1   CLGR1  CL.1(C%6)
N21    N.3    NG2S3  !N.3(H.1)(H.1)(C.3%6)
N22    N.4    NG3P3  N.4(H.1)(H.1)(H.1)
C23    C.4    CG331  !C.4(H.1)(H.1)(H.1)
H      H.1    HGA2   H.1(C.4(H.1))
H25    H.1    HGA2   H.1(C.4(H.1))
H26    H.1    HGA2   H.1(C.4(H.1))
H27    H.1    HGA2   H.1(C.4(H.1))
H28    H.1    HGA2   H.1(C.4(H.1))
H29    H.1    HGA2   H.1(C.4(H.1))
H30    H.1    HGA2   H.1(C.4(H.1))
H31    H.1    HGA2   H.1(C.4(H.1))
H32    H.1    HGR61  H.1(C.3%6)
H33    H.1    HGR61  H.1(C.3%6)
H34    H.1    HGR61  H.1(C.3%6)
H35    H.1    HGP2   H.1(N.4)
H36    H.1    HGA3   H.1(C.4(H.1)(H.1))
H37    H.1    HGA3   H.1(C.4(H.1)(H.1))
H38    H.1    HGA3   H.1(C.4(H.1)(H.1))
H39    H.1    HGP2   H.1(N.4)
H40    H.1    HGP4   H.1(!N.3(H.1)(C.3%6))
H41    H.1    HGR62  H.1(C.3%6A([^C]%6A))
H42    H.1    HGP4   H.1(!N.3(H.1)(C.3%6))
H43    H.1    HGA3   H.1(C.4(H.1)(H.1))
H44    H.1    HGA3   H.1(C.4(H.1)(H.1))
H45    H.1    HGA3   H.1(C.4(H.1)(H.1))
H46    H.1    HGP2   H.1(N.4)
C23     CG331   H38     HGA3    1       -0.09000 -   0.09000
C6      CG321   H30     HGA2    1       -0.09000 -   0.09000
C23     CG331   H37     HGA3    1       -0.09000 -   0.09000
C23     CG331   H36     HGA3    1       -0.09000 -   0.09000
C4      CG301   C23     CG331   1        0.00000 -   0.00000
C6      CG321   H31     HGA2    1       -0.09000 -   0.09000
C5      CG321   H29     HGA2    1       -0.09000 -   0.09000
C6      CG321   C5      CG321   1        0.00000 -   0.00000
C6      CG321   N       NG301   1        0.21000 -  -0.21000
C       CG321   H       HGA2    1       -0.09000 -   0.09000
C4      CG301   C5      CG321   1        0.00000 -   0.00000
C5      CG321   H28     HGA2    1       -0.09000 -   0.09000
C       CG321   N       NG301   1        0.21000 -  -0.21000
C16     CG2R64  N       NG301   1        0.05000 -  -0.05000
C4      CG301   C3      CG321   1        0.00000 -   0.00000
C       CG321   H25     HGA2    1       -0.09000 -   0.09000
C       CG321   C3      CG321   1        0.00000 -   0.00000
C16     CG2R64  N15     NG2R62  2        0.31500 -  -0.31500
C14     CG2R61  N15     NG2R62  1        0.41000 -  -0.41000
H39     HGP2    N22     NG3P3   1        0.33000 -  -0.08000
C16     CG2R64  N17     NG2R62  1        0.31500 -  -0.31500
C12     CG2R61  H34     HGR61   1       -0.11500 -   0.11500
C3      CG321   H27     HGA2    1       -0.09000 -   0.09000
C3      CG321   H26     HGA2    1       -0.09000 -   0.09000
C14     CG2R61  H41     HGR62   1       -0.12000 -   0.12000
H35     HGP2    N22     NG3P3   1        0.33000 -  -0.08000
H46     HGP2    N22     NG3P3   1        0.33000 -  -0.08000
C14     CG2R61  C13     CG2R62  2        0.00000 -   0.00000
C18     CG2R64  N17     NG2R62  2        0.31500 -  -0.31500
C11     CG2R61  H33     HGR61   1       -0.11500 -   0.11500
C12     CG2R61  C11     CG2R61  1        0.00000 -   0.00000
C12     CG2R61  C7      CG2R67  2        0.00000 -   0.00000
C13     CG2R62  C18     CG2R64  1       -0.01000 -   0.01000
C13     CG2R62  C7      CG2R67  1        0.20000 -  -0.20000
C18     CG2R64  N21     NG2S3   1        0.01000 -  -0.01000
C11     CG2R61  C10     CG2R61  2        0.00000 -   0.00000
C8      CG2R61  C7      CG2R67  1        0.00000 -   0.00000
H40     HGP4    N21     NG2S3   1        0.38000 -  -0.38000
H42     HGP4    N21     NG2S3   1        0.38000 -  -0.38000
C10     CG2R61  H32     HGR61   1       -0.11500 -   0.11500
C10     CG2R61  C9      CG2R61  1        0.00000 -   0.00000
C8      CG2R61  C9      CG2R61  2        0.00000 -   0.00000
C8      CG2R61  CL      CLGR1   1        0.13000 -  -0.13000
C9      CG2R61  C19     CG331   1        0.00000 -   0.00000
C19     CG331   H44     HGA3    1       -0.09000 -   0.09000
C19     CG331   H43     HGA3    1       -0.09000 -   0.09000
C19     CG331   H45     HGA3    1       -0.09000 -   0.09000
The Following Bonds Could Not be Charged!
Name    Type    Name    Type    Bond Type
C4      CG301   N22     NG3P3   1      
