C      C.4    CG331  !C.4(H.1)(H.1)(H.1)
O      O.2    OG301  O.2   
C3     C.3%6A CG2R61 C.3%6A
C4     C.3%6A CG2R61 C.3%6A
C5     C.3%6A CG2R61 C.3%6A
C6     C.3%6A CG2R61 C.3%6A
N      N.3    NG311  N.3(H.1)
C8     C.3%6A CG2R64 C.3%6(N.2%6)(N)
N9     N.2%6A NG2R60 N.2%6 
C10    C.3%6A CG2R61 C.3%6A
C11    C.3%6A CG2R62 C.3%6(N.3%6)
N12    N.3%6A,5A NG2RC0 N.3%5,6(C.3%6)
C13    C.3%5A CG2R51 C.3%5 
C14    C.3%5A CG2R51 C.3%5 
N15    N.2%5A NG2R50 N.2%5 
C16    C.3%6A,5A CG2RC0 C.3%6,5([^C]%6)([^C]%5)
C17    C.3%6A CG2R67 C.3%6(C.3%6)(C.3%6)(C.3%6)
C18    C.3%6A CG2R61 C.3%6A
C19    C.3%6A CG2R61 C.3%6A
C20    C.3%6A,5A CG2RC0 C.3%6,5(C.3%6,5)(C.3%6)
C21    C.3%5A CG2R51 C.3%5(H.1)(C.3%5(C.3%5))(C.3%5)
C22    C.3%5A CG2R51 C.3%5 
N23    N.3%5A NG2R51 N.3%5A(C.3%5)
C24    C.3%6A,5A CG2RC0 C.3%6,5(C.3%6,5)(C.3%6)
C25    C.3%6A CG2R61 C.3%6A
C26    C.3%6A CG2R61 C.3%6A
C27    C.3%6A CG2R61 C.3%6A
O28    O.2    OG301  O.2   
C29    C.4    CG331  !C.4(H.1)(H.1)(H.1)
H      H.1    HGA3   H.1(C.4(H.1)(H.1))
H31    H.1    HGA3   H.1(C.4(H.1)(H.1))
H32    H.1    HGA3   H.1(C.4(H.1)(H.1))
H33    H.1    HGR61  H.1(C.3%6)
H34    H.1    HGR61  H.1(C.3%6)
H35    H.1    HGPAM1 H.1(N.3(C.3%6(C.3%6))(C.3%6(C.3%6([^C]%6))))
H36    H.1    HGR62  H.1(C.3%6A([^C]%6A))
H37    H.1    HGR52  H.1(C.3%5([^C]%5))
H38    H.1    HGR52  H.1(C.3%5([^C]%5))
H39    H.1    HGR61  H.1(C.3%6)
H40    H.1    HGR61  H.1(C.3%6)
H41    H.1    HGR51  H.1(C.3%5)
H42    H.1    HGR52  H.1(C.3%5([^C]%5))
H43    H.1    HGP1   H.1(N.3%5)
H44    H.1    HGR61  H.1(C.3%6)
H45    H.1    HGR61  H.1(C.3%6)
H46    H.1    HGA3   H.1(C.4(H.1)(H.1))
H47    H.1    HGA3   H.1(C.4(H.1)(H.1))
H48    H.1    HGA3   H.1(C.4(H.1)(H.1))
C       CG331   O       OG301   1        0.17000 -  -0.17000
C       CG331   H       HGA3    1       -0.09000 -   0.09000
C       CG331   H31     HGA3    1       -0.09000 -   0.09000
C       CG331   H32     HGA3    1       -0.09000 -   0.09000
C3      CG2R61  O       OG301   1        0.21500 -  -0.21500
C3      CG2R61  C4      CG2R61  2        0.00000 -   0.00000
C3      CG2R61  C27     CG2R61  1        0.00000 -   0.00000
C4      CG2R61  C5      CG2R61  1        0.00000 -   0.00000
C4      CG2R61  H33     HGR61   1       -0.11500 -   0.11500
C5      CG2R61  C6      CG2R61  2        0.00000 -   0.00000
C5      CG2R61  H34     HGR61   1       -0.11500 -   0.11500
C6      CG2R61  N       NG311   1        0.04000 -  -0.04000
C6      CG2R61  C26     CG2R61  1        0.00000 -   0.00000
C8      CG2R64  N       NG311   1        0.13500 -  -0.13500
H35     HGPAM1  N       NG311   1        0.36000 -  -0.36000
C8      CG2R64  N9      NG2R60  2        0.30000 -  -0.30000
C8      CG2R64  C16     CG2RC0  1        0.02500 -  -0.02500
C10     CG2R61  N9      NG2R60  1        0.30000 -  -0.30000
C10     CG2R61  C11     CG2R62  2        0.00000 -   0.00000
C10     CG2R61  C17     CG2R67  1        0.00000 -   0.00000
C11     CG2R62  N12     NG2RC0  1        0.29000 -  -0.29000
C11     CG2R62  H36     HGR62   1       -0.17000 -   0.17000
C13     CG2R51  N12     NG2RC0  1        0.04000 -  -0.04000
C16     CG2RC0  N12     NG2RC0  1       -0.05000 -   0.05000
C13     CG2R51  C14     CG2R51  2        0.00000 -   0.00000
C13     CG2R51  H37     HGR52   1         -0.090 -     0.090
C14     CG2R51  N15     NG2R50  1        0.32000 -  -0.32000
C14     CG2R51  H38     HGR52   1       -0.10000 -   0.10000
C16     CG2RC0  N15     NG2R50  2        0.35000 -  -0.35000
C18     CG2R61  C17     CG2R67  2        0.00000 -   0.00000
C25     CG2R61  C17     CG2R67  1        0.00000 -   0.00000
C18     CG2R61  C19     CG2R61  1        0.00000 -   0.00000
C18     CG2R61  H39     HGR61   1       -0.11500 -   0.11500
C19     CG2R61  C20     CG2RC0  2        0.00000 -   0.00000
C19     CG2R61  H40     HGR61   1       -0.11500 -   0.11500
C21     CG2R51  C20     CG2RC0  1       -0.03000 -   0.03000
C20     CG2RC0  C24     CG2RC0  1        0.00000 -   0.00000
C21     CG2R51  C22     CG2R51  2       -0.10000 -   0.10000
C21     CG2R51  H41     HGR51   1       -0.15000 -   0.15000
C22     CG2R51  N23     NG2R51  1        0.00000 -  -0.00000
C22     CG2R51  H42     HGR52   1         -0.140 -     0.140
C24     CG2RC0  N23     NG2R51  1        0.15000 -  -0.15000
H43     HGP1    N23     NG2R51  1          0.370 -   -0.3700
C25     CG2R61  C24     CG2RC0  2        0.00000 -   0.00000
C25     CG2R61  H44     HGR61   1       -0.11500 -   0.11500
C26     CG2R61  C27     CG2R61  2        0.00000 -   0.00000
C26     CG2R61  H45     HGR61   1       -0.11500 -   0.11500
C27     CG2R61  O28     OG301   1        0.21500 -  -0.21500
C29     CG331   O28     OG301   1        0.17000 -  -0.17000
C29     CG331   H46     HGA3    1       -0.09000 -   0.09000
C29     CG331   H47     HGA3    1       -0.09000 -   0.09000
C29     CG331   H48     HGA3    1       -0.09000 -   0.09000
mol_gmx.pdb Success!
