C      C.4    CG331  !C.4(H.1)(H.1)(H.1)
C2     C.3%6A CG2R61 C.3%6A
C3     C.3%6A CG2R61 C.3%6A
C4     C.3%6A CG2R61 C.3%6A
C5     C.3%6A CG2R61 C.3%6A
C6     C.3    CG2O1  !C.3(O.1)(N.3)
O      O.1    OG2D1  O.1(C.3)
N      N.3    NG2S0  N.3(!C.3(O.1))
C9     C.4    CG321  C.4(H.1)(H.1)
C10    C.4    CG324  C.4(H.1)(H.1)(N+)
N11    N.4    NG3P3  N.4(H.1)(H.1)(H.1)
C12    C.4    CG321  C.4(H.1)(H.1)
C13    C.4%6N CG311  C.4(H.1)
C14    C.4%6N CG321  C.4(H.1)(H.1)
C15    C.4%6N CG321  C.4(H.1)(H.1)
C16    C.4%6N,6N CG311  C.4(H.1)
C17    C.4%6N CG311  C.4(H.1)
C18    C.3%6A CG2R61 C.3%6A
C19    C.3%6A CG2R61 C.3%6A
C20    C.3%6A CG2R61 C.3%6A
C21    C.3%6A CG2R61 C.3%6A
C22    C.3%6A CG2R61 C.3%6A
C23    C.3%6A CG2R61 C.3%6A
N24    N.3%6N NG311  N.3(H.1)
C25    C.3%6N,6A CG2DC? C.3%*N(=C.3)(C.3(=C.3))
C26    C.3%6A CG2R61 C.3%6A
C27    C.3%6A CG2R61 C.3%6A
C28    C.3%6A CG2R61 C.3%6A
C29    C.4    CG302  C.4(F.1)(F.1)(F.1)
F      F.1    FGA3   F.1(!C.4(F.1)(F.1))
F31    F.1    FGA3   F.1(!C.4(F.1)(F.1))
F32    F.1    FGA3   F.1(!C.4(F.1)(F.1))
C33    C.3%6A CG2R61 C.3%6A
C34    C.3%6N,6A CG2DC? C.3%*N(=C.3)(C.3(=C.3))
C35    C.4%6N,6N CG311  C.4(H.1)
O36    O.2%6N OG3C61 O.2%6N
C37    C.3%6A CG2R61 C.3%6A
C38    C.3%6A CG2R61 C.3%6A
H      H.1    HGA3   H.1(C.4(H.1)(H.1))
H40    H.1    HGA3   H.1(C.4(H.1)(H.1))
H41    H.1    HGA3   H.1(C.4(H.1)(H.1))
H42    H.1    HGR61  H.1(C.3%6)
H43    H.1    HGR61  H.1(C.3%6)
H44    H.1    HGA2   H.1(C.4(H.1))
H45    H.1    HGA2   H.1(C.4(H.1))
H46    H.1    HGA2   H.1(C.4(H.1))
H47    H.1    HGA2   H.1(C.4(H.1))
H48    H.1    HGP2   H.1(N.4)
H49    H.1    HGP2   H.1(N.4)
H50    H.1    HGA2   H.1(C.4(H.1))
H51    H.1    HGA2   H.1(C.4(H.1))
H52    H.1    HGA1   H.1(C.4)
H53    H.1    HGA2   H.1(C.4(H.1))
H54    H.1    HGA2   H.1(C.4(H.1))
H55    H.1    HGA2   H.1(C.4(H.1))
H56    H.1    HGA2   H.1(C.4(H.1))
H57    H.1    HGA1   H.1(C.4)
H58    H.1    HGA1   H.1(C.4)
H59    H.1    HGR61  H.1(C.3%6)
H60    H.1    HGR61  H.1(C.3%6)
H61    H.1    HGR61  H.1(C.3%6)
H62    H.1    HGR61  H.1(C.3%6)
H63    H.1    HGR61  H.1(C.3%6)
H64    H.1    HGPAM1 H.1(N.3(C.3%6(C.3%6(C.4%6))))
H65    H.1    HGR62  H.1(C.3%6(C.3%6(N.3%6)))
H66    H.1    HGR61  H.1(C.3%6)
H67    H.1    HGR61  H.1(C.3%6)
H68    H.1    HGA1   H.1(C.4)
H69    H.1    HGR61  H.1(C.3%6)
H70    H.1    HGR61  H.1(C.3%6)
H71    H.1    HGP2   H.1(N.4)
C2      CG2R61  C       CG331   1        0.00000 -   0.00000
C       CG331   H       HGA3    1       -0.09000 -   0.09000
C       CG331   H40     HGA3    1       -0.09000 -   0.09000
C       CG331   H41     HGA3    1       -0.09000 -   0.09000
C2      CG2R61  C3      CG2R61  2        0.00000 -   0.00000
C2      CG2R61  C38     CG2R61  1        0.00000 -   0.00000
C3      CG2R61  C4      CG2R61  1        0.00000 -   0.00000
C3      CG2R61  H42     HGR61   1       -0.11500 -   0.11500
C4      CG2R61  C5      CG2R61  2        0.00000 -   0.00000
C4      CG2R61  H43     HGR61   1       -0.11500 -   0.11500
C6      CG2O1   C5      CG2R61  1        0.02000 -  -0.02000
C5      CG2R61  C37     CG2R61  1        0.00000 -   0.00000
C6      CG2O1   O       OG2D1   2        0.51000 -  -0.51000
C6      CG2O1   N       NG2S0   1        0.00000 -   0.00000
C9      CG321   N       NG2S0   1        0.18000 -  -0.18000
C12     CG321   N       NG2S0   1        0.18000 -  -0.18000
C9      CG321   C10     CG324   1        0.00000 -   0.00000
C9      CG321   H44     HGA2    1       -0.09000 -   0.09000
C9      CG321   H45     HGA2    1       -0.09000 -   0.09000
C10     CG324   N11     NG3P3   1        0.31000 -  -0.06000
C10     CG324   H46     HGA2    1       -0.05000 -   0.05000
C10     CG324   H47     HGA2    1       -0.05000 -   0.05000
H48     HGP2    N11     NG3P3   1        0.33000 -  -0.08000
H49     HGP2    N11     NG3P3   1        0.33000 -  -0.08000
H71     HGP2    N11     NG3P3   1        0.33000 -  -0.08000
C13     CG311   C12     CG321   1        0.00000 -   0.00000
C12     CG321   H50     HGA2    1       -0.09000 -   0.09000
C12     CG321   H51     HGA2    1       -0.09000 -   0.09000
C13     CG311   C14     CG321   1        0.00000 -   0.00000
C13     CG311   O36     OG3C61  1        0.17000 -  -0.17000
C13     CG311   H52     HGA1    1       -0.09000 -   0.09000
C14     CG321   C15     CG321   1        0.00000 -   0.00000
C14     CG321   H53     HGA2    1       -0.09000 -   0.09000
C14     CG321   H54     HGA2    1       -0.09000 -   0.09000
C16     CG311   C15     CG321   1        0.00000 -   0.00000
C15     CG321   H55     HGA2    1       -0.09000 -   0.09000
C15     CG321   H56     HGA2    1       -0.09000 -   0.09000
C16     CG311   C17     CG311   1        0.00000 -   0.00000
C16     CG311   C35     CG311   1        0.00000 -   0.00000
C16     CG311   H57     HGA1    1       -0.09000 -   0.09000
C18     CG2R61  C17     CG311   1        0.00000 -   0.00000
C17     CG311   N24     NG311   1        0.24000 -  -0.24000
C17     CG311   H58     HGA1    1       -0.09000 -   0.09000
C18     CG2R61  C19     CG2R61  2        0.00000 -   0.00000
C18     CG2R61  C23     CG2R61  1        0.00000 -   0.00000
C19     CG2R61  C20     CG2R61  1        0.00000 -   0.00000
C19     CG2R61  H59     HGR61   1       -0.11500 -   0.11500
C20     CG2R61  C21     CG2R61  2        0.00000 -   0.00000
C20     CG2R61  H60     HGR61   1       -0.11500 -   0.11500
C21     CG2R61  C22     CG2R61  1        0.00000 -   0.00000
C21     CG2R61  H61     HGR61   1       -0.11500 -   0.11500
C22     CG2R61  C23     CG2R61  2        0.00000 -   0.00000
C22     CG2R61  H62     HGR61   1       -0.11500 -   0.11500
C23     CG2R61  H63     HGR61   1       -0.11500 -   0.11500
C25     CG2DC2  N24     NG311   1        0.13500 -  -0.13500
H64     HGPAM1  N24     NG311   1        0.42000 -  -0.42000
C25     CG2DC2  C26     CG2R61  1        0.00000 -   0.00000
C25     CG2DC2  C34     CG2DC2  2        0.00000 -   0.00000
C26     CG2R61  C27     CG2R61  2        0.00000 -   0.00000
C26     CG2R61  H65     HGR62   1       -0.12000 -   0.12000
C27     CG2R61  C28     CG2R61  1        0.00000 -   0.00000
C27     CG2R61  H66     HGR61   1       -0.11500 -   0.11500
C28     CG2R61  C29     CG302   1        0.00000 -   0.00000
C28     CG2R61  C33     CG2R61  2        0.00000 -   0.00000
C29     CG302   F       FGA3    1        0.14000 -  -0.14000
C29     CG302   F31     FGA3    1        0.14000 -  -0.14000
C29     CG302   F32     FGA3    1        0.14000 -  -0.14000
C34     CG2DC2  C33     CG2R61  1        0.00000 -   0.00000
C33     CG2R61  H67     HGR61   1       -0.11500 -   0.11500
C34     CG2DC2  C35     CG311   1        0.16500 -  -0.16500
C35     CG311   O36     OG3C61  1        0.17000 -  -0.17000
C35     CG311   H68     HGA1    1       -0.09000 -   0.09000
C37     CG2R61  C38     CG2R61  2        0.00000 -   0.00000
C37     CG2R61  H69     HGR61   1       -0.11500 -   0.11500
C38     CG2R61  H70     HGR61   1       -0.11500 -   0.11500
mol_gmx.pdb Success!
