C      C.4    CG334  !C.4(H.1)(H.1)(H.1)(N+)
N      N.4    NG3P2  N.4(H.1)(H.1)
C3     C.4    CG324  C.4(H.1)(H.1)(N+)
C4     C.4%6N CG311  C.4(H.1)
C5     C.4%6N CG321  C.4(H.1)(H.1)
C6     C.4%6N CG321  C.4(H.1)(H.1)
C7     C.4%6N,6N CG311  C.4(H.1)
C8     C.4%6N CG311  C.4(H.1)
C9     C.3%6A CG2R61 C.3%6A
C10    C.3%6A CG2R61 C.3%6A
C11    C.3%6A CG2R61 C.3%6A
C12    C.3%6A CG2R61 C.3%6A
C13    C.3%6A CG2R61 C.3%6A
C14    C.3%6A CG2R61 C.3%6A
N15    N.3%6N NG311  N.3(H.1)
C16    C.3%6N,6A CG2DC? C.3%*N(=C.3)(C.3(=C.3))
C17    C.3%6A CG2R66 C.3%6(F.1)
F      F.1    FGR1   F.1(C.3%)
C19    C.3%6A CG2R61 C.3%6A
C20    C.3%6A CG2R61 C.3%6A
BR     BR.1   BRGR1  BR.1(C.3%6)
C22    C.3%6A CG2R61 C.3%6A
C23    C.3%6N,6A CG2DC? C.3%*N(=C.3)(C.3(=C.3))
C24    C.4%6N,6N CG311  C.4(H.1)
O      O.2%6N OG3C61 O.2%6N
H      H.1    HGA3   H.1(C.4(H.1)(H.1))
H27    H.1    HGA3   H.1(C.4(H.1)(H.1))
H28    H.1    HGA3   H.1(C.4(H.1)(H.1))
H29    H.1    HGP2   H.1(N.4)
H30    H.1    HGA2   H.1(C.4(H.1))
H31    H.1    HGA2   H.1(C.4(H.1))
H32    H.1    HGA1   H.1(C.4)
H33    H.1    HGA2   H.1(C.4(H.1))
H34    H.1    HGA2   H.1(C.4(H.1))
H35    H.1    HGA2   H.1(C.4(H.1))
H36    H.1    HGA2   H.1(C.4(H.1))
H37    H.1    HGA1   H.1(C.4)
H38    H.1    HGA1   H.1(C.4)
H39    H.1    HGR61  H.1(C.3%6)
H40    H.1    HGR61  H.1(C.3%6)
H41    H.1    HGR61  H.1(C.3%6)
H42    H.1    HGR61  H.1(C.3%6)
H43    H.1    HGR61  H.1(C.3%6)
H44    H.1    HGPAM1 H.1(N.3(C.3%6(C.3%6(C.4%6))))
H45    H.1    HGR62  H.1(C.3%6(C.3%6(F|CL|BR|I.1)))
H46    H.1    HGR62  H.1(C.3%6(C.3%6(F|CL|BR|I.1)))
H47    H.1    HGA1   H.1(C.4)
H48    H.1    HGP2   H.1(N.4)
C19     CG2R61  H45     HGR62   1         -0.150 -     0.150
BR      BRGR1   C20     CG2R61  1       -0.10000 -   0.10000
C19     CG2R61  C20     CG2R61  1        0.09000 -  -0.09000
C19     CG2R61  C17     CG2R66  2        0.00000 -   0.00000
C17     CG2R66  F       FGR1    1        0.21000 -  -0.21000
C20     CG2R61  C22     CG2R61  2       -0.09000 -   0.09000
C11     CG2R61  H40     HGR61   1       -0.11500 -   0.11500
C16     CG2DC2  C17     CG2R66  1       -0.04000 -   0.04000
C10     CG2R61  H39     HGR61   1       -0.11500 -   0.11500
C22     CG2R61  H46     HGR62   1         -0.150 -     0.150
C23     CG2DC2  C22     CG2R61  1        0.00000 -   0.00000
C16     CG2DC2  C23     CG2DC2  2        0.00000 -   0.00000
C16     CG2DC2  N15     NG311   1        0.13500 -  -0.13500
C11     CG2R61  C10     CG2R61  1        0.00000 -   0.00000
C11     CG2R61  C12     CG2R61  2        0.00000 -   0.00000
C7      CG311   H37     HGA1    1       -0.09000 -   0.09000
C10     CG2R61  C9      CG2R61  2        0.00000 -   0.00000
C23     CG2DC2  C24     CG311   1        0.16500 -  -0.16500
H44     HGPAM1  N15     NG311   1        0.42000 -  -0.42000
C8      CG311   N15     NG311   1        0.24000 -  -0.24000
C24     CG311   H47     HGA1    1       -0.09000 -   0.09000
C12     CG2R61  H41     HGR61   1       -0.11500 -   0.11500
C12     CG2R61  C13     CG2R61  1        0.00000 -   0.00000
C7      CG311   C24     CG311   1        0.00000 -   0.00000
C7      CG311   C8      CG311   1        0.00000 -   0.00000
C7      CG311   C6      CG321   1        0.00000 -   0.00000
C24     CG311   O       OG3C61  1        0.17000 -  -0.17000
C9      CG2R61  C8      CG311   1        0.00000 -   0.00000
C9      CG2R61  C14     CG2R61  1        0.00000 -   0.00000
C8      CG311   H38     HGA1    1       -0.09000 -   0.09000
C6      CG321   H35     HGA2    1       -0.09000 -   0.09000
C6      CG321   H36     HGA2    1       -0.09000 -   0.09000
C6      CG321   C5      CG321   1        0.00000 -   0.00000
C13     CG2R61  C14     CG2R61  2        0.00000 -   0.00000
C13     CG2R61  H42     HGR61   1       -0.11500 -   0.11500
C14     CG2R61  H43     HGR61   1       -0.11500 -   0.11500
C4      CG311   O       OG3C61  1        0.17000 -  -0.17000
C4      CG311   H32     HGA1    1       -0.09000 -   0.09000
C4      CG311   C5      CG321   1        0.00000 -   0.00000
C4      CG311   C3      CG324   1        0.00000 -   0.00000
C5      CG321   H34     HGA2    1       -0.09000 -   0.09000
C5      CG321   H33     HGA2    1       -0.09000 -   0.09000
C3      CG324   H30     HGA2    1       -0.09000 -   0.09000
C3      CG324   H31     HGA2    1       -0.09000 -   0.09000
C3      CG324   N       NG3P2   1        0.38000 -  -0.13000
H29     HGP2    N       NG3P2   1        0.32000 -  -0.07000
H48     HGP2    N       NG3P2   1        0.32000 -  -0.07000
C       CG334   N       NG3P2   1        0.31000 -  -0.06000
C       CG334   H28     HGA3    1       -0.09000 -   0.09000
C       CG334   H       HGA3    1       -0.09000 -   0.09000
C       CG334   H27     HGA3    1       -0.09000 -   0.09000
mol_clean Success!
