C0     C.4    CG331  !C.4(H.1)(H.1)(H.1)
O1     O.2    OG302  !O.2(!C.3(!O.1))(C.4)
C2     C.3    CG2O6  !C.3(!N.3)(!O)(!O)
O3     O.1    OG2D1  O.1(C.3)
N4     N.3    NG2S1  !N.3(H.1)(C.3(!O.1))
C5     C.3%6A CG2R61 C.3%6A
C6     C.3%6A CG2R61 C.3%6A
C7     C.3%6A CG2R61 C.3%6A
C8     C.3%6A CG2R61 C.3%6A
C9     C.3%6A CG2R61 C.3%6A
C10    C.4    CG321  C.4(H.1)(H.1)
N11    N.3%6A NG2R61 N.3%6A
N12    N.2%6A NG2R60 N.2%6 
C13    C.3%6A CG2R61 C.3%6A
C14    C.3%6A CG2R61 C.3%6A
C15    C.3%6A CG2R61 C.3%6A
C16    C.3%6A CG2R63 C.3%6(O.1)(N.3%6)
O17    O.1    OG2D4  O.1(C.3%6(N%6))
C18    C.3%6A CG2R67 C.3%6(C.3%6)(C.3%6)(C.3%6)
C19    C.3%6A CG2R61 C.3%6A
C20    C.3%6A CG2R66 C.3%6(F.1)
F21    F.1    FGR1   F.1(C.3%)
C22    C.3%6A CG2R61 C.3%6A
C23    C.3%6A CG2R66 C.3%6(F.1)
F24    F.1    FGR1   F.1(C.3%)
C25    C.3%6A CG2R61 C.3%6A
C26    C.3%6A CG2R61 C.3%6A
H27    H.1    HGA3   H.1(C.4(H.1)(H.1))
H28    H.1    HGA3   H.1(C.4(H.1)(H.1))
H29    H.1    HGA3   H.1(C.4(H.1)(H.1))
H30    H.1    HGP1   H.1(!N.3)
H31    H.1    HGR61  H.1(C.3%6)
H32    H.1    HGR61  H.1(C.3%6)
H33    H.1    HGR61  H.1(C.3%6)
H34    H.1    HGA2   H.1(C.4(H.1))
H35    H.1    HGA2   H.1(C.4(H.1))
H36    H.1    HGR61  H.1(C.3%6)
H37    H.1    HGR62  H.1(C.3%6(C.3%6(N.3%6)))
H38    H.1    HGR62  H.1(C.3%6(C.3%6(F|CL|BR|I.1)))
H39    H.1    HGR62  H.1(C.3%6(C.3%6(F|CL|BR|I.1)))
H40    H.1    HGR62  H.1(C.3%6(C.3%6(F|CL|BR|I.1)))
H41    H.1    HGR61  H.1(C.3%6)
C0      CG331   O1      OG302   1        0.34000 -  -0.34000
C0      CG331   H27     HGA3    1       -0.09000 -   0.09000
C0      CG331   H28     HGA3    1       -0.09000 -   0.09000
C0      CG331   H29     HGA3    1       -0.09000 -   0.09000
C2      CG2O6   O1      OG302   1       -0.02000 -   0.02000
C2      CG2O6   O3      OG2D1   2        0.39000 -  -0.39000
C2      CG2O6   N4      NG2S1   1       -0.17000 -   0.17000
C5      CG2R61  N4      NG2S1   1        0.14000 -  -0.14000
H30     HGP1    N4      NG2S1   1        0.32000 -  -0.32000
C5      CG2R61  C6      CG2R61  2        0.00000 -   0.00000
C5      CG2R61  C26     CG2R61  1        0.00000 -   0.00000
C6      CG2R61  C7      CG2R61  1        0.00000 -   0.00000
C6      CG2R61  H31     HGR61   1       -0.11500 -   0.11500
C7      CG2R61  C8      CG2R61  2        0.00000 -   0.00000
C7      CG2R61  H32     HGR61   1       -0.11500 -   0.11500
C8      CG2R61  C9      CG2R61  1        0.00000 -   0.00000
C8      CG2R61  H33     HGR61   1       -0.11500 -   0.11500
C9      CG2R61  C10     CG321   1        0.00000 -   0.00000
C9      CG2R61  C26     CG2R61  2        0.00000 -   0.00000
C10     CG321   N11     NG2R61  1        0.21000 -  -0.21000
C10     CG321   H34     HGA2    1       -0.09000 -   0.09000
C10     CG321   H35     HGA2    1       -0.09000 -   0.09000
N12     NG2R60  N11     NG2R61  1       -0.26000 -   0.26000
C16     CG2R63  N11     NG2R61  1        0.05000 -  -0.05000
C13     CG2R61  N12     NG2R60  2        0.30000 -  -0.30000
C13     CG2R61  C14     CG2R61  1        0.00000 -   0.00000
C13     CG2R61  C18     CG2R67  1        0.00000 -   0.00000
C14     CG2R61  C15     CG2R61  2        0.00000 -   0.00000
C14     CG2R61  H36     HGR61   1       -0.11500 -   0.11500
C15     CG2R61  C16     CG2R63  1       -0.02000 -   0.02000
C15     CG2R61  H37     HGR62   1       -0.12000 -   0.12000
C16     CG2R63  O17     OG2D4   2        0.49000 -  -0.49000
C19     CG2R61  C18     CG2R67  2        0.00000 -   0.00000
C25     CG2R61  C18     CG2R67  1        0.00000 -   0.00000
C19     CG2R61  C20     CG2R66  1        0.00000 -   0.00000
C19     CG2R61  H38     HGR62   1         -0.220 -     0.220
C20     CG2R66  F21     FGR1    1        0.19000 -  -0.19000
C22     CG2R61  C20     CG2R66  2        0.00000 -   0.00000
C22     CG2R61  C23     CG2R66  1        0.00000 -   0.00000
C22     CG2R61  H39     HGR62   1         -0.190 -     0.190
C23     CG2R66  F24     FGR1    1        0.19000 -  -0.19000
C25     CG2R61  C23     CG2R66  2        0.00000 -   0.00000
C25     CG2R61  H40     HGR62   1         -0.220 -     0.220
C26     CG2R61  H41     HGR61   1       -0.11500 -   0.11500
mol_gmx.pdb Success!
