C      C.4    CG331  !C.4(H.1)(H.1)(H.1)
O      O.2    OG301  O.2   
C3     C.3%6A CG2R61 C.3%6A
C4     C.3%6A CG2R61 C.3%6A
C5     C.3%6A CG2R61 C.3%6A
N      N.3    NG311  N.3(H.1)
C7     C.3%6A CG2R64 C.3%6(N.2%6)(N)
N8     N.2%6A NG2R60 N.2%6 
C9     C.3%6A CG2R61 C.3%6A
C10    C.3%6A CG2R62 C.3%6(N.3%6)
N11    N.3%6A,5A NG2RC0 N.3%5,6(C.3%6)
C12    C.3%5A CG2R51 C.3%5 
C13    C.3%5A CG2R51 C.3%5 
N14    N.2%5A NG2R50 N.2%5 
C15    C.3%6A,5A CG2RC0 C.3%6,5([^C]%6)([^C]%5)
C16    C.3%6A CG2R67 C.3%6(C.3%6)(C.3%6)(C.3%6)
C17    C.3%6A CG2R61 C.3%6A
C18    C.3%6A CG2R61 C.3%6A
C19    C.3%6A,5A CG2RC0 C.3%6,5(C.3%6,5)(C.3%6)
C20    C.3%5A CG2R52 C.3%5(=N.2%5)
N21    N.2%5A NG2R50 N.2%5 
N22    N.3%5A NG2R51 N.3%5A(C.3%5)
C23    C.3%6A,5A CG2RC0 C.3%6,5(C.3%6,5)(C.3%6)
C24    C.3%6A CG2R61 C.3%6A
C25    C.3%6A CG2R61 C.3%6A
C26    C.3%6A CG2R61 C.3%6A
C27    C.3%6A CG2D1O C.3%6([^C]%6(C.4%6))
N28    N.3%6N NG301  N.3%6N
C29    C.4%6N CG321  C.4(H.1)(H.1)
C30    C.4%6N CG321  C.4(H.1)(H.1)
O31    O.2%6N OG3C61 O.2%6N
C32    C.4%6N CG321  C.4(H.1)(H.1)
C33    C.4%6N CG321  C.4(H.1)(H.1)
H      H.1    HGA3   H.1(C.4(H.1)(H.1))
H35    H.1    HGA3   H.1(C.4(H.1)(H.1))
H36    H.1    HGA3   H.1(C.4(H.1)(H.1))
H37    H.1    HGR61  H.1(C.3%6)
H38    H.1    HGPAM1 H.1(N.3(C.3%6(C.3%6))(C.3%6(C.3%6([^C]%6))))
H39    H.1    HGR62  H.1(C.3%6A([^C]%6A))
H40    H.1    HGR52  H.1(C.3%5([^C]%5))
H41    H.1    HGR52  H.1(C.3%5([^C]%5))
H42    H.1    HGR61  H.1(C.3%6)
H43    H.1    HGR61  H.1(C.3%6)
H44    H.1    HGR52  H.1(C.3%5([^C]%5))
H45    H.1    HGP1   H.1(N.3%5)
H46    H.1    HGR61  H.1(C.3%6)
H47    H.1    HGR61  H.1(C.3%6)
H48    H.1    HGR62  H.1(C.3%6(C.3%6(N.3%6)))
H49    H.1    HGA2   H.1(C.4(H.1))
H50    H.1    HGA2   H.1(C.4(H.1))
H51    H.1    HGA2   H.1(C.4(H.1))
H52    H.1    HGA2   H.1(C.4(H.1))
H53    H.1    HGA2   H.1(C.4(H.1))
H54    H.1    HGA2   H.1(C.4(H.1))
H55    H.1    HGA2   H.1(C.4(H.1))
H56    H.1    HGA2   H.1(C.4(H.1))
C       CG331   O       OG301   1        0.17000 -  -0.17000
C       CG331   H       HGA3    1       -0.09000 -   0.09000
C       CG331   H35     HGA3    1       -0.09000 -   0.09000
C       CG331   H36     HGA3    1       -0.09000 -   0.09000
C3      CG2R61  O       OG301   1        0.21500 -  -0.21500
C3      CG2R61  C4      CG2R61  1        0.00000 -   0.00000
C27     CG2D1O  C3      CG2R61  2        0.00000 -   0.00000
C4      CG2R61  C5      CG2R61  2        0.00000 -   0.00000
C4      CG2R61  H37     HGR61   1       -0.11500 -   0.11500
C5      CG2R61  N       NG311   1        0.04000 -  -0.04000
C5      CG2R61  C25     CG2R61  1        0.00000 -   0.00000
C7      CG2R64  N       NG311   1        0.13500 -  -0.13500
H38     HGPAM1  N       NG311   1        0.36000 -  -0.36000
C7      CG2R64  N8      NG2R60  2        0.30000 -  -0.30000
C7      CG2R64  C15     CG2RC0  1        0.02500 -  -0.02500
C9      CG2R61  N8      NG2R60  1        0.30000 -  -0.30000
C9      CG2R61  C10     CG2R62  2        0.00000 -   0.00000
C9      CG2R61  C16     CG2R67  1        0.00000 -   0.00000
C10     CG2R62  N11     NG2RC0  1        0.29000 -  -0.29000
C10     CG2R62  H39     HGR62   1       -0.17000 -   0.17000
C12     CG2R51  N11     NG2RC0  1        0.04000 -  -0.04000
C15     CG2RC0  N11     NG2RC0  1       -0.05000 -   0.05000
C12     CG2R51  C13     CG2R51  2        0.00000 -   0.00000
C12     CG2R51  H40     HGR52   1         -0.090 -     0.090
C13     CG2R51  N14     NG2R50  1        0.32000 -  -0.32000
C13     CG2R51  H41     HGR52   1       -0.10000 -   0.10000
C15     CG2RC0  N14     NG2R50  2        0.35000 -  -0.35000
C17     CG2R61  C16     CG2R67  2        0.00000 -   0.00000
C24     CG2R61  C16     CG2R67  1        0.00000 -   0.00000
C17     CG2R61  C18     CG2R61  1        0.00000 -   0.00000
C17     CG2R61  H42     HGR61   1       -0.11500 -   0.11500
C18     CG2R61  C19     CG2RC0  2        0.00000 -   0.00000
C18     CG2R61  H43     HGR61   1       -0.11500 -   0.11500
C20     CG2R52  C19     CG2RC0  1        0.02500 -  -0.02500
C19     CG2RC0  C23     CG2RC0  1        0.00000 -   0.00000
C20     CG2R52  N21     NG2R50  2        0.25000 -  -0.25000
C20     CG2R52  H44     HGR52   1         -0.130 -     0.130
N21     NG2R50  N22     NG2R51  1       -0.32000 -   0.32000
C23     CG2RC0  N22     NG2R51  1        0.15000 -  -0.15000
H45     HGP1    N22     NG2R51  1          0.370 -   -0.3700
C24     CG2R61  C23     CG2RC0  2        0.00000 -   0.00000
C24     CG2R61  H46     HGR61   1       -0.11500 -   0.11500
C25     CG2R61  C26     CG2R61  2        0.00000 -   0.00000
C25     CG2R61  H47     HGR61   1       -0.11500 -   0.11500
C27     CG2D1O  C26     CG2R61  1        0.00000 -   0.00000
C26     CG2R61  H48     HGR62   1       -0.12000 -   0.12000
C27     CG2D1O  N28     NG301   1       -0.10000 -   0.10000
C29     CG321   N28     NG301   1        0.21000 -  -0.21000
C33     CG321   N28     NG301   1        0.21000 -  -0.21000
C29     CG321   C30     CG321   1        0.00000 -   0.00000
C29     CG321   H49     HGA2    1       -0.09000 -   0.09000
C29     CG321   H50     HGA2    1       -0.09000 -   0.09000
C30     CG321   O31     OG3C61  1        0.20000 -  -0.20000
C30     CG321   H51     HGA2    1       -0.09000 -   0.09000
C30     CG321   H52     HGA2    1       -0.09000 -   0.09000
C32     CG321   O31     OG3C61  1        0.20000 -  -0.20000
C32     CG321   C33     CG321   1        0.00000 -   0.00000
C32     CG321   H53     HGA2    1       -0.09000 -   0.09000
C32     CG321   H54     HGA2    1       -0.09000 -   0.09000
C33     CG321   H55     HGA2    1       -0.09000 -   0.09000
C33     CG321   H56     HGA2    1       -0.09000 -   0.09000
mol_gmx.pdb Success!
