C      C.3%6A CG2R67 C.3%6(C.3%6)(C.3%6)(C.3%6)
C2     C.3%6A CG2R61 C.3%6A
C3     C.3%6A CG2R61 C.3%6A
C4     C.3%6A CG2R64 C.3%6(N.2%6)(N)
C5     C.3%6A CG2R61 C.3%6A
C6     C.3%6A CG2R61 C.3%6A
C7     C.3%6A CG2R61 C.3%6A
N      N.3%6A NG2R61 N.3%6A(H.1)
C9     C.3%6A CG2R63 C.3%6(O.1)(N.3%6)
N10    N.2%6A NG2R62 N.2%6(C.3%6(N.3%6(C.3%6)))
C11    C.3%6A,6A CG2R61 C.3%6A
C12    C.3%6A,6A CG2R61 C.3%6A,6A(C.3%6A)(C.3%6A)(C.3%6A)
C13    C.3%6A CG2R61 C.3%6A
C14    C.3%6A CG2R66 C.3%6(F.1)
C15    C.3%6A CG2R61 C.3%6A
C16    C.3%6A CG2R61 C.3%6A
O      O.1    OG2D4  O.1(C.3%6(N%6))
C18    C.4    CG301  C.4   
O19    O.2    OG301  O.2   
F      F.1    FGR1   F.1(C.3%)
C21    C.4    CG321  C.4(H.1)(H.1)
C22    C.4    CG321  C.4(H.1)(H.1)
O23    O.2    OG301  O.2   
C24    C.4    CG331  !C.4(H.1)(H.1)(H.1)
C25    C.4    CG331  !C.4(H.1)(H.1)(H.1)
C26    C.4    CG331  !C.4(H.1)(H.1)(H.1)
H      H.1    HGR61  H.1(C.3%6)
H28    H.1    HGR61  H.1(C.3%6)
H29    H.1    HGR61  H.1(C.3%6)
H30    H.1    HGR61  H.1(C.3%6)
H31    H.1    HGP1   H.1(N.3%)
H32    H.1    HGR62  H.1(C.3%6(C.3%6(F|CL|BR|I.1)))
H33    H.1    HGR62  H.1(C.3%6(C.3%6(F|CL|BR|I.1)))
H34    H.1    HGR61  H.1(C.3%6)
H35    H.1    HGA2   H.1(C.4(H.1))
H36    H.1    HGA2   H.1(C.4(H.1))
H37    H.1    HGA2   H.1(C.4(H.1))
H38    H.1    HGA2   H.1(C.4(H.1))
H39    H.1    HGA3   H.1(C.4(H.1)(H.1))
H40    H.1    HGA3   H.1(C.4(H.1)(H.1))
H41    H.1    HGA3   H.1(C.4(H.1)(H.1))
H42    H.1    HGA3   H.1(C.4(H.1)(H.1))
H43    H.1    HGA3   H.1(C.4(H.1)(H.1))
H44    H.1    HGA3   H.1(C.4(H.1)(H.1))
H45    H.1    HGA3   H.1(C.4(H.1)(H.1))
H46    H.1    HGA3   H.1(C.4(H.1)(H.1))
H47    H.1    HGA3   H.1(C.4(H.1)(H.1))
C2      CG2R61  C       CG2R67  2        0.00000 -   0.00000
C3      CG2R61  C       CG2R67  1        0.00000 -   0.00000
C4      CG2R64  C       CG2R67  1        0.20000 -  -0.20000
C2      CG2R61  C5      CG2R61  1        0.00000 -   0.00000
C2      CG2R61  H       HGR61   1       -0.11500 -   0.11500
C3      CG2R61  C6      CG2R61  2        0.00000 -   0.00000
C3      CG2R61  H28     HGR61   1       -0.11500 -   0.11500
C4      CG2R64  N       NG2R61  1        0.05000 -  -0.05000
C4      CG2R64  N10     NG2R62  2        0.31500 -  -0.31500
C5      CG2R61  C7      CG2R61  2        0.00000 -   0.00000
C5      CG2R61  H29     HGR61   1       -0.11500 -   0.11500
C6      CG2R61  C7      CG2R61  1        0.00000 -   0.00000
C6      CG2R61  H30     HGR61   1       -0.11500 -   0.11500
C7      CG2R61  C18     CG301   1        0.00000 -   0.00000
C9      CG2R63  N       NG2R61  1        0.05000 -  -0.05000
H31     HGP1    N       NG2R61  1        0.36000 -  -0.36000
C12     CG2R61  C9      CG2R63  1       -0.02000 -   0.02000
C9      CG2R63  O       OG2D4   2        0.49000 -  -0.49000
C11     CG2R61  N10     NG2R62  1        0.41000 -  -0.41000
C11     CG2R61  C12     CG2R61  2        0.00000 -   0.00000
C11     CG2R61  C16     CG2R61  1        0.00000 -   0.00000
C12     CG2R61  C13     CG2R61  1        0.00000 -   0.00000
C13     CG2R61  C14     CG2R66  2        0.00000 -   0.00000
C13     CG2R61  H32     HGR62   1         -0.150 -     0.150
C15     CG2R61  C14     CG2R66  1        0.00000 -   0.00000
C14     CG2R66  F       FGR1    1        0.21000 -  -0.21000
C15     CG2R61  C16     CG2R61  2        0.00000 -   0.00000
C15     CG2R61  H33     HGR62   1         -0.150 -     0.150
C16     CG2R61  H34     HGR61   1       -0.11500 -   0.11500
C18     CG301   O19     OG301   1        0.17000 -  -0.17000
C18     CG301   C25     CG331   1        0.00000 -   0.00000
C18     CG301   C26     CG331   1        0.00000 -   0.00000
C21     CG321   O19     OG301   1        0.17000 -  -0.17000
C21     CG321   C22     CG321   1        0.00000 -   0.00000
C21     CG321   H35     HGA2    1       -0.09000 -   0.09000
C21     CG321   H36     HGA2    1       -0.09000 -   0.09000
C22     CG321   O23     OG301   1        0.17000 -  -0.17000
C22     CG321   H37     HGA2    1       -0.09000 -   0.09000
C22     CG321   H38     HGA2    1       -0.09000 -   0.09000
C24     CG331   O23     OG301   1        0.17000 -  -0.17000
C24     CG331   H39     HGA3    1       -0.09000 -   0.09000
C24     CG331   H40     HGA3    1       -0.09000 -   0.09000
C24     CG331   H41     HGA3    1       -0.09000 -   0.09000
C25     CG331   H42     HGA3    1       -0.09000 -   0.09000
C25     CG331   H43     HGA3    1       -0.09000 -   0.09000
C25     CG331   H44     HGA3    1       -0.09000 -   0.09000
C26     CG331   H45     HGA3    1       -0.09000 -   0.09000
C26     CG331   H46     HGA3    1       -0.09000 -   0.09000
C26     CG331   H47     HGA3    1       -0.09000 -   0.09000
mol_gmx.pdb Success!
