C0     C.4    CG331  !C.4(H.1)(H.1)(H.1)
O1     O.2    OG301  O.2   
C2     C.3%6A CG2R61 C.3%6A
C3     C.3%6A CG2R61 C.3%6A
C4     C.3%6A CG2R61 C.3%6A
C5     C.3%6A CG2R61 C.3%6A
C6     C.3%6A CG2R67 C.3%6(C.3%6)(C.3%6)(C.3%6)
C7     C.3%6A CG2R61 C.3%6A
C8     C.3%6A CG2R61 C.3%6A
N9     N.2%6A NG2R60 N.2%6 
N10    N.3%6A NG2R61 N.3%6A
C11    C.4    CG321  C.4(H.1)(H.1)
C12    C.3%6A CG2R61 C.3%6A
C13    C.3%6A CG2R61 C.3%6A
C14    C.3%6A CG2R61 C.3%6A
C15    C.3%6A CG2R61 C.3%6A
C16    C.3%6A CG2R67 C.3%6(C.3%6)(C.3%6)(C.3%6)
C17    C.3%6A CG2R61 C.3%6A
C18    C.3%6A CG2R64 C.3%6(N.2%6)(N)
N19    N.2%6A NG2R62 N.2%6(C.3%6(N.2%6))
C20    C.3%6A CG2R61 C.3%6A
C21    C.3%6A CG2R62 C.3%6(C.3%6([^C]%6))(C.3%6([^C]%6))
O22    O.2    OG301  O.2   
C23    C.4    CG321  C.4(H.1)(H.1)
C24    C.4    CG321  C.4(H.1)(H.1)
C25    C.4    CG324  C.4(H.1)(H.1)(N+)
N26    N.4    NG3P1  N.4(H.1)
C27    C.4    CG334  !C.4(H.1)(H.1)(H.1)(N+)
C28    C.4    CG334  !C.4(H.1)(H.1)(H.1)(N+)
C29    C.3%6A CG2R61 C.3%6A
N30    N.2%6A NG2R62 N.2%6(C.3%6(N.2%6))
C31    C.3%6A CG2R63 C.3%6(O.1)(N.3%6)
O32    O.1    OG2D4  O.1(C.3%6(N%6))
C33    C.3%6A CG2R61 C.3%6A
C34    C.3%6A CG2R61 C.3%6A
H35    H.1    HGA3   H.1(C.4(H.1)(H.1))
H36    H.1    HGA3   H.1(C.4(H.1)(H.1))
H37    H.1    HGA3   H.1(C.4(H.1)(H.1))
H38    H.1    HGR61  H.1(C.3%6)
H39    H.1    HGR61  H.1(C.3%6)
H40    H.1    HGR61  H.1(C.3%6)
H41    H.1    HGR61  H.1(C.3%6)
H42    H.1    HGA2   H.1(C.4(H.1))
H43    H.1    HGA2   H.1(C.4(H.1))
H44    H.1    HGR61  H.1(C.3%6)
H45    H.1    HGR61  H.1(C.3%6)
H46    H.1    HGR61  H.1(C.3%6)
H47    H.1    HGR61  H.1(C.3%6)
H48    H.1    HGR62  H.1(C.3%6A([^C]%6A))
H49    H.1    HGA2   H.1(C.4(H.1))
H50    H.1    HGA2   H.1(C.4(H.1))
H51    H.1    HGA2   H.1(C.4(H.1))
H52    H.1    HGA2   H.1(C.4(H.1))
H53    H.1    HGP5   H.1(!C.4(!N.4(!C.4)(!C.4)))
H54    H.1    HGP5   H.1(!C.4(!N.4(!C.4)(!C.4)))
H55    H.1    HGP5   H.1(!C.4(!N.4(!C.4)(!C.4)))
H56    H.1    HGP5   H.1(!C.4(!N.4(!C.4)(!C.4)))
H57    H.1    HGP5   H.1(!C.4(!N.4(!C.4)(!C.4)))
H58    H.1    HGP5   H.1(!C.4(!N.4(!C.4)(!C.4)))
H59    H.1    HGP5   H.1(!C.4(!N.4(!C.4)(!C.4)))
H60    H.1    HGP5   H.1(!C.4(!N.4(!C.4)(!C.4)))
H61    H.1    HGR62  H.1(C.3%6A([^C]%6A))
H62    H.1    HGR62  H.1(C.3%6(C.3%6(N.3%6)))
H63    H.1    HGR61  H.1(C.3%6)
H64    H.1    HGP2   H.1(N.4)
C0      CG331   O1      OG301   1        0.17000 -  -0.17000
C0      CG331   H35     HGA3    1       -0.09000 -   0.09000
C0      CG331   H36     HGA3    1       -0.09000 -   0.09000
C0      CG331   H37     HGA3    1       -0.09000 -   0.09000
C2      CG2R61  O1      OG301   1        0.21500 -  -0.21500
C2      CG2R61  C3      CG2R61  1        0.00000 -   0.00000
C2      CG2R61  C7      CG2R61  2        0.00000 -   0.00000
C3      CG2R61  C4      CG2R61  2        0.00000 -   0.00000
C3      CG2R61  H38     HGR61   1       -0.11500 -   0.11500
C4      CG2R61  C5      CG2R61  1        0.00000 -   0.00000
C4      CG2R61  H39     HGR61   1       -0.11500 -   0.11500
C5      CG2R61  C6      CG2R67  2        0.00000 -   0.00000
C5      CG2R61  H40     HGR61   1       -0.11500 -   0.11500
C7      CG2R61  C6      CG2R67  1        0.00000 -   0.00000
C8      CG2R61  C6      CG2R67  1        0.00000 -   0.00000
C7      CG2R61  H41     HGR61   1       -0.11500 -   0.11500
C8      CG2R61  N9      NG2R60  2        0.30000 -  -0.30000
C8      CG2R61  C34     CG2R61  1        0.00000 -   0.00000
N9      NG2R60  N10     NG2R61  1       -0.26000 -   0.26000
C11     CG321   N10     NG2R61  1        0.21000 -  -0.21000
C31     CG2R63  N10     NG2R61  1        0.05000 -  -0.05000
C12     CG2R61  C11     CG321   1        0.00000 -   0.00000
C11     CG321   H42     HGA2    1       -0.09000 -   0.09000
C11     CG321   H43     HGA2    1       -0.09000 -   0.09000
C12     CG2R61  C13     CG2R61  1        0.00000 -   0.00000
C12     CG2R61  C17     CG2R61  2        0.00000 -   0.00000
C13     CG2R61  C14     CG2R61  2        0.00000 -   0.00000
C13     CG2R61  H44     HGR61   1       -0.11500 -   0.11500
C14     CG2R61  C15     CG2R61  1        0.00000 -   0.00000
C14     CG2R61  H45     HGR61   1       -0.11500 -   0.11500
C15     CG2R61  C16     CG2R67  2        0.00000 -   0.00000
C15     CG2R61  H46     HGR61   1       -0.11500 -   0.11500
C17     CG2R61  C16     CG2R67  1        0.00000 -   0.00000
C18     CG2R64  C16     CG2R67  1        0.20000 -  -0.20000
C17     CG2R61  H47     HGR61   1       -0.11500 -   0.11500
C18     CG2R64  N19     NG2R62  2        0.31500 -  -0.31500
C18     CG2R64  N30     NG2R62  1        0.31500 -  -0.31500
C20     CG2R61  N19     NG2R62  1        0.41000 -  -0.41000
C20     CG2R61  C21     CG2R62  2        0.00000 -   0.00000
C20     CG2R61  H48     HGR62   1       -0.12000 -   0.12000
C21     CG2R62  O22     OG301   1        0.21500 -  -0.21500
C29     CG2R61  C21     CG2R62  1        0.00000 -   0.00000
C23     CG321   O22     OG301   1        0.17000 -  -0.17000
C23     CG321   C24     CG321   1        0.00000 -   0.00000
C23     CG321   H49     HGA2    1       -0.09000 -   0.09000
C23     CG321   H50     HGA2    1       -0.09000 -   0.09000
C24     CG321   C25     CG324   1        0.00000 -   0.00000
C24     CG321   H51     HGA2    1       -0.09000 -   0.09000
C24     CG321   H52     HGA2    1       -0.09000 -   0.09000
C25     CG324   N26     NG3P1   1        0.33000 -  -0.08000
C25     CG324   H53     HGP5    1       -0.25000 -   0.25000
C25     CG324   H54     HGP5    1       -0.25000 -   0.25000
C27     CG334   N26     NG3P1   1        0.42000 -  -0.17000
C28     CG334   N26     NG3P1   1        0.42000 -  -0.17000
H64     HGP2    N26     NG3P1   1        0.32000 -  -0.07000
C27     CG334   H55     HGP5    1       -0.25000 -   0.25000
C27     CG334   H56     HGP5    1       -0.25000 -   0.25000
C27     CG334   H57     HGP5    1       -0.25000 -   0.25000
C28     CG334   H58     HGP5    1       -0.25000 -   0.25000
C28     CG334   H59     HGP5    1       -0.25000 -   0.25000
C28     CG334   H60     HGP5    1       -0.25000 -   0.25000
C29     CG2R61  N30     NG2R62  2        0.41000 -  -0.41000
C29     CG2R61  H61     HGR62   1       -0.12000 -   0.12000
C31     CG2R63  O32     OG2D4   2        0.49000 -  -0.49000
C33     CG2R61  C31     CG2R63  1       -0.02000 -   0.02000
C33     CG2R61  C34     CG2R61  2        0.00000 -   0.00000
C33     CG2R61  H62     HGR62   1       -0.12000 -   0.12000
C34     CG2R61  H63     HGR61   1       -0.11500 -   0.11500
mol.mol2 Success!
