N      N.3%6N NG301  N.3%6N
C      C.4%6N CG321  C.4(H.1)(H.1)
C3     C.4%6N CG321  C.4(H.1)(H.1)
C4     C.4%6N CG301  C.4   
C5     C.4%6N CG321  C.4(H.1)(H.1)
C6     C.4%6N CG321  C.4(H.1)(H.1)
C7     C.3%6A CG2R62 C.3%6(C.3%6([^C]%6))(C.3%6([^C]%6))
C8     C.3%6A CG2R61 C.3%6A
N9     N.2%6A NG2R62 N.2%6(C.3%6(N.2%6))
C10    C.3%6A CG2D1O C.3%6([^C]%6(C.4%6))
N11    N.2%6A NG2R62 N.2%6(C.3%6(N.2%6))
C12    C.3%6A CG2R64 C.3%6(N.2%6)(N)
N13    N.3    NG2S3  !N.3(H.1)(H.1)(C.3%6)
N14    N.4    NG3P3  N.4(H.1)(H.1)(H.1)
C15    C.4    CG331  !C.4(H.1)(H.1)(H.1)
H      H.1    HGA2   H.1(C.4(H.1))
H17    H.1    HGA2   H.1(C.4(H.1))
H18    H.1    HGA2   H.1(C.4(H.1))
H19    H.1    HGA2   H.1(C.4(H.1))
H20    H.1    HGA2   H.1(C.4(H.1))
H21    H.1    HGA2   H.1(C.4(H.1))
H22    H.1    HGA2   H.1(C.4(H.1))
H23    H.1    HGA2   H.1(C.4(H.1))
H24    H.1    HGP2   H.1(N.4)
H25    H.1    HGA3   H.1(C.4(H.1)(H.1))
H26    H.1    HGA3   H.1(C.4(H.1)(H.1))
H27    H.1    HGA3   H.1(C.4(H.1)(H.1))
H28    H.1    HGP2   H.1(N.4)
H29    H.1    HGP4   H.1(!N.3(H.1)(C.3%6))
H30    H.1    HGR62  H.1(C.3%6A([^C]%6A))
H31    H.1    HGP4   H.1(!N.3(H.1)(C.3%6))
C32    C.3%5A CG2R51 C.3%5 
C33    C.3%5A CG2R51 C.3%5(H.1)(C.3%5(C.3%5))(C.3%5)
C34    C.3%5A CG2R51 C.3%5(H.1)(C.3%5(C.3%5))(C.3%5)
C35    C.3%5A CG2R51 C.3%5 
S      S.2%5A SG2R50 S.2%*A
H37    H.1    HGR51  H.1(C.3%5)
H38    H.1    HGR51  H.1(C.3%5)
CL     CL.1   CLGA1  CL.1  
H40    H.1    HGP2   H.1(N.4)
C15     CG331   H25     HGA3    1       -0.09000 -   0.09000
C       CG321   H       HGA2    1       -0.09000 -   0.09000
C15     CG331   H27     HGA3    1       -0.09000 -   0.09000
C15     CG331   H26     HGA3    1       -0.09000 -   0.09000
C4      CG301   C15     CG331   1        0.00000 -   0.00000
C       CG321   H17     HGA2    1       -0.09000 -   0.09000
C3      CG321   H19     HGA2    1       -0.09000 -   0.09000
C       CG321   C3      CG321   1        0.00000 -   0.00000
C       CG321   N       NG301   1        0.21000 -  -0.21000
C6      CG321   H22     HGA2    1       -0.09000 -   0.09000
C4      CG301   C3      CG321   1        0.00000 -   0.00000
C3      CG321   H18     HGA2    1       -0.09000 -   0.09000
C6      CG321   N       NG301   1        0.21000 -  -0.21000
C10     CG2D1O  N       NG301   1       -0.10000 -   0.10000
C4      CG301   C5      CG321   1        0.00000 -   0.00000
C6      CG321   H23     HGA2    1       -0.09000 -   0.09000
C6      CG321   C5      CG321   1        0.00000 -   0.00000
C10     CG2D1O  N9      NG2R62  2        0.07000 -  -0.07000
C8      CG2R61  N9      NG2R62  1        0.41000 -  -0.41000
H28     HGP2    N14     NG3P3   1        0.33000 -  -0.08000
C10     CG2D1O  N11     NG2R62  1        0.07000 -  -0.07000
C5      CG321   H21     HGA2    1       -0.09000 -   0.09000
C5      CG321   H20     HGA2    1       -0.09000 -   0.09000
C8      CG2R61  H30     HGR62   1       -0.12000 -   0.12000
C33     CG2R51  H37     HGR51   1       -0.15000 -   0.15000
H24     HGP2    N14     NG3P3   1        0.33000 -  -0.08000
H40     HGP2    N14     NG3P3   1        0.33000 -  -0.08000
C8      CG2R61  C7      CG2R62  2        0.00000 -   0.00000
C12     CG2R64  N11     NG2R62  2        0.31500 -  -0.31500
C33     CG2R51  C32     CG2R51  2       -0.07000 -   0.07000
C33     CG2R51  C34     CG2R51  1        0.00000 -   0.00000
C7      CG2R62  C12     CG2R64  1       -0.01000 -   0.01000
C32     CG2R51  C7      CG2R62  1        0.00000 -   0.00000
C12     CG2R64  N13     NG2S3   1        0.01000 -  -0.01000
C34     CG2R51  H38     HGR51   1       -0.15000 -   0.15000
C32     CG2R51  S       SG2R50  1        0.05000 -  -0.05000
C34     CG2R51  C35     CG2R51  2       -0.07000 -   0.07000
H29     HGP4    N13     NG2S3   1        0.38000 -  -0.38000
H31     HGP4    N13     NG2S3   1        0.38000 -  -0.38000
C35     CG2R51  S       SG2R50  1        0.05000 -  -0.05000
C35     CG2R51  CL      CLGA1   1        0.00000 -   0.00000
The Following Bonds Could Not be Charged!
Name    Type    Name    Type    Bond Type
C4      CG301   N14     NG3P3   1      
