O      O.2    OG311  !O.2(!H.1)
C      C.4%5N CG3C51 C.4%5(H.1)
C3     C.4%5N CG312  C.4(F.1)(F.1)
C4     C.4%5N CG3C52 C.4%5(H.1)(H.1)
C5     C.3%5N,6A CG2RC0 C.3%6,5(C.3%6,5)(C.3%6)
C6     C.3%5N,6A CG2RC0 C.3%6,5(C.3%6,5)(C.3%6)
C7     C.3%6A CG2R61 C.3%6A
C8     C.3%6A CG2R61 C.3%6A
C9     C.3%6A CG2R61 C.3%6A
C10    C.3%6A CG2R61 C.3%6A
O11    O.2    OG301  O.2   
C12    C.3%5A CG2R51 C.3%5 
S      S.4    SG3O2  S.4(O.1)(O.1)
O14    O.1    OG2P1  O.1(!S)
O15    O.1    OG2P1  O.1(!S)
C16    C.4    CG302  C.4(F.1)(F.1)(F.1)
F      F.1    FGA2   F.1(C.4(F.1))
F18    F.1    FGA2   F.1(C.4(F.1))
F19    F.1    FGA3   F.1(!C.4(F.1)(F.1))
F20    F.1    FGA3   F.1(!C.4(F.1)(F.1))
F21    F.1    FGA3   F.1(!C.4(F.1)(F.1))
C22    C.3%5A CG2R52 C.3%5(=N.2%5)
N      N.2%5A NG2R50 N.2%5 
N24    N.3%5A NG2R51 N.3%5A(C.3%5)
C25    C.3%5A CG2R51 C.3%5 
C26    C.4    CG331  !C.4(H.1)(H.1)(H.1)
H      H.1    HGP1   H(O.2)
H28    H.1    HGA1   H.1(C.4)
H29    H.1    HGA2   H.1(C.4(H.1))
H30    H.1    HGA2   H.1(C.4(H.1))
H31    H.1    HGR61  H.1(C.3%6)
H32    H.1    HGR61  H.1(C.3%6)
H33    H.1    HGR52  H.1(C.3%5([^C]%5))
H34    H.1    HGR52  H.1(C.3%5([^C]%5))
H35    H.1    HGA3   H.1(C.4(H.1)(H.1))
H36    H.1    HGA3   H.1(C.4(H.1)(H.1))
H37    H.1    HGA3   H.1(C.4(H.1)(H.1))
C       CG3C51  O       OG311   1        0.23000 -  -0.23000
H       HGP1    O       OG311   1        0.42000 -  -0.42000
C3      CG312   C       CG3C51  1        0.00000 -   0.00000
C6      CG2RC0  C       CG3C51  1        0.00000 -   0.00000
C       CG3C51  H28     HGA1    1       -0.09000 -   0.09000
C3      CG312   C4      CG3C52  1        0.00000 -   0.00000
C3      CG312   F       FGA2    1        0.17000 -  -0.17000
C3      CG312   F18     FGA2    1        0.17000 -  -0.17000
C5      CG2RC0  C4      CG3C52  1       -0.17000 -   0.17000
C4      CG3C52  H29     HGA2    1       -0.09000 -   0.09000
C4      CG3C52  H30     HGA2    1       -0.09000 -   0.09000
C5      CG2RC0  C6      CG2RC0  1        0.00000 -   0.00000
C10     CG2R61  C5      CG2RC0  2        0.00000 -   0.00000
C7      CG2R61  C6      CG2RC0  2        0.00000 -   0.00000
C7      CG2R61  C8      CG2R61  1        0.00000 -   0.00000
C7      CG2R61  S       SG3O2   1        0.24000 -  -0.24000
C8      CG2R61  C9      CG2R61  2        0.00000 -   0.00000
C8      CG2R61  H31     HGR61   1       -0.11500 -   0.11500
C9      CG2R61  C10     CG2R61  1        0.00000 -   0.00000
C9      CG2R61  H32     HGR61   1       -0.11500 -   0.11500
C10     CG2R61  O11     OG301   1        0.21500 -  -0.21500
C12     CG2R51  O11     OG301   1        0.14000 -  -0.14000
C12     CG2R51  C22     CG2R52  1       -0.02000 -   0.02000
C12     CG2R51  C25     CG2R51  2       -0.08000 -   0.08000
O14     OG2P1   S       SG3O2   2       -0.42000 -   0.42000
O15     OG2P1   S       SG3O2   2       -0.42000 -   0.42000
C16     CG302   S       SG3O2   1        0.22000 -  -0.22000
C16     CG302   F19     FGA3    1        0.14000 -  -0.14000
C16     CG302   F20     FGA3    1        0.14000 -  -0.14000
C16     CG302   F21     FGA3    1        0.14000 -  -0.14000
C22     CG2R52  N       NG2R50  2        0.25000 -  -0.25000
C22     CG2R52  H33     HGR52   1       -0.27000 -   0.27000
N       NG2R50  N24     NG2R51  1       -0.32000 -   0.32000
C25     CG2R51  N24     NG2R51  1        0.04000 -  -0.04000
C26     CG331   N24     NG2R51  1        0.00000 -   0.00000
C25     CG2R51  H34     HGR52   1       -0.10000 -   0.10000
C26     CG331   H35     HGA3    1       -0.09000 -   0.09000
C26     CG331   H36     HGA3    1       -0.09000 -   0.09000
C26     CG331   H37     HGA3    1       -0.09000 -   0.09000
mol.mol2 Success!
