C      C.4    CG334  !C.4(H.1)(H.1)(H.1)(N+)
N      N.4    NG3P2  N.4(H.1)(H.1)
C3     C.4    CG324  C.4(H.1)(H.1)(N+)
C4     C.4    CG321  C.4(H.1)(H.1)
S      S.4    SG3O2  S.4(O.1)(O.1)
O      O.1    OG2P1  O.1(!S)
O7     O.1    OG2P1  O.1(!S)
N8     N.3    NG311  N.3(H.1)
C9     C.4    CG321  C.4(H.1)(H.1)
C10    C.4%6N CG311  C.4(H.1)
C11    C.4%6N CG321  C.4(H.1)(H.1)
C12    C.4%6N CG321  C.4(H.1)(H.1)
C13    C.4%6N,6N CG311  C.4(H.1)
C14    C.4%6N CG311  C.4(H.1)
C15    C.3%6A CG2R61 C.3%6A
C16    C.3%6A CG2R61 C.3%6A
C17    C.3%6A CG2R61 C.3%6A
C18    C.3%6A CG2R61 C.3%6A
C19    C.3%6A CG2R61 C.3%6A
C20    C.3%6A CG2R61 C.3%6A
N21    N.3%6N NG311  N.3(H.1)
C22    C.3%6N,6A CG2DC? C.3%*N(=C.3)(C.3(=C.3))
C23    C.3%6A CG2R61 C.3%6A
C24    C.3%6A CG2R61 C.3%6A
C25    C.3%6A CG2R61 C.3%6A
C26    C.4    CG302  C.4(F.1)(F.1)(F.1)
F      F.1    FGA3   F.1(!C.4(F.1)(F.1))
F28    F.1    FGA3   F.1(!C.4(F.1)(F.1))
F29    F.1    FGA3   F.1(!C.4(F.1)(F.1))
C30    C.3%6A CG2R61 C.3%6A
C31    C.3%6N,6A CG2DC? C.3%*N(=C.3)(C.3(=C.3))
C32    C.4%6N,6N CG311  C.4(H.1)
O33    O.2%6N OG3C61 O.2%6N
H      H.1    HGA3   H.1(C.4(H.1)(H.1))
H35    H.1    HGA3   H.1(C.4(H.1)(H.1))
H36    H.1    HGA3   H.1(C.4(H.1)(H.1))
H37    H.1    HGP2   H.1(N.4)
H38    H.1    HGA2   H.1(C.4(H.1))
H39    H.1    HGA2   H.1(C.4(H.1))
H40    H.1    HGA2   H.1(C.4(H.1))
H41    H.1    HGA2   H.1(C.4(H.1))
H42    H.1    HGP1   H.1(!N.3)
H43    H.1    HGA2   H.1(C.4(H.1))
H44    H.1    HGA2   H.1(C.4(H.1))
H45    H.1    HGA1   H.1(C.4)
H46    H.1    HGA2   H.1(C.4(H.1))
H47    H.1    HGA2   H.1(C.4(H.1))
H48    H.1    HGA2   H.1(C.4(H.1))
H49    H.1    HGA2   H.1(C.4(H.1))
H50    H.1    HGA1   H.1(C.4)
H51    H.1    HGA1   H.1(C.4)
H52    H.1    HGR61  H.1(C.3%6)
H53    H.1    HGR61  H.1(C.3%6)
H54    H.1    HGR61  H.1(C.3%6)
H55    H.1    HGR61  H.1(C.3%6)
H56    H.1    HGR61  H.1(C.3%6)
H57    H.1    HGPAM1 H.1(N.3(C.3%6(C.3%6(C.4%6))))
H58    H.1    HGR62  H.1(C.3%6(C.3%6(N.3%6)))
H59    H.1    HGR61  H.1(C.3%6)
H60    H.1    HGR61  H.1(C.3%6)
H61    H.1    HGA1   H.1(C.4)
H62    H.1    HGP2   H.1(N.4)
C       CG334   N       NG3P2   1        0.31000 -  -0.06000
C       CG334   H       HGA3    1       -0.09000 -   0.09000
C       CG334   H35     HGA3    1       -0.09000 -   0.09000
C       CG334   H36     HGA3    1       -0.09000 -   0.09000
C3      CG324   N       NG3P2   1        0.38000 -  -0.13000
H37     HGP2    N       NG3P2   1        0.32000 -  -0.07000
H62     HGP2    N       NG3P2   1        0.32000 -  -0.07000
C4      CG321   C3      CG324   1        0.00000 -   0.00000
C3      CG324   H38     HGA2    1       -0.09000 -   0.09000
C3      CG324   H39     HGA2    1       -0.09000 -   0.09000
C4      CG321   S       SG3O2   1        0.22000 -  -0.22000
C4      CG321   H40     HGA2    1       -0.09000 -   0.09000
C4      CG321   H41     HGA2    1       -0.09000 -   0.09000
O       OG2P1   S       SG3O2   2       -0.42000 -   0.42000
O7      OG2P1   S       SG3O2   2       -0.42000 -   0.42000
N8      NG311   S       SG3O2   1        0.02000 -  -0.02000
C9      CG321   N8      NG311   1        0.24000 -  -0.24000
H42     HGP1    N8      NG311   1        0.35000 -  -0.35000
C10     CG311   C9      CG321   1        0.00000 -   0.00000
C9      CG321   H43     HGA2    1       -0.09000 -   0.09000
C9      CG321   H44     HGA2    1       -0.09000 -   0.09000
C10     CG311   C11     CG321   1        0.00000 -   0.00000
C10     CG311   O33     OG3C61  1        0.17000 -  -0.17000
C10     CG311   H45     HGA1    1       -0.09000 -   0.09000
C11     CG321   C12     CG321   1        0.00000 -   0.00000
C11     CG321   H46     HGA2    1       -0.09000 -   0.09000
C11     CG321   H47     HGA2    1       -0.09000 -   0.09000
C13     CG311   C12     CG321   1        0.00000 -   0.00000
C12     CG321   H48     HGA2    1       -0.09000 -   0.09000
C12     CG321   H49     HGA2    1       -0.09000 -   0.09000
C13     CG311   C14     CG311   1        0.00000 -   0.00000
C13     CG311   C32     CG311   1        0.00000 -   0.00000
C13     CG311   H50     HGA1    1       -0.09000 -   0.09000
C15     CG2R61  C14     CG311   1        0.00000 -   0.00000
C14     CG311   N21     NG311   1        0.24000 -  -0.24000
C14     CG311   H51     HGA1    1       -0.09000 -   0.09000
C15     CG2R61  C16     CG2R61  2        0.00000 -   0.00000
C15     CG2R61  C20     CG2R61  1        0.00000 -   0.00000
C16     CG2R61  C17     CG2R61  1        0.00000 -   0.00000
C16     CG2R61  H52     HGR61   1       -0.11500 -   0.11500
C17     CG2R61  C18     CG2R61  2        0.00000 -   0.00000
C17     CG2R61  H53     HGR61   1       -0.11500 -   0.11500
C18     CG2R61  C19     CG2R61  1        0.00000 -   0.00000
C18     CG2R61  H54     HGR61   1       -0.11500 -   0.11500
C19     CG2R61  C20     CG2R61  2        0.00000 -   0.00000
C19     CG2R61  H55     HGR61   1       -0.11500 -   0.11500
C20     CG2R61  H56     HGR61   1       -0.11500 -   0.11500
C22     CG2DC2  N21     NG311   1        0.13500 -  -0.13500
H57     HGPAM1  N21     NG311   1        0.42000 -  -0.42000
C22     CG2DC2  C23     CG2R61  1        0.00000 -   0.00000
C22     CG2DC2  C31     CG2DC2  2        0.00000 -   0.00000
C23     CG2R61  C24     CG2R61  2        0.00000 -   0.00000
C23     CG2R61  H58     HGR62   1       -0.12000 -   0.12000
C24     CG2R61  C25     CG2R61  1        0.00000 -   0.00000
C24     CG2R61  H59     HGR61   1       -0.11500 -   0.11500
C25     CG2R61  C26     CG302   1        0.00000 -   0.00000
C25     CG2R61  C30     CG2R61  2        0.00000 -   0.00000
C26     CG302   F       FGA3    1        0.14000 -  -0.14000
C26     CG302   F28     FGA3    1        0.14000 -  -0.14000
C26     CG302   F29     FGA3    1        0.14000 -  -0.14000
C31     CG2DC2  C30     CG2R61  1        0.00000 -   0.00000
C30     CG2R61  H60     HGR61   1       -0.11500 -   0.11500
C31     CG2DC2  C32     CG311   1        0.16500 -  -0.16500
C32     CG311   O33     OG3C61  1        0.17000 -  -0.17000
C32     CG311   H61     HGA1    1       -0.09000 -   0.09000
mol.mol2 Success!
