C      C.4    CG331  !C.4(H.1)(H.1)(H.1)
C2     C.4    CG324  C.4(H.1)(H.1)(N+)
N      N.4    NG3P1  N.4(H.1)
C4     C.4    CG324  C.4(H.1)(H.1)(N+)
C5     C.4    CG321  C.4(H.1)(H.1)
O      O.2    OG311  !O.2(!H.1)
C7     C.4    CG324  C.4(H.1)(H.1)(N+)
C8     C.4%6N CG311  C.4(H.1)
C9     C.4%6N CG321  C.4(H.1)(H.1)
C10    C.4%6N CG321  C.4(H.1)(H.1)
C11    C.4%6N,6N CG311  C.4(H.1)
C12    C.4%6N CG311  C.4(H.1)
C13    C.3%6A CG2R61 C.3%6A
C14    C.3%6A CG2R61 C.3%6A
C15    C.3%6A CG2R61 C.3%6A
C16    C.3%6A CG2R61 C.3%6A
C17    C.3%6A CG2R61 C.3%6A
C18    C.3%6A CG2R61 C.3%6A
N19    N.3%6N NG311  N.3(H.1)
C20    C.3%6N,6A CG2DC? C.3%*N(=C.3)(C.3(=C.3))
C21    C.3%6A CG2R61 C.3%6A
C22    C.3%6A CG2R61 C.3%6A
C23    C.3%6A CG2R61 C.3%6A
C24    C.4    CG301  C.4   
C25    C.4    CG331  !C.4(H.1)(H.1)(H.1)
C26    C.4    CG331  !C.4(H.1)(H.1)(H.1)
C27    C.4    CG331  !C.4(H.1)(H.1)(H.1)
C28    C.3%6A CG2R61 C.3%6A
C29    C.3%6N,6A CG2DC? C.3%*N(=C.3)(C.3(=C.3))
C30    C.4%6N,6N CG311  C.4(H.1)
O31    O.2%6N OG3C61 O.2%6N
H      H.1    HGA3   H.1(C.4(H.1)(H.1))
H33    H.1    HGA3   H.1(C.4(H.1)(H.1))
H34    H.1    HGA3   H.1(C.4(H.1)(H.1))
H35    H.1    HGP5   H.1(!C.4(!N.4(!C.4)(!C.4)))
H36    H.1    HGP5   H.1(!C.4(!N.4(!C.4)(!C.4)))
H37    H.1    HGP5   H.1(!C.4(!N.4(!C.4)(!C.4)))
H38    H.1    HGP5   H.1(!C.4(!N.4(!C.4)(!C.4)))
H39    H.1    HGA2   H.1(C.4(H.1))
H40    H.1    HGA2   H.1(C.4(H.1))
H41    H.1    HGP1   H(O.2)
H42    H.1    HGP5   H.1(!C.4(!N.4(!C.4)(!C.4)))
H43    H.1    HGP5   H.1(!C.4(!N.4(!C.4)(!C.4)))
H44    H.1    HGA1   H.1(C.4)
H45    H.1    HGA2   H.1(C.4(H.1))
H46    H.1    HGA2   H.1(C.4(H.1))
H47    H.1    HGA2   H.1(C.4(H.1))
H48    H.1    HGA2   H.1(C.4(H.1))
H49    H.1    HGA1   H.1(C.4)
H50    H.1    HGA1   H.1(C.4)
H51    H.1    HGR61  H.1(C.3%6)
H52    H.1    HGR61  H.1(C.3%6)
H53    H.1    HGR61  H.1(C.3%6)
H54    H.1    HGR61  H.1(C.3%6)
H55    H.1    HGR61  H.1(C.3%6)
H56    H.1    HGPAM1 H.1(N.3(C.3%6(C.3%6(C.4%6))))
H57    H.1    HGR62  H.1(C.3%6(C.3%6(N.3%6)))
H58    H.1    HGR61  H.1(C.3%6)
H59    H.1    HGA3   H.1(C.4(H.1)(H.1))
H60    H.1    HGA3   H.1(C.4(H.1)(H.1))
H61    H.1    HGA3   H.1(C.4(H.1)(H.1))
H62    H.1    HGA3   H.1(C.4(H.1)(H.1))
H63    H.1    HGA3   H.1(C.4(H.1)(H.1))
H64    H.1    HGA3   H.1(C.4(H.1)(H.1))
H65    H.1    HGA3   H.1(C.4(H.1)(H.1))
H66    H.1    HGA3   H.1(C.4(H.1)(H.1))
H67    H.1    HGA3   H.1(C.4(H.1)(H.1))
H68    H.1    HGR61  H.1(C.3%6)
H69    H.1    HGA1   H.1(C.4)
H70    H.1    HGP2   H.1(N.4)
C2      CG324   C       CG331   1        0.00000 -   0.00000
C       CG331   H       HGA3    1       -0.09000 -   0.09000
C       CG331   H33     HGA3    1       -0.09000 -   0.09000
C       CG331   H34     HGA3    1       -0.09000 -   0.09000
C2      CG324   N       NG3P1   1        0.33000 -  -0.08000
C2      CG324   H35     HGP5    1       -0.25000 -   0.25000
C2      CG324   H36     HGP5    1       -0.25000 -   0.25000
C4      CG324   N       NG3P1   1        0.33000 -  -0.08000
C7      CG324   N       NG3P1   1        0.33000 -  -0.08000
H70     HGP2    N       NG3P1   1        0.32000 -  -0.07000
C5      CG321   C4      CG324   1        0.00000 -   0.00000
C4      CG324   H37     HGP5    1       -0.25000 -   0.25000
C4      CG324   H38     HGP5    1       -0.25000 -   0.25000
C5      CG321   O       OG311   1        0.23000 -  -0.23000
C5      CG321   H39     HGA2    1       -0.09000 -   0.09000
C5      CG321   H40     HGA2    1       -0.09000 -   0.09000
H41     HGP1    O       OG311   1        0.42000 -  -0.42000
C8      CG311   C7      CG324   1        0.00000 -   0.00000
C7      CG324   H42     HGP5    1       -0.25000 -   0.25000
C7      CG324   H43     HGP5    1       -0.25000 -   0.25000
C8      CG311   C9      CG321   1        0.00000 -   0.00000
C8      CG311   O31     OG3C61  1        0.17000 -  -0.17000
C8      CG311   H44     HGA1    1       -0.09000 -   0.09000
C9      CG321   C10     CG321   1        0.00000 -   0.00000
C9      CG321   H45     HGA2    1       -0.09000 -   0.09000
C9      CG321   H46     HGA2    1       -0.09000 -   0.09000
C11     CG311   C10     CG321   1        0.00000 -   0.00000
C10     CG321   H47     HGA2    1       -0.09000 -   0.09000
C10     CG321   H48     HGA2    1       -0.09000 -   0.09000
C11     CG311   C12     CG311   1        0.00000 -   0.00000
C11     CG311   C30     CG311   1        0.00000 -   0.00000
C11     CG311   H49     HGA1    1       -0.09000 -   0.09000
C13     CG2R61  C12     CG311   1        0.00000 -   0.00000
C12     CG311   N19     NG311   1        0.24000 -  -0.24000
C12     CG311   H50     HGA1    1       -0.09000 -   0.09000
C13     CG2R61  C14     CG2R61  2        0.00000 -   0.00000
C13     CG2R61  C18     CG2R61  1        0.00000 -   0.00000
C14     CG2R61  C15     CG2R61  1        0.00000 -   0.00000
C14     CG2R61  H51     HGR61   1       -0.11500 -   0.11500
C15     CG2R61  C16     CG2R61  2        0.00000 -   0.00000
C15     CG2R61  H52     HGR61   1       -0.11500 -   0.11500
C16     CG2R61  C17     CG2R61  1        0.00000 -   0.00000
C16     CG2R61  H53     HGR61   1       -0.11500 -   0.11500
C17     CG2R61  C18     CG2R61  2        0.00000 -   0.00000
C17     CG2R61  H54     HGR61   1       -0.11500 -   0.11500
C18     CG2R61  H55     HGR61   1       -0.11500 -   0.11500
C20     CG2DC2  N19     NG311   1        0.13500 -  -0.13500
H56     HGPAM1  N19     NG311   1        0.42000 -  -0.42000
C20     CG2DC2  C21     CG2R61  1        0.00000 -   0.00000
C20     CG2DC2  C29     CG2DC2  2        0.00000 -   0.00000
C21     CG2R61  C22     CG2R61  2        0.00000 -   0.00000
C21     CG2R61  H57     HGR62   1       -0.12000 -   0.12000
C22     CG2R61  C23     CG2R61  1        0.00000 -   0.00000
C22     CG2R61  H58     HGR61   1       -0.11500 -   0.11500
C23     CG2R61  C24     CG301   1        0.00000 -   0.00000
C23     CG2R61  C28     CG2R61  2        0.00000 -   0.00000
C24     CG301   C25     CG331   1        0.00000 -   0.00000
C24     CG301   C26     CG331   1        0.00000 -   0.00000
C24     CG301   C27     CG331   1        0.00000 -   0.00000
C25     CG331   H59     HGA3    1       -0.09000 -   0.09000
C25     CG331   H60     HGA3    1       -0.09000 -   0.09000
C25     CG331   H61     HGA3    1       -0.09000 -   0.09000
C26     CG331   H62     HGA3    1       -0.09000 -   0.09000
C26     CG331   H63     HGA3    1       -0.09000 -   0.09000
C26     CG331   H64     HGA3    1       -0.09000 -   0.09000
C27     CG331   H65     HGA3    1       -0.09000 -   0.09000
C27     CG331   H66     HGA3    1       -0.09000 -   0.09000
C27     CG331   H67     HGA3    1       -0.09000 -   0.09000
C29     CG2DC2  C28     CG2R61  1        0.00000 -   0.00000
C28     CG2R61  H68     HGR61   1       -0.11500 -   0.11500
C29     CG2DC2  C30     CG311   1        0.16500 -  -0.16500
C30     CG311   O31     OG3C61  1        0.17000 -  -0.17000
C30     CG311   H69     HGA1    1       -0.09000 -   0.09000
mol.mol2 Success!
