C      C.3%6A CG2R61 C.3%6A
C2     C.3%6A CG2R61 C.3%6A
C3     C.3%6A CG2R61 C.3%6A
C4     C.3%6A CG2R61 C.3%6A
C5     C.3%6A,5A CG2RC0 C.3%6,5(C.3%6,5)(C.3%6)
C6     C.3%6A,5A CG2RC0 C.3%6,5(C.3%6,5)(C.3%6)
C7     C.3%5A CG2R52 C.3%5(=N.2%5)
N      N.2%5A NG2R50 N.2%5 
N9     N.3%5A NG2R51 N.3%5A(C.3%5)
C10    C.4    CG321  C.4(H.1)(H.1)
N11    N.3%4N NG2S0  N.3(!C.3(O.1))
C12    C.3    CG2O1  !C.3(O.1)(N.3)
O      O.1    OG2D1  O.1(C.3)
C14    C.3%6A CG2R61 C.3%6A
C15    C.3%6A CG2R61 C.3%6A
C16    C.3%6A CG2R61 C.3%6A
C17    C.3%6A CG2R61 C.3%6A
C18    C.3%6A CG2R61 C.3%6A
C19    C.3%6A CG2R61 C.3%6A
C20    C.3%5A CG2R51 C.3%5 
C21    C.3%5A CG2R51 C.3%5 
N22    N.3%5A NG2R51 N.3%5A(C.3%5)
N23    N.2%5A NG2R50 N.2%5 
C24    C.3%5A CG2R52 C.3%5(=N.2%5)
C25    C.4    CG331  !C.4(H.1)(H.1)(H.1)
C26    C.4%4N CG321  C.4(H.1)(H.1)
C27    C.4%4N CG312  C.4(F.1)(F.1)
C28    C.4%4N CG321  C.4(H.1)(H.1)
F      F.1    FGA2   F.1(C.4(F.1))
F30    F.1    FGA2   F.1(C.4(F.1))
H      H.1    HGR61  H.1(C.3%6)
H32    H.1    HGR61  H.1(C.3%6)
H33    H.1    HGR61  H.1(C.3%6)
H34    H.1    HGP1   H.1(N.3%5)
H35    H.1    HGA2   H.1(C.4(H.1))
H36    H.1    HGA2   H.1(C.4(H.1))
H37    H.1    HGR61  H.1(C.3%6)
H38    H.1    HGR61  H.1(C.3%6)
H39    H.1    HGR61  H.1(C.3%6)
H40    H.1    HGR61  H.1(C.3%6)
H41    H.1    HGR52  H.1(C.3%5([^C]%5))
H42    H.1    HGR52  H.1(C.3%5([^C]%5))
H43    H.1    HGA3   H.1(C.4(H.1)(H.1))
H44    H.1    HGA3   H.1(C.4(H.1)(H.1))
H45    H.1    HGA3   H.1(C.4(H.1)(H.1))
H46    H.1    HGA2   H.1(C.4(H.1))
H47    H.1    HGA2   H.1(C.4(H.1))
H48    H.1    HGA2   H.1(C.4(H.1))
H49    H.1    HGA2   H.1(C.4(H.1))
C       CG2R61  C2      CG2R61  2        0.00000 -   0.00000
C       CG2R61  C4      CG2R61  1        0.00000 -   0.00000
C12     CG2O1   C       CG2R61  1        0.02000 -  -0.02000
C2      CG2R61  C6      CG2RC0  1        0.00000 -   0.00000
C2      CG2R61  H       HGR61   1       -0.11500 -   0.11500
C3      CG2R61  C4      CG2R61  2        0.00000 -   0.00000
C3      CG2R61  C5      CG2RC0  1        0.00000 -   0.00000
C3      CG2R61  H32     HGR61   1       -0.11500 -   0.11500
C4      CG2R61  H33     HGR61   1       -0.11500 -   0.11500
C5      CG2RC0  C6      CG2RC0  2        0.00000 -   0.00000
C5      CG2RC0  N9      NG2R51  1        0.15000 -  -0.15000
C7      CG2R52  C6      CG2RC0  1        0.02500 -  -0.02500
C7      CG2R52  N       NG2R50  2        0.25000 -  -0.25000
C7      CG2R52  C10     CG321   1       -0.11000 -   0.11000
N       NG2R50  N9      NG2R51  1       -0.32000 -   0.32000
H34     HGP1    N9      NG2R51  1          0.370 -   -0.3700
C14     CG2R61  C10     CG321   1        0.00000 -   0.00000
C10     CG321   H35     HGA2    1       -0.09000 -   0.09000
C10     CG321   H36     HGA2    1       -0.09000 -   0.09000
C12     CG2O1   N11     NG2S0   1        0.00000 -   0.00000
C26     CG321   N11     NG2S0   1        0.18000 -  -0.18000
C28     CG321   N11     NG2S0   1        0.18000 -  -0.18000
C12     CG2O1   O       OG2D1   2        0.51000 -  -0.51000
C14     CG2R61  C15     CG2R61  2        0.00000 -   0.00000
C14     CG2R61  C19     CG2R61  1        0.00000 -   0.00000
C15     CG2R61  C16     CG2R61  1        0.00000 -   0.00000
C15     CG2R61  H37     HGR61   1       -0.11500 -   0.11500
C16     CG2R61  C17     CG2R61  2        0.00000 -   0.00000
C16     CG2R61  H38     HGR61   1       -0.11500 -   0.11500
C17     CG2R61  C18     CG2R61  1        0.00000 -   0.00000
C20     CG2R51  C17     CG2R61  1       -0.03000 -   0.03000
C18     CG2R61  C19     CG2R61  2        0.00000 -   0.00000
C18     CG2R61  H39     HGR61   1       -0.11500 -   0.11500
C19     CG2R61  H40     HGR61   1       -0.11500 -   0.11500
C20     CG2R51  C21     CG2R51  2       -0.08000 -   0.08000
C20     CG2R51  C24     CG2R52  1       -0.02000 -   0.02000
C21     CG2R51  N22     NG2R51  1        0.04000 -  -0.04000
C21     CG2R51  H41     HGR52   1       -0.10000 -   0.10000
N23     NG2R50  N22     NG2R51  1       -0.32000 -   0.32000
C25     CG331   N22     NG2R51  1        0.00000 -   0.00000
C24     CG2R52  N23     NG2R50  2        0.25000 -  -0.25000
C24     CG2R52  H42     HGR52   1       -0.27000 -   0.27000
C25     CG331   H43     HGA3    1       -0.09000 -   0.09000
C25     CG331   H44     HGA3    1       -0.09000 -   0.09000
C25     CG331   H45     HGA3    1       -0.09000 -   0.09000
C27     CG312   C26     CG321   1       -0.08000 -   0.08000
C26     CG321   H46     HGA2    1       -0.09000 -   0.09000
C26     CG321   H47     HGA2    1       -0.09000 -   0.09000
C27     CG312   C28     CG321   1       -0.08000 -   0.08000
C27     CG312   F       FGA2    1        0.17000 -  -0.17000
C27     CG312   F30     FGA2    1        0.17000 -  -0.17000
C28     CG321   H48     HGA2    1       -0.09000 -   0.09000
C28     CG321   H49     HGA2    1       -0.09000 -   0.09000
mol.mol2 Success!
