C0     C.4    CG331  !C.4(H.1)(H.1)(H.1)
C1     C.4    CG324  C.4(H.1)(H.1)(N+)
N2     N.4    NG3P1  N.4(H.1)
C3     C.4    CG324  C.4(H.1)(H.1)(N+)
C4     C.4    CG331  !C.4(H.1)(H.1)(H.1)
C5     C.4    CG324  C.4(H.1)(H.1)(N+)
C6     C.4    CG321  C.4(H.1)(H.1)
C7     C.4    CG321  C.4(H.1)(H.1)
O8     O.2    OG302  !O.2(!C.3(!O.1))(C.4)
C9     C.3    CG2O6  !C.3(!N.3)(!O)(!O)
O10    O.1    OG2D1  O.1(C.3)
N11    N.3    NG2S1  !N.3(H.1)(C.3(!O.1))
C12    C.3%6A CG2R61 C.3%6A
C13    C.3%6A CG2R61 C.3%6A
C14    C.3%6A CG2R61 C.3%6A
C15    C.3%6A CG2R61 C.3%6A
C16    C.3%6A CG2R61 C.3%6A
C17    C.4    CG321  C.4(H.1)(H.1)
N18    N.3%6N NG301  N.3%6N
N19    N.2%6N NG2R60 N.2%6 
C20    C.3%6N CG2D1  C.3%6N
C21    C.4%6N CG321  C.4(H.1)(H.1)
S22    S.2%6N SG311  S.2%*N
C23    C.3%6N CG2R63 C.3%6(O.1)(N.3%6)
O24    O.1    OG2D4  O.1(C.3%6(N%6))
C25    C.3%6A CG2R67 C.3%6(C.3%6)(C.3%6)(C.3%6)
C26    C.3%6A CG2R61 C.3%6A
C27    C.3%6A CG2R61 C.3%6A
C28    C.3%6A CG2R61 C.3%6A
CL     CL.1   CLGR1  CL.1(C%6)
C30    C.3%6A CG2R61 C.3%6A
C31    C.3%6A CG2R61 C.3%6A
C32    C.3%6A CG2R61 C.3%6A
H33    H.1    HGA3   H.1(C.4(H.1)(H.1))
H34    H.1    HGA3   H.1(C.4(H.1)(H.1))
H35    H.1    HGA3   H.1(C.4(H.1)(H.1))
H36    H.1    HGP5   H.1(!C.4(!N.4(!C.4)(!C.4)))
H37    H.1    HGP5   H.1(!C.4(!N.4(!C.4)(!C.4)))
H38    H.1    HGP5   H.1(!C.4(!N.4(!C.4)(!C.4)))
H39    H.1    HGP5   H.1(!C.4(!N.4(!C.4)(!C.4)))
H40    H.1    HGA3   H.1(C.4(H.1)(H.1))
H41    H.1    HGA3   H.1(C.4(H.1)(H.1))
H42    H.1    HGA3   H.1(C.4(H.1)(H.1))
H43    H.1    HGP5   H.1(!C.4(!N.4(!C.4)(!C.4)))
H44    H.1    HGP5   H.1(!C.4(!N.4(!C.4)(!C.4)))
H45    H.1    HGA2   H.1(C.4(H.1))
H46    H.1    HGA2   H.1(C.4(H.1))
H47    H.1    HGA2   H.1(C.4(H.1))
H48    H.1    HGA2   H.1(C.4(H.1))
H49    H.1    HGP1   H.1(!N.3)
H50    H.1    HGR61  H.1(C.3%6)
H51    H.1    HGR61  H.1(C.3%6)
H52    H.1    HGR61  H.1(C.3%6)
H53    H.1    HGA2   H.1(C.4(H.1))
H54    H.1    HGA2   H.1(C.4(H.1))
H55    H.1    HGA2   H.1(C.4(H.1))
H56    H.1    HGA2   H.1(C.4(H.1))
H57    H.1    HGR61  H.1(C.3%6)
H58    H.1    HGR62  H.1(C.3%6(C.3%6(F|CL|BR|I.1)))
H59    H.1    HGR62  H.1(C.3%6(C.3%6(F|CL|BR|I.1)))
H60    H.1    HGR61  H.1(C.3%6)
H61    H.1    HGR61  H.1(C.3%6)
H62    H.1    HGP2   H.1(N.4)
C3      CG324   H38     HGP5    1       -0.25000 -   0.25000
C4      CG331   H40     HGA3    1       -0.09000 -   0.09000
C1      CG324   H36     HGP5    1       -0.25000 -   0.25000
C3      CG324   H39     HGP5    1       -0.25000 -   0.25000
C3      CG324   C4      CG331   1        0.00000 -   0.00000
C3      CG324   N2      NG3P1   1        0.33000 -  -0.08000
C4      CG331   H41     HGA3    1       -0.09000 -   0.09000
C4      CG331   H42     HGA3    1       -0.09000 -   0.09000
C1      CG324   H37     HGP5    1       -0.25000 -   0.25000
C1      CG324   N2      NG3P1   1        0.33000 -  -0.08000
C1      CG324   C0      CG331   1        0.00000 -   0.00000
C0      CG331   H33     HGA3    1       -0.09000 -   0.09000
C0      CG331   H35     HGA3    1       -0.09000 -   0.09000
H62     HGP2    N2      NG3P1   1        0.32000 -  -0.07000
C5      CG324   N2      NG3P1   1        0.33000 -  -0.08000
C0      CG331   H34     HGA3    1       -0.09000 -   0.09000
C5      CG324   H44     HGP5    1       -0.25000 -   0.25000
C5      CG324   H43     HGP5    1       -0.25000 -   0.25000
C6      CG321   C5      CG324   1        0.00000 -   0.00000
C6      CG321   H45     HGA2    1       -0.09000 -   0.09000
C6      CG321   H46     HGA2    1       -0.09000 -   0.09000
C6      CG321   C7      CG321   1        0.00000 -   0.00000
C28     CG2R61  CL      CLGR1   1        0.13000 -  -0.13000
C7      CG321   H48     HGA2    1       -0.09000 -   0.09000
C7      CG321   H47     HGA2    1       -0.09000 -   0.09000
C7      CG321   O8      OG302   1        0.34000 -  -0.34000
C28     CG2R61  C30     CG2R61  2       -0.05000 -   0.05000
C28     CG2R61  C27     CG2R61  1       -0.05000 -   0.05000
C30     CG2R61  H59     HGR62   1         -0.150 -     0.150
C27     CG2R61  H58     HGR62   1         -0.150 -     0.150
C9      CG2O6   O8      OG302   1       -0.02000 -   0.02000
C30     CG2R61  C31     CG2R61  1        0.00000 -   0.00000
C27     CG2R61  C26     CG2R61  2        0.00000 -   0.00000
C9      CG2O6   O10     OG2D1   2        0.39000 -  -0.39000
C9      CG2O6   N11     NG2S1   1       -0.17000 -   0.17000
C31     CG2R61  H60     HGR61   1       -0.11500 -   0.11500
C31     CG2R61  C25     CG2R67  2        0.00000 -   0.00000
H49     HGP1    N11     NG2S1   1        0.32000 -  -0.32000
C26     CG2R61  H57     HGR61   1       -0.11500 -   0.11500
C26     CG2R61  C25     CG2R67  1        0.00000 -   0.00000
C12     CG2R61  N11     NG2S1   1        0.14000 -  -0.14000
C20     CG2D1   C25     CG2R67  1        0.00000 -   0.00000
C32     CG2R61  H61     HGR61   1       -0.11500 -   0.11500
C12     CG2R61  C32     CG2R61  2        0.00000 -   0.00000
C12     CG2R61  C13     CG2R61  1        0.00000 -   0.00000
C20     CG2D1   N19     NG2R60  2        0.25000 -  -0.25000
C20     CG2D1   C21     CG321   1        0.00000 -   0.00000
C21     CG321   H56     HGA2    1       -0.09000 -   0.09000
C32     CG2R61  C16     CG2R61  1        0.00000 -   0.00000
N19     NG2R60  N18     NG301   1       -0.26000 -   0.26000
C13     CG2R61  H50     HGR61   1       -0.11500 -   0.11500
C21     CG321   H55     HGA2    1       -0.09000 -   0.09000
C21     CG321   S22     SG311   1        0.11000 -  -0.11000
C13     CG2R61  C14     CG2R61  2        0.00000 -   0.00000
C17     CG321   H54     HGA2    1       -0.09000 -   0.09000
C16     CG2R61  C17     CG321   1        0.00000 -   0.00000
C16     CG2R61  C15     CG2R61  2        0.00000 -   0.00000
C17     CG321   N18     NG301   1        0.21000 -  -0.21000
C23     CG2R63  N18     NG301   1        0.05000 -  -0.05000
C17     CG321   H53     HGA2    1       -0.09000 -   0.09000
C14     CG2R61  C15     CG2R61  1        0.00000 -   0.00000
C14     CG2R61  H51     HGR61   1       -0.11500 -   0.11500
C23     CG2R63  S22     SG311   1        0.00000 -   0.00000
C15     CG2R61  H52     HGR61   1       -0.11500 -   0.11500
C23     CG2R63  O24     OG2D4   2        0.49000 -  -0.49000
mol_clean Success!
