N      N.4    NG3P3  N.4(H.1)(H.1)(H.1)
C      C.4    CG324  C.4(H.1)(H.1)(N+)
C3     C.4    CG321  C.4(H.1)(H.1)
N4     N.3    NG301  N.3   
C5     C.4    CG321  C.4(H.1)(H.1)
C6     C.4%6N CG311  C.4(H.1)
C7     C.4%6N CG321  C.4(H.1)(H.1)
C8     C.4%6N CG321  C.4(H.1)(H.1)
C9     C.4%6N,6N CG311  C.4(H.1)
C10    C.4%6N CG311  C.4(H.1)
C11    C.3%6A CG2R61 C.3%6A
C12    C.3%6A CG2R61 C.3%6A
C13    C.3%6A CG2R61 C.3%6A
C14    C.3%6A CG2R61 C.3%6A
C15    C.3%6A CG2R61 C.3%6A
C16    C.3%6A CG2R61 C.3%6A
N17    N.3%6N NG311  N.3(H.1)
C18    C.3%6N,6A CG2DC? C.3%*N(=C.3)(C.3(=C.3))
C19    C.3%6A CG2R61 C.3%6A
C20    C.3%6A CG2R61 C.3%6A
C21    C.3%6A CG2R61 C.3%6A
C22    C.4    CG302  C.4(F.1)(F.1)(F.1)
F      F.1    FGA3   F.1(!C.4(F.1)(F.1))
F24    F.1    FGA3   F.1(!C.4(F.1)(F.1))
F25    F.1    FGA3   F.1(!C.4(F.1)(F.1))
C26    C.3%6A CG2R61 C.3%6A
C27    C.3%6N,6A CG2DC? C.3%*N(=C.3)(C.3(=C.3))
C28    C.4%6N,6N CG311  C.4(H.1)
O      O.2%6N OG3C61 O.2%6N
C30    C.3%6A CG2R61 C.3%6A
C31    C.3%6A CG2R61 C.3%6A
C32    C.3%6A CG2R61 C.3%6A
C33    C.3%6A CG2R61 C.3%6A
C34    C.3%6A CG2R61 C.3%6A
C35    C.3%6A CG2R61 C.3%6A
H      H.1    HGP2   H.1(N.4)
H37    H.1    HGP2   H.1(N.4)
H38    H.1    HGA2   H.1(C.4(H.1))
H39    H.1    HGA2   H.1(C.4(H.1))
H40    H.1    HGA2   H.1(C.4(H.1))
H41    H.1    HGA2   H.1(C.4(H.1))
H42    H.1    HGA2   H.1(C.4(H.1))
H43    H.1    HGA2   H.1(C.4(H.1))
H44    H.1    HGA1   H.1(C.4)
H45    H.1    HGA2   H.1(C.4(H.1))
H46    H.1    HGA2   H.1(C.4(H.1))
H47    H.1    HGA2   H.1(C.4(H.1))
H48    H.1    HGA2   H.1(C.4(H.1))
H49    H.1    HGA1   H.1(C.4)
H50    H.1    HGA1   H.1(C.4)
H51    H.1    HGR61  H.1(C.3%6)
H52    H.1    HGR61  H.1(C.3%6)
H53    H.1    HGR61  H.1(C.3%6)
H54    H.1    HGR61  H.1(C.3%6)
H55    H.1    HGR61  H.1(C.3%6)
H56    H.1    HGPAM1 H.1(N.3(C.3%6(C.3%6(C.4%6))))
H57    H.1    HGR62  H.1(C.3%6(C.3%6(N.3%6)))
H58    H.1    HGR61  H.1(C.3%6)
H59    H.1    HGR61  H.1(C.3%6)
H60    H.1    HGA1   H.1(C.4)
H61    H.1    HGR61  H.1(C.3%6)
H62    H.1    HGR61  H.1(C.3%6)
H63    H.1    HGR61  H.1(C.3%6)
H64    H.1    HGR61  H.1(C.3%6)
H65    H.1    HGR61  H.1(C.3%6)
H66    H.1    HGP2   H.1(N.4)
C       CG324   N       NG3P3   1        0.31000 -  -0.06000
H       HGP2    N       NG3P3   1        0.33000 -  -0.08000
H37     HGP2    N       NG3P3   1        0.33000 -  -0.08000
H66     HGP2    N       NG3P3   1        0.33000 -  -0.08000
C3      CG321   C       CG324   1        0.00000 -   0.00000
C       CG324   H38     HGA2    1       -0.05000 -   0.05000
C       CG324   H39     HGA2    1       -0.05000 -   0.05000
C3      CG321   N4      NG301   1        0.21000 -  -0.21000
C3      CG321   H40     HGA2    1       -0.09000 -   0.09000
C3      CG321   H41     HGA2    1       -0.09000 -   0.09000
C5      CG321   N4      NG301   1        0.21000 -  -0.21000
C30     CG2R61  N4      NG301   1        0.04000 -  -0.04000
C6      CG311   C5      CG321   1        0.00000 -   0.00000
C5      CG321   H42     HGA2    1       -0.09000 -   0.09000
C5      CG321   H43     HGA2    1       -0.09000 -   0.09000
C6      CG311   C7      CG321   1        0.00000 -   0.00000
C6      CG311   O       OG3C61  1        0.17000 -  -0.17000
C6      CG311   H44     HGA1    1       -0.09000 -   0.09000
C7      CG321   C8      CG321   1        0.00000 -   0.00000
C7      CG321   H45     HGA2    1       -0.09000 -   0.09000
C7      CG321   H46     HGA2    1       -0.09000 -   0.09000
C9      CG311   C8      CG321   1        0.00000 -   0.00000
C8      CG321   H47     HGA2    1       -0.09000 -   0.09000
C8      CG321   H48     HGA2    1       -0.09000 -   0.09000
C9      CG311   C10     CG311   1        0.00000 -   0.00000
C9      CG311   C28     CG311   1        0.00000 -   0.00000
C9      CG311   H49     HGA1    1       -0.09000 -   0.09000
C11     CG2R61  C10     CG311   1        0.00000 -   0.00000
C10     CG311   N17     NG311   1        0.24000 -  -0.24000
C10     CG311   H50     HGA1    1       -0.09000 -   0.09000
C11     CG2R61  C12     CG2R61  2        0.00000 -   0.00000
C11     CG2R61  C16     CG2R61  1        0.00000 -   0.00000
C12     CG2R61  C13     CG2R61  1        0.00000 -   0.00000
C12     CG2R61  H51     HGR61   1       -0.11500 -   0.11500
C13     CG2R61  C14     CG2R61  2        0.00000 -   0.00000
C13     CG2R61  H52     HGR61   1       -0.11500 -   0.11500
C14     CG2R61  C15     CG2R61  1        0.00000 -   0.00000
C14     CG2R61  H53     HGR61   1       -0.11500 -   0.11500
C15     CG2R61  C16     CG2R61  2        0.00000 -   0.00000
C15     CG2R61  H54     HGR61   1       -0.11500 -   0.11500
C16     CG2R61  H55     HGR61   1       -0.11500 -   0.11500
C18     CG2DC2  N17     NG311   1        0.13500 -  -0.13500
H56     HGPAM1  N17     NG311   1        0.42000 -  -0.42000
C18     CG2DC2  C19     CG2R61  1        0.00000 -   0.00000
C18     CG2DC2  C27     CG2DC2  2        0.00000 -   0.00000
C19     CG2R61  C20     CG2R61  2        0.00000 -   0.00000
C19     CG2R61  H57     HGR62   1       -0.12000 -   0.12000
C20     CG2R61  C21     CG2R61  1        0.00000 -   0.00000
C20     CG2R61  H58     HGR61   1       -0.11500 -   0.11500
C21     CG2R61  C22     CG302   1        0.00000 -   0.00000
C21     CG2R61  C26     CG2R61  2        0.00000 -   0.00000
C22     CG302   F       FGA3    1        0.14000 -  -0.14000
C22     CG302   F24     FGA3    1        0.14000 -  -0.14000
C22     CG302   F25     FGA3    1        0.14000 -  -0.14000
C27     CG2DC2  C26     CG2R61  1        0.00000 -   0.00000
C26     CG2R61  H59     HGR61   1       -0.11500 -   0.11500
C27     CG2DC2  C28     CG311   1        0.16500 -  -0.16500
C28     CG311   O       OG3C61  1        0.17000 -  -0.17000
C28     CG311   H60     HGA1    1       -0.09000 -   0.09000
C30     CG2R61  C31     CG2R61  2        0.00000 -   0.00000
C30     CG2R61  C35     CG2R61  1        0.00000 -   0.00000
C31     CG2R61  C32     CG2R61  1        0.00000 -   0.00000
C31     CG2R61  H61     HGR61   1       -0.11500 -   0.11500
C32     CG2R61  C33     CG2R61  2        0.00000 -   0.00000
C32     CG2R61  H62     HGR61   1       -0.11500 -   0.11500
C33     CG2R61  C34     CG2R61  1        0.00000 -   0.00000
C33     CG2R61  H63     HGR61   1       -0.11500 -   0.11500
C34     CG2R61  C35     CG2R61  2        0.00000 -   0.00000
C34     CG2R61  H64     HGR61   1       -0.11500 -   0.11500
C35     CG2R61  H65     HGR61   1       -0.11500 -   0.11500
mol_gmx.pdb Success!
