C      C.3%6A CG2R61 C.3%6A
C2     C.3%6A CG2R61 C.3%6A
C3     C.3%6A CG2R61 C.3%6A
C4     C.3%6A CG2R61 C.3%6A
C5     C.3%6A,5A CG2RC0 C.3%6,5(C.3%6,5)(C.3%6)
C6     C.3%6A,5A CG2RC0 C.3%6,5(C.3%6,5)(C.3%6)
C7     C.3%5A CG2R52 C.3%5(=N.2%5)
N      N.2%5A NG2R50 N.2%5 
N9     N.3%5A NG2R51 N.3%5A(C.3%5)
C10    C.4    CG321  C.4(H.1)(H.1)
N11    N.3    NG2S1  !N.3(H.1)(C.3(!O.1))
C12    C.4    CG331  !C.4(H.1)(H.1)(H.1)
C13    C.3    CG2O1  !C.3(O.1)(N.3)
O      O.1    OG2D1  O.1(C.3)
C15    C.3%6A CG2R61 C.3%6A
C16    C.3%6A CG2R61 C.3%6A
C17    C.3%6A,5A CG2RC0 C.3%6,5(C.3%6,5)(C.3%6)
C18    C.3%6A,5A CG2RC0 C.3%6,5(C.3%6,5)(C.3%6)
C19    C.3%6A CG2R61 C.3%6A
C20    C.3%6A CG2R61 C.3%6A
N21    N.3%5A NG2R51 N.3%5A(C.3%5)
N22    N.2%5A NG2R50 N.2%5 
C23    C.3%5A CG2R52 C.3%5(=N.2%5)
H      H.1    HGR61  H.1(C.3%6)
H25    H.1    HGR61  H.1(C.3%6)
H26    H.1    HGR61  H.1(C.3%6)
H27    H.1    HGP1   H.1(N.3%5)
H28    H.1    HGA2   H.1(C.4(H.1))
H29    H.1    HGA2   H.1(C.4(H.1))
H30    H.1    HGP1   H.1(!N.3)
H31    H.1    HGA3   H.1(C.4(H.1)(H.1))
H32    H.1    HGA3   H.1(C.4(H.1)(H.1))
H33    H.1    HGA3   H.1(C.4(H.1)(H.1))
H34    H.1    HGR61  H.1(C.3%6)
H35    H.1    HGR61  H.1(C.3%6)
H36    H.1    HGR61  H.1(C.3%6)
H37    H.1    HGR52  H.1(C.3%5([^C]%5))
C38    C.4    CG331  !C.4(H.1)(H.1)(H.1)
H39    H.1    HGA3   H.1(C.4(H.1)(H.1))
H40    H.1    HGA3   H.1(C.4(H.1)(H.1))
H41    H.1    HGA3   H.1(C.4(H.1)(H.1))
C       CG2R61  C2      CG2R61  2        0.00000 -   0.00000
C       CG2R61  C4      CG2R61  1        0.00000 -   0.00000
C13     CG2O1   C       CG2R61  1        0.02000 -  -0.02000
C2      CG2R61  C6      CG2RC0  1        0.00000 -   0.00000
C2      CG2R61  H       HGR61   1       -0.11500 -   0.11500
C3      CG2R61  C4      CG2R61  2        0.00000 -   0.00000
C3      CG2R61  C5      CG2RC0  1        0.00000 -   0.00000
C3      CG2R61  H25     HGR61   1       -0.11500 -   0.11500
C4      CG2R61  H26     HGR61   1       -0.11500 -   0.11500
C5      CG2RC0  C6      CG2RC0  2        0.00000 -   0.00000
C5      CG2RC0  N9      NG2R51  1        0.15000 -  -0.15000
C7      CG2R52  C6      CG2RC0  1        0.02500 -  -0.02500
C7      CG2R52  N       NG2R50  2        0.25000 -  -0.25000
C7      CG2R52  C10     CG321   1       -0.11000 -   0.11000
N       NG2R50  N9      NG2R51  1       -0.32000 -   0.32000
H27     HGP1    N9      NG2R51  1          0.370 -   -0.3700
C15     CG2R61  C10     CG321   1        0.00000 -   0.00000
C10     CG321   H28     HGA2    1       -0.09000 -   0.09000
C10     CG321   H29     HGA2    1       -0.09000 -   0.09000
C12     CG331   N11     NG2S1   1        0.16000 -  -0.16000
C13     CG2O1   N11     NG2S1   1        0.00000 -   0.00000
H30     HGP1    N11     NG2S1   1        0.31000 -  -0.31000
C12     CG331   H31     HGA3    1       -0.09000 -   0.09000
C12     CG331   H32     HGA3    1       -0.09000 -   0.09000
C12     CG331   H33     HGA3    1       -0.09000 -   0.09000
C13     CG2O1   O       OG2D1   2        0.51000 -  -0.51000
C15     CG2R61  C16     CG2R61  2        0.00000 -   0.00000
C15     CG2R61  C20     CG2R61  1        0.00000 -   0.00000
C16     CG2R61  C17     CG2RC0  1        0.00000 -   0.00000
C16     CG2R61  H34     HGR61   1       -0.11500 -   0.11500
C17     CG2RC0  C18     CG2RC0  2        0.00000 -   0.00000
C17     CG2RC0  N21     NG2R51  1        0.15000 -  -0.15000
C19     CG2R61  C18     CG2RC0  1        0.00000 -   0.00000
C23     CG2R52  C18     CG2RC0  1        0.02500 -  -0.02500
C19     CG2R61  C20     CG2R61  2        0.00000 -   0.00000
C19     CG2R61  H35     HGR61   1       -0.11500 -   0.11500
C20     CG2R61  H36     HGR61   1       -0.11500 -   0.11500
N22     NG2R50  N21     NG2R51  1       -0.32000 -   0.32000
C38     CG331   N21     NG2R51  1        0.00000 -   0.00000
C23     CG2R52  N22     NG2R50  2        0.25000 -  -0.25000
C23     CG2R52  H37     HGR52   1       -0.27000 -   0.27000
C38     CG331   H39     HGA3    1       -0.09000 -   0.09000
C38     CG331   H40     HGA3    1       -0.09000 -   0.09000
C38     CG331   H41     HGA3    1       -0.09000 -   0.09000
mol.mol2 Success!
