C      C.4%6N CG321  C.4(H.1)(H.1)
C2     C.4%6N CG321  C.4(H.1)(H.1)
C3     C.4%6N CG311  C.4(H.1)
C4     C.4%6N CG321  C.4(H.1)(H.1)
C5     C.4%6N CG321  C.4(H.1)(H.1)
O      O.2%6N OG3C61 O.2%6N
C7     C.3%6A CG2R61 C.3%6A
C8     C.3%6A CG2R61 C.3%6A
C9     C.3%6A CG2R61 C.3%6A
C10    C.3%6A CG2R61 C.3%6A
N      N.3    NG311  N.3(H.1)
C12    C.3%6A CG2R64 C.3%6(N.2%6)(N)
N13    N.2%6A NG2R60 N.2%6 
C14    C.3%6A CG2R61 C.3%6A
C15    C.3%6A CG2R62 C.3%6(N.3%6)
N16    N.3%6A,5A NG2RC0 N.3%5,6(C.3%6)
C17    C.3%5A CG2R51 C.3%5 
C18    C.3%5A CG2R51 C.3%5 
N19    N.2%5A NG2R50 N.2%5 
C20    C.3%6A,5A CG2RC0 C.3%6,5([^C]%6)([^C]%5)
C21    C.3%6A CG2R67 C.3%6(C.3%6)(C.3%6)(C.3%6)
C22    C.3%6A CG2R61 C.3%6A
C23    C.3%6A CG2R61 C.3%6A
C24    C.3%6A,5A CG2RC0 C.3%6,5(C.3%6,5)(C.3%6)
C25    C.3%5A CG2R52 C.3%5(=N.2%5)
N26    N.2%5A NG2R50 N.2%5 
N27    N.3%5A NG2R51 N.3%5A(C.3%5)
C28    C.3%6A,5A CG2RC0 C.3%6,5(C.3%6,5)(C.3%6)
C29    C.3%6A CG2R61 C.3%6A
C30    C.3%6A CG2R61 C.3%6A
C31    C.3%6A CG2R61 C.3%6A
H      H.1    HGA2   H.1(C.4(H.1))
H33    H.1    HGA2   H.1(C.4(H.1))
H34    H.1    HGA2   H.1(C.4(H.1))
H35    H.1    HGA2   H.1(C.4(H.1))
H36    H.1    HGA1   H.1(C.4)
H37    H.1    HGA2   H.1(C.4(H.1))
H38    H.1    HGA2   H.1(C.4(H.1))
H39    H.1    HGA2   H.1(C.4(H.1))
H40    H.1    HGA2   H.1(C.4(H.1))
H41    H.1    HGR61  H.1(C.3%6)
H42    H.1    HGR61  H.1(C.3%6)
H43    H.1    HGPAM1 H.1(N.3(C.3%6(C.3%6))(C.3%6(C.3%6([^C]%6))))
H44    H.1    HGR62  H.1(C.3%6A([^C]%6A))
H45    H.1    HGR52  H.1(C.3%5([^C]%5))
H46    H.1    HGR52  H.1(C.3%5([^C]%5))
H47    H.1    HGR61  H.1(C.3%6)
H48    H.1    HGR61  H.1(C.3%6)
H49    H.1    HGR52  H.1(C.3%5([^C]%5))
H50    H.1    HGP1   H.1(N.3%5)
H51    H.1    HGR61  H.1(C.3%6)
H52    H.1    HGR61  H.1(C.3%6)
H53    H.1    HGR61  H.1(C.3%6)
C       CG321   C2      CG321   1        0.00000 -   0.00000
C       CG321   O       OG3C61  1        0.20000 -  -0.20000
C       CG321   H       HGA2    1       -0.09000 -   0.09000
C       CG321   H33     HGA2    1       -0.09000 -   0.09000
C3      CG311   C2      CG321   1        0.00000 -   0.00000
C2      CG321   H34     HGA2    1       -0.09000 -   0.09000
C2      CG321   H35     HGA2    1       -0.09000 -   0.09000
C3      CG311   C4      CG321   1        0.00000 -   0.00000
C7      CG2R61  C3      CG311   1        0.00000 -   0.00000
C3      CG311   H36     HGA1    1       -0.09000 -   0.09000
C4      CG321   C5      CG321   1        0.00000 -   0.00000
C4      CG321   H37     HGA2    1       -0.09000 -   0.09000
C4      CG321   H38     HGA2    1       -0.09000 -   0.09000
C5      CG321   O       OG3C61  1        0.20000 -  -0.20000
C5      CG321   H39     HGA2    1       -0.09000 -   0.09000
C5      CG321   H40     HGA2    1       -0.09000 -   0.09000
C7      CG2R61  C8      CG2R61  2        0.00000 -   0.00000
C7      CG2R61  C31     CG2R61  1        0.00000 -   0.00000
C8      CG2R61  C9      CG2R61  1        0.00000 -   0.00000
C8      CG2R61  H41     HGR61   1       -0.11500 -   0.11500
C9      CG2R61  C10     CG2R61  2        0.00000 -   0.00000
C9      CG2R61  H42     HGR61   1       -0.11500 -   0.11500
C10     CG2R61  N       NG311   1        0.04000 -  -0.04000
C10     CG2R61  C30     CG2R61  1        0.00000 -   0.00000
C12     CG2R64  N       NG311   1        0.13500 -  -0.13500
H43     HGPAM1  N       NG311   1        0.36000 -  -0.36000
C12     CG2R64  N13     NG2R60  2        0.30000 -  -0.30000
C12     CG2R64  C20     CG2RC0  1        0.02500 -  -0.02500
C14     CG2R61  N13     NG2R60  1        0.30000 -  -0.30000
C14     CG2R61  C15     CG2R62  2        0.00000 -   0.00000
C14     CG2R61  C21     CG2R67  1        0.00000 -   0.00000
C15     CG2R62  N16     NG2RC0  1        0.29000 -  -0.29000
C15     CG2R62  H44     HGR62   1       -0.17000 -   0.17000
C17     CG2R51  N16     NG2RC0  1        0.04000 -  -0.04000
C20     CG2RC0  N16     NG2RC0  1       -0.05000 -   0.05000
C17     CG2R51  C18     CG2R51  2        0.00000 -   0.00000
C17     CG2R51  H45     HGR52   1         -0.090 -     0.090
C18     CG2R51  N19     NG2R50  1        0.32000 -  -0.32000
C18     CG2R51  H46     HGR52   1       -0.10000 -   0.10000
C20     CG2RC0  N19     NG2R50  2        0.35000 -  -0.35000
C22     CG2R61  C21     CG2R67  2        0.00000 -   0.00000
C29     CG2R61  C21     CG2R67  1        0.00000 -   0.00000
C22     CG2R61  C23     CG2R61  1        0.00000 -   0.00000
C22     CG2R61  H47     HGR61   1       -0.11500 -   0.11500
C23     CG2R61  C24     CG2RC0  2        0.00000 -   0.00000
C23     CG2R61  H48     HGR61   1       -0.11500 -   0.11500
C25     CG2R52  C24     CG2RC0  1        0.02500 -  -0.02500
C24     CG2RC0  C28     CG2RC0  1        0.00000 -   0.00000
C25     CG2R52  N26     NG2R50  2        0.25000 -  -0.25000
C25     CG2R52  H49     HGR52   1         -0.130 -     0.130
N26     NG2R50  N27     NG2R51  1       -0.32000 -   0.32000
C28     CG2RC0  N27     NG2R51  1        0.15000 -  -0.15000
H50     HGP1    N27     NG2R51  1          0.370 -   -0.3700
C29     CG2R61  C28     CG2RC0  2        0.00000 -   0.00000
C29     CG2R61  H51     HGR61   1       -0.11500 -   0.11500
C30     CG2R61  C31     CG2R61  2        0.00000 -   0.00000
C30     CG2R61  H52     HGR61   1       -0.11500 -   0.11500
C31     CG2R61  H53     HGR61   1       -0.11500 -   0.11500
mol.mol2 Success!
