C0     C.4    CG334  !C.4(H.1)(H.1)(H.1)(N+)
N1     N.4    NG3P1  N.4(H.1)
C2     C.4    CG334  !C.4(H.1)(H.1)(H.1)(N+)
C3     C.4    CG324  C.4(H.1)(H.1)(N+)
C4     C.4    CG321  C.4(H.1)(H.1)
C5     C.4    CG321  C.4(H.1)(H.1)
O6     O.2    OG301  O.2   
C7     C.3%6A CG2R62 C.3%6(C.3%6([^C]%6))(C.3%6([^C]%6))
C8     C.3%6A CG2R61 C.3%6A
N9     N.2%6A NG2R62 N.2%6(C.3%6(N.2%6))
C10    C.3%6A CG2R64 C.3%6(N.2%6)(N)
N11    N.2%6A NG2R62 N.2%6(C.3%6(N.2%6))
C12    C.3%6A CG2R61 C.3%6A
C13    C.3%6A CG2R67 C.3%6(C.3%6)(C.3%6)(C.3%6)
C14    C.3%6A CG2R61 C.3%6A
C15    C.3%6A CG2R61 C.3%6A
C16    C.3%6A CG2R61 C.3%6A
C17    C.3%6A CG2R61 C.3%6A
C18    C.4    CG321  C.4(H.1)(H.1)
N19    N.3%6A NG2R61 N.3%6A
N20    N.2%6A NG2R60 N.2%6 
C21    C.3%6A CG2R61 C.3%6A
C22    C.3%6A CG2R61 C.3%6A
C23    C.3%6A CG2R61 C.3%6A
C24    C.3%6A CG2R63 C.3%6(O.1)(N.3%6)
O25    O.1    OG2D4  O.1(C.3%6(N%6))
C26    C.3%6A CG2R67 C.3%6(C.3%6)(C.3%6)(C.3%6)
C27    C.3%6A CG2R61 C.3%6A
C28    C.3%6A CG2R61 C.3%6A
C29    C.3%6A CG2R61 C.3%6A
C30    C.3%6A CG2R61 C.3%6A
C31    C.3%6A CG2R61 C.3%6A
C32    C.2    CG1N1  !C.2(!N.1)
N33    N.1    NG1T1  !N.1  
C34    C.3%6A CG2R61 C.3%6A
H35    H.1    HGP5   H.1(!C.4(!N.4(!C.4)(!C.4)))
H36    H.1    HGP5   H.1(!C.4(!N.4(!C.4)(!C.4)))
H37    H.1    HGP5   H.1(!C.4(!N.4(!C.4)(!C.4)))
H38    H.1    HGP5   H.1(!C.4(!N.4(!C.4)(!C.4)))
H39    H.1    HGP5   H.1(!C.4(!N.4(!C.4)(!C.4)))
H40    H.1    HGP5   H.1(!C.4(!N.4(!C.4)(!C.4)))
H41    H.1    HGP5   H.1(!C.4(!N.4(!C.4)(!C.4)))
H42    H.1    HGP5   H.1(!C.4(!N.4(!C.4)(!C.4)))
H43    H.1    HGA2   H.1(C.4(H.1))
H44    H.1    HGA2   H.1(C.4(H.1))
H45    H.1    HGA2   H.1(C.4(H.1))
H46    H.1    HGA2   H.1(C.4(H.1))
H47    H.1    HGR62  H.1(C.3%6A([^C]%6A))
H48    H.1    HGR62  H.1(C.3%6A([^C]%6A))
H49    H.1    HGR61  H.1(C.3%6)
H50    H.1    HGR61  H.1(C.3%6)
H51    H.1    HGR61  H.1(C.3%6)
H52    H.1    HGA2   H.1(C.4(H.1))
H53    H.1    HGA2   H.1(C.4(H.1))
H54    H.1    HGR61  H.1(C.3%6)
H55    H.1    HGR62  H.1(C.3%6(C.3%6(N.3%6)))
H56    H.1    HGR61  H.1(C.3%6)
H57    H.1    HGR61  H.1(C.3%6)
H58    H.1    HGR61  H.1(C.3%6)
H59    H.1    HGR61  H.1(C.3%6)
H60    H.1    HGR61  H.1(C.3%6)
H61    H.1    HGP2   H.1(N.4)
C0      CG334   N1      NG3P1   1        0.42000 -  -0.17000
C0      CG334   H35     HGP5    1       -0.25000 -   0.25000
C0      CG334   H36     HGP5    1       -0.25000 -   0.25000
C0      CG334   H37     HGP5    1       -0.25000 -   0.25000
C2      CG334   N1      NG3P1   1        0.42000 -  -0.17000
C3      CG324   N1      NG3P1   1        0.33000 -  -0.08000
H61     HGP2    N1      NG3P1   1        0.32000 -  -0.07000
C2      CG334   H38     HGP5    1       -0.25000 -   0.25000
C2      CG334   H39     HGP5    1       -0.25000 -   0.25000
C2      CG334   H40     HGP5    1       -0.25000 -   0.25000
C4      CG321   C3      CG324   1        0.00000 -   0.00000
C3      CG324   H41     HGP5    1       -0.25000 -   0.25000
C3      CG324   H42     HGP5    1       -0.25000 -   0.25000
C4      CG321   C5      CG321   1        0.00000 -   0.00000
C4      CG321   H43     HGA2    1       -0.09000 -   0.09000
C4      CG321   H44     HGA2    1       -0.09000 -   0.09000
C5      CG321   O6      OG301   1        0.17000 -  -0.17000
C5      CG321   H45     HGA2    1       -0.09000 -   0.09000
C5      CG321   H46     HGA2    1       -0.09000 -   0.09000
C7      CG2R62  O6      OG301   1        0.21500 -  -0.21500
C8      CG2R61  C7      CG2R62  1        0.00000 -   0.00000
C12     CG2R61  C7      CG2R62  2        0.00000 -   0.00000
C8      CG2R61  N9      NG2R62  2        0.41000 -  -0.41000
C8      CG2R61  H47     HGR62   1       -0.12000 -   0.12000
C10     CG2R64  N9      NG2R62  1        0.31500 -  -0.31500
C10     CG2R64  N11     NG2R62  2        0.31500 -  -0.31500
C10     CG2R64  C13     CG2R67  1        0.20000 -  -0.20000
C12     CG2R61  N11     NG2R62  1        0.41000 -  -0.41000
C12     CG2R61  H48     HGR62   1       -0.12000 -   0.12000
C14     CG2R61  C13     CG2R67  2        0.00000 -   0.00000
C34     CG2R61  C13     CG2R67  1        0.00000 -   0.00000
C14     CG2R61  C15     CG2R61  1        0.00000 -   0.00000
C14     CG2R61  H49     HGR61   1       -0.11500 -   0.11500
C15     CG2R61  C16     CG2R61  2        0.00000 -   0.00000
C15     CG2R61  H50     HGR61   1       -0.11500 -   0.11500
C16     CG2R61  C17     CG2R61  1        0.00000 -   0.00000
C16     CG2R61  H51     HGR61   1       -0.11500 -   0.11500
C17     CG2R61  C18     CG321   1        0.00000 -   0.00000
C17     CG2R61  C34     CG2R61  2        0.00000 -   0.00000
C18     CG321   N19     NG2R61  1        0.21000 -  -0.21000
C18     CG321   H52     HGA2    1       -0.09000 -   0.09000
C18     CG321   H53     HGA2    1       -0.09000 -   0.09000
N20     NG2R60  N19     NG2R61  1       -0.26000 -   0.26000
C24     CG2R63  N19     NG2R61  1        0.05000 -  -0.05000
C21     CG2R61  N20     NG2R60  2        0.30000 -  -0.30000
C21     CG2R61  C22     CG2R61  1        0.00000 -   0.00000
C21     CG2R61  C26     CG2R67  1        0.00000 -   0.00000
C22     CG2R61  C23     CG2R61  2        0.00000 -   0.00000
C22     CG2R61  H54     HGR61   1       -0.11500 -   0.11500
C23     CG2R61  C24     CG2R63  1       -0.02000 -   0.02000
C23     CG2R61  H55     HGR62   1       -0.12000 -   0.12000
C24     CG2R63  O25     OG2D4   2        0.49000 -  -0.49000
C27     CG2R61  C26     CG2R67  1        0.00000 -   0.00000
C31     CG2R61  C26     CG2R67  2        0.00000 -   0.00000
C27     CG2R61  C28     CG2R61  2        0.00000 -   0.00000
C27     CG2R61  H56     HGR61   1       -0.11500 -   0.11500
C28     CG2R61  C29     CG2R61  1        0.00000 -   0.00000
C28     CG2R61  H57     HGR61   1       -0.11500 -   0.11500
C29     CG2R61  C30     CG2R61  2        0.00000 -   0.00000
C29     CG2R61  H58     HGR61   1       -0.11500 -   0.11500
C30     CG2R61  C31     CG2R61  1        0.00000 -   0.00000
C32     CG1N1   C30     CG2R61  1       -0.10000 -   0.10000
C31     CG2R61  H59     HGR61   1       -0.11500 -   0.11500
C32     CG1N1   N33     NG1T1   3        0.46000 -  -0.46000
C34     CG2R61  H60     HGR61   1       -0.11500 -   0.11500
mol_gmx.pdb Success!
