C      C.4    CG331  !C.4(H.1)(H.1)(H.1)
C2     C.3%6A CG2R61 C.3%6A
C3     C.3%6A CG2R61 C.3%6A
C4     C.3%6A CG2R61 C.3%6A
C5     C.3%6A CG2R61 C.3%6A
C6     C.3%6A CG2R61 C.3%6A
C7     C.3%6A CG2R61 C.3%6A
O      O.2    OG301  O.2   
C9     C.3%6A CG2R61 C.3%6A
C10    C.3%6A CG2R61 C.3%6A
C11    C.3%6A CG2R61 C.3%6A
C12    C.3%6A CG2R61 C.3%6A
C13    C.3%6A CG2R61 C.3%6A
C14    C.2    CG1N1  !C.2(!N.1)
C15    C.3%6A CG2R61 C.3%6A
S      S.4    SG3O2  S.4(O.1)(O.1)
O17    O.1    OG2P1  O.1(!S)
O18    O.1    OG2P1  O.1(!S)
C19    C.4    CG312  C.4(F.1)(F.1)
F      F.1    FGA2   F.1(C.4(F.1))
F21    F.1    FGA2   F.1(C.4(F.1))
C22    C.2    CG1N1  !C.2(!N.1)
N      N.1    NG1T1  !N.1  
N24    N.1    NG1T1  !N.1  
H      H.1    HGA3   H.1(C.4(H.1)(H.1))
H26    H.1    HGA3   H.1(C.4(H.1)(H.1))
H27    H.1    HGA3   H.1(C.4(H.1)(H.1))
H28    H.1    HGR61  H.1(C.3%6)
H29    H.1    HGR61  H.1(C.3%6)
H30    H.1    HGR61  H.1(C.3%6)
H31    H.1    HGR61  H.1(C.3%6)
H32    H.1    HGR61  H.1(C.3%6)
H33    H.1    HGR61  H.1(C.3%6)
H34    H.1    HGA7   H.1(C.4(F.1)(F.1))
C3      CG2R61  C       CG331   1        0.00000 -   0.00000
C       CG331   H       HGA3    1       -0.09000 -   0.09000
C       CG331   H26     HGA3    1       -0.09000 -   0.09000
C       CG331   H27     HGA3    1       -0.09000 -   0.09000
C2      CG2R61  C3      CG2R61  1        0.00000 -   0.00000
C2      CG2R61  C7      CG2R61  2        0.00000 -   0.00000
C22     CG1N1   C2      CG2R61  1       -0.10000 -   0.10000
C3      CG2R61  C4      CG2R61  2        0.00000 -   0.00000
C4      CG2R61  C5      CG2R61  1        0.00000 -   0.00000
C4      CG2R61  S       SG3O2   1        0.24000 -  -0.24000
C5      CG2R61  C6      CG2R61  2        0.00000 -   0.00000
C5      CG2R61  H28     HGR61   1       -0.11500 -   0.11500
C6      CG2R61  C7      CG2R61  1        0.00000 -   0.00000
C6      CG2R61  H29     HGR61   1       -0.11500 -   0.11500
C7      CG2R61  O       OG301   1        0.21500 -  -0.21500
C9      CG2R61  O       OG301   1        0.21500 -  -0.21500
C9      CG2R61  C10     CG2R61  2        0.00000 -   0.00000
C9      CG2R61  C15     CG2R61  1        0.00000 -   0.00000
C10     CG2R61  C11     CG2R61  1        0.00000 -   0.00000
C10     CG2R61  H30     HGR61   1       -0.11500 -   0.11500
C11     CG2R61  C12     CG2R61  2        0.00000 -   0.00000
C11     CG2R61  H31     HGR61   1       -0.11500 -   0.11500
C12     CG2R61  C13     CG2R61  1        0.00000 -   0.00000
C12     CG2R61  H32     HGR61   1       -0.11500 -   0.11500
C14     CG1N1   C13     CG2R61  1       -0.10000 -   0.10000
C13     CG2R61  C15     CG2R61  2        0.00000 -   0.00000
C14     CG1N1   N24     NG1T1   3        0.46000 -  -0.46000
C15     CG2R61  H33     HGR61   1       -0.11500 -   0.11500
O17     OG2P1   S       SG3O2   2       -0.42000 -   0.42000
O18     OG2P1   S       SG3O2   2       -0.42000 -   0.42000
C19     CG312   S       SG3O2   1        0.22000 -  -0.22000
C19     CG312   F       FGA2    1        0.17000 -  -0.17000
C19     CG312   F21     FGA2    1        0.17000 -  -0.17000
C19     CG312   H34     HGA7    1       -0.10000 -   0.10000
C22     CG1N1   N       NG1T1   3        0.46000 -  -0.46000
mol.mol2 Success!
