CL     CL.1   CLGR1  CL.1(C%6)
C      C.3%6A CG2R61 C.3%6A
C3     C.3%6A CG2R61 C.3%6A
C4     C.3%6A CG2R61 C.3%6A
C5     C.3%6A CG2R61 C.3%6A
C6     C.3%6A CG2R61 C.3%6A
C7     C.3%6A CG2R61 C.3%6A
O      O.2    OG301  O.2   
C9     C.3%6A CG2R61 C.3%6A
C10    C.3%6A CG2R61 C.3%6A
C11    C.3%6A CG2R66 C.3%6(F.1)
F      F.1    FGR1   F.1(C.3%)
C13    C.3%6A CG2R61 C.3%6A
C14    C.3%6A CG2R61 C.3%6A
C15    C.2    CG1N1  !C.2(!N.1)
C16    C.3%6A CG2R61 C.3%6A
S      S.4    SG3O2  S.4(O.1)(O.1)
O18    O.1    OG2P1  O.1(!S)
O19    O.1    OG2P1  O.1(!S)
C20    C.4    CG312  C.4(F.1)(F.1)
F21    F.1    FGA2   F.1(C.4(F.1))
F22    F.1    FGA2   F.1(C.4(F.1))
C23    C.2    CG1N1  !C.2(!N.1)
N      N.1    NG1T1  !N.1  
N25    N.1    NG1T1  !N.1  
H      H.1    HGR61  H.1(C.3%6)
H27    H.1    HGR61  H.1(C.3%6)
H28    H.1    HGR62  H.1(C.3%6(C.3%6(F|CL|BR|I.1)))
H29    H.1    HGR62  H.1(C.3%6(C.3%6(F|CL|BR|I.1)))
H30    H.1    HGR61  H.1(C.3%6)
H31    H.1    HGA7   H.1(C.4(F.1)(F.1))
C23     CG1N1   N       NG1T1   3        0.46000 -  -0.46000
C23     CG1N1   C       CG2R61  1       -0.10000 -   0.10000
C10     CG2R61  H28     HGR62   1         -0.150 -     0.150
C9      CG2R61  O       OG301   1        0.21500 -  -0.21500
C7      CG2R61  O       OG301   1        0.21500 -  -0.21500
C3      CG2R61  CL      CLGR1   1        0.13000 -  -0.13000
C       CG2R61  C7      CG2R61  1        0.00000 -   0.00000
C       CG2R61  C3      CG2R61  2        0.00000 -   0.00000
C10     CG2R61  C9      CG2R61  2        0.00000 -   0.00000
C10     CG2R61  C11     CG2R66  1        0.00000 -   0.00000
C9      CG2R61  C16     CG2R61  1        0.00000 -   0.00000
C11     CG2R66  F       FGR1    1        0.21000 -  -0.21000
C7      CG2R61  C6      CG2R61  2        0.00000 -   0.00000
C13     CG2R61  C11     CG2R66  2        0.00000 -   0.00000
C3      CG2R61  C4      CG2R61  1        0.00000 -   0.00000
C16     CG2R61  H30     HGR61   1       -0.11500 -   0.11500
C16     CG2R61  C14     CG2R61  2        0.00000 -   0.00000
C13     CG2R61  C14     CG2R61  1        0.00000 -   0.00000
C13     CG2R61  H29     HGR62   1         -0.150 -     0.150
C15     CG1N1   C14     CG2R61  1       -0.10000 -   0.10000
C6      CG2R61  H27     HGR61   1       -0.11500 -   0.11500
C6      CG2R61  C5      CG2R61  1        0.00000 -   0.00000
C4      CG2R61  C5      CG2R61  2        0.00000 -   0.00000
C4      CG2R61  S       SG3O2   1        0.24000 -  -0.24000
O19     OG2P1   S       SG3O2   2       -0.42000 -   0.42000
C15     CG1N1   N25     NG1T1   3        0.46000 -  -0.46000
C5      CG2R61  H       HGR61   1       -0.11500 -   0.11500
C20     CG312   F21     FGA2    1        0.17000 -  -0.17000
C20     CG312   S       SG3O2   1        0.22000 -  -0.22000
O18     OG2P1   S       SG3O2   2       -0.42000 -   0.42000
C20     CG312   H31     HGA7    1       -0.10000 -   0.10000
C20     CG312   F22     FGA2    1        0.17000 -  -0.17000
mol_clean Success!
