C0     C.4    CG331  !C.4(H.1)(H.1)(H.1)
C1     C.3%5A CG2R51 C.3%5 
C2     C.3%5A CG2R51 C.3%5 
N3     N.2%5A NG2R50 N.2%5 
C4     C.3%5A CG2R53 C.3%5(N.2%5)(^C%5)
S5     S.2%5A SG2R50 S.2%*A
C6     C.3%6A CG2R61 C.3%6A
C7     C.3%6A CG2R61 C.3%6A
C8     C.3%6A CG2R61 C.3%6A
C9     C.3%6A CG2R61 C.3%6A
C10    C.3%6A CG2R61 C.3%6A
C11    C.4    CG321  C.4(H.1)(H.1)
N12    N.3%6A NG2R61 N.3%6A
N13    N.2%6A NG2R60 N.2%6 
C14    C.3%6A CG2R61 C.3%6A
C15    C.3%6A CG2R61 C.3%6A
C16    C.3%6A CG2R61 C.3%6A
C17    C.3%6A CG2R63 C.3%6(O.1)(N.3%6)
O18    O.1    OG2D4  O.1(C.3%6(N%6))
C19    C.3%6A CG2R67 C.3%6(C.3%6)(C.3%6)(C.3%6)
C20    C.3%6A CG2R61 C.3%6A
C21    C.3%6A CG2R66 C.3%6(F.1)
F22    F.1    FGR1   F.1(C.3%)
C23    C.3%6A CG2R61 C.3%6A
C24    C.3%6A CG2R66 C.3%6(F.1)
F25    F.1    FGR1   F.1(C.3%)
C26    C.3%6A CG2R61 C.3%6A
C27    C.3%6A CG2R61 C.3%6A
H28    H.1    HGA3   H.1(C.4(H.1)(H.1))
H29    H.1    HGA3   H.1(C.4(H.1)(H.1))
H30    H.1    HGA3   H.1(C.4(H.1)(H.1))
H31    H.1    HGR52  H.1(C.3%5([^C]%5))
H32    H.1    HGR61  H.1(C.3%6)
H33    H.1    HGR61  H.1(C.3%6)
H34    H.1    HGR61  H.1(C.3%6)
H35    H.1    HGA2   H.1(C.4(H.1))
H36    H.1    HGA2   H.1(C.4(H.1))
H37    H.1    HGR61  H.1(C.3%6)
H38    H.1    HGR62  H.1(C.3%6(C.3%6(N.3%6)))
H39    H.1    HGR62  H.1(C.3%6(C.3%6(F|CL|BR|I.1)))
H40    H.1    HGR62  H.1(C.3%6(C.3%6(F|CL|BR|I.1)))
H41    H.1    HGR62  H.1(C.3%6(C.3%6(F|CL|BR|I.1)))
H42    H.1    HGR61  H.1(C.3%6)
C1      CG2R51  C0      CG331   1        0.00000 -   0.00000
C0      CG331   H28     HGA3    1       -0.09000 -   0.09000
C0      CG331   H29     HGA3    1       -0.09000 -   0.09000
C0      CG331   H30     HGA3    1       -0.09000 -   0.09000
C1      CG2R51  C2      CG2R51  2        0.00000 -   0.00000
C1      CG2R51  S5      SG2R50  1       -0.09000 -   0.09000
C2      CG2R51  N3      NG2R50  1        0.33000 -  -0.33000
C2      CG2R51  H31     HGR52   1       -0.10000 -   0.10000
C4      CG2R53  N3      NG2R50  2        0.28000 -  -0.28000
C4      CG2R53  S5      SG2R50  1        0.08000 -  -0.08000
C4      CG2R53  C6      CG2R61  1        0.02000 -  -0.02000
C6      CG2R61  C7      CG2R61  2        0.00000 -   0.00000
C6      CG2R61  C27     CG2R61  1        0.00000 -   0.00000
C7      CG2R61  C8      CG2R61  1        0.00000 -   0.00000
C7      CG2R61  H32     HGR61   1       -0.11500 -   0.11500
C8      CG2R61  C9      CG2R61  2        0.00000 -   0.00000
C8      CG2R61  H33     HGR61   1       -0.11500 -   0.11500
C9      CG2R61  C10     CG2R61  1        0.00000 -   0.00000
C9      CG2R61  H34     HGR61   1       -0.11500 -   0.11500
C10     CG2R61  C11     CG321   1        0.00000 -   0.00000
C10     CG2R61  C27     CG2R61  2        0.00000 -   0.00000
C11     CG321   N12     NG2R61  1        0.21000 -  -0.21000
C11     CG321   H35     HGA2    1       -0.09000 -   0.09000
C11     CG321   H36     HGA2    1       -0.09000 -   0.09000
N13     NG2R60  N12     NG2R61  1       -0.26000 -   0.26000
C17     CG2R63  N12     NG2R61  1        0.05000 -  -0.05000
C14     CG2R61  N13     NG2R60  2        0.30000 -  -0.30000
C14     CG2R61  C15     CG2R61  1        0.00000 -   0.00000
C14     CG2R61  C19     CG2R67  1        0.00000 -   0.00000
C15     CG2R61  C16     CG2R61  2        0.00000 -   0.00000
C15     CG2R61  H37     HGR61   1       -0.11500 -   0.11500
C16     CG2R61  C17     CG2R63  1       -0.02000 -   0.02000
C16     CG2R61  H38     HGR62   1       -0.12000 -   0.12000
C17     CG2R63  O18     OG2D4   2        0.49000 -  -0.49000
C20     CG2R61  C19     CG2R67  2        0.00000 -   0.00000
C26     CG2R61  C19     CG2R67  1        0.00000 -   0.00000
C20     CG2R61  C21     CG2R66  1        0.00000 -   0.00000
C20     CG2R61  H39     HGR62   1         -0.220 -     0.220
C21     CG2R66  F22     FGR1    1        0.19000 -  -0.19000
C23     CG2R61  C21     CG2R66  2        0.00000 -   0.00000
C23     CG2R61  C24     CG2R66  1        0.00000 -   0.00000
C23     CG2R61  H40     HGR62   1         -0.190 -     0.190
C24     CG2R66  F25     FGR1    1        0.19000 -  -0.19000
C26     CG2R61  C24     CG2R66  2        0.00000 -   0.00000
C26     CG2R61  H41     HGR62   1         -0.220 -     0.220
C27     CG2R61  H42     HGR61   1       -0.11500 -   0.11500
mol_gmx.pdb Success!
