C      C.4    CG331  !C.4(H.1)(H.1)(H.1)
C2     C.4    CG301  C.4   
C3     C.4    CG331  !C.4(H.1)(H.1)(H.1)
C4     C.4    CG331  !C.4(H.1)(H.1)(H.1)
C5     C.3%6A CG2R61 C.3%6A
C6     C.3%6A CG2R61 C.3%6A
C7     C.3%6A CG2R61 C.3%6A
C8     C.3%6A CG2R61 C.3%6A
N      N.3    NG311  N.3(H.1)
C10    C.3%6A CG2R64 C.3%6(N.2%6)(N)
N11    N.2%6A NG2R60 N.2%6 
C12    C.3%6A CG2R61 C.3%6A
C13    C.3%6A CG2R62 C.3%6(N.3%6)
N14    N.3%6A,5A NG2RC0 N.3%5,6(C.3%6)
C15    C.3%5A CG2R51 C.3%5 
C16    C.3%5A CG2R51 C.3%5 
N17    N.2%5A NG2R50 N.2%5 
C18    C.3%6A,5A CG2RC0 C.3%6,5([^C]%6)([^C]%5)
C19    C.3%6A CG2R67 C.3%6(C.3%6)(C.3%6)(C.3%6)
C20    C.3%6A CG2R61 C.3%6A
C21    C.3%6A CG2R61 C.3%6A
C22    C.3%6A CG2R61 C.3%6A
C23    C.3%6A CG2R61 C.3%6A
N24    N.3    NG2S1  !N.3(H.1)(C.3(!O.1))
C25    C.3    CG2O1  !C.3(O.1)(N.3)
O      O.1    OG2D1  O.1(C.3)
C27    C.3%6A CG2R61 C.3%6A
C28    C.3%6A CG2R61 C.3%6A
C29    C.3%6A CG2R61 C.3%6A
C30    C.3%6A CG2R61 C.3%6A
C31    C.3%6A CG2R61 C.3%6A
C32    C.3%6A CG2R61 C.3%6A
C33    C.3    CG2O3  C.3(O.1)(O.1)
O34    O.1    OG2D2  O.1(!C.3(O.1))
O35    O.1    OG2D2  O.1(!C.3(O.1))
C36    C.3%6A CG2R61 C.3%6A
C37    C.3%6A CG2R61 C.3%6A
C38    C.3%6A CG2R61 C.3%6A
H      H.1    HGA3   H.1(C.4(H.1)(H.1))
H40    H.1    HGA3   H.1(C.4(H.1)(H.1))
H41    H.1    HGA3   H.1(C.4(H.1)(H.1))
H42    H.1    HGA3   H.1(C.4(H.1)(H.1))
H43    H.1    HGA3   H.1(C.4(H.1)(H.1))
H44    H.1    HGA3   H.1(C.4(H.1)(H.1))
H45    H.1    HGA3   H.1(C.4(H.1)(H.1))
H46    H.1    HGA3   H.1(C.4(H.1)(H.1))
H47    H.1    HGA3   H.1(C.4(H.1)(H.1))
H48    H.1    HGR61  H.1(C.3%6)
H49    H.1    HGR61  H.1(C.3%6)
H50    H.1    HGPAM1 H.1(N.3(C.3%6(C.3%6))(C.3%6(C.3%6([^C]%6))))
H51    H.1    HGR62  H.1(C.3%6A([^C]%6A))
H52    H.1    HGR52  H.1(C.3%5([^C]%5))
H53    H.1    HGR52  H.1(C.3%5([^C]%5))
H54    H.1    HGR61  H.1(C.3%6)
H55    H.1    HGR61  H.1(C.3%6)
H56    H.1    HGR61  H.1(C.3%6)
H57    H.1    HGP1   H.1(!N.3)
H58    H.1    HGR61  H.1(C.3%6)
H59    H.1    HGR61  H.1(C.3%6)
H60    H.1    HGR61  H.1(C.3%6)
H61    H.1    HGR61  H.1(C.3%6)
H62    H.1    HGR61  H.1(C.3%6)
H63    H.1    HGR61  H.1(C.3%6)
H64    H.1    HGR61  H.1(C.3%6)
C2      CG301   C       CG331   1        0.00000 -   0.00000
C       CG331   H       HGA3    1       -0.09000 -   0.09000
C       CG331   H40     HGA3    1       -0.09000 -   0.09000
C       CG331   H41     HGA3    1       -0.09000 -   0.09000
C2      CG301   C3      CG331   1        0.00000 -   0.00000
C2      CG301   C4      CG331   1        0.00000 -   0.00000
C5      CG2R61  C2      CG301   1        0.00000 -   0.00000
C3      CG331   H42     HGA3    1       -0.09000 -   0.09000
C3      CG331   H43     HGA3    1       -0.09000 -   0.09000
C3      CG331   H44     HGA3    1       -0.09000 -   0.09000
C4      CG331   H45     HGA3    1       -0.09000 -   0.09000
C4      CG331   H46     HGA3    1       -0.09000 -   0.09000
C4      CG331   H47     HGA3    1       -0.09000 -   0.09000
C5      CG2R61  C6      CG2R61  2        0.00000 -   0.00000
C5      CG2R61  C38     CG2R61  1        0.00000 -   0.00000
C6      CG2R61  C7      CG2R61  1        0.00000 -   0.00000
C6      CG2R61  H48     HGR61   1       -0.11500 -   0.11500
C7      CG2R61  C8      CG2R61  2        0.00000 -   0.00000
C7      CG2R61  H49     HGR61   1       -0.11500 -   0.11500
C8      CG2R61  N       NG311   1        0.04000 -  -0.04000
C8      CG2R61  C37     CG2R61  1        0.00000 -   0.00000
C10     CG2R64  N       NG311   1        0.13500 -  -0.13500
H50     HGPAM1  N       NG311   1        0.36000 -  -0.36000
C10     CG2R64  N11     NG2R60  2        0.30000 -  -0.30000
C10     CG2R64  C18     CG2RC0  1        0.02500 -  -0.02500
C12     CG2R61  N11     NG2R60  1        0.30000 -  -0.30000
C12     CG2R61  C13     CG2R62  2        0.00000 -   0.00000
C12     CG2R61  C19     CG2R67  1        0.00000 -   0.00000
C13     CG2R62  N14     NG2RC0  1        0.29000 -  -0.29000
C13     CG2R62  H51     HGR62   1       -0.17000 -   0.17000
C15     CG2R51  N14     NG2RC0  1        0.04000 -  -0.04000
C18     CG2RC0  N14     NG2RC0  1       -0.05000 -   0.05000
C15     CG2R51  C16     CG2R51  2        0.00000 -   0.00000
C15     CG2R51  H52     HGR52   1         -0.090 -     0.090
C16     CG2R51  N17     NG2R50  1        0.32000 -  -0.32000
C16     CG2R51  H53     HGR52   1       -0.10000 -   0.10000
C18     CG2RC0  N17     NG2R50  2        0.35000 -  -0.35000
C20     CG2R61  C19     CG2R67  1        0.00000 -   0.00000
C36     CG2R61  C19     CG2R67  2        0.00000 -   0.00000
C20     CG2R61  C21     CG2R61  2        0.00000 -   0.00000
C20     CG2R61  H54     HGR61   1       -0.11500 -   0.11500
C21     CG2R61  C22     CG2R61  1        0.00000 -   0.00000
C21     CG2R61  H55     HGR61   1       -0.11500 -   0.11500
C22     CG2R61  C23     CG2R61  2        0.00000 -   0.00000
C22     CG2R61  H56     HGR61   1       -0.11500 -   0.11500
C23     CG2R61  N24     NG2S1   1        0.14000 -  -0.14000
C23     CG2R61  C36     CG2R61  1        0.00000 -   0.00000
C25     CG2O1   N24     NG2S1   1        0.00000 -   0.00000
H57     HGP1    N24     NG2S1   1        0.33000 -  -0.33000
C25     CG2O1   O       OG2D1   2        0.51000 -  -0.51000
C25     CG2O1   C27     CG2R61  1        0.02000 -  -0.02000
C27     CG2R61  C28     CG2R61  2        0.00000 -   0.00000
C27     CG2R61  C32     CG2R61  1        0.00000 -   0.00000
C28     CG2R61  C29     CG2R61  1        0.00000 -   0.00000
C28     CG2R61  H58     HGR61   1       -0.11500 -   0.11500
C29     CG2R61  C30     CG2R61  2        0.00000 -   0.00000
C29     CG2R61  H59     HGR61   1       -0.11500 -   0.11500
C30     CG2R61  C31     CG2R61  1        0.00000 -   0.00000
C33     CG2O3   C30     CG2R61  1        0.10000 -  -0.10000
C31     CG2R61  C32     CG2R61  2        0.00000 -   0.00000
C31     CG2R61  H60     HGR61   1       -0.11500 -   0.11500
C32     CG2R61  H61     HGR61   1       -0.11500 -   0.11500
C33     CG2O3   O34     OG2D2   2        0.26000 -  -0.76000
C33     CG2O3   O35     OG2D2   1        0.26000 -  -0.76000
C36     CG2R61  H62     HGR61   1       -0.11500 -   0.11500
C37     CG2R61  C38     CG2R61  2        0.00000 -   0.00000
C37     CG2R61  H63     HGR61   1       -0.11500 -   0.11500
C38     CG2R61  H64     HGR61   1       -0.11500 -   0.11500
mol_gmx.pdb Success!
