C      C.4%6N CG321  C.4(H.1)(H.1)
C2     C.4%6N CG321  C.4(H.1)(H.1)
C3     C.4%6N CG321  C.4(H.1)(H.1)
C4     C.4%6N,6N CG311  C.4(H.1)
C5     C.4%6N CG311  C.4(H.1)
C6     C.3%6A CG2R61 C.3%6A
C7     C.3%6A CG2R61 C.3%6A
C8     C.3%6A CG2R61 C.3%6A
C9     C.3%6A CG2R61 C.3%6A
C10    C.3%6A CG2R61 C.3%6A
C11    C.3%6A CG2R61 C.3%6A
N      N.3%6N NG311  N.3(H.1)
C13    C.3%6N,6A CG2DC? C.3%*N(=C.3)(C.3(=C.3))
C14    C.3%6A CG2R61 C.3%6A
C15    C.3%6A CG2R61 C.3%6A
C16    C.3%6A CG2R61 C.3%6A
C17    C.4    CG331  !C.4(H.1)(H.1)(H.1)
C18    C.3%6A CG2R61 C.3%6A
C19    C.3%6N,6A CG2DC? C.3%*N(=C.3)(C.3(=C.3))
C20    C.4%6N,6N CG311  C.4(H.1)
O      O.2%6N OG3C61 O.2%6N
H      H.1    HGA2   H.1(C.4(H.1))
H23    H.1    HGA2   H.1(C.4(H.1))
H24    H.1    HGA2   H.1(C.4(H.1))
H25    H.1    HGA2   H.1(C.4(H.1))
H26    H.1    HGA2   H.1(C.4(H.1))
H27    H.1    HGA1   H.1(C.4)
H28    H.1    HGA1   H.1(C.4)
H29    H.1    HGR61  H.1(C.3%6)
H30    H.1    HGR61  H.1(C.3%6)
H31    H.1    HGR61  H.1(C.3%6)
H32    H.1    HGR61  H.1(C.3%6)
H33    H.1    HGR61  H.1(C.3%6)
H34    H.1    HGPAM1 H.1(N.3(C.3%6(C.3%6(C.4%6))))
H35    H.1    HGR62  H.1(C.3%6(C.3%6(N.3%6)))
H36    H.1    HGR61  H.1(C.3%6)
H37    H.1    HGA3   H.1(C.4(H.1)(H.1))
H38    H.1    HGR61  H.1(C.3%6)
H39    H.1    HGA1   H.1(C.4)
H40    H.1    HGA3   H.1(C.4(H.1)(H.1))
H41    H.1    HGA3   H.1(C.4(H.1)(H.1))
H42    H.1    HGA2   H.1(C.4(H.1))
C       CG321   C2      CG321   1        0.00000 -   0.00000
C       CG321   O       OG3C61  1        0.20000 -  -0.20000
C       CG321   H       HGA2    1       -0.09000 -   0.09000
C       CG321   H42     HGA2    1       -0.09000 -   0.09000
C2      CG321   C3      CG321   1        0.00000 -   0.00000
C2      CG321   H23     HGA2    1       -0.09000 -   0.09000
C2      CG321   H24     HGA2    1       -0.09000 -   0.09000
C4      CG311   C3      CG321   1        0.00000 -   0.00000
C3      CG321   H25     HGA2    1       -0.09000 -   0.09000
C3      CG321   H26     HGA2    1       -0.09000 -   0.09000
C4      CG311   C5      CG311   1        0.00000 -   0.00000
C4      CG311   C20     CG311   1        0.00000 -   0.00000
C4      CG311   H27     HGA1    1       -0.09000 -   0.09000
C6      CG2R61  C5      CG311   1        0.00000 -   0.00000
C5      CG311   N       NG311   1        0.24000 -  -0.24000
C5      CG311   H28     HGA1    1       -0.09000 -   0.09000
C6      CG2R61  C7      CG2R61  2        0.00000 -   0.00000
C6      CG2R61  C11     CG2R61  1        0.00000 -   0.00000
C7      CG2R61  C8      CG2R61  1        0.00000 -   0.00000
C7      CG2R61  H29     HGR61   1       -0.11500 -   0.11500
C8      CG2R61  C9      CG2R61  2        0.00000 -   0.00000
C8      CG2R61  H30     HGR61   1       -0.11500 -   0.11500
C9      CG2R61  C10     CG2R61  1        0.00000 -   0.00000
C9      CG2R61  H31     HGR61   1       -0.11500 -   0.11500
C10     CG2R61  C11     CG2R61  2        0.00000 -   0.00000
C10     CG2R61  H32     HGR61   1       -0.11500 -   0.11500
C11     CG2R61  H33     HGR61   1       -0.11500 -   0.11500
C13     CG2DC2  N       NG311   1        0.13500 -  -0.13500
H34     HGPAM1  N       NG311   1        0.42000 -  -0.42000
C13     CG2DC2  C14     CG2R61  1        0.00000 -   0.00000
C13     CG2DC2  C19     CG2DC2  2        0.00000 -   0.00000
C14     CG2R61  C15     CG2R61  2        0.00000 -   0.00000
C14     CG2R61  H35     HGR62   1       -0.12000 -   0.12000
C15     CG2R61  C16     CG2R61  1        0.00000 -   0.00000
C15     CG2R61  H36     HGR61   1       -0.11500 -   0.11500
C16     CG2R61  C17     CG331   1        0.00000 -   0.00000
C16     CG2R61  C18     CG2R61  2        0.00000 -   0.00000
C17     CG331   H37     HGA3    1       -0.09000 -   0.09000
C17     CG331   H40     HGA3    1       -0.09000 -   0.09000
C17     CG331   H41     HGA3    1       -0.09000 -   0.09000
C19     CG2DC2  C18     CG2R61  1        0.00000 -   0.00000
C18     CG2R61  H38     HGR61   1       -0.11500 -   0.11500
C19     CG2DC2  C20     CG311   1        0.16500 -  -0.16500
C20     CG311   O       OG3C61  1        0.17000 -  -0.17000
C20     CG311   H39     HGA1    1       -0.09000 -   0.09000
mol.mol2 Success!
