O      O.2    OG311  !O.2(!H.1)
C      C.4    CG321  C.4(H.1)(H.1)
C3     C.4    CG324  C.4(H.1)(H.1)(N+)
N      N.4    NG3P2  N.4(H.1)(H.1)
C5     C.4    CG324  C.4(H.1)(H.1)(N+)
C6     C.4%6N CG311  C.4(H.1)
C7     C.4%6N CG321  C.4(H.1)(H.1)
C8     C.4%6N CG321  C.4(H.1)(H.1)
C9     C.4%6N,6N CG311  C.4(H.1)
C10    C.4%6N CG311  C.4(H.1)
C11    C.3%6A CG2R61 C.3%6A
C12    C.3%6A CG2R61 C.3%6A
C13    C.3%6A CG2R61 C.3%6A
C14    C.3%6A CG2R61 C.3%6A
C15    C.3%6A CG2R61 C.3%6A
C16    C.3%6A CG2R61 C.3%6A
N17    N.3%6N NG311  N.3(H.1)
C18    C.3%6N,6A CG2DC? C.3%*N(=C.3)(C.3(=C.3))
C19    C.3%6A CG2R66 C.3%6(F.1)
F      F.1    FGR1   F.1(C.3%)
C21    C.3%6A CG2R61 C.3%6A
C22    C.3%6A CG2R61 C.3%6A
CL     CL.1   CLGR1  CL.1(C%6)
C24    C.3%6A CG2R61 C.3%6A
C25    C.3%6N,6A CG2DC? C.3%*N(=C.3)(C.3(=C.3))
C26    C.4%6N,6N CG311  C.4(H.1)
O27    O.2%6N OG3C61 O.2%6N
H      H.1    HGP1   H(O.2)
H29    H.1    HGA2   H.1(C.4(H.1))
H30    H.1    HGA2   H.1(C.4(H.1))
H31    H.1    HGA2   H.1(C.4(H.1))
H32    H.1    HGA2   H.1(C.4(H.1))
H33    H.1    HGP2   H.1(N.4)
H34    H.1    HGA2   H.1(C.4(H.1))
H35    H.1    HGA2   H.1(C.4(H.1))
H36    H.1    HGA1   H.1(C.4)
H37    H.1    HGA2   H.1(C.4(H.1))
H38    H.1    HGA2   H.1(C.4(H.1))
H39    H.1    HGA2   H.1(C.4(H.1))
H40    H.1    HGA2   H.1(C.4(H.1))
H41    H.1    HGA1   H.1(C.4)
H42    H.1    HGA1   H.1(C.4)
H43    H.1    HGR61  H.1(C.3%6)
H44    H.1    HGR61  H.1(C.3%6)
H45    H.1    HGR61  H.1(C.3%6)
H46    H.1    HGR61  H.1(C.3%6)
H47    H.1    HGR61  H.1(C.3%6)
H48    H.1    HGPAM1 H.1(N.3(C.3%6(C.3%6(C.4%6))))
H49    H.1    HGR62  H.1(C.3%6(C.3%6(F|CL|BR|I.1)))
H50    H.1    HGR62  H.1(C.3%6(C.3%6(F|CL|BR|I.1)))
H51    H.1    HGA1   H.1(C.4)
H52    H.1    HGP2   H.1(N.4)
C21     CG2R61  H49     HGR62   1         -0.150 -     0.150
C22     CG2R61  CL      CLGR1   1        0.13000 -  -0.13000
C21     CG2R61  C22     CG2R61  1        0.00000 -   0.00000
C21     CG2R61  C19     CG2R66  2        0.00000 -   0.00000
C19     CG2R66  F       FGR1    1        0.21000 -  -0.21000
C22     CG2R61  C24     CG2R61  2        0.00000 -   0.00000
C13     CG2R61  H44     HGR61   1       -0.11500 -   0.11500
C18     CG2DC2  C19     CG2R66  1       -0.04000 -   0.04000
C12     CG2R61  H43     HGR61   1       -0.11500 -   0.11500
C24     CG2R61  H50     HGR62   1         -0.150 -     0.150
C25     CG2DC2  C24     CG2R61  1        0.00000 -   0.00000
C18     CG2DC2  C25     CG2DC2  2        0.00000 -   0.00000
C18     CG2DC2  N17     NG311   1        0.13500 -  -0.13500
C13     CG2R61  C12     CG2R61  1        0.00000 -   0.00000
C13     CG2R61  C14     CG2R61  2        0.00000 -   0.00000
C9      CG311   H41     HGA1    1       -0.09000 -   0.09000
C12     CG2R61  C11     CG2R61  2        0.00000 -   0.00000
C25     CG2DC2  C26     CG311   1        0.16500 -  -0.16500
H48     HGPAM1  N17     NG311   1        0.42000 -  -0.42000
C10     CG311   N17     NG311   1        0.24000 -  -0.24000
C26     CG311   H51     HGA1    1       -0.09000 -   0.09000
C14     CG2R61  H45     HGR61   1       -0.11500 -   0.11500
C14     CG2R61  C15     CG2R61  1        0.00000 -   0.00000
C9      CG311   C26     CG311   1        0.00000 -   0.00000
C9      CG311   C10     CG311   1        0.00000 -   0.00000
C9      CG311   C8      CG321   1        0.00000 -   0.00000
C26     CG311   O27     OG3C61  1        0.17000 -  -0.17000
C11     CG2R61  C10     CG311   1        0.00000 -   0.00000
C11     CG2R61  C16     CG2R61  1        0.00000 -   0.00000
C10     CG311   H42     HGA1    1       -0.09000 -   0.09000
C8      CG321   H39     HGA2    1       -0.09000 -   0.09000
C8      CG321   H40     HGA2    1       -0.09000 -   0.09000
C8      CG321   C7      CG321   1        0.00000 -   0.00000
C15     CG2R61  C16     CG2R61  2        0.00000 -   0.00000
C15     CG2R61  H46     HGR61   1       -0.11500 -   0.11500
C16     CG2R61  H47     HGR61   1       -0.11500 -   0.11500
C6      CG311   O27     OG3C61  1        0.17000 -  -0.17000
C6      CG311   H36     HGA1    1       -0.09000 -   0.09000
C6      CG311   C7      CG321   1        0.00000 -   0.00000
C6      CG311   C5      CG324   1        0.00000 -   0.00000
C7      CG321   H38     HGA2    1       -0.09000 -   0.09000
C7      CG321   H37     HGA2    1       -0.09000 -   0.09000
C5      CG324   H34     HGA2    1       -0.09000 -   0.09000
C5      CG324   H35     HGA2    1       -0.09000 -   0.09000
C5      CG324   N       NG3P2   1        0.38000 -  -0.13000
H33     HGP2    N       NG3P2   1        0.32000 -  -0.07000
H52     HGP2    N       NG3P2   1        0.32000 -  -0.07000
C3      CG324   N       NG3P2   1        0.38000 -  -0.13000
C3      CG324   H32     HGA2    1       -0.09000 -   0.09000
C3      CG324   H31     HGA2    1       -0.09000 -   0.09000
C       CG321   C3      CG324   1        0.00000 -   0.00000
C       CG321   H29     HGA2    1       -0.09000 -   0.09000
C       CG321   O       OG311   1        0.23000 -  -0.23000
C       CG321   H30     HGA2    1       -0.09000 -   0.09000
H       HGP1    O       OG311   1        0.42000 -  -0.42000
mol_clean Success!
