C      C.4    CG331  !C.4(H.1)(H.1)(H.1)
O      O.2    OG302  !O.2(!C.3(!O.1))(C.4)
C3     C.3    CG2O2  C.3(O.2)(O.1)
O4     O.1    OG2D1  O.1(C.3)
C5     C.3%6A CG2R61 C.3%6A
C6     C.3%6A CG2R61 C.3%6A
C7     C.3%6A CG2R61 C.3%6A
C8     C.3%6A CG2R61 C.3%6A
N      N.3    NG2S1  !N.3(H.1)(C.3(!O.1))
C10    C.3    CG2O1  !C.3(O.1)(N.3)
O11    O.1    OG2D1  O.1(C.3)
C12    C.3%6A CG2R61 C.3%6A
C13    C.3%6A CG2R61 C.3%6A
C14    C.3%6A CG2R61 C.3%6A
C15    C.3%6A CG2R61 C.3%6A
C16    C.3%6A CG2R67 C.3%6(C.3%6)(C.3%6)(C.3%6)
C17    C.3%6A CG2R61 C.3%6A
C18    C.3%6A CG2R61 C.3%6A
C19    C.3%6A CG2R62 C.3%6(N.3%6)
N20    N.3%6A,5A NG2RC0 N.3%5,6(C.3%6)
C21    C.3%5A CG2R51 C.3%5 
C22    C.3%5A CG2R51 C.3%5 
N23    N.2%5A NG2R50 N.2%5 
C24    C.3%6A,5A CG2RC0 C.3%6,5([^C]%6)([^C]%5)
C25    C.3%6A CG2R64 C.3%6(N.2%6)(N)
N26    N.3    NG311  N.3(H.1)
C27    C.3%6A CG2R61 C.3%6A
C28    C.3%6A CG2R61 C.3%6A
C29    C.3%6A CG2R61 C.3%6A
C30    C.3%6A CG2R61 C.3%6A
O31    O.2    OG301  O.2   
C32    C.4    CG331  !C.4(H.1)(H.1)(H.1)
C33    C.3%6A CG2R61 C.3%6A
O34    O.2    OG301  O.2   
C35    C.4    CG331  !C.4(H.1)(H.1)(H.1)
C36    C.3%6A CG2R61 C.3%6A
N37    N.2%6A NG2R60 N.2%6 
C38    C.3%6A CG2R61 C.3%6A
C39    C.3%6A CG2R61 C.3%6A
H      H.1    HGA3   H.1(C.4(H.1)(H.1))
H41    H.1    HGA3   H.1(C.4(H.1)(H.1))
H42    H.1    HGA3   H.1(C.4(H.1)(H.1))
H43    H.1    HGR61  H.1(C.3%6)
H44    H.1    HGR61  H.1(C.3%6)
H45    H.1    HGP1   H.1(!N.3)
H46    H.1    HGR61  H.1(C.3%6)
H47    H.1    HGR61  H.1(C.3%6)
H48    H.1    HGR61  H.1(C.3%6)
H49    H.1    HGR61  H.1(C.3%6)
H50    H.1    HGR62  H.1(C.3%6A([^C]%6A))
H51    H.1    HGR52  H.1(C.3%5([^C]%5))
H52    H.1    HGR52  H.1(C.3%5([^C]%5))
H53    H.1    HGPAM1 H.1(N.3(C.3%6(C.3%6))(C.3%6(C.3%6([^C]%6))))
H54    H.1    HGR61  H.1(C.3%6)
H55    H.1    HGR61  H.1(C.3%6)
H56    H.1    HGA3   H.1(C.4(H.1)(H.1))
H57    H.1    HGA3   H.1(C.4(H.1)(H.1))
H58    H.1    HGA3   H.1(C.4(H.1)(H.1))
H59    H.1    HGA3   H.1(C.4(H.1)(H.1))
H60    H.1    HGA3   H.1(C.4(H.1)(H.1))
H61    H.1    HGA3   H.1(C.4(H.1)(H.1))
H62    H.1    HGR61  H.1(C.3%6)
H63    H.1    HGR61  H.1(C.3%6)
H64    H.1    HGR61  H.1(C.3%6)
C       CG331   O       OG302   1        0.26000 -  -0.26000
C       CG331   H       HGA3    1       -0.09000 -   0.09000
C       CG331   H41     HGA3    1       -0.09000 -   0.09000
C       CG331   H42     HGA3    1       -0.09000 -   0.09000
C3      CG2O2   O       OG302   1        0.23000 -  -0.23000
C3      CG2O2   O4      OG2D1   2        0.63000 -  -0.63000
C3      CG2O2   C5      CG2R61  1       -0.09000 -   0.09000
C5      CG2R61  C6      CG2R61  2        0.00000 -   0.00000
C5      CG2R61  C39     CG2R61  1        0.00000 -   0.00000
C6      CG2R61  C7      CG2R61  1        0.00000 -   0.00000
C6      CG2R61  H43     HGR61   1       -0.11500 -   0.11500
C7      CG2R61  C8      CG2R61  2        0.00000 -   0.00000
C7      CG2R61  H44     HGR61   1       -0.11500 -   0.11500
C8      CG2R61  N       NG2S1   1        0.14000 -  -0.14000
C8      CG2R61  C38     CG2R61  1        0.00000 -   0.00000
C10     CG2O1   N       NG2S1   1        0.00000 -   0.00000
H45     HGP1    N       NG2S1   1        0.33000 -  -0.33000
C10     CG2O1   O11     OG2D1   2        0.51000 -  -0.51000
C10     CG2O1   C12     CG2R61  1        0.02000 -  -0.02000
C12     CG2R61  C13     CG2R61  2        0.00000 -   0.00000
C12     CG2R61  C17     CG2R61  1        0.00000 -   0.00000
C13     CG2R61  C14     CG2R61  1        0.00000 -   0.00000
C13     CG2R61  H46     HGR61   1       -0.11500 -   0.11500
C14     CG2R61  C15     CG2R61  2        0.00000 -   0.00000
C14     CG2R61  H47     HGR61   1       -0.11500 -   0.11500
C15     CG2R61  C16     CG2R67  1        0.00000 -   0.00000
C15     CG2R61  H48     HGR61   1       -0.11500 -   0.11500
C17     CG2R61  C16     CG2R67  2        0.00000 -   0.00000
C18     CG2R61  C16     CG2R67  1        0.00000 -   0.00000
C17     CG2R61  H49     HGR61   1       -0.11500 -   0.11500
C18     CG2R61  C19     CG2R62  2        0.00000 -   0.00000
C18     CG2R61  N37     NG2R60  1        0.30000 -  -0.30000
C19     CG2R62  N20     NG2RC0  1        0.29000 -  -0.29000
C19     CG2R62  H50     HGR62   1       -0.17000 -   0.17000
C21     CG2R51  N20     NG2RC0  1        0.04000 -  -0.04000
C24     CG2RC0  N20     NG2RC0  1       -0.05000 -   0.05000
C21     CG2R51  C22     CG2R51  2        0.00000 -   0.00000
C21     CG2R51  H51     HGR52   1         -0.090 -     0.090
C22     CG2R51  N23     NG2R50  1        0.32000 -  -0.32000
C22     CG2R51  H52     HGR52   1       -0.10000 -   0.10000
C24     CG2RC0  N23     NG2R50  2        0.35000 -  -0.35000
C25     CG2R64  C24     CG2RC0  1        0.02500 -  -0.02500
C25     CG2R64  N26     NG311   1        0.13500 -  -0.13500
C25     CG2R64  N37     NG2R60  2        0.30000 -  -0.30000
C27     CG2R61  N26     NG311   1        0.04000 -  -0.04000
H53     HGPAM1  N26     NG311   1        0.36000 -  -0.36000
C27     CG2R61  C28     CG2R61  2        0.00000 -   0.00000
C27     CG2R61  C36     CG2R61  1        0.00000 -   0.00000
C28     CG2R61  C29     CG2R61  1        0.00000 -   0.00000
C28     CG2R61  H54     HGR61   1       -0.11500 -   0.11500
C29     CG2R61  C30     CG2R61  2        0.00000 -   0.00000
C29     CG2R61  H55     HGR61   1       -0.11500 -   0.11500
C30     CG2R61  O31     OG301   1        0.21500 -  -0.21500
C30     CG2R61  C33     CG2R61  1        0.00000 -   0.00000
C32     CG331   O31     OG301   1        0.17000 -  -0.17000
C32     CG331   H56     HGA3    1       -0.09000 -   0.09000
C32     CG331   H57     HGA3    1       -0.09000 -   0.09000
C32     CG331   H58     HGA3    1       -0.09000 -   0.09000
C33     CG2R61  O34     OG301   1        0.21500 -  -0.21500
C33     CG2R61  C36     CG2R61  2        0.00000 -   0.00000
C35     CG331   O34     OG301   1        0.17000 -  -0.17000
C35     CG331   H59     HGA3    1       -0.09000 -   0.09000
C35     CG331   H60     HGA3    1       -0.09000 -   0.09000
C35     CG331   H61     HGA3    1       -0.09000 -   0.09000
C36     CG2R61  H62     HGR61   1       -0.11500 -   0.11500
C38     CG2R61  C39     CG2R61  2        0.00000 -   0.00000
C38     CG2R61  H63     HGR61   1       -0.11500 -   0.11500
C39     CG2R61  H64     HGR61   1       -0.11500 -   0.11500
mol.mol2 Success!
