N      N.3    NG311  N.3(H.1)
C      C.3%6A CG2R61 C.3%6A
C3     C.3%6A CG2R61 C.3%6A
C4     C.3%6A CG2R67 C.3%6(C.3%6)(C.3%6)(C.3%6)
C5     C.3%6A,6A CG2R61 C.3%6A
C6     C.3%6A,6A CG2R61 C.3%6A
C7     C.3%6A CG2R61 C.3%6A
C8     C.3%6A CG2R67 C.3%6(C.3%6)(C.3%6)(C.3%6)
C9     C.3%6A CG2R61 C.3%6A
C10    C.3%6A CG2R61 C.3%6A
C11    C.3%6A,5A CG2RC0 C.3%6,5(C.3%6,5)(C.3%6)
C12    C.3%6A,5A CG2RC0 C.3%6,5(C.3%6,5)(C.3%6)
C13    C.3%6A CG2R61 C.3%6A
C14    C.3%5A CG2R51 C.3%5(H.1)(C.3%5(C.3%5))(C.3%5)
C15    C.3%5A CG2R51 C.3%5 
N16    N.3%5A NG2R51 N.3%5A(C.3%5)
C17    C.4    CG331  !C.4(H.1)(H.1)(H.1)
N18    N.2%6A NG2R60 N.2%6 
C19    C.3%6A CG2R61 C.3%6A
C20    C.3%6A CG2R61 C.3%6A
N21    N.2%6A NG2R60 N.2%6 
C22    C.3%6A CG2R61 C.3%6A
C23    C.3%6A CG2R61 C.3%6A
C24    C.3%6A CG2R61 C.3%6A
C25    C.3%6A CG2R61 C.3%6A
C26    C.3%6A CG2R61 C.3%6A
C27    C.3%6A CG2R61 C.3%6A
S      S.4    SG3O2  S.4(O.1)(O.1)
C29    C.4    CG331  !C.4(H.1)(H.1)(H.1)
O      O.1    OG2P1  O.1(!S)
O31    O.1    OG2P1  O.1(!S)
H      H.1    HGP1   H.1(!N.3)
H33    H.1    HGR61  H.1(C.3%6)
H34    H.1    HGR61  H.1(C.3%6)
H35    H.1    HGR61  H.1(C.3%6)
H36    H.1    HGR61  H.1(C.3%6)
H37    H.1    HGR61  H.1(C.3%6)
H38    H.1    HGR51  H.1(C.3%5)
H39    H.1    HGR52  H.1(C.3%5([^C]%5))
H40    H.1    HGA3   H.1(C.4(H.1)(H.1))
H41    H.1    HGA3   H.1(C.4(H.1)(H.1))
H42    H.1    HGA3   H.1(C.4(H.1)(H.1))
H43    H.1    HGR62  H.1(C.3%6A([^C]%6A))
H44    H.1    HGR62  H.1(C.3%6A([^C]%6A))
H45    H.1    HGR61  H.1(C.3%6)
H46    H.1    HGR61  H.1(C.3%6)
H47    H.1    HGR61  H.1(C.3%6)
H48    H.1    HGR61  H.1(C.3%6)
H49    H.1    HGA3   H.1(C.4(H.1)(H.1))
H50    H.1    HGA3   H.1(C.4(H.1)(H.1))
H51    H.1    HGA3   H.1(C.4(H.1)(H.1))
C       CG2R61  N       NG311   1        0.04000 -  -0.04000
C22     CG2R61  N       NG311   1        0.04000 -  -0.04000
H       HGP1    N       NG311   1        0.35000 -  -0.35000
C       CG2R61  C3      CG2R61  1        0.00000 -   0.00000
C       CG2R61  C7      CG2R61  2        0.00000 -   0.00000
C3      CG2R61  C4      CG2R67  2        0.00000 -   0.00000
C3      CG2R61  H33     HGR61   1       -0.11500 -   0.11500
C5      CG2R61  C4      CG2R67  1        0.00000 -   0.00000
C4      CG2R67  C8      CG2R67  1        0.00000 -   0.00000
C5      CG2R61  C6      CG2R61  1        0.00000 -   0.00000
C5      CG2R61  N21     NG2R60  2        0.29000 -  -0.29000
C6      CG2R61  C7      CG2R61  1        0.00000 -   0.00000
C6      CG2R61  N18     NG2R60  2        0.29000 -  -0.29000
C7      CG2R61  H34     HGR61   1       -0.11500 -   0.11500
C9      CG2R61  C8      CG2R67  2        0.00000 -   0.00000
C13     CG2R61  C8      CG2R67  1        0.00000 -   0.00000
C9      CG2R61  C10     CG2R61  1        0.00000 -   0.00000
C9      CG2R61  H35     HGR61   1       -0.11500 -   0.11500
C10     CG2R61  C11     CG2RC0  2        0.00000 -   0.00000
C10     CG2R61  H36     HGR61   1       -0.11500 -   0.11500
C11     CG2RC0  C12     CG2RC0  1        0.00000 -   0.00000
C14     CG2R51  C11     CG2RC0  1       -0.03000 -   0.03000
C13     CG2R61  C12     CG2RC0  2        0.00000 -   0.00000
C12     CG2RC0  N16     NG2R51  1        0.15000 -  -0.15000
C13     CG2R61  H37     HGR61   1       -0.11500 -   0.11500
C14     CG2R51  C15     CG2R51  2       -0.10000 -   0.10000
C14     CG2R51  H38     HGR51   1       -0.15000 -   0.15000
C15     CG2R51  N16     NG2R51  1        0.00000 -  -0.00000
C15     CG2R51  H39     HGR52   1         -0.140 -     0.140
C17     CG331   N16     NG2R51  1        0.00000 -   0.00000
C17     CG331   H40     HGA3    1       -0.09000 -   0.09000
C17     CG331   H41     HGA3    1       -0.09000 -   0.09000
C17     CG331   H42     HGA3    1       -0.09000 -   0.09000
C19     CG2R61  N18     NG2R60  1        0.29000 -  -0.29000
C19     CG2R61  C20     CG2R61  2        0.00000 -   0.00000
C19     CG2R61  H43     HGR62   1         -0.160 -     0.160
C20     CG2R61  N21     NG2R60  1        0.29000 -  -0.29000
C20     CG2R61  H44     HGR62   1         -0.160 -     0.160
C22     CG2R61  C23     CG2R61  2        0.00000 -   0.00000
C22     CG2R61  C27     CG2R61  1        0.00000 -   0.00000
C23     CG2R61  C24     CG2R61  1        0.00000 -   0.00000
C23     CG2R61  S       SG3O2   1        0.24000 -  -0.24000
C24     CG2R61  C25     CG2R61  2        0.00000 -   0.00000
C24     CG2R61  H45     HGR61   1       -0.11500 -   0.11500
C25     CG2R61  C26     CG2R61  1        0.00000 -   0.00000
C25     CG2R61  H46     HGR61   1       -0.11500 -   0.11500
C26     CG2R61  C27     CG2R61  2        0.00000 -   0.00000
C26     CG2R61  H47     HGR61   1       -0.11500 -   0.11500
C27     CG2R61  H48     HGR61   1       -0.11500 -   0.11500
C29     CG331   S       SG3O2   1        0.29000 -  -0.29000
O       OG2P1   S       SG3O2   2       -0.36000 -   0.36000
O31     OG2P1   S       SG3O2   2       -0.36000 -   0.36000
C29     CG331   H49     HGA3    1       -0.09000 -   0.09000
C29     CG331   H50     HGA3    1       -0.09000 -   0.09000
C29     CG331   H51     HGA3    1       -0.09000 -   0.09000
mol_gmx.pdb Success!
