C      C.4    CG334  !C.4(H.1)(H.1)(H.1)(N+)
N      N.4    NG3P2  N.4(H.1)(H.1)
C3     C.4    CG324  C.4(H.1)(H.1)(N+)
C4     C.4%6N CG311  C.4(H.1)
C5     C.4%6N CG321  C.4(H.1)(H.1)
C6     C.4%6N CG321  C.4(H.1)(H.1)
C7     C.4%6N,6N CG311  C.4(H.1)
C8     C.4%6N CG311  C.4(H.1)
C9     C.3%6A CG2R61 C.3%6A
C10    C.3%6A CG2R61 C.3%6A
C11    C.3%6A CG2R61 C.3%6A
C12    C.3%6A CG2R66 C.3%6(F.1)
F      F.1    FGR1   F.1(C.3%)
C14    C.3%6A CG2R61 C.3%6A
C15    C.3%6A CG2R61 C.3%6A
N16    N.3%6N NG311  N.3(H.1)
C17    C.3%6N,6A CG2DC? C.3%*N(=C.3)(C.3(=C.3))
C18    C.3%6A CG2R61 C.3%6A
C19    C.3%6A CG2R61 C.3%6A
C20    C.3%6A CG2R61 C.3%6A
C21    C.4    CG302  C.4(F.1)(F.1)(F.1)
F22    F.1    FGA3   F.1(!C.4(F.1)(F.1))
F23    F.1    FGA3   F.1(!C.4(F.1)(F.1))
F24    F.1    FGA3   F.1(!C.4(F.1)(F.1))
C25    C.3%6A CG2R61 C.3%6A
C26    C.3%6N,6A CG2DC? C.3%*N(=C.3)(C.3(=C.3))
C27    C.4%6N,6N CG311  C.4(H.1)
O      O.2%6N OG3C61 O.2%6N
H      H.1    HGA3   H.1(C.4(H.1)(H.1))
H30    H.1    HGA3   H.1(C.4(H.1)(H.1))
H31    H.1    HGA3   H.1(C.4(H.1)(H.1))
H32    H.1    HGP2   H.1(N.4)
H33    H.1    HGA2   H.1(C.4(H.1))
H34    H.1    HGA2   H.1(C.4(H.1))
H35    H.1    HGA1   H.1(C.4)
H36    H.1    HGA2   H.1(C.4(H.1))
H37    H.1    HGA2   H.1(C.4(H.1))
H38    H.1    HGA2   H.1(C.4(H.1))
H39    H.1    HGA2   H.1(C.4(H.1))
H40    H.1    HGA1   H.1(C.4)
H41    H.1    HGA1   H.1(C.4)
H42    H.1    HGR61  H.1(C.3%6)
H43    H.1    HGR62  H.1(C.3%6(C.3%6(F|CL|BR|I.1)))
H44    H.1    HGR62  H.1(C.3%6(C.3%6(F|CL|BR|I.1)))
H45    H.1    HGR61  H.1(C.3%6)
H46    H.1    HGPAM1 H.1(N.3(C.3%6(C.3%6(C.4%6))))
H47    H.1    HGR62  H.1(C.3%6(C.3%6(N.3%6)))
H48    H.1    HGR61  H.1(C.3%6)
H49    H.1    HGR61  H.1(C.3%6)
H50    H.1    HGA1   H.1(C.4)
H51    H.1    HGP2   H.1(N.4)
C       CG334   N       NG3P2   1        0.31000 -  -0.06000
C       CG334   H       HGA3    1       -0.09000 -   0.09000
C       CG334   H30     HGA3    1       -0.09000 -   0.09000
C       CG334   H31     HGA3    1       -0.09000 -   0.09000
C3      CG324   N       NG3P2   1        0.38000 -  -0.13000
H32     HGP2    N       NG3P2   1        0.32000 -  -0.07000
H51     HGP2    N       NG3P2   1        0.32000 -  -0.07000
C4      CG311   C3      CG324   1        0.00000 -   0.00000
C3      CG324   H33     HGA2    1       -0.09000 -   0.09000
C3      CG324   H34     HGA2    1       -0.09000 -   0.09000
C4      CG311   C5      CG321   1        0.00000 -   0.00000
C4      CG311   O       OG3C61  1        0.17000 -  -0.17000
C4      CG311   H35     HGA1    1       -0.09000 -   0.09000
C5      CG321   C6      CG321   1        0.00000 -   0.00000
C5      CG321   H36     HGA2    1       -0.09000 -   0.09000
C5      CG321   H37     HGA2    1       -0.09000 -   0.09000
C7      CG311   C6      CG321   1        0.00000 -   0.00000
C6      CG321   H38     HGA2    1       -0.09000 -   0.09000
C6      CG321   H39     HGA2    1       -0.09000 -   0.09000
C7      CG311   C8      CG311   1        0.00000 -   0.00000
C7      CG311   C27     CG311   1        0.00000 -   0.00000
C7      CG311   H40     HGA1    1       -0.09000 -   0.09000
C9      CG2R61  C8      CG311   1        0.00000 -   0.00000
C8      CG311   N16     NG311   1        0.24000 -  -0.24000
C8      CG311   H41     HGA1    1       -0.09000 -   0.09000
C9      CG2R61  C10     CG2R61  2        0.00000 -   0.00000
C9      CG2R61  C15     CG2R61  1        0.00000 -   0.00000
C10     CG2R61  C11     CG2R61  1        0.00000 -   0.00000
C10     CG2R61  H42     HGR61   1       -0.11500 -   0.11500
C11     CG2R61  C12     CG2R66  2        0.05000 -  -0.05000
C11     CG2R61  H43     HGR62   1         -0.150 -     0.150
C12     CG2R66  F       FGR1    1        0.21000 -  -0.21000
C14     CG2R61  C12     CG2R66  1        0.05000 -  -0.05000
C14     CG2R61  C15     CG2R61  2        0.00000 -   0.00000
C14     CG2R61  H44     HGR62   1         -0.150 -     0.150
C15     CG2R61  H45     HGR61   1       -0.11500 -   0.11500
C17     CG2DC2  N16     NG311   1        0.13500 -  -0.13500
H46     HGPAM1  N16     NG311   1        0.42000 -  -0.42000
C17     CG2DC2  C18     CG2R61  1        0.00000 -   0.00000
C17     CG2DC2  C26     CG2DC2  2        0.00000 -   0.00000
C18     CG2R61  C19     CG2R61  2        0.00000 -   0.00000
C18     CG2R61  H47     HGR62   1       -0.12000 -   0.12000
C19     CG2R61  C20     CG2R61  1        0.00000 -   0.00000
C19     CG2R61  H48     HGR61   1       -0.11500 -   0.11500
C20     CG2R61  C21     CG302   1        0.00000 -   0.00000
C20     CG2R61  C25     CG2R61  2        0.00000 -   0.00000
C21     CG302   F22     FGA3    1        0.14000 -  -0.14000
C21     CG302   F23     FGA3    1        0.14000 -  -0.14000
C21     CG302   F24     FGA3    1        0.14000 -  -0.14000
C26     CG2DC2  C25     CG2R61  1        0.00000 -   0.00000
C25     CG2R61  H49     HGR61   1       -0.11500 -   0.11500
C26     CG2DC2  C27     CG311   1        0.16500 -  -0.16500
C27     CG311   O       OG3C61  1        0.17000 -  -0.17000
C27     CG311   H50     HGA1    1       -0.09000 -   0.09000
mol.mol2 Success!
