O      O.2    OG311  !O.2(!H.1)
C      C.4%5N CG3C51 C.4%5(H.1)
C3     C.4%5N CG3C52 C.4%5(H.1)(H.1)
C4     C.4%5N CG3C52 C.4%5(H.1)(H.1)
C5     C.3%5N,6A CG2RC0 C.3%6,5(C.3%6,5)(C.3%6)
C6     C.3%5N,6A CG2RC0 C.3%6,5(C.3%6,5)(C.3%6)
C7     C.3%6A CG2R61 C.3%6A
C8     C.3%6A CG2R61 C.3%6A
C9     C.3%6A CG2R61 C.3%6A
C10    C.3%6A CG2R61 C.3%6A
O11    O.2    OG301  O.2   
C12    C.3%6A CG2R61 C.3%6A
C13    C.3%6A CG2R61 C.3%6A
C14    C.3%6A CG2R61 C.3%6A
C15    C.3%6A CG2R61 C.3%6A
C16    C.3%6A CG2R61 C.3%6A
C17    C.2    CG1N1  !C.2(!N.1)
C18    C.3%6A CG2R61 C.3%6A
S      S.4    SG3O2  S.4(O.1)(O.1)
O20    O.1    OG2P1  O.1(!S)
O21    O.1    OG2P1  O.1(!S)
C22    C.4    CG312  C.4(F.1)(F.1)
F      F.1    FGA2   F.1(C.4(F.1))
F24    F.1    FGA2   F.1(C.4(F.1))
N      N.1    NG1T1  !N.1  
H      H.1    HGP1   H(O.2)
H27    H.1    HGA1   H.1(C.4)
H28    H.1    HGA2   H.1(C.4(H.1))
H29    H.1    HGA2   H.1(C.4(H.1))
H30    H.1    HGA2   H.1(C.4(H.1))
H31    H.1    HGA2   H.1(C.4(H.1))
H32    H.1    HGR61  H.1(C.3%6)
H33    H.1    HGR61  H.1(C.3%6)
H34    H.1    HGR61  H.1(C.3%6)
H35    H.1    HGR61  H.1(C.3%6)
H36    H.1    HGR61  H.1(C.3%6)
H37    H.1    HGR61  H.1(C.3%6)
H38    H.1    HGA7   H.1(C.4(F.1)(F.1))
C       CG3C51  O       OG311   1        0.23000 -  -0.23000
H       HGP1    O       OG311   1        0.42000 -  -0.42000
C       CG3C51  C3      CG3C52  1        0.00000 -   0.00000
C6      CG2RC0  C       CG3C51  1        0.00000 -   0.00000
C       CG3C51  H27     HGA1    1       -0.09000 -   0.09000
C3      CG3C52  C4      CG3C52  1        0.00000 -   0.00000
C3      CG3C52  H28     HGA2    1       -0.09000 -   0.09000
C3      CG3C52  H29     HGA2    1       -0.09000 -   0.09000
C5      CG2RC0  C4      CG3C52  1       -0.17000 -   0.17000
C4      CG3C52  H30     HGA2    1       -0.09000 -   0.09000
C4      CG3C52  H31     HGA2    1       -0.09000 -   0.09000
C5      CG2RC0  C6      CG2RC0  1        0.00000 -   0.00000
C10     CG2R61  C5      CG2RC0  2        0.00000 -   0.00000
C7      CG2R61  C6      CG2RC0  2        0.00000 -   0.00000
C7      CG2R61  C8      CG2R61  1        0.00000 -   0.00000
C7      CG2R61  S       SG3O2   1        0.24000 -  -0.24000
C8      CG2R61  C9      CG2R61  2        0.00000 -   0.00000
C8      CG2R61  H32     HGR61   1       -0.11500 -   0.11500
C9      CG2R61  C10     CG2R61  1        0.00000 -   0.00000
C9      CG2R61  H33     HGR61   1       -0.11500 -   0.11500
C10     CG2R61  O11     OG301   1        0.21500 -  -0.21500
C12     CG2R61  O11     OG301   1        0.21500 -  -0.21500
C12     CG2R61  C13     CG2R61  2        0.00000 -   0.00000
C12     CG2R61  C18     CG2R61  1        0.00000 -   0.00000
C13     CG2R61  C14     CG2R61  1        0.00000 -   0.00000
C13     CG2R61  H34     HGR61   1       -0.11500 -   0.11500
C14     CG2R61  C15     CG2R61  2        0.00000 -   0.00000
C14     CG2R61  H35     HGR61   1       -0.11500 -   0.11500
C15     CG2R61  C16     CG2R61  1        0.00000 -   0.00000
C15     CG2R61  H36     HGR61   1       -0.11500 -   0.11500
C17     CG1N1   C16     CG2R61  1       -0.10000 -   0.10000
C16     CG2R61  C18     CG2R61  2        0.00000 -   0.00000
C17     CG1N1   N       NG1T1   3        0.46000 -  -0.46000
C18     CG2R61  H37     HGR61   1       -0.11500 -   0.11500
O20     OG2P1   S       SG3O2   2       -0.42000 -   0.42000
O21     OG2P1   S       SG3O2   2       -0.42000 -   0.42000
C22     CG312   S       SG3O2   1        0.22000 -  -0.22000
C22     CG312   F       FGA2    1        0.17000 -  -0.17000
C22     CG312   F24     FGA2    1        0.17000 -  -0.17000
C22     CG312   H38     HGA7    1       -0.10000 -   0.10000
mol.mol2 Success!
