C      C.4%7N CG321  C.4(H.1)(H.1)
C2     C.4%7N CG321  C.4(H.1)(H.1)
O      O.2%7N OG301  O.2   
C4     C.4%7N CG321  C.4(H.1)(H.1)
C5     C.4%7N CG321  C.4(H.1)(H.1)
N      N.3%7N NG301  N.3   
C7     C.4%7N CG321  C.4(H.1)(H.1)
C8     C.3%6A CG2R61 C.3%6A
C9     C.3%6A CG2R61 C.3%6A
C10    C.3%6A CG2R61 C.3%6A
C11    C.3%6A CG2R61 C.3%6A
N12    N.3    NG311  N.3(H.1)
C13    C.3%6A CG2R64 C.3%6(N.2%6)(N)
N14    N.2%6A NG2R60 N.2%6 
C15    C.3%6A CG2R61 C.3%6A
C16    C.3%6A CG2R62 C.3%6(N.3%6)
N17    N.3%6A,5A NG2RC0 N.3%5,6(C.3%6)
C18    C.3%5A CG2R51 C.3%5 
C19    C.3%5A CG2R51 C.3%5 
N20    N.2%5A NG2R50 N.2%5 
C21    C.3%6A,5A CG2RC0 C.3%6,5([^C]%6)([^C]%5)
C22    C.3%6A CG2R67 C.3%6(C.3%6)(C.3%6)(C.3%6)
C23    C.3%6A CG2R61 C.3%6A
C24    C.3%6A CG2R61 C.3%6A
C25    C.3%6A,5A CG2RC0 C.3%6,5(C.3%6,5)(C.3%6)
C26    C.3%5A CG2R52 C.3%5(=N.2%5)
N27    N.2%5A NG2R50 N.2%5 
N28    N.3%5A NG2R51 N.3%5A(C.3%5)
C29    C.3%6A,5A CG2RC0 C.3%6,5(C.3%6,5)(C.3%6)
C30    C.3%6A CG2R61 C.3%6A
C31    C.3%6A CG2R61 C.3%6A
C32    C.3%6A CG2R61 C.3%6A
H      H.1    HGA2   H.1(C.4(H.1))
H34    H.1    HGA2   H.1(C.4(H.1))
H35    H.1    HGA2   H.1(C.4(H.1))
H36    H.1    HGA2   H.1(C.4(H.1))
H37    H.1    HGA2   H.1(C.4(H.1))
H38    H.1    HGA2   H.1(C.4(H.1))
H39    H.1    HGA2   H.1(C.4(H.1))
H40    H.1    HGA2   H.1(C.4(H.1))
H41    H.1    HGA2   H.1(C.4(H.1))
H42    H.1    HGA2   H.1(C.4(H.1))
H43    H.1    HGR61  H.1(C.3%6)
H44    H.1    HGR61  H.1(C.3%6)
H45    H.1    HGPAM1 H.1(N.3(C.3%6(C.3%6))(C.3%6(C.3%6([^C]%6))))
H46    H.1    HGR62  H.1(C.3%6A([^C]%6A))
H47    H.1    HGR52  H.1(C.3%5([^C]%5))
H48    H.1    HGR52  H.1(C.3%5([^C]%5))
H49    H.1    HGR61  H.1(C.3%6)
H50    H.1    HGR61  H.1(C.3%6)
H51    H.1    HGR52  H.1(C.3%5([^C]%5))
H52    H.1    HGP1   H.1(N.3%5)
H53    H.1    HGR61  H.1(C.3%6)
H54    H.1    HGR61  H.1(C.3%6)
H55    H.1    HGR61  H.1(C.3%6)
C       CG321   C2      CG321   1        0.00000 -   0.00000
C       CG321   C7      CG321   1        0.00000 -   0.00000
C       CG321   H       HGA2    1       -0.09000 -   0.09000
C       CG321   H34     HGA2    1       -0.09000 -   0.09000
C2      CG321   O       OG301   1        0.17000 -  -0.17000
C2      CG321   H35     HGA2    1       -0.09000 -   0.09000
C2      CG321   H36     HGA2    1       -0.09000 -   0.09000
C4      CG321   O       OG301   1        0.17000 -  -0.17000
C4      CG321   C5      CG321   1        0.00000 -   0.00000
C4      CG321   H37     HGA2    1       -0.09000 -   0.09000
C4      CG321   H38     HGA2    1       -0.09000 -   0.09000
C5      CG321   N       NG301   1        0.21000 -  -0.21000
C5      CG321   H39     HGA2    1       -0.09000 -   0.09000
C5      CG321   H40     HGA2    1       -0.09000 -   0.09000
C7      CG321   N       NG301   1        0.21000 -  -0.21000
C8      CG2R61  N       NG301   1        0.04000 -  -0.04000
C7      CG321   H41     HGA2    1       -0.09000 -   0.09000
C7      CG321   H42     HGA2    1       -0.09000 -   0.09000
C8      CG2R61  C9      CG2R61  2        0.00000 -   0.00000
C8      CG2R61  C32     CG2R61  1        0.00000 -   0.00000
C9      CG2R61  C10     CG2R61  1        0.00000 -   0.00000
C9      CG2R61  H43     HGR61   1       -0.11500 -   0.11500
C10     CG2R61  C11     CG2R61  2        0.00000 -   0.00000
C10     CG2R61  H44     HGR61   1       -0.11500 -   0.11500
C11     CG2R61  N12     NG311   1        0.04000 -  -0.04000
C11     CG2R61  C31     CG2R61  1        0.00000 -   0.00000
C13     CG2R64  N12     NG311   1        0.13500 -  -0.13500
H45     HGPAM1  N12     NG311   1        0.36000 -  -0.36000
C13     CG2R64  N14     NG2R60  2        0.30000 -  -0.30000
C13     CG2R64  C21     CG2RC0  1        0.02500 -  -0.02500
C15     CG2R61  N14     NG2R60  1        0.30000 -  -0.30000
C15     CG2R61  C16     CG2R62  2        0.00000 -   0.00000
C15     CG2R61  C22     CG2R67  1        0.00000 -   0.00000
C16     CG2R62  N17     NG2RC0  1        0.29000 -  -0.29000
C16     CG2R62  H46     HGR62   1       -0.17000 -   0.17000
C18     CG2R51  N17     NG2RC0  1        0.04000 -  -0.04000
C21     CG2RC0  N17     NG2RC0  1       -0.05000 -   0.05000
C18     CG2R51  C19     CG2R51  2        0.00000 -   0.00000
C18     CG2R51  H47     HGR52   1         -0.090 -     0.090
C19     CG2R51  N20     NG2R50  1        0.32000 -  -0.32000
C19     CG2R51  H48     HGR52   1       -0.10000 -   0.10000
C21     CG2RC0  N20     NG2R50  2        0.35000 -  -0.35000
C23     CG2R61  C22     CG2R67  2        0.00000 -   0.00000
C30     CG2R61  C22     CG2R67  1        0.00000 -   0.00000
C23     CG2R61  C24     CG2R61  1        0.00000 -   0.00000
C23     CG2R61  H49     HGR61   1       -0.11500 -   0.11500
C24     CG2R61  C25     CG2RC0  2        0.00000 -   0.00000
C24     CG2R61  H50     HGR61   1       -0.11500 -   0.11500
C26     CG2R52  C25     CG2RC0  1        0.02500 -  -0.02500
C25     CG2RC0  C29     CG2RC0  1        0.00000 -   0.00000
C26     CG2R52  N27     NG2R50  2        0.25000 -  -0.25000
C26     CG2R52  H51     HGR52   1         -0.130 -     0.130
N27     NG2R50  N28     NG2R51  1       -0.32000 -   0.32000
C29     CG2RC0  N28     NG2R51  1        0.15000 -  -0.15000
H52     HGP1    N28     NG2R51  1          0.370 -   -0.3700
C30     CG2R61  C29     CG2RC0  2        0.00000 -   0.00000
C30     CG2R61  H53     HGR61   1       -0.11500 -   0.11500
C31     CG2R61  C32     CG2R61  2        0.00000 -   0.00000
C31     CG2R61  H54     HGR61   1       -0.11500 -   0.11500
C32     CG2R61  H55     HGR61   1       -0.11500 -   0.11500
mol_gmx.pdb Success!
