C      C.3%6A CG2R67 C.3%6(C.3%6)(C.3%6)(C.3%6)
C2     C.3%6A CG2R61 C.3%6A
C3     C.3%6A CG2R61 C.3%6A
C4     C.3%6A CG2R61 C.3%6A
C5     C.3%6A,6A CG2R61 C.3%6A
C6     C.3%6A,6A CG2R61 C.3%6A
N      N.2%6A NG2R60 N.2%6 
C8     C.3%6A CG2R61 C.3%6A
C9     C.3%6A CG2R61 C.3%6A
N10    N.2%6A NG2R60 N.2%6 
C11    C.3%6A CG2R67 C.3%6(C.3%6)(C.3%6)(C.3%6)
C12    C.3%6A CG2R61 C.3%6A
C13    C.3%6A CG2R61 C.3%6A
C14    C.3%6A CG2R61 C.3%6A
N15    N.3    NG311  N.3(H.1)
C16    C.3%6A CG2R61 C.3%6A
C17    C.3%6A CG2R61 C.3%6A
N18    N.2%6A NG2R60 N.2%6 
C19    C.3%6A CG2R61 C.3%6A
C20    C.3%6A CG2R61 C.3%6A
C21    C.3%6A CG2R61 C.3%6A
S      S.4    SG3O2  S.4(O.1)(O.1)
O      O.1    OG2P1  O.1(!S)
O24    O.1    OG2P1  O.1(!S)
C25    C.4    CG331  !C.4(H.1)(H.1)(H.1)
C26    C.3%6A CG2R61 C.3%6A
C27    C.3%6A CG2R61 C.3%6A
C28    C.4    CG302  C.4(F.1)(F.1)(F.1)
F      F.1    FGA3   F.1(!C.4(F.1)(F.1))
F30    F.1    FGA3   F.1(!C.4(F.1)(F.1))
F31    F.1    FGA3   F.1(!C.4(F.1)(F.1))
H      H.1    HGR61  H.1(C.3%6)
H33    H.1    HGR61  H.1(C.3%6)
H34    H.1    HGR62  H.1(C.3%6A([^C]%6A))
H35    H.1    HGR62  H.1(C.3%6A([^C]%6A))
H36    H.1    HGR61  H.1(C.3%6)
H37    H.1    HGR61  H.1(C.3%6)
H38    H.1    HGR61  H.1(C.3%6)
H39    H.1    HGP1   H.1(!N.3)
H40    H.1    HGR62  H.1(C.3%6A([^C]%6A))
H41    H.1    HGR62  H.1(C.3%6A([^C]%6A))
H42    H.1    HGR61  H.1(C.3%6)
H43    H.1    HGA3   H.1(C.4(H.1)(H.1))
H44    H.1    HGA3   H.1(C.4(H.1)(H.1))
H45    H.1    HGA3   H.1(C.4(H.1)(H.1))
H46    H.1    HGR61  H.1(C.3%6)
C4      CG2R61  C       CG2R67  2        0.00000 -   0.00000
C6      CG2R61  C       CG2R67  1        0.00000 -   0.00000
C       CG2R67  C11     CG2R67  1        0.00000 -   0.00000
C2      CG2R61  C3      CG2R61  2        0.00000 -   0.00000
C2      CG2R61  C5      CG2R61  1        0.00000 -   0.00000
C2      CG2R61  H       HGR61   1       -0.11500 -   0.11500
C3      CG2R61  C4      CG2R61  1        0.00000 -   0.00000
C3      CG2R61  N15     NG311   1        0.04000 -  -0.04000
C4      CG2R61  H33     HGR61   1       -0.11500 -   0.11500
C5      CG2R61  C6      CG2R61  1        0.00000 -   0.00000
C5      CG2R61  N10     NG2R60  2        0.29000 -  -0.29000
C6      CG2R61  N       NG2R60  2        0.29000 -  -0.29000
C8      CG2R61  N       NG2R60  1        0.29000 -  -0.29000
C8      CG2R61  C9      CG2R61  2        0.00000 -   0.00000
C8      CG2R61  H34     HGR62   1         -0.160 -     0.160
C9      CG2R61  N10     NG2R60  1        0.29000 -  -0.29000
C9      CG2R61  H35     HGR62   1         -0.160 -     0.160
C12     CG2R61  C11     CG2R67  2        0.00000 -   0.00000
C14     CG2R61  C11     CG2R67  1        0.00000 -   0.00000
C12     CG2R61  C13     CG2R61  1        0.00000 -   0.00000
C12     CG2R61  H36     HGR61   1       -0.11500 -   0.11500
C13     CG2R61  C27     CG2R61  2        0.00000 -   0.00000
C13     CG2R61  H37     HGR61   1       -0.11500 -   0.11500
C14     CG2R61  C26     CG2R61  2        0.00000 -   0.00000
C14     CG2R61  H38     HGR61   1       -0.11500 -   0.11500
C16     CG2R61  N15     NG311   1        0.04000 -  -0.04000
H39     HGP1    N15     NG311   1        0.35000 -  -0.35000
C16     CG2R61  C17     CG2R61  2        0.00000 -   0.00000
C16     CG2R61  C21     CG2R61  1        0.00000 -   0.00000
C17     CG2R61  N18     NG2R60  1        0.30000 -  -0.30000
C17     CG2R61  H40     HGR62   1       -0.12000 -   0.12000
C19     CG2R61  N18     NG2R60  2        0.30000 -  -0.30000
C19     CG2R61  C20     CG2R61  1        0.00000 -   0.00000
C19     CG2R61  H41     HGR62   1       -0.12000 -   0.12000
C20     CG2R61  C21     CG2R61  2        0.00000 -   0.00000
C20     CG2R61  H42     HGR61   1       -0.11500 -   0.11500
C21     CG2R61  S       SG3O2   1        0.24000 -  -0.24000
O       OG2P1   S       SG3O2   2       -0.36000 -   0.36000
O24     OG2P1   S       SG3O2   2       -0.36000 -   0.36000
C25     CG331   S       SG3O2   1        0.29000 -  -0.29000
C25     CG331   H43     HGA3    1       -0.09000 -   0.09000
C25     CG331   H44     HGA3    1       -0.09000 -   0.09000
C25     CG331   H45     HGA3    1       -0.09000 -   0.09000
C26     CG2R61  C27     CG2R61  1        0.00000 -   0.00000
C26     CG2R61  H46     HGR61   1       -0.11500 -   0.11500
C27     CG2R61  C28     CG302   1        0.00000 -   0.00000
C28     CG302   F       FGA3    1        0.14000 -  -0.14000
C28     CG302   F30     FGA3    1        0.14000 -  -0.14000
C28     CG302   F31     FGA3    1        0.14000 -  -0.14000
mol.mol2 Success!
