C0     C.3%5A CG2R51 C.3%5 
C1     C.3%5A CG2R51 C.3%5 
N2     N.3%5A NG2R51 N.3%5A(C.3%5)
C3     C.3%5A CG2R53 C.3%5(N.2%5)(^C%5)
N4     N.2%5A NG2R50 N.2%5 
C5     C.3%6A CG2R61 C.3%6A
C6     C.3%6A CG2R61 C.3%6A
C7     C.3%6A CG2R61 C.3%6A
C8     C.3%6A CG2R61 C.3%6A
C9     C.3%6A CG2R61 C.3%6A
C10    C.4    CG321  C.4(H.1)(H.1)
N11    N.3%6A NG2R61 N.3%6A
N12    N.2%6A NG2R60 N.2%6 
C13    C.3%6A CG2R61 C.3%6A
C14    C.3%6A CG2R61 C.3%6A
C15    C.3%6A CG2R61 C.3%6A
C16    C.3%6A CG2R63 C.3%6(O.1)(N.3%6)
O17    O.1    OG2D4  O.1(C.3%6(N%6))
C18    C.3%6A CG2R67 C.3%6(C.3%6)(C.3%6)(C.3%6)
C19    C.3%6A CG2R61 C.3%6A
C20    C.3%6A CG2R66 C.3%6(F.1)
F21    F.1    FGR1   F.1(C.3%)
C22    C.3%6A CG2R61 C.3%6A
C23    C.3%6A CG2R66 C.3%6(F.1)
F24    F.1    FGR1   F.1(C.3%)
C25    C.3%6A CG2R61 C.3%6A
C26    C.3%6A CG2R61 C.3%6A
C27    C.4    CG331  !C.4(H.1)(H.1)(H.1)
H28    H.1    HGP1   H.1(N.3%5)
H29    H.1    HGR61  H.1(C.3%6)
H30    H.1    HGR61  H.1(C.3%6)
H31    H.1    HGR61  H.1(C.3%6)
H32    H.1    HGA2   H.1(C.4(H.1))
H33    H.1    HGA2   H.1(C.4(H.1))
H34    H.1    HGR61  H.1(C.3%6)
H35    H.1    HGR62  H.1(C.3%6(C.3%6(N.3%6)))
H36    H.1    HGR62  H.1(C.3%6(C.3%6(F|CL|BR|I.1)))
H37    H.1    HGR62  H.1(C.3%6(C.3%6(F|CL|BR|I.1)))
H38    H.1    HGR62  H.1(C.3%6(C.3%6(F|CL|BR|I.1)))
H39    H.1    HGR61  H.1(C.3%6)
H40    H.1    HGR52  H.1(C.3%5([^C]%5))
H41    H.1    HGA3   H.1(C.4(H.1)(H.1))
H42    H.1    HGA3   H.1(C.4(H.1)(H.1))
H43    H.1    HGA3   H.1(C.4(H.1)(H.1))
C0      CG2R51  C1      CG2R51  2        0.00000 -   0.00000
C0      CG2R51  N4      NG2R50  1        0.32000 -  -0.32000
C0      CG2R51  H40     HGR52   1       -0.10000 -   0.10000
C1      CG2R51  N2      NG2R51  1        0.04000 -  -0.04000
C1      CG2R51  C27     CG331   1       -0.09000 -   0.09000
C3      CG2R53  N2      NG2R51  1        0.10000 -  -0.10000
H28     HGP1    N2      NG2R51  1        0.32000 -  -0.32000
C3      CG2R53  N4      NG2R50  2        0.36000 -  -0.36000
C3      CG2R53  C5      CG2R61  1        0.02000 -  -0.02000
C5      CG2R61  C6      CG2R61  2        0.00000 -   0.00000
C5      CG2R61  C26     CG2R61  1        0.00000 -   0.00000
C6      CG2R61  C7      CG2R61  1        0.00000 -   0.00000
C6      CG2R61  H29     HGR61   1       -0.11500 -   0.11500
C7      CG2R61  C8      CG2R61  2        0.00000 -   0.00000
C7      CG2R61  H30     HGR61   1       -0.11500 -   0.11500
C8      CG2R61  C9      CG2R61  1        0.00000 -   0.00000
C8      CG2R61  H31     HGR61   1       -0.11500 -   0.11500
C9      CG2R61  C10     CG321   1        0.00000 -   0.00000
C9      CG2R61  C26     CG2R61  2        0.00000 -   0.00000
C10     CG321   N11     NG2R61  1        0.21000 -  -0.21000
C10     CG321   H32     HGA2    1       -0.09000 -   0.09000
C10     CG321   H33     HGA2    1       -0.09000 -   0.09000
N12     NG2R60  N11     NG2R61  1       -0.26000 -   0.26000
C16     CG2R63  N11     NG2R61  1        0.05000 -  -0.05000
C13     CG2R61  N12     NG2R60  2        0.30000 -  -0.30000
C13     CG2R61  C14     CG2R61  1        0.00000 -   0.00000
C13     CG2R61  C18     CG2R67  1        0.00000 -   0.00000
C14     CG2R61  C15     CG2R61  2        0.00000 -   0.00000
C14     CG2R61  H34     HGR61   1       -0.11500 -   0.11500
C15     CG2R61  C16     CG2R63  1       -0.02000 -   0.02000
C15     CG2R61  H35     HGR62   1       -0.12000 -   0.12000
C16     CG2R63  O17     OG2D4   2        0.49000 -  -0.49000
C19     CG2R61  C18     CG2R67  2        0.00000 -   0.00000
C25     CG2R61  C18     CG2R67  1        0.00000 -   0.00000
C19     CG2R61  C20     CG2R66  1        0.00000 -   0.00000
C19     CG2R61  H36     HGR62   1         -0.220 -     0.220
C20     CG2R66  F21     FGR1    1        0.19000 -  -0.19000
C22     CG2R61  C20     CG2R66  2        0.00000 -   0.00000
C22     CG2R61  C23     CG2R66  1        0.00000 -   0.00000
C22     CG2R61  H37     HGR62   1         -0.190 -     0.190
C23     CG2R66  F24     FGR1    1        0.19000 -  -0.19000
C25     CG2R61  C23     CG2R66  2        0.00000 -   0.00000
C25     CG2R61  H38     HGR62   1         -0.220 -     0.220
C26     CG2R61  H39     HGR61   1       -0.11500 -   0.11500
C27     CG331   H41     HGA3    1       -0.09000 -   0.09000
C27     CG331   H42     HGA3    1       -0.09000 -   0.09000
C27     CG331   H43     HGA3    1       -0.09000 -   0.09000
mol_gmx.pdb Success!
