F0     F.1    FGR1   F.1(C.3%)
C1     C.3%6A CG2R66 C.3%6(F.1)
C2     C.3%6A CG2R61 C.3%6A
C3     C.3%6A CG2R66 C.3%6(F.1)
F4     F.1    FGR1   F.1(C.3%)
C5     C.3%6A CG2R61 C.3%6A
C6     C.3%6A CG2R67 C.3%6(C.3%6)(C.3%6)(C.3%6)
C7     C.3%6A CG2R61 C.3%6A
C8     C.3%6A CG2R61 C.3%6A
N9     N.2%6A NG2R60 N.2%6 
N10    N.3%6A NG2R61 N.3%6A
C11    C.4    CG321  C.4(H.1)(H.1)
C12    C.3%6A CG2R61 C.3%6A
C13    C.3%6A CG2R61 C.3%6A
C14    C.3%6A CG2R61 C.3%6A
C15    C.3%6A CG2R61 C.3%6A
C16    C.3%6A CG2R61 C.3%6A
N17    N.3    NG2S1  !N.3(H.1)(C.3(!O.1))
C18    C.3    CG2O6  !C.3(!N.3)(!O)(!O)
O19    O.1    OG2D1  O.1(C.3)
O20    O.2    OG302  !O.2(!C.3(!O.1))(C.4)
C21    C.4    CG321  C.4(H.1)(H.1)
C22    C.4    CG321  C.4(H.1)(H.1)
C23    C.4    CG324  C.4(H.1)(H.1)(N+)
N24    N.4%6N NG3P1  N.4(H.1)
C25    C.4%6N CG324  C.4(H.1)(H.1)(N+)
C26    C.4%6N CG321  C.4(H.1)(H.1)
O27    O.2%6N OG3C61 O.2%6N
C28    C.4%6N CG321  C.4(H.1)(H.1)
C29    C.4%6N CG324  C.4(H.1)(H.1)(N+)
C30    C.3%6A CG2R61 C.3%6A
C31    C.3%6A CG2R63 C.3%6(O.1)(N.3%6)
O32    O.1    OG2D4  O.1(C.3%6(N%6))
C33    C.3%6A CG2R61 C.3%6A
C34    C.3%6A CG2R61 C.3%6A
H35    H.1    HGR62  H.1(C.3%6(C.3%6(F|CL|BR|I.1)))
H36    H.1    HGR62  H.1(C.3%6(C.3%6(F|CL|BR|I.1)))
H37    H.1    HGR62  H.1(C.3%6(C.3%6(F|CL|BR|I.1)))
H38    H.1    HGA2   H.1(C.4(H.1))
H39    H.1    HGA2   H.1(C.4(H.1))
H40    H.1    HGR61  H.1(C.3%6)
H41    H.1    HGR61  H.1(C.3%6)
H42    H.1    HGR61  H.1(C.3%6)
H43    H.1    HGP1   H.1(!N.3)
H44    H.1    HGA2   H.1(C.4(H.1))
H45    H.1    HGA2   H.1(C.4(H.1))
H46    H.1    HGA2   H.1(C.4(H.1))
H47    H.1    HGA2   H.1(C.4(H.1))
H48    H.1    HGA2   H.1(C.4(H.1))
H49    H.1    HGA2   H.1(C.4(H.1))
H50    H.1    HGA2   H.1(C.4(H.1))
H51    H.1    HGA2   H.1(C.4(H.1))
H52    H.1    HGA2   H.1(C.4(H.1))
H53    H.1    HGA2   H.1(C.4(H.1))
H54    H.1    HGA2   H.1(C.4(H.1))
H55    H.1    HGA2   H.1(C.4(H.1))
H56    H.1    HGA2   H.1(C.4(H.1))
H57    H.1    HGA2   H.1(C.4(H.1))
H58    H.1    HGR61  H.1(C.3%6)
H59    H.1    HGR62  H.1(C.3%6(C.3%6(N.3%6)))
H60    H.1    HGR61  H.1(C.3%6)
H61    H.1    HGP2   H.1(N.4)
C1      CG2R66  F0      FGR1    1        0.19000 -  -0.19000
C2      CG2R61  C1      CG2R66  1        0.00000 -   0.00000
C7      CG2R61  C1      CG2R66  2        0.00000 -   0.00000
C2      CG2R61  C3      CG2R66  2        0.00000 -   0.00000
C2      CG2R61  H35     HGR62   1         -0.190 -     0.190
C3      CG2R66  F4      FGR1    1        0.19000 -  -0.19000
C5      CG2R61  C3      CG2R66  1        0.00000 -   0.00000
C5      CG2R61  C6      CG2R67  2        0.00000 -   0.00000
C5      CG2R61  H36     HGR62   1         -0.220 -     0.220
C7      CG2R61  C6      CG2R67  1        0.00000 -   0.00000
C8      CG2R61  C6      CG2R67  1        0.00000 -   0.00000
C7      CG2R61  H37     HGR62   1         -0.220 -     0.220
C8      CG2R61  N9      NG2R60  2        0.30000 -  -0.30000
C8      CG2R61  C34     CG2R61  1        0.00000 -   0.00000
N9      NG2R60  N10     NG2R61  1       -0.26000 -   0.26000
C11     CG321   N10     NG2R61  1        0.21000 -  -0.21000
C31     CG2R63  N10     NG2R61  1        0.05000 -  -0.05000
C12     CG2R61  C11     CG321   1        0.00000 -   0.00000
C11     CG321   H38     HGA2    1       -0.09000 -   0.09000
C11     CG321   H39     HGA2    1       -0.09000 -   0.09000
C12     CG2R61  C13     CG2R61  1        0.00000 -   0.00000
C12     CG2R61  C30     CG2R61  2        0.00000 -   0.00000
C13     CG2R61  C14     CG2R61  2        0.00000 -   0.00000
C13     CG2R61  H40     HGR61   1       -0.11500 -   0.11500
C14     CG2R61  C15     CG2R61  1        0.00000 -   0.00000
C14     CG2R61  H41     HGR61   1       -0.11500 -   0.11500
C15     CG2R61  C16     CG2R61  2        0.00000 -   0.00000
C15     CG2R61  H42     HGR61   1       -0.11500 -   0.11500
C16     CG2R61  N17     NG2S1   1        0.14000 -  -0.14000
C16     CG2R61  C30     CG2R61  1        0.00000 -   0.00000
C18     CG2O6   N17     NG2S1   1       -0.17000 -   0.17000
H43     HGP1    N17     NG2S1   1        0.32000 -  -0.32000
C18     CG2O6   O19     OG2D1   2        0.39000 -  -0.39000
C18     CG2O6   O20     OG302   1       -0.02000 -   0.02000
C21     CG321   O20     OG302   1        0.34000 -  -0.34000
C21     CG321   C22     CG321   1        0.00000 -   0.00000
C21     CG321   H44     HGA2    1       -0.09000 -   0.09000
C21     CG321   H45     HGA2    1       -0.09000 -   0.09000
C22     CG321   C23     CG324   1        0.00000 -   0.00000
C22     CG321   H46     HGA2    1       -0.09000 -   0.09000
C22     CG321   H47     HGA2    1       -0.09000 -   0.09000
C23     CG324   N24     NG3P1   1        0.33000 -  -0.08000
C23     CG324   H48     HGA2    1       -0.09000 -   0.09000
C23     CG324   H49     HGA2    1       -0.09000 -   0.09000
C25     CG324   N24     NG3P1   1        0.33000 -  -0.08000
C29     CG324   N24     NG3P1   1        0.33000 -  -0.08000
H61     HGP2    N24     NG3P1   1        0.32000 -  -0.07000
C26     CG321   C25     CG324   1        0.00000 -   0.00000
C25     CG324   H50     HGA2    1       -0.09000 -   0.09000
C25     CG324   H51     HGA2    1       -0.09000 -   0.09000
C26     CG321   O27     OG3C61  1        0.14000 -  -0.14000
C26     CG321   H52     HGA2    1       -0.09000 -   0.09000
C26     CG321   H53     HGA2    1       -0.09000 -   0.09000
C28     CG321   O27     OG3C61  1        0.14000 -  -0.14000
C28     CG321   C29     CG324   1        0.00000 -   0.00000
C28     CG321   H54     HGA2    1       -0.09000 -   0.09000
C28     CG321   H55     HGA2    1       -0.09000 -   0.09000
C29     CG324   H56     HGA2    1       -0.09000 -   0.09000
C29     CG324   H57     HGA2    1       -0.09000 -   0.09000
C30     CG2R61  H58     HGR61   1       -0.11500 -   0.11500
C31     CG2R63  O32     OG2D4   2        0.49000 -  -0.49000
C33     CG2R61  C31     CG2R63  1       -0.02000 -   0.02000
C33     CG2R61  C34     CG2R61  2        0.00000 -   0.00000
C33     CG2R61  H59     HGR62   1       -0.12000 -   0.12000
C34     CG2R61  H60     HGR61   1       -0.11500 -   0.11500
mol.mol2 Success!
