C      C.4    CG331  !C.4(H.1)(H.1)(H.1)
N      N.3    NG301  N.3   
C3     C.4    CG321  C.4(H.1)(H.1)
C4     C.4    CG321  C.4(H.1)(H.1)
O      O.2    OG311  !O.2(!H.1)
C6     C.3%6A CG2R61 C.3%6A
C7     C.3%6A CG2R61 C.3%6A
C8     C.3%6A CG2R61 C.3%6A
C9     C.3%6A CG2R61 C.3%6A
N10    N.3    NG311  N.3(H.1)
C11    C.3%6A CG2R64 C.3%6(N.2%6)(N)
N12    N.2%6A NG2R60 N.2%6 
C13    C.3%6A CG2R61 C.3%6A
C14    C.3%6A CG2R62 C.3%6(N.3%6)
N15    N.3%6A,5A NG2RC0 N.3%5,6(C.3%6)
C16    C.3%5A CG2R51 C.3%5 
C17    C.3%5A CG2R51 C.3%5 
N18    N.2%5A NG2R50 N.2%5 
C19    C.3%6A,5A CG2RC0 C.3%6,5([^C]%6)([^C]%5)
C20    C.3%6A CG2R67 C.3%6(C.3%6)(C.3%6)(C.3%6)
C21    C.3%6A CG2R61 C.3%6A
C22    C.3%6A CG2R61 C.3%6A
C23    C.3%6A,5A CG2RC0 C.3%6,5(C.3%6,5)(C.3%6)
C24    C.3%5A CG2R52 C.3%5(=N.2%5)
N25    N.2%5A NG2R50 N.2%5 
N26    N.3%5A NG2R51 N.3%5A(C.3%5)
C27    C.3%6A,5A CG2RC0 C.3%6,5(C.3%6,5)(C.3%6)
C28    C.3%6A CG2R61 C.3%6A
C29    C.3%6A CG2R61 C.3%6A
C30    C.3%6A CG2R61 C.3%6A
H      H.1    HGA3   H.1(C.4(H.1)(H.1))
H32    H.1    HGA3   H.1(C.4(H.1)(H.1))
H33    H.1    HGA3   H.1(C.4(H.1)(H.1))
H34    H.1    HGA2   H.1(C.4(H.1))
H35    H.1    HGA2   H.1(C.4(H.1))
H36    H.1    HGA2   H.1(C.4(H.1))
H37    H.1    HGA2   H.1(C.4(H.1))
H38    H.1    HGP1   H(O.2)
H39    H.1    HGR61  H.1(C.3%6)
H40    H.1    HGR61  H.1(C.3%6)
H41    H.1    HGPAM1 H.1(N.3(C.3%6(C.3%6))(C.3%6(C.3%6([^C]%6))))
H42    H.1    HGR62  H.1(C.3%6A([^C]%6A))
H43    H.1    HGR52  H.1(C.3%5([^C]%5))
H44    H.1    HGR52  H.1(C.3%5([^C]%5))
H45    H.1    HGR61  H.1(C.3%6)
H46    H.1    HGR61  H.1(C.3%6)
H47    H.1    HGR52  H.1(C.3%5([^C]%5))
H48    H.1    HGP1   H.1(N.3%5)
H49    H.1    HGR61  H.1(C.3%6)
H50    H.1    HGR61  H.1(C.3%6)
H51    H.1    HGR61  H.1(C.3%6)
C       CG331   N       NG301   1        0.21000 -  -0.21000
C       CG331   H       HGA3    1       -0.09000 -   0.09000
C       CG331   H32     HGA3    1       -0.09000 -   0.09000
C       CG331   H33     HGA3    1       -0.09000 -   0.09000
C3      CG321   N       NG301   1        0.21000 -  -0.21000
C6      CG2R61  N       NG301   1        0.04000 -  -0.04000
C3      CG321   C4      CG321   1        0.00000 -   0.00000
C3      CG321   H34     HGA2    1       -0.09000 -   0.09000
C3      CG321   H35     HGA2    1       -0.09000 -   0.09000
C4      CG321   O       OG311   1        0.23000 -  -0.23000
C4      CG321   H36     HGA2    1       -0.09000 -   0.09000
C4      CG321   H37     HGA2    1       -0.09000 -   0.09000
H38     HGP1    O       OG311   1        0.42000 -  -0.42000
C6      CG2R61  C7      CG2R61  2        0.00000 -   0.00000
C6      CG2R61  C30     CG2R61  1        0.00000 -   0.00000
C7      CG2R61  C8      CG2R61  1        0.00000 -   0.00000
C7      CG2R61  H39     HGR61   1       -0.11500 -   0.11500
C8      CG2R61  C9      CG2R61  2        0.00000 -   0.00000
C8      CG2R61  H40     HGR61   1       -0.11500 -   0.11500
C9      CG2R61  N10     NG311   1        0.04000 -  -0.04000
C9      CG2R61  C29     CG2R61  1        0.00000 -   0.00000
C11     CG2R64  N10     NG311   1        0.13500 -  -0.13500
H41     HGPAM1  N10     NG311   1        0.36000 -  -0.36000
C11     CG2R64  N12     NG2R60  2        0.30000 -  -0.30000
C11     CG2R64  C19     CG2RC0  1        0.02500 -  -0.02500
C13     CG2R61  N12     NG2R60  1        0.30000 -  -0.30000
C13     CG2R61  C14     CG2R62  2        0.00000 -   0.00000
C13     CG2R61  C20     CG2R67  1        0.00000 -   0.00000
C14     CG2R62  N15     NG2RC0  1        0.29000 -  -0.29000
C14     CG2R62  H42     HGR62   1       -0.17000 -   0.17000
C16     CG2R51  N15     NG2RC0  1        0.04000 -  -0.04000
C19     CG2RC0  N15     NG2RC0  1       -0.05000 -   0.05000
C16     CG2R51  C17     CG2R51  2        0.00000 -   0.00000
C16     CG2R51  H43     HGR52   1         -0.090 -     0.090
C17     CG2R51  N18     NG2R50  1        0.32000 -  -0.32000
C17     CG2R51  H44     HGR52   1       -0.10000 -   0.10000
C19     CG2RC0  N18     NG2R50  2        0.35000 -  -0.35000
C21     CG2R61  C20     CG2R67  2        0.00000 -   0.00000
C28     CG2R61  C20     CG2R67  1        0.00000 -   0.00000
C21     CG2R61  C22     CG2R61  1        0.00000 -   0.00000
C21     CG2R61  H45     HGR61   1       -0.11500 -   0.11500
C22     CG2R61  C23     CG2RC0  2        0.00000 -   0.00000
C22     CG2R61  H46     HGR61   1       -0.11500 -   0.11500
C24     CG2R52  C23     CG2RC0  1        0.02500 -  -0.02500
C23     CG2RC0  C27     CG2RC0  1        0.00000 -   0.00000
C24     CG2R52  N25     NG2R50  2        0.25000 -  -0.25000
C24     CG2R52  H47     HGR52   1         -0.130 -     0.130
N25     NG2R50  N26     NG2R51  1       -0.32000 -   0.32000
C27     CG2RC0  N26     NG2R51  1        0.15000 -  -0.15000
H48     HGP1    N26     NG2R51  1          0.370 -   -0.3700
C28     CG2R61  C27     CG2RC0  2        0.00000 -   0.00000
C28     CG2R61  H49     HGR61   1       -0.11500 -   0.11500
C29     CG2R61  C30     CG2R61  2        0.00000 -   0.00000
C29     CG2R61  H50     HGR61   1       -0.11500 -   0.11500
C30     CG2R61  H51     HGR61   1       -0.11500 -   0.11500
mol.mol2 Success!
