N      N.4    NG3P3  N.4(H.1)(H.1)(H.1)
C      C.4    CG324  C.4(H.1)(H.1)(N+)
C3     C.4%6N CG311  C.4(H.1)
C4     C.4%6N CG321  C.4(H.1)(H.1)
C5     C.4%6N CG321  C.4(H.1)(H.1)
C6     C.4%6N,6N CG311  C.4(H.1)
C7     C.4%6N CG311  C.4(H.1)
C8     C.3%6A CG2R61 C.3%6A
C9     C.3%6A CG2R61 C.3%6A
C10    C.3%6A CG2R61 C.3%6A
C11    C.3%6A CG2R61 C.3%6A
C12    C.3%6A CG2R61 C.3%6A
C13    C.3%6A CG2R61 C.3%6A
N14    N.3%6N NG311  N.3(H.1)
C15    C.3%6N,6A CG2DC? C.3%*N(=C.3)(C.3(=C.3))
C16    C.3%6A CG2R61 C.3%6A
C17    C.3%6A CG2R61 C.3%6A
C18    C.3%6A CG2R61 C.3%6A
C19    C.4    CG302  C.4(F.1)(F.1)(F.1)
F      F.1    FGA3   F.1(!C.4(F.1)(F.1))
F21    F.1    FGA3   F.1(!C.4(F.1)(F.1))
F22    F.1    FGA3   F.1(!C.4(F.1)(F.1))
C23    C.3%6A CG2R61 C.3%6A
C24    C.3%6N,6A CG2DC? C.3%*N(=C.3)(C.3(=C.3))
C25    C.4%6N,6N CG311  C.4(H.1)
O      O.2%6N OG3C61 O.2%6N
H      H.1    HGP2   H.1(N.4)
H28    H.1    HGP2   H.1(N.4)
H29    H.1    HGA2   H.1(C.4(H.1))
H30    H.1    HGA2   H.1(C.4(H.1))
H31    H.1    HGA1   H.1(C.4)
H32    H.1    HGA2   H.1(C.4(H.1))
H33    H.1    HGA2   H.1(C.4(H.1))
H34    H.1    HGA2   H.1(C.4(H.1))
H35    H.1    HGA2   H.1(C.4(H.1))
H36    H.1    HGA1   H.1(C.4)
H37    H.1    HGA1   H.1(C.4)
H38    H.1    HGR61  H.1(C.3%6)
H39    H.1    HGR61  H.1(C.3%6)
H40    H.1    HGR61  H.1(C.3%6)
H41    H.1    HGR61  H.1(C.3%6)
H42    H.1    HGR61  H.1(C.3%6)
H43    H.1    HGPAM1 H.1(N.3(C.3%6(C.3%6(C.4%6))))
H44    H.1    HGR62  H.1(C.3%6(C.3%6(N.3%6)))
H45    H.1    HGR61  H.1(C.3%6)
H46    H.1    HGR61  H.1(C.3%6)
H47    H.1    HGA1   H.1(C.4)
H48    H.1    HGP2   H.1(N.4)
C       CG324   N       NG3P3   1        0.31000 -  -0.06000
H       HGP2    N       NG3P3   1        0.33000 -  -0.08000
H28     HGP2    N       NG3P3   1        0.33000 -  -0.08000
H48     HGP2    N       NG3P3   1        0.33000 -  -0.08000
C3      CG311   C       CG324   1        0.00000 -   0.00000
C       CG324   H29     HGA2    1       -0.05000 -   0.05000
C       CG324   H30     HGA2    1       -0.05000 -   0.05000
C3      CG311   C4      CG321   1        0.00000 -   0.00000
C3      CG311   O       OG3C61  1        0.17000 -  -0.17000
C3      CG311   H31     HGA1    1       -0.09000 -   0.09000
C4      CG321   C5      CG321   1        0.00000 -   0.00000
C4      CG321   H32     HGA2    1       -0.09000 -   0.09000
C4      CG321   H33     HGA2    1       -0.09000 -   0.09000
C6      CG311   C5      CG321   1        0.00000 -   0.00000
C5      CG321   H34     HGA2    1       -0.09000 -   0.09000
C5      CG321   H35     HGA2    1       -0.09000 -   0.09000
C6      CG311   C7      CG311   1        0.00000 -   0.00000
C6      CG311   C25     CG311   1        0.00000 -   0.00000
C6      CG311   H36     HGA1    1       -0.09000 -   0.09000
C8      CG2R61  C7      CG311   1        0.00000 -   0.00000
C7      CG311   N14     NG311   1        0.24000 -  -0.24000
C7      CG311   H37     HGA1    1       -0.09000 -   0.09000
C8      CG2R61  C9      CG2R61  2        0.00000 -   0.00000
C8      CG2R61  C13     CG2R61  1        0.00000 -   0.00000
C9      CG2R61  C10     CG2R61  1        0.00000 -   0.00000
C9      CG2R61  H38     HGR61   1       -0.11500 -   0.11500
C10     CG2R61  C11     CG2R61  2        0.00000 -   0.00000
C10     CG2R61  H39     HGR61   1       -0.11500 -   0.11500
C11     CG2R61  C12     CG2R61  1        0.00000 -   0.00000
C11     CG2R61  H40     HGR61   1       -0.11500 -   0.11500
C12     CG2R61  C13     CG2R61  2        0.00000 -   0.00000
C12     CG2R61  H41     HGR61   1       -0.11500 -   0.11500
C13     CG2R61  H42     HGR61   1       -0.11500 -   0.11500
C15     CG2DC2  N14     NG311   1        0.13500 -  -0.13500
H43     HGPAM1  N14     NG311   1        0.42000 -  -0.42000
C15     CG2DC2  C16     CG2R61  1        0.00000 -   0.00000
C15     CG2DC2  C24     CG2DC2  2        0.00000 -   0.00000
C16     CG2R61  C17     CG2R61  2        0.00000 -   0.00000
C16     CG2R61  H44     HGR62   1       -0.12000 -   0.12000
C17     CG2R61  C18     CG2R61  1        0.00000 -   0.00000
C17     CG2R61  H45     HGR61   1       -0.11500 -   0.11500
C18     CG2R61  C19     CG302   1        0.00000 -   0.00000
C18     CG2R61  C23     CG2R61  2        0.00000 -   0.00000
C19     CG302   F       FGA3    1        0.14000 -  -0.14000
C19     CG302   F21     FGA3    1        0.14000 -  -0.14000
C19     CG302   F22     FGA3    1        0.14000 -  -0.14000
C24     CG2DC2  C23     CG2R61  1        0.00000 -   0.00000
C23     CG2R61  H46     HGR61   1       -0.11500 -   0.11500
C24     CG2DC2  C25     CG311   1        0.16500 -  -0.16500
C25     CG311   O       OG3C61  1        0.17000 -  -0.17000
C25     CG311   H47     HGA1    1       -0.09000 -   0.09000
mol_gmx.pdb Success!
