O      O.2    OG311  !O.2(!H.1)
C      C.4%5N CG3C51 C.4%5(H.1)
C3     C.4%5N CG312  C.4(F.1)(F.1)
C4     C.4%5N CG3C52 C.4%5(H.1)(H.1)
C5     C.3%5N,6A CG2RC0 C.3%6,5(C.3%6,5)(C.3%6)
C6     C.3%5N,6A CG2RC0 C.3%6,5(C.3%6,5)(C.3%6)
C7     C.3%6A CG2R61 C.3%6A
C8     C.3%6A CG2R61 C.3%6A
C9     C.3%6A CG2R61 C.3%6A
C10    C.3%6A CG2R61 C.3%6A
O11    O.2    OG301  O.2   
C12    C.3%6A CG2R61 C.3%6A
C13    C.3%6A CG2R61 C.3%6A
C14    C.3%6A CG2R66 C.3%6(F.1)
F      F.1    FGR1   F.1(C.3%)
C16    C.3%6A CG2R61 C.3%6A
C17    C.3%6A CG2R66 C.3%6(F.1)
F18    F.1    FGR1   F.1(C.3%)
C19    C.3%6A CG2R61 C.3%6A
F20    F.1    FGA2   F.1(C.4(F.1))
F21    F.1    FGA2   F.1(C.4(F.1))
C22    C.2    CG1N1  !C.2(!N.1)
N      N.1    NG1T1  !N.1  
H      H.1    HGP1   H(O.2)
H25    H.1    HGA1   H.1(C.4)
H26    H.1    HGA2   H.1(C.4(H.1))
H27    H.1    HGA2   H.1(C.4(H.1))
H28    H.1    HGR61  H.1(C.3%6)
H29    H.1    HGR61  H.1(C.3%6)
H30    H.1    HGR62  H.1(C.3%6(C.3%6(F|CL|BR|I.1)))
H31    H.1    HGR62  H.1(C.3%6(C.3%6(F|CL|BR|I.1)))
H32    H.1    HGR62  H.1(C.3%6(C.3%6(F|CL|BR|I.1)))
C       CG3C51  O       OG311   1        0.23000 -  -0.23000
H       HGP1    O       OG311   1        0.42000 -  -0.42000
C3      CG312   C       CG3C51  1        0.00000 -   0.00000
C6      CG2RC0  C       CG3C51  1        0.00000 -   0.00000
C       CG3C51  H25     HGA1    1       -0.09000 -   0.09000
C3      CG312   C4      CG3C52  1        0.00000 -   0.00000
C3      CG312   F20     FGA2    1        0.17000 -  -0.17000
C3      CG312   F21     FGA2    1        0.17000 -  -0.17000
C5      CG2RC0  C4      CG3C52  1       -0.17000 -   0.17000
C4      CG3C52  H26     HGA2    1       -0.09000 -   0.09000
C4      CG3C52  H27     HGA2    1       -0.09000 -   0.09000
C5      CG2RC0  C6      CG2RC0  1        0.00000 -   0.00000
C10     CG2R61  C5      CG2RC0  2        0.00000 -   0.00000
C7      CG2R61  C6      CG2RC0  2        0.00000 -   0.00000
C7      CG2R61  C8      CG2R61  1        0.00000 -   0.00000
C22     CG1N1   C7      CG2R61  1       -0.10000 -   0.10000
C8      CG2R61  C9      CG2R61  2        0.00000 -   0.00000
C8      CG2R61  H28     HGR61   1       -0.11500 -   0.11500
C9      CG2R61  C10     CG2R61  1        0.00000 -   0.00000
C9      CG2R61  H29     HGR61   1       -0.11500 -   0.11500
C10     CG2R61  O11     OG301   1        0.21500 -  -0.21500
C12     CG2R61  O11     OG301   1        0.21500 -  -0.21500
C12     CG2R61  C13     CG2R61  2        0.00000 -   0.00000
C12     CG2R61  C19     CG2R61  1        0.00000 -   0.00000
C13     CG2R61  C14     CG2R66  1        0.00000 -   0.00000
C13     CG2R61  H30     HGR62   1         -0.220 -     0.220
C14     CG2R66  F       FGR1    1        0.19000 -  -0.19000
C16     CG2R61  C14     CG2R66  2        0.00000 -   0.00000
C16     CG2R61  C17     CG2R66  1        0.00000 -   0.00000
C16     CG2R61  H31     HGR62   1         -0.190 -     0.190
C17     CG2R66  F18     FGR1    1        0.19000 -  -0.19000
C19     CG2R61  C17     CG2R66  2        0.00000 -   0.00000
C19     CG2R61  H32     HGR62   1         -0.220 -     0.220
C22     CG1N1   N       NG1T1   3        0.46000 -  -0.46000
mol_gmx.pdb Success!
