C      C.3%6A CG2R67 C.3%6(C.3%6)(C.3%6)(C.3%6)
C2     C.3%6A CG2R61 C.3%6A
C3     C.3%6A CG2R61 C.3%6A
C4     C.3%6A CG2R61 C.3%6A
C5     C.3%6A CG2R61 C.3%6A
C6     C.3%6A CG2R61 C.3%6A
C7     C.3%6A CG2R61 C.3%6A
N      N.2%6A NG2R60 N.2%6 
C9     C.3%6A CG2R61 C.3%6A
C10    C.3%6A CG2R64 C.3%6(N.2%6)(N)
N11    N.2%6A NG2R60 N.2%6 
C12    C.3%6A CG2R64 C.3%6(N.2%6)(N)
CL     CL.1   CLGR1  CL.1(C%6)
CL14   CL.1   CLGR1  CL.1(C%6)
N15    N.3    NG2S3  !N.3(H.1)(H.1)(C.3%6)
N16    N.3%5N NG301  N.3   
C17    C.4%5N CG3C52 C.4%5(H.1)(H.1)
C18    C.4%5N CG3C51 C.4%5(H.1)
C19    C.4%5N CG3C52 C.4%5(H.1)(H.1)
C20    C.4%5N CG3C52 C.4%5(H.1)(H.1)
C21    C.4    CG324  C.4(H.1)(H.1)(N+)
N22    N.4    NG3P3  N.4(H.1)(H.1)(H.1)
H      H.1    HGR62  H.1(C.3%6(C.3%6(F|CL|BR|I.1)))
H24    H.1    HGR61  H.1(C.3%6)
H25    H.1    HGR61  H.1(C.3%6)
H26    H.1    HGR62  H.1(C.3%6A([^C]%6A))
H27    H.1    HGP4   H.1(!N.3(H.1)(C.3%6))
H28    H.1    HGP4   H.1(!N.3(H.1)(C.3%6))
H29    H.1    HGA2   H.1(C.4(H.1))
H30    H.1    HGA2   H.1(C.4(H.1))
H31    H.1    HGA1   H.1(C.4)
H32    H.1    HGA2   H.1(C.4(H.1))
H33    H.1    HGA2   H.1(C.4(H.1))
H34    H.1    HGA2   H.1(C.4(H.1))
H35    H.1    HGA2   H.1(C.4(H.1))
H36    H.1    HGA2   H.1(C.4(H.1))
H37    H.1    HGA2   H.1(C.4(H.1))
H38    H.1    HGP2   H.1(N.4)
H39    H.1    HGP2   H.1(N.4)
H40    H.1    HGP2   H.1(N.4)
C2      CG2R61  C       CG2R67  2        0.00000 -   0.00000
C6      CG2R61  C       CG2R67  1        0.00000 -   0.00000
C7      CG2R61  C       CG2R67  1        0.00000 -   0.00000
C2      CG2R61  C3      CG2R61  1        0.00000 -   0.00000
C2      CG2R61  CL14    CLGR1   1        0.13000 -  -0.13000
C3      CG2R61  C4      CG2R61  2        0.00000 -   0.00000
C3      CG2R61  CL      CLGR1   1        0.13000 -  -0.13000
C4      CG2R61  C5      CG2R61  1        0.00000 -   0.00000
C4      CG2R61  H       HGR62   1         -0.150 -     0.150
C5      CG2R61  C6      CG2R61  2        0.00000 -   0.00000
C5      CG2R61  H24     HGR61   1       -0.11500 -   0.11500
C6      CG2R61  H25     HGR61   1       -0.11500 -   0.11500
C7      CG2R61  N       NG2R60  2        0.28000 -  -0.28000
C7      CG2R61  C12     CG2R64  1        0.00000 -   0.00000
C9      CG2R61  N       NG2R60  1        0.28000 -  -0.28000
C9      CG2R61  C10     CG2R64  2        0.00000 -   0.00000
C9      CG2R61  H26     HGR62   1        -0.1000 -    0.1000
C10     CG2R64  N11     NG2R60  1        0.30000 -  -0.30000
C10     CG2R64  N16     NG301   1        0.05000 -  -0.05000
C12     CG2R64  N11     NG2R60  2        0.30000 -  -0.30000
C12     CG2R64  N15     NG2S3   1        0.01000 -  -0.01000
H27     HGP4    N15     NG2S3   1        0.38000 -  -0.38000
H28     HGP4    N15     NG2S3   1        0.38000 -  -0.38000
C17     CG3C52  N16     NG301   1        0.21000 -  -0.21000
C20     CG3C52  N16     NG301   1        0.21000 -  -0.21000
C18     CG3C51  C17     CG3C52  1        0.00000 -   0.00000
C17     CG3C52  H29     HGA2    1       -0.09000 -   0.09000
C17     CG3C52  H30     HGA2    1       -0.09000 -   0.09000
C18     CG3C51  C19     CG3C52  1        0.00000 -   0.00000
C21     CG324   C18     CG3C51  1        0.00000 -   0.00000
C18     CG3C51  H31     HGA1    1       -0.09000 -   0.09000
C19     CG3C52  C20     CG3C52  1        0.00000 -   0.00000
C19     CG3C52  H32     HGA2    1       -0.09000 -   0.09000
C19     CG3C52  H33     HGA2    1       -0.09000 -   0.09000
C20     CG3C52  H34     HGA2    1       -0.09000 -   0.09000
C20     CG3C52  H35     HGA2    1       -0.09000 -   0.09000
C21     CG324   N22     NG3P3   1        0.31000 -  -0.06000
C21     CG324   H36     HGA2    1       -0.05000 -   0.05000
C21     CG324   H37     HGA2    1       -0.05000 -   0.05000
H38     HGP2    N22     NG3P3   1        0.33000 -  -0.08000
H39     HGP2    N22     NG3P3   1        0.33000 -  -0.08000
H40     HGP2    N22     NG3P3   1        0.33000 -  -0.08000
mol_clean Success!
