C      C.3%6A CG2R61 C.3%6A
C2     C.3%6A CG2R61 C.3%6A
C3     C.3%6A CG2R61 C.3%6A
C4     C.3%6A CG2R67 C.3%6(C.3%6)(C.3%6)(C.3%6)
C5     C.3%6A,6A CG2R61 C.3%6A
C6     C.3%6A,6A CG2R61 C.3%6A
N      N.2%6A NG2R60 N.2%6 
C8     C.3%6A CG2R61 C.3%6A
C9     C.3%6A CG2R61 C.3%6A
N10    N.2%6A NG2R60 N.2%6 
N11    N.3    NG311  N.3(H.1)
C12    C.3%6A CG2R61 C.3%6A
C13    C.3%6A CG2R61 C.3%6A
N14    N.2%6A NG2R60 N.2%6 
C15    C.3%6A CG2R61 C.3%6A
C16    C.3%6A CG2R61 C.3%6A
C17    C.3%6A CG2R61 C.3%6A
S      S.4    SG3O2  S.4(O.1)(O.1)
O      O.1    OG2P1  O.1(!S)
O20    O.1    OG2P1  O.1(!S)
C21    C.4    CG331  !C.4(H.1)(H.1)(H.1)
C22    C.3%6A CG2R67 C.3%6(C.3%6)(C.3%6)(C.3%6)
C23    C.3%6A CG2R61 C.3%6A
C24    C.3%6A CG2R61 C.3%6A
C25    C.3%6A CG2R61 C.3%6A
C26    C.3%6A,5N CG2RC0 C.3%6,5(C.3%6,5)(C.3%6)
C27    C.3%6A,5N CG2RC0 C.3%6,5(C.3%6,5)(C.3%6)
O28    O.2%5N OG3C51 O.2%5N
C29    C.4%5N CG3C52 C.4%5(H.1)(H.1)
C30    C.4%5N CG301  C.4   
C31    C.4    CG331  !C.4(H.1)(H.1)(H.1)
C32    C.4    CG331  !C.4(H.1)(H.1)(H.1)
H      H.1    HGR61  H.1(C.3%6)
H34    H.1    HGR61  H.1(C.3%6)
H35    H.1    HGR62  H.1(C.3%6A([^C]%6A))
H36    H.1    HGR62  H.1(C.3%6A([^C]%6A))
H37    H.1    HGP1   H.1(!N.3)
H38    H.1    HGR62  H.1(C.3%6A([^C]%6A))
H39    H.1    HGR62  H.1(C.3%6A([^C]%6A))
H40    H.1    HGR61  H.1(C.3%6)
H41    H.1    HGA3   H.1(C.4(H.1)(H.1))
H42    H.1    HGA3   H.1(C.4(H.1)(H.1))
H43    H.1    HGA3   H.1(C.4(H.1)(H.1))
H44    H.1    HGR61  H.1(C.3%6)
H45    H.1    HGR61  H.1(C.3%6)
H46    H.1    HGR61  H.1(C.3%6)
H47    H.1    HGA2   H.1(C.4(H.1))
H48    H.1    HGA2   H.1(C.4(H.1))
H49    H.1    HGA3   H.1(C.4(H.1)(H.1))
H50    H.1    HGA3   H.1(C.4(H.1)(H.1))
H51    H.1    HGA3   H.1(C.4(H.1)(H.1))
H52    H.1    HGA3   H.1(C.4(H.1)(H.1))
H53    H.1    HGA3   H.1(C.4(H.1)(H.1))
H54    H.1    HGA3   H.1(C.4(H.1)(H.1))
C       CG2R61  C2      CG2R61  2        0.00000 -   0.00000
C       CG2R61  C5      CG2R61  1        0.00000 -   0.00000
C       CG2R61  H       HGR61   1       -0.11500 -   0.11500
C2      CG2R61  C3      CG2R61  1        0.00000 -   0.00000
C2      CG2R61  N11     NG311   1        0.04000 -  -0.04000
C3      CG2R61  C4      CG2R67  2        0.00000 -   0.00000
C3      CG2R61  H34     HGR61   1       -0.11500 -   0.11500
C6      CG2R61  C4      CG2R67  1        0.00000 -   0.00000
C4      CG2R67  C22     CG2R67  1        0.00000 -   0.00000
C5      CG2R61  C6      CG2R61  2        0.00000 -   0.00000
C5      CG2R61  N10     NG2R60  1        0.29000 -  -0.29000
C6      CG2R61  N       NG2R60  1        0.29000 -  -0.29000
C8      CG2R61  N       NG2R60  2        0.29000 -  -0.29000
C8      CG2R61  C9      CG2R61  1        0.00000 -   0.00000
C8      CG2R61  H35     HGR62   1         -0.160 -     0.160
C9      CG2R61  N10     NG2R60  2        0.29000 -  -0.29000
C9      CG2R61  H36     HGR62   1         -0.160 -     0.160
C12     CG2R61  N11     NG311   1        0.04000 -  -0.04000
H37     HGP1    N11     NG311   1        0.35000 -  -0.35000
C12     CG2R61  C13     CG2R61  1        0.00000 -   0.00000
C12     CG2R61  C17     CG2R61  2        0.00000 -   0.00000
C13     CG2R61  N14     NG2R60  2        0.30000 -  -0.30000
C13     CG2R61  H38     HGR62   1       -0.12000 -   0.12000
C15     CG2R61  N14     NG2R60  1        0.30000 -  -0.30000
C15     CG2R61  C16     CG2R61  2        0.00000 -   0.00000
C15     CG2R61  H39     HGR62   1       -0.12000 -   0.12000
C16     CG2R61  C17     CG2R61  1        0.00000 -   0.00000
C16     CG2R61  H40     HGR61   1       -0.11500 -   0.11500
C17     CG2R61  S       SG3O2   1        0.24000 -  -0.24000
O       OG2P1   S       SG3O2   2       -0.36000 -   0.36000
O20     OG2P1   S       SG3O2   2       -0.36000 -   0.36000
C21     CG331   S       SG3O2   1        0.29000 -  -0.29000
C21     CG331   H41     HGA3    1       -0.09000 -   0.09000
C21     CG331   H42     HGA3    1       -0.09000 -   0.09000
C21     CG331   H43     HGA3    1       -0.09000 -   0.09000
C23     CG2R61  C22     CG2R67  2        0.00000 -   0.00000
C25     CG2R61  C22     CG2R67  1        0.00000 -   0.00000
C23     CG2R61  C24     CG2R61  1        0.00000 -   0.00000
C23     CG2R61  H44     HGR61   1       -0.11500 -   0.11500
C24     CG2R61  C27     CG2RC0  2        0.00000 -   0.00000
C24     CG2R61  H45     HGR61   1       -0.11500 -   0.11500
C25     CG2R61  C26     CG2RC0  2        0.00000 -   0.00000
C25     CG2R61  H46     HGR61   1       -0.11500 -   0.11500
C26     CG2RC0  C27     CG2RC0  1        0.00000 -   0.00000
C26     CG2RC0  C30     CG301   1        0.00000 -   0.00000
C27     CG2RC0  O28     OG3C51  1        0.03000 -  -0.03000
C29     CG3C52  O28     OG3C51  1        0.20000 -  -0.20000
C30     CG301   C29     CG3C52  1        0.00000 -   0.00000
C29     CG3C52  H47     HGA2    1       -0.09000 -   0.09000
C29     CG3C52  H48     HGA2    1       -0.09000 -   0.09000
C30     CG301   C31     CG331   1        0.00000 -   0.00000
C30     CG301   C32     CG331   1        0.00000 -   0.00000
C31     CG331   H49     HGA3    1       -0.09000 -   0.09000
C31     CG331   H50     HGA3    1       -0.09000 -   0.09000
C31     CG331   H51     HGA3    1       -0.09000 -   0.09000
C32     CG331   H52     HGA3    1       -0.09000 -   0.09000
C32     CG331   H53     HGA3    1       -0.09000 -   0.09000
C32     CG331   H54     HGA3    1       -0.09000 -   0.09000
mol.mol2 Success!
