C      C.4    CG331  !C.4(H.1)(H.1)(H.1)
N      N.3    NG301  N.3   
C3     C.4    CG321  C.4(H.1)(H.1)
C4     C.4%6N CG311  C.4(H.1)
C5     C.4%6N CG321  C.4(H.1)(H.1)
C6     C.4%6N CG321  C.4(H.1)(H.1)
C7     C.4%6N,6N CG311  C.4(H.1)
C8     C.4%6N CG311  C.4(H.1)
C9     C.3%6A CG2R61 C.3%6A
C10    C.3%6A CG2R61 C.3%6A
C11    C.3%6A CG2R61 C.3%6A
C12    C.3%6A CG2R61 C.3%6A
C13    C.3%6A CG2R61 C.3%6A
C14    C.3%6A CG2R61 C.3%6A
N15    N.3%6N NG311  N.3(H.1)
C16    C.3%6N,6A CG2DC? C.3%*N(=C.3)(C.3(=C.3))
C17    C.3%6A CG2R61 C.3%6A
C18    C.3%6A CG2R61 C.3%6A
C19    C.3%6A CG2R61 C.3%6A
C20    C.4    CG302  C.4(F.1)(F.1)(F.1)
F      F.1    FGA3   F.1(!C.4(F.1)(F.1))
F22    F.1    FGA3   F.1(!C.4(F.1)(F.1))
F23    F.1    FGA3   F.1(!C.4(F.1)(F.1))
C24    C.3%6A CG2R61 C.3%6A
C25    C.3%6N,6A CG2DC? C.3%*N(=C.3)(C.3(=C.3))
C26    C.4%6N,6N CG311  C.4(H.1)
O      O.2%6N OG3C61 O.2%6N
S      S.4    SG3O2  S.4(O.1)(O.1)
O29    O.1    OG2P1  O.1(!S)
O30    O.1    OG2P1  O.1(!S)
C31    C.4    CG321  C.4(H.1)(H.1)
C32    C.4    CG321  C.4(H.1)(H.1)
C33    C.4    CG324  C.4(H.1)(H.1)(N+)
N34    N.4    NG3P3  N.4(H.1)(H.1)(H.1)
H      H.1    HGA3   H.1(C.4(H.1)(H.1))
H36    H.1    HGA3   H.1(C.4(H.1)(H.1))
H37    H.1    HGA3   H.1(C.4(H.1)(H.1))
H38    H.1    HGA2   H.1(C.4(H.1))
H39    H.1    HGA2   H.1(C.4(H.1))
H40    H.1    HGA1   H.1(C.4)
H41    H.1    HGA2   H.1(C.4(H.1))
H42    H.1    HGA2   H.1(C.4(H.1))
H43    H.1    HGA2   H.1(C.4(H.1))
H44    H.1    HGA2   H.1(C.4(H.1))
H45    H.1    HGA1   H.1(C.4)
H46    H.1    HGA1   H.1(C.4)
H47    H.1    HGR61  H.1(C.3%6)
H48    H.1    HGR61  H.1(C.3%6)
H49    H.1    HGR61  H.1(C.3%6)
H50    H.1    HGR61  H.1(C.3%6)
H51    H.1    HGR61  H.1(C.3%6)
H52    H.1    HGPAM1 H.1(N.3(C.3%6(C.3%6(C.4%6))))
H53    H.1    HGR62  H.1(C.3%6(C.3%6(N.3%6)))
H54    H.1    HGR61  H.1(C.3%6)
H55    H.1    HGR61  H.1(C.3%6)
H56    H.1    HGA1   H.1(C.4)
H57    H.1    HGA2   H.1(C.4(H.1))
H58    H.1    HGA2   H.1(C.4(H.1))
H59    H.1    HGA2   H.1(C.4(H.1))
H60    H.1    HGA2   H.1(C.4(H.1))
H61    H.1    HGA2   H.1(C.4(H.1))
H62    H.1    HGA2   H.1(C.4(H.1))
H63    H.1    HGP2   H.1(N.4)
H64    H.1    HGP2   H.1(N.4)
H65    H.1    HGP2   H.1(N.4)
C       CG331   N       NG301   1        0.21000 -  -0.21000
C       CG331   H       HGA3    1       -0.09000 -   0.09000
C       CG331   H36     HGA3    1       -0.09000 -   0.09000
C       CG331   H37     HGA3    1       -0.09000 -   0.09000
C3      CG321   N       NG301   1        0.21000 -  -0.21000
N       NG301   S       SG3O2   1        0.02000 -  -0.02000
C4      CG311   C3      CG321   1        0.00000 -   0.00000
C3      CG321   H38     HGA2    1       -0.09000 -   0.09000
C3      CG321   H39     HGA2    1       -0.09000 -   0.09000
C4      CG311   C5      CG321   1        0.00000 -   0.00000
C4      CG311   O       OG3C61  1        0.17000 -  -0.17000
C4      CG311   H40     HGA1    1       -0.09000 -   0.09000
C5      CG321   C6      CG321   1        0.00000 -   0.00000
C5      CG321   H41     HGA2    1       -0.09000 -   0.09000
C5      CG321   H42     HGA2    1       -0.09000 -   0.09000
C7      CG311   C6      CG321   1        0.00000 -   0.00000
C6      CG321   H43     HGA2    1       -0.09000 -   0.09000
C6      CG321   H44     HGA2    1       -0.09000 -   0.09000
C7      CG311   C8      CG311   1        0.00000 -   0.00000
C7      CG311   C26     CG311   1        0.00000 -   0.00000
C7      CG311   H45     HGA1    1       -0.09000 -   0.09000
C9      CG2R61  C8      CG311   1        0.00000 -   0.00000
C8      CG311   N15     NG311   1        0.24000 -  -0.24000
C8      CG311   H46     HGA1    1       -0.09000 -   0.09000
C9      CG2R61  C10     CG2R61  2        0.00000 -   0.00000
C9      CG2R61  C14     CG2R61  1        0.00000 -   0.00000
C10     CG2R61  C11     CG2R61  1        0.00000 -   0.00000
C10     CG2R61  H47     HGR61   1       -0.11500 -   0.11500
C11     CG2R61  C12     CG2R61  2        0.00000 -   0.00000
C11     CG2R61  H48     HGR61   1       -0.11500 -   0.11500
C12     CG2R61  C13     CG2R61  1        0.00000 -   0.00000
C12     CG2R61  H49     HGR61   1       -0.11500 -   0.11500
C13     CG2R61  C14     CG2R61  2        0.00000 -   0.00000
C13     CG2R61  H50     HGR61   1       -0.11500 -   0.11500
C14     CG2R61  H51     HGR61   1       -0.11500 -   0.11500
C16     CG2DC2  N15     NG311   1        0.13500 -  -0.13500
H52     HGPAM1  N15     NG311   1        0.42000 -  -0.42000
C16     CG2DC2  C17     CG2R61  1        0.00000 -   0.00000
C16     CG2DC2  C25     CG2DC2  2        0.00000 -   0.00000
C17     CG2R61  C18     CG2R61  2        0.00000 -   0.00000
C17     CG2R61  H53     HGR62   1       -0.12000 -   0.12000
C18     CG2R61  C19     CG2R61  1        0.00000 -   0.00000
C18     CG2R61  H54     HGR61   1       -0.11500 -   0.11500
C19     CG2R61  C20     CG302   1        0.00000 -   0.00000
C19     CG2R61  C24     CG2R61  2        0.00000 -   0.00000
C20     CG302   F       FGA3    1        0.14000 -  -0.14000
C20     CG302   F22     FGA3    1        0.14000 -  -0.14000
C20     CG302   F23     FGA3    1        0.14000 -  -0.14000
C25     CG2DC2  C24     CG2R61  1        0.00000 -   0.00000
C24     CG2R61  H55     HGR61   1       -0.11500 -   0.11500
C25     CG2DC2  C26     CG311   1        0.16500 -  -0.16500
C26     CG311   O       OG3C61  1        0.17000 -  -0.17000
C26     CG311   H56     HGA1    1       -0.09000 -   0.09000
O29     OG2P1   S       SG3O2   2       -0.42000 -   0.42000
O30     OG2P1   S       SG3O2   2       -0.42000 -   0.42000
C31     CG321   S       SG3O2   1        0.22000 -  -0.22000
C31     CG321   C32     CG321   1        0.00000 -   0.00000
C31     CG321   H57     HGA2    1       -0.09000 -   0.09000
C31     CG321   H58     HGA2    1       -0.09000 -   0.09000
C32     CG321   C33     CG324   1        0.00000 -   0.00000
C32     CG321   H59     HGA2    1       -0.09000 -   0.09000
C32     CG321   H60     HGA2    1       -0.09000 -   0.09000
C33     CG324   N34     NG3P3   1        0.31000 -  -0.06000
C33     CG324   H61     HGA2    1       -0.05000 -   0.05000
C33     CG324   H62     HGA2    1       -0.05000 -   0.05000
H63     HGP2    N34     NG3P3   1        0.33000 -  -0.08000
H64     HGP2    N34     NG3P3   1        0.33000 -  -0.08000
H65     HGP2    N34     NG3P3   1        0.33000 -  -0.08000
mol_gmx.pdb Success!
