N      N.2%6A NG2R62 N.2%6(C.3%6(N.3%6(C.3%6)))
C      C.3%6A CG2R64 C.3%6(N.2%6)(N)
N3     N.3%6A NG2R61 N.3%6A(H.1)
C4     C.3%6A CG2R63 C.3%6(O.1)(N.3%6)
O      O.1    OG2D4  O.1(C.3%6(N%6))
C6     C.3%6A CG2R67 C.3%6(C.3%6)(C.3%6)(C.3%6)
C7     C.3%6A CG2R61 C.3%6A
C8     C.3%6A CG2R61 C.3%6A
C9     C.3%6A CG2R61 C.3%6A
C10    C.3%6A CG2R61 C.3%6A
C11    C.3%6A CG2R61 C.3%6A
C12    C.4    CG301  C.4   
C13    C.3%6A,6A CG2R61 C.3%6A
C14    C.3%6A,6A CG2R61 C.3%6A,6A(C.3%6A)(C.3%6A)(C.3%6A)
C15    C.3%6A CG2R61 C.3%6A
C16    C.3%6A CG2R61 C.3%6A
C17    C.3%6A CG2R61 C.3%6A
C18    C.3%6A CG2R61 C.3%6A
C19    C.4    CG331  !C.4(H.1)(H.1)(H.1)
C20    C.4    CG331  !C.4(H.1)(H.1)(H.1)
C21    C.4    CG331  !C.4(H.1)(H.1)(H.1)
H      H.1    HGP1   H.1(N.3%)
H23    H.1    HGR61  H.1(C.3%6)
H24    H.1    HGR61  H.1(C.3%6)
H25    H.1    HGR61  H.1(C.3%6)
H26    H.1    HGR61  H.1(C.3%6)
H27    H.1    HGR61  H.1(C.3%6)
H28    H.1    HGR61  H.1(C.3%6)
H29    H.1    HGR61  H.1(C.3%6)
H30    H.1    HGR61  H.1(C.3%6)
H31    H.1    HGA3   H.1(C.4(H.1)(H.1))
H32    H.1    HGA3   H.1(C.4(H.1)(H.1))
H33    H.1    HGA3   H.1(C.4(H.1)(H.1))
H34    H.1    HGA3   H.1(C.4(H.1)(H.1))
H35    H.1    HGA3   H.1(C.4(H.1)(H.1))
H36    H.1    HGA3   H.1(C.4(H.1)(H.1))
H37    H.1    HGA3   H.1(C.4(H.1)(H.1))
H38    H.1    HGA3   H.1(C.4(H.1)(H.1))
H39    H.1    HGA3   H.1(C.4(H.1)(H.1))
C       CG2R64  N       NG2R62  2        0.31500 -  -0.31500
C13     CG2R61  N       NG2R62  1        0.41000 -  -0.41000
C       CG2R64  N3      NG2R61  1        0.05000 -  -0.05000
C       CG2R64  C6      CG2R67  1        0.20000 -  -0.20000
C4      CG2R63  N3      NG2R61  1        0.05000 -  -0.05000
H       HGP1    N3      NG2R61  1        0.36000 -  -0.36000
C4      CG2R63  O       OG2D4   2        0.49000 -  -0.49000
C14     CG2R61  C4      CG2R63  1       -0.02000 -   0.02000
C7      CG2R61  C6      CG2R67  2        0.00000 -   0.00000
C11     CG2R61  C6      CG2R67  1        0.00000 -   0.00000
C7      CG2R61  C8      CG2R61  1        0.00000 -   0.00000
C7      CG2R61  H23     HGR61   1       -0.11500 -   0.11500
C8      CG2R61  C9      CG2R61  2        0.00000 -   0.00000
C8      CG2R61  H24     HGR61   1       -0.11500 -   0.11500
C9      CG2R61  C10     CG2R61  1        0.00000 -   0.00000
C9      CG2R61  C12     CG301   1        0.00000 -   0.00000
C10     CG2R61  C11     CG2R61  2        0.00000 -   0.00000
C10     CG2R61  H25     HGR61   1       -0.11500 -   0.11500
C11     CG2R61  H26     HGR61   1       -0.11500 -   0.11500
C12     CG301   C19     CG331   1        0.00000 -   0.00000
C12     CG301   C20     CG331   1        0.00000 -   0.00000
C12     CG301   C21     CG331   1        0.00000 -   0.00000
C13     CG2R61  C14     CG2R61  2        0.00000 -   0.00000
C13     CG2R61  C18     CG2R61  1        0.00000 -   0.00000
C14     CG2R61  C15     CG2R61  1        0.00000 -   0.00000
C15     CG2R61  C16     CG2R61  2        0.00000 -   0.00000
C15     CG2R61  H27     HGR61   1       -0.11500 -   0.11500
C16     CG2R61  C17     CG2R61  1        0.00000 -   0.00000
C16     CG2R61  H28     HGR61   1       -0.11500 -   0.11500
C17     CG2R61  C18     CG2R61  2        0.00000 -   0.00000
C17     CG2R61  H29     HGR61   1       -0.11500 -   0.11500
C18     CG2R61  H30     HGR61   1       -0.11500 -   0.11500
C19     CG331   H31     HGA3    1       -0.09000 -   0.09000
C19     CG331   H32     HGA3    1       -0.09000 -   0.09000
C19     CG331   H33     HGA3    1       -0.09000 -   0.09000
C20     CG331   H34     HGA3    1       -0.09000 -   0.09000
C20     CG331   H35     HGA3    1       -0.09000 -   0.09000
C20     CG331   H36     HGA3    1       -0.09000 -   0.09000
C21     CG331   H37     HGA3    1       -0.09000 -   0.09000
C21     CG331   H38     HGA3    1       -0.09000 -   0.09000
C21     CG331   H39     HGA3    1       -0.09000 -   0.09000
mol.mol2 Success!
