C      C.3%6A CG2R67 C.3%6(C.3%6)(C.3%6)(C.3%6)
C2     C.3%6A CG2R61 C.3%6A
C3     C.3%6A CG2R61 C.3%6A
C4     C.3%6A CG2R61 C.3%6A
C5     C.3%6A,5A CG2RC0 C.3%6,5(C.3%6,5)(C.3%6)
C6     C.3%6A,5A CG2RC0 C.3%6,5(C.3%6,5)(C.3%6)
C7     C.3%5A CG2R52 C.3%5(=N.2%5)
N      N.2%5A NG2R50 N.2%5 
N9     N.3%5A NG2R51 N.3%5A(C.3%5)
C10    C.4    CG321  C.4(H.1)(H.1)
C11    C.3%6A CG2R61 C.3%6A
C12    C.3%6A CG2R61 C.3%6A
C13    C.3%6A CG2R61 C.3%6A
C14    C.3%6A CG2R61 C.3%6A
C15    C.3%6A CG2R61 C.3%6A
C16    C.3%6A CG2R61 C.3%6A
C17    C.3%6A CG2R61 C.3%6A
C18    C.3%5A CG2R51 C.3%5 
C19    C.3%5A CG2R51 C.3%5 
N20    N.3%5A NG2R51 N.3%5A(C.3%5)
N21    N.2%5A NG2R50 N.2%5 
C22    C.3%5A CG2R52 C.3%5(=N.2%5)
C23    C.4    CG331  !C.4(H.1)(H.1)(H.1)
N24    N.2%6A NG2R60 N.2%6 
C25    C.3%6A CG2R61 C.3%6A
C26    C.3%6A CG2R61 C.3%6A
C27    C.3%6A CG2R61 C.3%6A
C28    C.3%6A CG2R61 C.3%6A
N29    N.3    NG2S3  !N.3(H.1)(H.1)(C.3%6)
H      H.1    HGR61  H.1(C.3%6)
H31    H.1    HGR61  H.1(C.3%6)
H32    H.1    HGR61  H.1(C.3%6)
H33    H.1    HGP1   H.1(N.3%5)
H34    H.1    HGA2   H.1(C.4(H.1))
H35    H.1    HGA2   H.1(C.4(H.1))
H36    H.1    HGR61  H.1(C.3%6)
H37    H.1    HGR61  H.1(C.3%6)
H38    H.1    HGR61  H.1(C.3%6)
H39    H.1    HGR61  H.1(C.3%6)
H40    H.1    HGR52  H.1(C.3%5([^C]%5))
H41    H.1    HGR52  H.1(C.3%5([^C]%5))
H42    H.1    HGA3   H.1(C.4(H.1)(H.1))
H43    H.1    HGA3   H.1(C.4(H.1)(H.1))
H44    H.1    HGA3   H.1(C.4(H.1)(H.1))
H45    H.1    HGR62  H.1(C.3%6A([^C]%6A))
H46    H.1    HGR61  H.1(C.3%6)
H47    H.1    HGR61  H.1(C.3%6)
H48    H.1    HGP4   H.1(!N.3(H.1)(C.3%6))
H49    H.1    HGP4   H.1(!N.3(H.1)(C.3%6))
C2      CG2R61  C       CG2R67  2        0.00000 -   0.00000
C4      CG2R61  C       CG2R67  1        0.00000 -   0.00000
C11     CG2R61  C       CG2R67  1        0.00000 -   0.00000
C2      CG2R61  C6      CG2RC0  1        0.00000 -   0.00000
C2      CG2R61  H       HGR61   1       -0.11500 -   0.11500
C3      CG2R61  C4      CG2R61  2        0.00000 -   0.00000
C3      CG2R61  C5      CG2RC0  1        0.00000 -   0.00000
C3      CG2R61  H31     HGR61   1       -0.11500 -   0.11500
C4      CG2R61  H32     HGR61   1       -0.11500 -   0.11500
C5      CG2RC0  C6      CG2RC0  2        0.00000 -   0.00000
C5      CG2RC0  N9      NG2R51  1        0.15000 -  -0.15000
C7      CG2R52  C6      CG2RC0  1        0.02500 -  -0.02500
C7      CG2R52  N       NG2R50  2        0.25000 -  -0.25000
C7      CG2R52  C10     CG321   1       -0.11000 -   0.11000
N       NG2R50  N9      NG2R51  1       -0.32000 -   0.32000
H33     HGP1    N9      NG2R51  1          0.370 -   -0.3700
C12     CG2R61  C10     CG321   1        0.00000 -   0.00000
C10     CG321   H34     HGA2    1       -0.09000 -   0.09000
C10     CG321   H35     HGA2    1       -0.09000 -   0.09000
C11     CG2R61  N24     NG2R60  2        0.30000 -  -0.30000
C11     CG2R61  C28     CG2R61  1        0.00000 -   0.00000
C12     CG2R61  C13     CG2R61  2        0.00000 -   0.00000
C12     CG2R61  C17     CG2R61  1        0.00000 -   0.00000
C13     CG2R61  C14     CG2R61  1        0.00000 -   0.00000
C13     CG2R61  H36     HGR61   1       -0.11500 -   0.11500
C14     CG2R61  C15     CG2R61  2        0.00000 -   0.00000
C14     CG2R61  H37     HGR61   1       -0.11500 -   0.11500
C15     CG2R61  C16     CG2R61  1        0.00000 -   0.00000
C18     CG2R51  C15     CG2R61  1       -0.03000 -   0.03000
C16     CG2R61  C17     CG2R61  2        0.00000 -   0.00000
C16     CG2R61  H38     HGR61   1       -0.11500 -   0.11500
C17     CG2R61  H39     HGR61   1       -0.11500 -   0.11500
C18     CG2R51  C19     CG2R51  2       -0.08000 -   0.08000
C18     CG2R51  C22     CG2R52  1       -0.02000 -   0.02000
C19     CG2R51  N20     NG2R51  1        0.04000 -  -0.04000
C19     CG2R51  H40     HGR52   1       -0.10000 -   0.10000
N21     NG2R50  N20     NG2R51  1       -0.32000 -   0.32000
C23     CG331   N20     NG2R51  1        0.00000 -   0.00000
C22     CG2R52  N21     NG2R50  2        0.25000 -  -0.25000
C22     CG2R52  H41     HGR52   1       -0.27000 -   0.27000
C23     CG331   H42     HGA3    1       -0.09000 -   0.09000
C23     CG331   H43     HGA3    1       -0.09000 -   0.09000
C23     CG331   H44     HGA3    1       -0.09000 -   0.09000
C25     CG2R61  N24     NG2R60  1        0.30000 -  -0.30000
C25     CG2R61  C26     CG2R61  2        0.00000 -   0.00000
C25     CG2R61  H45     HGR62   1       -0.12000 -   0.12000
C26     CG2R61  C27     CG2R61  1        0.00000 -   0.00000
C26     CG2R61  H46     HGR61   1       -0.11500 -   0.11500
C27     CG2R61  C28     CG2R61  2        0.00000 -   0.00000
C27     CG2R61  N29     NG2S3   1        0.07000 -  -0.07000
C28     CG2R61  H47     HGR61   1       -0.11500 -   0.11500
H48     HGP4    N29     NG2S3   1        0.40000 -  -0.40000
H49     HGP4    N29     NG2S3   1        0.40000 -  -0.40000
mol.mol2 Success!
