C      C.4    CG334  !C.4(H.1)(H.1)(H.1)(N+)
N      N.4    NG3P1  N.4(H.1)
C3     C.4    CG334  !C.4(H.1)(H.1)(H.1)(N+)
C4     C.4    CG324  C.4(H.1)(H.1)(N+)
C5     C.4    CG321  C.4(H.1)(H.1)
C6     C.4    CG321  C.4(H.1)(H.1)
C7     C.3    CG2O1  !C.3(O.1)(N.3)
O      O.1    OG2D1  O.1(C.3)
N9     N.3    NG2S1  !N.3(H.1)(C.3(!O.1))
C10    C.4    CG321  C.4(H.1)(H.1)
C11    C.4%6N CG311  C.4(H.1)
C12    C.4%6N CG321  C.4(H.1)(H.1)
C13    C.4%6N CG321  C.4(H.1)(H.1)
C14    C.4%6N,6N CG311  C.4(H.1)
C15    C.4%6N CG311  C.4(H.1)
C16    C.3%6A CG2R61 C.3%6A
C17    C.3%6A CG2R61 C.3%6A
C18    C.3%6A CG2R61 C.3%6A
C19    C.3%6A CG2R61 C.3%6A
C20    C.3%6A CG2R61 C.3%6A
C21    C.3%6A CG2R61 C.3%6A
N22    N.3%6N NG311  N.3(H.1)
C23    C.3%6N,6A CG2DC? C.3%*N(=C.3)(C.3(=C.3))
C24    C.3%6A CG2R66 C.3%6(F.1)
F      F.1    FGR1   F.1(C.3%)
C26    C.3%6A CG2R61 C.3%6A
C27    C.3%6A CG2R61 C.3%6A
BR     BR.1   BRGR1  BR.1(C.3%6)
C29    C.3%6A CG2R61 C.3%6A
C30    C.3%6N,6A CG2DC? C.3%*N(=C.3)(C.3(=C.3))
C31    C.4%6N,6N CG311  C.4(H.1)
O32    O.2%6N OG3C61 O.2%6N
H      H.1    HGP5   H.1(!C.4(!N.4(!C.4)(!C.4)))
H34    H.1    HGP5   H.1(!C.4(!N.4(!C.4)(!C.4)))
H35    H.1    HGP5   H.1(!C.4(!N.4(!C.4)(!C.4)))
H36    H.1    HGP5   H.1(!C.4(!N.4(!C.4)(!C.4)))
H37    H.1    HGP5   H.1(!C.4(!N.4(!C.4)(!C.4)))
H38    H.1    HGP5   H.1(!C.4(!N.4(!C.4)(!C.4)))
H39    H.1    HGP5   H.1(!C.4(!N.4(!C.4)(!C.4)))
H40    H.1    HGP5   H.1(!C.4(!N.4(!C.4)(!C.4)))
H41    H.1    HGA2   H.1(C.4(H.1))
H42    H.1    HGA2   H.1(C.4(H.1))
H43    H.1    HGA2   H.1(C.4(H.1))
H44    H.1    HGA2   H.1(C.4(H.1))
H45    H.1    HGP1   H.1(!N.3)
H46    H.1    HGA2   H.1(C.4(H.1))
H47    H.1    HGA2   H.1(C.4(H.1))
H48    H.1    HGA1   H.1(C.4)
H49    H.1    HGA2   H.1(C.4(H.1))
H50    H.1    HGA2   H.1(C.4(H.1))
H51    H.1    HGA2   H.1(C.4(H.1))
H52    H.1    HGA2   H.1(C.4(H.1))
H53    H.1    HGA1   H.1(C.4)
H54    H.1    HGA1   H.1(C.4)
H55    H.1    HGR61  H.1(C.3%6)
H56    H.1    HGR61  H.1(C.3%6)
H57    H.1    HGR61  H.1(C.3%6)
H58    H.1    HGR61  H.1(C.3%6)
H59    H.1    HGR61  H.1(C.3%6)
H60    H.1    HGPAM1 H.1(N.3(C.3%6(C.3%6(C.4%6))))
H61    H.1    HGR62  H.1(C.3%6(C.3%6(F|CL|BR|I.1)))
H62    H.1    HGR62  H.1(C.3%6(C.3%6(F|CL|BR|I.1)))
H63    H.1    HGA1   H.1(C.4)
H64    H.1    HGP2   H.1(N.4)
C26     CG2R61  H61     HGR62   1         -0.150 -     0.150
BR      BRGR1   C27     CG2R61  1       -0.10000 -   0.10000
C26     CG2R61  C27     CG2R61  2        0.09000 -  -0.09000
C26     CG2R61  C24     CG2R66  1        0.00000 -   0.00000
C24     CG2R66  F       FGR1    1        0.21000 -  -0.21000
C27     CG2R61  C29     CG2R61  1       -0.09000 -   0.09000
C20     CG2R61  H58     HGR61   1       -0.11500 -   0.11500
C23     CG2DC1  C24     CG2R66  2       -0.04000 -   0.04000
C21     CG2R61  H59     HGR61   1       -0.11500 -   0.11500
C29     CG2R61  H62     HGR62   1         -0.150 -     0.150
C30     CG2DC2  C29     CG2R61  2        0.00000 -   0.00000
C23     CG2DC1  C30     CG2DC2  1        0.00000 -   0.00000
C23     CG2DC1  N22     NG311   1        0.13500 -  -0.13500
C20     CG2R61  C21     CG2R61  1        0.00000 -   0.00000
C20     CG2R61  C19     CG2R61  2        0.00000 -   0.00000
C14     CG311   H53     HGA1    1       -0.09000 -   0.09000
C21     CG2R61  C16     CG2R61  2        0.00000 -   0.00000
H60     HGPAM1  N22     NG311   1        0.42000 -  -0.42000
C30     CG2DC2  C31     CG311   1        0.16500 -  -0.16500
C15     CG311   N22     NG311   1        0.24000 -  -0.24000
C31     CG311   H63     HGA1    1       -0.09000 -   0.09000
C19     CG2R61  H57     HGR61   1       -0.11500 -   0.11500
C19     CG2R61  C18     CG2R61  1        0.00000 -   0.00000
C14     CG311   C31     CG311   1        0.00000 -   0.00000
C14     CG311   C15     CG311   1        0.00000 -   0.00000
C14     CG311   C13     CG321   1        0.00000 -   0.00000
C31     CG311   O32     OG3C61  1        0.17000 -  -0.17000
C16     CG2R61  C15     CG311   1        0.00000 -   0.00000
C16     CG2R61  C17     CG2R61  1        0.00000 -   0.00000
C15     CG311   H54     HGA1    1       -0.09000 -   0.09000
C13     CG321   H51     HGA2    1       -0.09000 -   0.09000
C13     CG321   H52     HGA2    1       -0.09000 -   0.09000
C13     CG321   C12     CG321   1        0.00000 -   0.00000
C18     CG2R61  C17     CG2R61  2        0.00000 -   0.00000
C18     CG2R61  H56     HGR61   1       -0.11500 -   0.11500
C17     CG2R61  H55     HGR61   1       -0.11500 -   0.11500
C11     CG311   O32     OG3C61  1        0.17000 -  -0.17000
C11     CG311   H48     HGA1    1       -0.09000 -   0.09000
C11     CG311   C12     CG321   1        0.00000 -   0.00000
C11     CG311   C10     CG321   1        0.00000 -   0.00000
C12     CG321   H50     HGA2    1       -0.09000 -   0.09000
C12     CG321   H49     HGA2    1       -0.09000 -   0.09000
C10     CG321   H46     HGA2    1       -0.09000 -   0.09000
C10     CG321   H47     HGA2    1       -0.09000 -   0.09000
C10     CG321   N9      NG2S1   1        0.00000 -   0.00000
H45     HGP1    N9      NG2S1   1        0.31000 -  -0.31000
C7      CG2O1   N9      NG2S1   1        0.00000 -   0.00000
C7      CG2O1   O       OG2D1   2        0.51000 -  -0.51000
C7      CG2O1   C6      CG321   1        0.00000 -   0.00000
C6      CG321   H43     HGA2    1       -0.09000 -   0.09000
C5      CG321   H41     HGA2    1       -0.09000 -   0.09000
C6      CG321   C5      CG321   1        0.00000 -   0.00000
C6      CG321   H44     HGA2    1       -0.09000 -   0.09000
C5      CG321   H42     HGA2    1       -0.09000 -   0.09000
C5      CG321   C4      CG324   1        0.00000 -   0.00000
C4      CG324   H39     HGP5    1       -0.25000 -   0.25000
C4      CG324   H40     HGP5    1       -0.25000 -   0.25000
C4      CG324   N       NG3P1   1        0.33000 -  -0.08000
C       CG334   H34     HGP5    1       -0.25000 -   0.25000
H64     HGP2    N       NG3P1   1        0.32000 -  -0.07000
C       CG334   N       NG3P1   1        0.42000 -  -0.17000
C3      CG334   N       NG3P1   1        0.42000 -  -0.17000
C       CG334   H       HGP5    1       -0.25000 -   0.25000
C       CG334   H35     HGP5    1       -0.25000 -   0.25000
C3      CG334   H38     HGP5    1       -0.25000 -   0.25000
C3      CG334   H36     HGP5    1       -0.25000 -   0.25000
C3      CG334   H37     HGP5    1       -0.25000 -   0.25000
mol_clean Success!
