C      C.3%6A CG2R67 C.3%6(C.3%6)(C.3%6)(C.3%6)
C2     C.3%6A CG2R61 C.3%6A
C3     C.3%6A CG2R61 C.3%6A
C4     C.3%6A CG2R61 C.3%6A
C5     C.3%6A CG2R61 C.3%6A
N      N.2%6A NG2R62 N.2%6(C.3%6(N.3%6(C.3%6)))
C7     C.3%6A CG2R61 C.3%6A
C8     C.4    CG301  C.4   
C9     C.3%6A CG2R63 C.3%6(O.1)(N.3%6)
N10    N.3%6A NG2R61 N.3%6A(H.1)
C11    C.3%6A CG2R64 C.3%6(N.2%6)(N)
O      O.1    OG2D4  O.1(C.3%6(N%6))
C13    C.4    CG331  !C.4(H.1)(H.1)(H.1)
O14    O.2    OG311  !O.2(!H.1)
C15    C.4    CG331  !C.4(H.1)(H.1)(H.1)
C16    C.3%6A,6A CG2R61 C.3%6A
C17    C.3%6A,6A CG2R62 C.3%6(C.3%6([^C]%6))(C.3%6([^C]%6))
C18    C.3%6A CG2R66 C.3%6(F.1)
C19    C.3%6A CG2R61 C.3%6A
C20    C.3%6A CG2R61 C.3%6A
C21    C.3%6A CG2R66 C.3%6(F.1)
F      F.1    FGR1   F.1(C.3%)
F23    F.1    FGR1   F.1(C.3%)
H      H.1    HGR61  H.1(C.3%6)
H25    H.1    HGR61  H.1(C.3%6)
H26    H.1    HGR61  H.1(C.3%6)
H27    H.1    HGR61  H.1(C.3%6)
H28    H.1    HGP1   H.1(N.3%)
H29    H.1    HGA3   H.1(C.4(H.1)(H.1))
H30    H.1    HGA3   H.1(C.4(H.1)(H.1))
H31    H.1    HGA3   H.1(C.4(H.1)(H.1))
H32    H.1    HGP1   H(O.2)
H33    H.1    HGA3   H.1(C.4(H.1)(H.1))
H34    H.1    HGA3   H.1(C.4(H.1)(H.1))
H35    H.1    HGA3   H.1(C.4(H.1)(H.1))
H36    H.1    HGR62  H.1(C.3%6(C.3%6(F|CL|BR|I.1)))
H37    H.1    HGR62  H.1(C.3%6(C.3%6(F|CL|BR|I.1)))
C2      CG2R61  C       CG2R67  2        0.00000 -   0.00000
C3      CG2R61  C       CG2R67  1        0.00000 -   0.00000
C11     CG2R64  C       CG2R67  1        0.20000 -  -0.20000
C2      CG2R61  C4      CG2R61  1        0.00000 -   0.00000
C2      CG2R61  H       HGR61   1       -0.11500 -   0.11500
C3      CG2R61  C5      CG2R61  2        0.00000 -   0.00000
C3      CG2R61  H25     HGR61   1       -0.11500 -   0.11500
C4      CG2R61  C7      CG2R61  2        0.00000 -   0.00000
C4      CG2R61  H26     HGR61   1       -0.11500 -   0.11500
C5      CG2R61  C7      CG2R61  1        0.00000 -   0.00000
C5      CG2R61  H27     HGR61   1       -0.11500 -   0.11500
C11     CG2R64  N       NG2R62  2        0.31500 -  -0.31500
C16     CG2R61  N       NG2R62  1        0.41000 -  -0.41000
C7      CG2R61  C8      CG301   1        0.00000 -   0.00000
C8      CG301   C13     CG331   1        0.00000 -   0.00000
C8      CG301   O14     OG311   1        0.23000 -  -0.23000
C8      CG301   C15     CG331   1        0.00000 -   0.00000
C9      CG2R63  N10     NG2R61  1        0.05000 -  -0.05000
C9      CG2R63  O       OG2D4   2        0.49000 -  -0.49000
C17     CG2R62  C9      CG2R63  1        0.00000 -   0.00000
C11     CG2R64  N10     NG2R61  1        0.05000 -  -0.05000
H28     HGP1    N10     NG2R61  1        0.36000 -  -0.36000
C13     CG331   H29     HGA3    1       -0.09000 -   0.09000
C13     CG331   H30     HGA3    1       -0.09000 -   0.09000
C13     CG331   H31     HGA3    1       -0.09000 -   0.09000
H32     HGP1    O14     OG311   1        0.42000 -  -0.42000
C15     CG331   H33     HGA3    1       -0.09000 -   0.09000
C15     CG331   H34     HGA3    1       -0.09000 -   0.09000
C15     CG331   H35     HGA3    1       -0.09000 -   0.09000
C16     CG2R61  C17     CG2R62  2        0.00000 -   0.00000
C16     CG2R61  C21     CG2R66  1        0.00000 -   0.00000
C17     CG2R62  C18     CG2R66  1       -0.01000 -   0.01000
C19     CG2R61  C18     CG2R66  2        0.00000 -   0.00000
C18     CG2R66  F23     FGR1    1        0.21000 -  -0.21000
C19     CG2R61  C20     CG2R61  1        0.00000 -   0.00000
C19     CG2R61  H36     HGR62   1         -0.150 -     0.150
C20     CG2R61  C21     CG2R66  2        0.00000 -   0.00000
C20     CG2R61  H37     HGR62   1         -0.120 -     0.120
C21     CG2R66  F       FGR1    1        0.21500 -  -0.21500
mol.mol2 Success!
