C      C.4    CG331  !C.4(H.1)(H.1)(H.1)
O      O.2    OG301  O.2   
C3     C.3%6A CG2R61 C.3%6A
C4     C.3%6A CG2R61 C.3%6A
C5     C.3%6A CG2R61 C.3%6A
C6     C.3%6A CG2R61 C.3%6A
N      N.3    NG311  N.3(H.1)
C8     C.3%6A CG2R64 C.3%6(N.2%6)(N)
N9     N.2%6A NG2R60 N.2%6 
C10    C.3%6A CG2R61 C.3%6A
C11    C.3%6A CG2R62 C.3%6(N.3%6)
N12    N.3%6A,5A NG2RC0 N.3%5,6(C.3%6)
C13    C.3%5A CG2R51 C.3%5 
C14    C.3%5A CG2R51 C.3%5 
N15    N.2%5A NG2R50 N.2%5 
C16    C.3%6A,5A CG2RC0 C.3%6,5([^C]%6)([^C]%5)
C17    C.3%6A CG2R67 C.3%6(C.3%6)(C.3%6)(C.3%6)
C18    C.3%6A CG2R61 C.3%6A
C19    C.3%6A CG2R61 C.3%6A
C20    C.3%6A CG2R61 C.3%6A
C21    C.3%6A CG2R61 C.3%6A
C22    C.3%6A CG2R61 C.3%6A
C23    C.3    CG2O1  !C.3(O.1)(N.3)
O24    O.1    OG2D1  O.1(C.3)
N25    N.3    NG2S1  !N.3(H.1)(C.3(!O.1))
C26    C.3%6A CG2R61 C.3%6A
C27    C.3%6A CG2R61 C.3%6A
C28    C.3%6A CG2R61 C.3%6A
C29    C.3%6A CG2R61 C.3%6A
C30    C.3%6A CG2R61 C.3%6A
C31    C.3%6A CG2R61 C.3%6A
C32    C.3%5A CG2R51 C.3%5 
C33    C.3%5A CG2R51 C.3%5 
C34    C.3%5A CG2R52 C.3%5(=N.2%5)
N35    N.2%5A NG2R50 N.2%5 
N36    N.3%5A NG2R51 N.3%5A(C.3%5)
C37    C.3%6A CG2R61 C.3%6A
C38    C.3%6A CG2R61 C.3%6A
O39    O.2    OG301  O.2   
C40    C.4    CG331  !C.4(H.1)(H.1)(H.1)
H      H.1    HGA3   H.1(C.4(H.1)(H.1))
H42    H.1    HGA3   H.1(C.4(H.1)(H.1))
H43    H.1    HGA3   H.1(C.4(H.1)(H.1))
H44    H.1    HGR61  H.1(C.3%6)
H45    H.1    HGR61  H.1(C.3%6)
H46    H.1    HGP1   H.1(!N.3)
H47    H.1    HGR62  H.1(C.3%6A([^C]%6A))
H48    H.1    HGR52  H.1(C.3%5([^C]%5))
H49    H.1    HGR52  H.1(C.3%5([^C]%5))
H50    H.1    HGR61  H.1(C.3%6)
H51    H.1    HGR61  H.1(C.3%6)
H52    H.1    HGR61  H.1(C.3%6)
H53    H.1    HGR61  H.1(C.3%6)
H54    H.1    HGP1   H.1(!N.3)
H55    H.1    HGR61  H.1(C.3%6)
H56    H.1    HGR61  H.1(C.3%6)
H57    H.1    HGR61  H.1(C.3%6)
H58    H.1    HGR61  H.1(C.3%6)
H59    H.1    HGR51  H.1(C.3%5)
H60    H.1    HGR52  H.1(C.3%5([^C]%5))
H61    H.1    HGP1   H.1(N.3%5)
H62    H.1    HGR61  H.1(C.3%6)
H63    H.1    HGA3   H.1(C.4(H.1)(H.1))
H64    H.1    HGA3   H.1(C.4(H.1)(H.1))
H65    H.1    HGA3   H.1(C.4(H.1)(H.1))
C       CG331   O       OG301   1        0.17000 -  -0.17000
C       CG331   H       HGA3    1       -0.09000 -   0.09000
C       CG331   H42     HGA3    1       -0.09000 -   0.09000
C       CG331   H43     HGA3    1       -0.09000 -   0.09000
C3      CG2R61  O       OG301   1        0.21500 -  -0.21500
C3      CG2R61  C4      CG2R61  2        0.00000 -   0.00000
C3      CG2R61  C38     CG2R61  1        0.00000 -   0.00000
C4      CG2R61  C5      CG2R61  1        0.00000 -   0.00000
C4      CG2R61  H44     HGR61   1       -0.11500 -   0.11500
C5      CG2R61  C6      CG2R61  2        0.00000 -   0.00000
C5      CG2R61  H45     HGR61   1       -0.11500 -   0.11500
C6      CG2R61  N       NG311   1        0.04000 -  -0.04000
C6      CG2R61  C37     CG2R61  1        0.00000 -   0.00000
C8      CG2R64  N       NG311   1        0.13500 -  -0.13500
H46     HGP1    N       NG311   1        0.35000 -  -0.35000
C8      CG2R64  N9      NG2R60  2        0.30000 -  -0.30000
C8      CG2R64  C16     CG2RC0  1        0.02500 -  -0.02500
C10     CG2R61  N9      NG2R60  1        0.30000 -  -0.30000
C10     CG2R61  C11     CG2R62  2        0.00000 -   0.00000
C10     CG2R61  C17     CG2R67  1        0.00000 -   0.00000
C11     CG2R62  N12     NG2RC0  1        0.29000 -  -0.29000
C11     CG2R62  H47     HGR62   1       -0.17000 -   0.17000
C13     CG2R51  N12     NG2RC0  1        0.04000 -  -0.04000
C16     CG2RC0  N12     NG2RC0  1       -0.05000 -   0.05000
C13     CG2R51  C14     CG2R51  2        0.00000 -   0.00000
C13     CG2R51  H48     HGR52   1         -0.090 -     0.090
C14     CG2R51  N15     NG2R50  1        0.32000 -  -0.32000
C14     CG2R51  H49     HGR52   1       -0.10000 -   0.10000
C16     CG2RC0  N15     NG2R50  2        0.35000 -  -0.35000
C18     CG2R61  C17     CG2R67  1        0.00000 -   0.00000
C22     CG2R61  C17     CG2R67  2        0.00000 -   0.00000
C18     CG2R61  C19     CG2R61  2        0.00000 -   0.00000
C18     CG2R61  H50     HGR61   1       -0.11500 -   0.11500
C19     CG2R61  C20     CG2R61  1        0.00000 -   0.00000
C19     CG2R61  H51     HGR61   1       -0.11500 -   0.11500
C20     CG2R61  C21     CG2R61  2        0.00000 -   0.00000
C20     CG2R61  H52     HGR61   1       -0.11500 -   0.11500
C21     CG2R61  C22     CG2R61  1        0.00000 -   0.00000
C23     CG2O1   C21     CG2R61  1        0.02000 -  -0.02000
C22     CG2R61  H53     HGR61   1       -0.11500 -   0.11500
C23     CG2O1   O24     OG2D1   2        0.51000 -  -0.51000
C23     CG2O1   N25     NG2S1   1        0.00000 -   0.00000
C26     CG2R61  N25     NG2S1   1        0.14000 -  -0.14000
H54     HGP1    N25     NG2S1   1        0.33000 -  -0.33000
C26     CG2R61  C27     CG2R61  2        0.00000 -   0.00000
C26     CG2R61  C31     CG2R61  1        0.00000 -   0.00000
C27     CG2R61  C28     CG2R61  1        0.00000 -   0.00000
C27     CG2R61  H55     HGR61   1       -0.11500 -   0.11500
C28     CG2R61  C29     CG2R61  2        0.00000 -   0.00000
C28     CG2R61  H56     HGR61   1       -0.11500 -   0.11500
C29     CG2R61  C30     CG2R61  1        0.00000 -   0.00000
C32     CG2R51  C29     CG2R61  1       -0.03000 -   0.03000
C30     CG2R61  C31     CG2R61  2        0.00000 -   0.00000
C30     CG2R61  H57     HGR61   1       -0.11500 -   0.11500
C31     CG2R61  H58     HGR61   1       -0.11500 -   0.11500
C32     CG2R51  C33     CG2R51  2        0.08000 -  -0.08000
C32     CG2R51  N36     NG2R51  1        0.04000 -  -0.04000
C33     CG2R51  C34     CG2R52  1       -0.02000 -   0.02000
C33     CG2R51  H59     HGR51   1       -0.15000 -   0.15000
C34     CG2R52  N35     NG2R50  2        0.25000 -  -0.25000
C34     CG2R52  H60     HGR52   1         -0.130 -     0.130
N35     NG2R50  N36     NG2R51  1       -0.32000 -   0.32000
H61     HGP1    N36     NG2R51  1          0.330 -    -0.330
C37     CG2R61  C38     CG2R61  2        0.00000 -   0.00000
C37     CG2R61  H62     HGR61   1       -0.11500 -   0.11500
C38     CG2R61  O39     OG301   1        0.21500 -  -0.21500
C40     CG331   O39     OG301   1        0.17000 -  -0.17000
C40     CG331   H63     HGA3    1       -0.09000 -   0.09000
C40     CG331   H64     HGA3    1       -0.09000 -   0.09000
C40     CG331   H65     HGA3    1       -0.09000 -   0.09000
mol_gmx.pdb Success!
