N      N.3%6N NG301  N.3%6N
C      C.4%6N CG321  C.4(H.1)(H.1)
C3     C.4%6N CG321  C.4(H.1)(H.1)
C4     C.4%6N CG314  C.4(H.1)(N+)
C5     C.4%6N CG321  C.4(H.1)(H.1)
C6     C.4%6N CG321  C.4(H.1)(H.1)
C7     C.3%6A CG2R67 C.3%6(C.3%6)(C.3%6)(C.3%6)
C8     C.3%6A CG2R61 C.3%6A
C9     C.3%6A CG2R61 C.3%6A
C10    C.3%6A CG2R61 C.3%6A
C11    C.3%6A CG2R61 C.3%6A
C12    C.3%6A CG2R61 C.3%6A
C13    C.3%6A CG2R67 C.3%6(C.3%6)(C.3%6)(C.3%6)
C14    C.3%6A CG2R61 C.3%6A
N15    N.2%6A NG2R62 N.2%6(C.3%6(N.2%6))
C16    C.3%6A CG2R64 C.3%6(N.2%6)(N)
N17    N.2%6A NG2R62 N.2%6(C.3%6(N.2%6))
C18    C.3%6A CG2R64 C.3%6(N.2%6)(N)
CL     CL.1   CLGR1  CL.1(C%6)
CL20   CL.1   CLGR1  CL.1(C%6)
N21    N.3    NG2S3  !N.3(H.1)(H.1)(C.3%6)
N22    N.4    NG3P1  N.4(H.1)
H      H.1    HGA2   H.1(C.4(H.1))
H24    H.1    HGA2   H.1(C.4(H.1))
H25    H.1    HGA2   H.1(C.4(H.1))
H26    H.1    HGA2   H.1(C.4(H.1))
H27    H.1    HGA2   H.1(C.4(H.1))
H28    H.1    HGA2   H.1(C.4(H.1))
H29    H.1    HGA2   H.1(C.4(H.1))
H30    H.1    HGA2   H.1(C.4(H.1))
H31    H.1    HGR62  H.1(C.3%6(C.3%6(F|CL|BR|I.1)))
H32    H.1    HGR61  H.1(C.3%6)
H33    H.1    HGR61  H.1(C.3%6)
C34    C.4    CG334  !C.4(H.1)(H.1)(H.1)(N+)
C35    C.4    CG334  !C.4(H.1)(H.1)(H.1)(N+)
H36    H.1    HGP4   H.1(!N.3(H.1)(C.3%6))
H37    H.1    HGR62  H.1(C.3%6A([^C]%6A))
H38    H.1    HGA1   H.1(C.4)
H39    H.1    HGA3   H.1(C.4(H.1)(H.1))
H40    H.1    HGA3   H.1(C.4(H.1)(H.1))
H41    H.1    HGA3   H.1(C.4(H.1)(H.1))
H42    H.1    HGA3   H.1(C.4(H.1)(H.1))
H43    H.1    HGA3   H.1(C.4(H.1)(H.1))
H44    H.1    HGA3   H.1(C.4(H.1)(H.1))
H45    H.1    HGP2   H.1(N.4)
H46    H.1    HGP4   H.1(!N.3(H.1)(C.3%6))
C6      CG321   H30     HGA2    1       -0.09000 -   0.09000
C6      CG321   H29     HGA2    1       -0.09000 -   0.09000
C5      CG321   H27     HGA2    1       -0.09000 -   0.09000
C4      CG314   H38     HGA1    1       -0.09000 -   0.09000
C       CG321   H24     HGA2    1       -0.09000 -   0.09000
C6      CG321   C5      CG321   1        0.00000 -   0.00000
C6      CG321   N       NG301   1        0.21000 -  -0.21000
C35     CG334   H42     HGA3    1       -0.09000 -   0.09000
C4      CG314   C5      CG321   1        0.00000 -   0.00000
C5      CG321   H28     HGA2    1       -0.09000 -   0.09000
C       CG321   N       NG301   1        0.21000 -  -0.21000
C16     CG2R64  N       NG301   1        0.05000 -  -0.05000
C4      CG314   C3      CG321   1        0.00000 -   0.00000
C35     CG334   H44     HGA3    1       -0.09000 -   0.09000
C       CG321   H       HGA2    1       -0.09000 -   0.09000
C       CG321   C3      CG321   1        0.00000 -   0.00000
C35     CG334   H43     HGA3    1       -0.09000 -   0.09000
C35     CG334   N22     NG3P1   1        0.42000 -  -0.17000
C34     CG334   H39     HGA3    1       -0.09000 -   0.09000
C16     CG2R64  N15     NG2R62  2        0.31500 -  -0.31500
C14     CG2R61  N15     NG2R62  1        0.41000 -  -0.41000
C16     CG2R64  N17     NG2R62  1        0.31500 -  -0.31500
C12     CG2R61  H33     HGR61   1       -0.11500 -   0.11500
C3      CG321   H25     HGA2    1       -0.09000 -   0.09000
C3      CG321   H26     HGA2    1       -0.09000 -   0.09000
C14     CG2R61  H37     HGR62   1       -0.12000 -   0.12000
C34     CG334   N22     NG3P1   1        0.42000 -  -0.17000
H45     HGP2    N22     NG3P1   1        0.32000 -  -0.07000
C14     CG2R61  C13     CG2R67  2        0.00000 -   0.00000
C34     CG334   H40     HGA3    1       -0.09000 -   0.09000
C34     CG334   H41     HGA3    1       -0.09000 -   0.09000
C18     CG2R64  N17     NG2R62  2        0.31500 -  -0.31500
C11     CG2R61  H32     HGR61   1       -0.11500 -   0.11500
C12     CG2R61  C11     CG2R61  1        0.00000 -   0.00000
C12     CG2R61  C7      CG2R67  2        0.00000 -   0.00000
C18     CG2R64  C13     CG2R67  1        0.20000 -  -0.20000
C13     CG2R67  C7      CG2R67  1        0.00000 -   0.00000
C18     CG2R64  N21     NG2S3   1        0.01000 -  -0.01000
C11     CG2R61  C10     CG2R61  2        0.00000 -   0.00000
C8      CG2R61  C7      CG2R67  1        0.00000 -   0.00000
H36     HGP4    N21     NG2S3   1        0.38000 -  -0.38000
H46     HGP4    N21     NG2S3   1        0.38000 -  -0.38000
C10     CG2R61  H31     HGR62   1         -0.150 -     0.150
C10     CG2R61  C9      CG2R61  1        0.00000 -   0.00000
C8      CG2R61  C9      CG2R61  2        0.00000 -   0.00000
C8      CG2R61  CL20    CLGR1   1        0.13000 -  -0.13000
C9      CG2R61  CL      CLGR1   1        0.13000 -  -0.13000
The Following Bonds Could Not be Charged!
Name    Type    Name    Type    Bond Type
C4      CG314   N22     NG3P1   1      
