F      F.1    FGA3   F.1(!C.4(F.1)(F.1))
C      C.4    CG302  C.4(F.1)(F.1)(F.1)
F3     F.1    FGA3   F.1(!C.4(F.1)(F.1))
F4     F.1    FGA3   F.1(!C.4(F.1)(F.1))
C5     C.3%6A CG2R61 C.3%6A
C6     C.3%6A CG2R61 C.3%6A
C7     C.3%6A CG2R61 C.3%6A
C8     C.3%6A,6N CG2DC? C.3%*N(=C.3)(C.3(=C.3))
C9     C.3%6A,6N CG2DC? C.3%*N(=C.3)(C.3(=C.3))
C10    C.3%6A CG2R61 C.3%6A
C11    C.4%6N,6N CG311  C.4(H.1)
O      O.2%6N OG3C61 O.2%6N
C13    C.4%6N CG311  C.4(H.1)
C14    C.4    CG321  C.4(H.1)(H.1)
N      N.3%5A NG2R51 N.3%5A(C.3%5)
C16    C.3%5A CG2R53 C.3%5(N.2%5)(^C%5)
N17    N.2%5A NG2R50 N.2%5 
C18    C.3%5A CG2R53 C.3%5(N.2%5)(^C%5)
N19    N.2%5A NG2R50 N.2%5 
C20    C.4%6N CG321  C.4(H.1)(H.1)
C21    C.4%6N CG321  C.4(H.1)(H.1)
C22    C.4%6N,6N CG311  C.4(H.1)
C23    C.4%6N CG311  C.4(H.1)
C24    C.3%6A CG2R61 C.3%6A
C25    C.3%6A CG2R61 C.3%6A
C26    C.3%6A CG2R61 C.3%6A
C27    C.3%6A CG2R61 C.3%6A
C28    C.3%6A CG2R61 C.3%6A
C29    C.3%6A CG2R61 C.3%6A
N30    N.3%6N NG311  N.3(H.1)
H      H.1    HGR61  H.1(C.3%6)
H32    H.1    HGR62  H.1(C.3%6(C.3%6(N.3%6)))
H33    H.1    HGR61  H.1(C.3%6)
H34    H.1    HGA1   H.1(C.4)
H35    H.1    HGA1   H.1(C.4)
H36    H.1    HGA2   H.1(C.4(H.1))
H37    H.1    HGA2   H.1(C.4(H.1))
H38    H.1    HGR52  H.1(C.3%5([^C]%5))
H39    H.1    HGR52  H.1(C.3%5([^C]%5))
H40    H.1    HGA2   H.1(C.4(H.1))
H41    H.1    HGA2   H.1(C.4(H.1))
H42    H.1    HGA2   H.1(C.4(H.1))
H43    H.1    HGA2   H.1(C.4(H.1))
H44    H.1    HGA1   H.1(C.4)
H45    H.1    HGA1   H.1(C.4)
H46    H.1    HGR61  H.1(C.3%6)
H47    H.1    HGR61  H.1(C.3%6)
H48    H.1    HGR61  H.1(C.3%6)
H49    H.1    HGR61  H.1(C.3%6)
H50    H.1    HGR61  H.1(C.3%6)
H51    H.1    HGPAM1 H.1(N.3(C.3%6(C.3%6(C.4%6))))
C       CG302   F       FGA3    1        0.14000 -  -0.14000
C       CG302   F3      FGA3    1        0.14000 -  -0.14000
C       CG302   F4      FGA3    1        0.14000 -  -0.14000
C5      CG2R61  C       CG302   1        0.00000 -   0.00000
C5      CG2R61  C6      CG2R61  1        0.00000 -   0.00000
C5      CG2R61  C10     CG2R61  2        0.00000 -   0.00000
C6      CG2R61  C7      CG2R61  2        0.00000 -   0.00000
C6      CG2R61  H       HGR61   1       -0.11500 -   0.11500
C8      CG2DC2  C7      CG2R61  1        0.00000 -   0.00000
C7      CG2R61  H32     HGR62   1       -0.12000 -   0.12000
C8      CG2DC2  C9      CG2DC2  2        0.00000 -   0.00000
C8      CG2DC2  N30     NG311   1        0.13500 -  -0.13500
C9      CG2DC2  C10     CG2R61  1        0.00000 -   0.00000
C9      CG2DC2  C11     CG311   1        0.16500 -  -0.16500
C10     CG2R61  H33     HGR61   1       -0.11500 -   0.11500
C11     CG311   O       OG3C61  1        0.17000 -  -0.17000
C11     CG311   C22     CG311   1        0.00000 -   0.00000
C11     CG311   H34     HGA1    1       -0.09000 -   0.09000
C13     CG311   O       OG3C61  1        0.17000 -  -0.17000
C13     CG311   C14     CG321   1        0.00000 -   0.00000
C13     CG311   C20     CG321   1        0.00000 -   0.00000
C13     CG311   H35     HGA1    1       -0.09000 -   0.09000
C14     CG321   N       NG2R51  1        0.21000 -  -0.21000
C14     CG321   H36     HGA2    1       -0.09000 -   0.09000
C14     CG321   H37     HGA2    1       -0.09000 -   0.09000
C16     CG2R53  N       NG2R51  1        0.10000 -  -0.10000
N19     NG2R50  N       NG2R51  1       -0.39000 -   0.39000
C16     CG2R53  N17     NG2R50  2        0.36000 -  -0.36000
C16     CG2R53  H38     HGR52   1       -0.12000 -   0.12000
C18     CG2R53  N17     NG2R50  1        0.36000 -  -0.36000
C18     CG2R53  N19     NG2R50  2        0.36000 -  -0.36000
C18     CG2R53  H39     HGR52   1       -0.12000 -   0.12000
C20     CG321   C21     CG321   1        0.00000 -   0.00000
C20     CG321   H40     HGA2    1       -0.09000 -   0.09000
C20     CG321   H41     HGA2    1       -0.09000 -   0.09000
C22     CG311   C21     CG321   1        0.00000 -   0.00000
C21     CG321   H42     HGA2    1       -0.09000 -   0.09000
C21     CG321   H43     HGA2    1       -0.09000 -   0.09000
C22     CG311   C23     CG311   1        0.00000 -   0.00000
C22     CG311   H44     HGA1    1       -0.09000 -   0.09000
C24     CG2R61  C23     CG311   1        0.00000 -   0.00000
C23     CG311   N30     NG311   1        0.24000 -  -0.24000
C23     CG311   H45     HGA1    1       -0.09000 -   0.09000
C24     CG2R61  C25     CG2R61  2        0.00000 -   0.00000
C24     CG2R61  C29     CG2R61  1        0.00000 -   0.00000
C25     CG2R61  C26     CG2R61  1        0.00000 -   0.00000
C25     CG2R61  H46     HGR61   1       -0.11500 -   0.11500
C26     CG2R61  C27     CG2R61  2        0.00000 -   0.00000
C26     CG2R61  H47     HGR61   1       -0.11500 -   0.11500
C27     CG2R61  C28     CG2R61  1        0.00000 -   0.00000
C27     CG2R61  H48     HGR61   1       -0.11500 -   0.11500
C28     CG2R61  C29     CG2R61  2        0.00000 -   0.00000
C28     CG2R61  H49     HGR61   1       -0.11500 -   0.11500
C29     CG2R61  H50     HGR61   1       -0.11500 -   0.11500
H51     HGPAM1  N30     NG311   1        0.42000 -  -0.42000
mol_gmx.pdb Success!
