C      C.4    CG331  !C.4(H.1)(H.1)(H.1)
C2     C.4    CG311  C.4(H.1)
C3     C.4    CG331  !C.4(H.1)(H.1)(H.1)
C4     C.3%6A CG2R61 C.3%6A
C5     C.3%6A CG2R61 C.3%6A
C6     C.3%6A CG2R61 C.3%6A
C7     C.3%6A,6N CG2DC? C.3%*N(=C.3)(C.3(=C.3))
C8     C.3%6A,6N CG2DC? C.3%*N(=C.3)(C.3(=C.3))
C9     C.3%6A CG2R61 C.3%6A
C10    C.4%6N,6N CG311  C.4(H.1)
O      O.2%6N OG3C61 O.2%6N
C12    C.4%6N CG311  C.4(H.1)
C13    C.4    CG321  C.4(H.1)(H.1)
N      N.3    NG311  N.3(H.1)
S      S.4    SG3O2  S.4(O.1)(O.1)
O16    O.1    OG2P1  O.1(!S)
O17    O.1    OG2P1  O.1(!S)
C18    C.4    CG321  C.4(H.1)(H.1)
C19    C.4    CG321  C.4(H.1)(H.1)
C20    C.4    CG324  C.4(H.1)(H.1)(N+)
N21    N.4    NG3P1  N.4(H.1)
C22    C.4    CG334  !C.4(H.1)(H.1)(H.1)(N+)
C23    C.4    CG334  !C.4(H.1)(H.1)(H.1)(N+)
C24    C.4%6N CG321  C.4(H.1)(H.1)
C25    C.4%6N CG321  C.4(H.1)(H.1)
C26    C.4%6N,6N CG311  C.4(H.1)
C27    C.4%6N CG311  C.4(H.1)
C28    C.3%6A CG2R61 C.3%6A
C29    C.3%6A CG2R61 C.3%6A
C30    C.3%6A CG2R61 C.3%6A
C31    C.3%6A CG2R61 C.3%6A
C32    C.3%6A CG2R61 C.3%6A
C33    C.3%6A CG2R61 C.3%6A
N34    N.3%6N NG311  N.3(H.1)
H      H.1    HGA3   H.1(C.4(H.1)(H.1))
H36    H.1    HGA3   H.1(C.4(H.1)(H.1))
H37    H.1    HGA3   H.1(C.4(H.1)(H.1))
H38    H.1    HGA1   H.1(C.4)
H39    H.1    HGA3   H.1(C.4(H.1)(H.1))
H40    H.1    HGA3   H.1(C.4(H.1)(H.1))
H41    H.1    HGA3   H.1(C.4(H.1)(H.1))
H42    H.1    HGR61  H.1(C.3%6)
H43    H.1    HGR62  H.1(C.3%6(C.3%6(N.3%6)))
H44    H.1    HGR61  H.1(C.3%6)
H45    H.1    HGA1   H.1(C.4)
H46    H.1    HGA1   H.1(C.4)
H47    H.1    HGA2   H.1(C.4(H.1))
H48    H.1    HGA2   H.1(C.4(H.1))
H49    H.1    HGP1   H.1(!N.3)
H50    H.1    HGA2   H.1(C.4(H.1))
H51    H.1    HGA2   H.1(C.4(H.1))
H52    H.1    HGA2   H.1(C.4(H.1))
H53    H.1    HGA2   H.1(C.4(H.1))
H54    H.1    HGP5   H.1(!C.4(!N.4(!C.4)(!C.4)))
H55    H.1    HGP5   H.1(!C.4(!N.4(!C.4)(!C.4)))
H56    H.1    HGP5   H.1(!C.4(!N.4(!C.4)(!C.4)))
H57    H.1    HGP5   H.1(!C.4(!N.4(!C.4)(!C.4)))
H58    H.1    HGP5   H.1(!C.4(!N.4(!C.4)(!C.4)))
H59    H.1    HGP5   H.1(!C.4(!N.4(!C.4)(!C.4)))
H60    H.1    HGP5   H.1(!C.4(!N.4(!C.4)(!C.4)))
H61    H.1    HGP5   H.1(!C.4(!N.4(!C.4)(!C.4)))
H62    H.1    HGA2   H.1(C.4(H.1))
H63    H.1    HGA2   H.1(C.4(H.1))
H64    H.1    HGA2   H.1(C.4(H.1))
H65    H.1    HGA2   H.1(C.4(H.1))
H66    H.1    HGA1   H.1(C.4)
H67    H.1    HGA1   H.1(C.4)
H68    H.1    HGR61  H.1(C.3%6)
H69    H.1    HGR61  H.1(C.3%6)
H70    H.1    HGR61  H.1(C.3%6)
H71    H.1    HGR61  H.1(C.3%6)
H72    H.1    HGR61  H.1(C.3%6)
H73    H.1    HGPAM1 H.1(N.3(C.3%6(C.3%6(C.4%6))))
H74    H.1    HGP2   H.1(N.4)
C2      CG311   C       CG331   1        0.00000 -   0.00000
C       CG331   H       HGA3    1       -0.09000 -   0.09000
C       CG331   H36     HGA3    1       -0.09000 -   0.09000
C       CG331   H37     HGA3    1       -0.09000 -   0.09000
C2      CG311   C3      CG331   1        0.00000 -   0.00000
C4      CG2R61  C2      CG311   1        0.00000 -   0.00000
C2      CG311   H38     HGA1    1       -0.09000 -   0.09000
C3      CG331   H39     HGA3    1       -0.09000 -   0.09000
C3      CG331   H40     HGA3    1       -0.09000 -   0.09000
C3      CG331   H41     HGA3    1       -0.09000 -   0.09000
C4      CG2R61  C5      CG2R61  1        0.00000 -   0.00000
C4      CG2R61  C9      CG2R61  2        0.00000 -   0.00000
C5      CG2R61  C6      CG2R61  2        0.00000 -   0.00000
C5      CG2R61  H42     HGR61   1       -0.11500 -   0.11500
C7      CG2DC2  C6      CG2R61  1        0.00000 -   0.00000
C6      CG2R61  H43     HGR62   1       -0.12000 -   0.12000
C7      CG2DC2  C8      CG2DC2  2        0.00000 -   0.00000
C7      CG2DC2  N34     NG311   1        0.13500 -  -0.13500
C8      CG2DC2  C9      CG2R61  1        0.00000 -   0.00000
C8      CG2DC2  C10     CG311   1        0.16500 -  -0.16500
C9      CG2R61  H44     HGR61   1       -0.11500 -   0.11500
C10     CG311   O       OG3C61  1        0.17000 -  -0.17000
C10     CG311   C26     CG311   1        0.00000 -   0.00000
C10     CG311   H45     HGA1    1       -0.09000 -   0.09000
C12     CG311   O       OG3C61  1        0.17000 -  -0.17000
C12     CG311   C13     CG321   1        0.00000 -   0.00000
C12     CG311   C24     CG321   1        0.00000 -   0.00000
C12     CG311   H46     HGA1    1       -0.09000 -   0.09000
C13     CG321   N       NG311   1        0.24000 -  -0.24000
C13     CG321   H47     HGA2    1       -0.09000 -   0.09000
C13     CG321   H48     HGA2    1       -0.09000 -   0.09000
N       NG311   S       SG3O2   1        0.02000 -  -0.02000
H49     HGP1    N       NG311   1        0.35000 -  -0.35000
O16     OG2P1   S       SG3O2   2       -0.42000 -   0.42000
O17     OG2P1   S       SG3O2   2       -0.42000 -   0.42000
C18     CG321   S       SG3O2   1        0.22000 -  -0.22000
C18     CG321   C19     CG321   1        0.00000 -   0.00000
C18     CG321   H50     HGA2    1       -0.09000 -   0.09000
C18     CG321   H51     HGA2    1       -0.09000 -   0.09000
C19     CG321   C20     CG324   1        0.00000 -   0.00000
C19     CG321   H52     HGA2    1       -0.09000 -   0.09000
C19     CG321   H53     HGA2    1       -0.09000 -   0.09000
C20     CG324   N21     NG3P1   1        0.33000 -  -0.08000
C20     CG324   H54     HGP5    1       -0.25000 -   0.25000
C20     CG324   H55     HGP5    1       -0.25000 -   0.25000
C22     CG334   N21     NG3P1   1        0.42000 -  -0.17000
C23     CG334   N21     NG3P1   1        0.42000 -  -0.17000
H74     HGP2    N21     NG3P1   1        0.32000 -  -0.07000
C22     CG334   H56     HGP5    1       -0.25000 -   0.25000
C22     CG334   H57     HGP5    1       -0.25000 -   0.25000
C22     CG334   H58     HGP5    1       -0.25000 -   0.25000
C23     CG334   H59     HGP5    1       -0.25000 -   0.25000
C23     CG334   H60     HGP5    1       -0.25000 -   0.25000
C23     CG334   H61     HGP5    1       -0.25000 -   0.25000
C24     CG321   C25     CG321   1        0.00000 -   0.00000
C24     CG321   H62     HGA2    1       -0.09000 -   0.09000
C24     CG321   H63     HGA2    1       -0.09000 -   0.09000
C26     CG311   C25     CG321   1        0.00000 -   0.00000
C25     CG321   H64     HGA2    1       -0.09000 -   0.09000
C25     CG321   H65     HGA2    1       -0.09000 -   0.09000
C26     CG311   C27     CG311   1        0.00000 -   0.00000
C26     CG311   H66     HGA1    1       -0.09000 -   0.09000
C28     CG2R61  C27     CG311   1        0.00000 -   0.00000
C27     CG311   N34     NG311   1        0.24000 -  -0.24000
C27     CG311   H67     HGA1    1       -0.09000 -   0.09000
C28     CG2R61  C29     CG2R61  2        0.00000 -   0.00000
C28     CG2R61  C33     CG2R61  1        0.00000 -   0.00000
C29     CG2R61  C30     CG2R61  1        0.00000 -   0.00000
C29     CG2R61  H68     HGR61   1       -0.11500 -   0.11500
C30     CG2R61  C31     CG2R61  2        0.00000 -   0.00000
C30     CG2R61  H69     HGR61   1       -0.11500 -   0.11500
C31     CG2R61  C32     CG2R61  1        0.00000 -   0.00000
C31     CG2R61  H70     HGR61   1       -0.11500 -   0.11500
C32     CG2R61  C33     CG2R61  2        0.00000 -   0.00000
C32     CG2R61  H71     HGR61   1       -0.11500 -   0.11500
C33     CG2R61  H72     HGR61   1       -0.11500 -   0.11500
H73     HGPAM1  N34     NG311   1        0.42000 -  -0.42000
mol_gmx.pdb Success!
