C      C.4    CG331  !C.4(H.1)(H.1)(H.1)
O      O.2    OG301  O.2   
C3     C.3%6A CG2R61 C.3%6A
C4     C.3%6A CG2R61 C.3%6A
C5     C.3%6A CG2R61 C.3%6A
C6     C.3%6A CG2R61 C.3%6A
C7     C.3%6A CG2R61 C.3%6A
N      N.3    NG311  N.3(H.1)
C9     C.3%6A CG2R64 C.3%6(N.2%6)(N)
N10    N.2%6A NG2R60 N.2%6 
C11    C.3%6A CG2R61 C.3%6A
C12    C.3%6A CG2R62 C.3%6(N.3%6)
N13    N.3%6A,5A NG2RC0 N.3%5,6(C.3%6)
C14    C.3%5A CG2R51 C.3%5 
C15    C.3%5A CG2R51 C.3%5 
N16    N.2%5A NG2R50 N.2%5 
C17    C.3%6A,5A CG2RC0 C.3%6,5([^C]%6)([^C]%5)
C18    C.3%6A CG2R67 C.3%6(C.3%6)(C.3%6)(C.3%6)
C19    C.3%6A CG2R61 C.3%6A
C20    C.3%6A CG2R61 C.3%6A
C21    C.3%6A,5A CG2RC0 C.3%6,5(C.3%6,5)(C.3%6)
C22    C.3%5A CG2R52 C.3%5(=N.2%5)
N23    N.2%5A NG2R50 N.2%5 
N24    N.3%5A NG2R51 N.3%5A(C.3%5)
C25    C.3%6A,5A CG2RC0 C.3%6,5(C.3%6,5)(C.3%6)
C26    C.3%6A CG2R61 C.3%6A
C27    C.3%6A CG2R61 C.3%6A
H      H.1    HGA3   H.1(C.4(H.1)(H.1))
H29    H.1    HGA3   H.1(C.4(H.1)(H.1))
H30    H.1    HGA3   H.1(C.4(H.1)(H.1))
H31    H.1    HGR61  H.1(C.3%6)
H32    H.1    HGR61  H.1(C.3%6)
H33    H.1    HGR61  H.1(C.3%6)
H34    H.1    HGP1   H.1(!N.3)
H35    H.1    HGR62  H.1(C.3%6A([^C]%6A))
H36    H.1    HGR52  H.1(C.3%5([^C]%5))
H37    H.1    HGR52  H.1(C.3%5([^C]%5))
H38    H.1    HGR61  H.1(C.3%6)
H39    H.1    HGR61  H.1(C.3%6)
H40    H.1    HGR52  H.1(C.3%5([^C]%5))
H41    H.1    HGP1   H.1(N.3%5)
H42    H.1    HGR61  H.1(C.3%6)
H43    H.1    HGR61  H.1(C.3%6)
C       CG331   O       OG301   1        0.17000 -  -0.17000
C       CG331   H       HGA3    1       -0.09000 -   0.09000
C       CG331   H29     HGA3    1       -0.09000 -   0.09000
C       CG331   H30     HGA3    1       -0.09000 -   0.09000
C3      CG2R61  O       OG301   1        0.21500 -  -0.21500
C3      CG2R61  C4      CG2R61  1        0.00000 -   0.00000
C3      CG2R61  C27     CG2R61  2        0.00000 -   0.00000
C4      CG2R61  C5      CG2R61  2        0.00000 -   0.00000
C4      CG2R61  H31     HGR61   1       -0.11500 -   0.11500
C5      CG2R61  C6      CG2R61  1        0.00000 -   0.00000
C5      CG2R61  H32     HGR61   1       -0.11500 -   0.11500
C6      CG2R61  C7      CG2R61  2        0.00000 -   0.00000
C6      CG2R61  H33     HGR61   1       -0.11500 -   0.11500
C7      CG2R61  N       NG311   1        0.04000 -  -0.04000
C7      CG2R61  C27     CG2R61  1        0.00000 -   0.00000
C9      CG2R64  N       NG311   1        0.13500 -  -0.13500
H34     HGP1    N       NG311   1        0.35000 -  -0.35000
C9      CG2R64  N10     NG2R60  2        0.30000 -  -0.30000
C9      CG2R64  C17     CG2RC0  1        0.02500 -  -0.02500
C11     CG2R61  N10     NG2R60  1        0.30000 -  -0.30000
C11     CG2R61  C12     CG2R62  2        0.00000 -   0.00000
C11     CG2R61  C18     CG2R67  1        0.00000 -   0.00000
C12     CG2R62  N13     NG2RC0  1        0.29000 -  -0.29000
C12     CG2R62  H35     HGR62   1       -0.17000 -   0.17000
C14     CG2R51  N13     NG2RC0  1        0.04000 -  -0.04000
C17     CG2RC0  N13     NG2RC0  1       -0.05000 -   0.05000
C14     CG2R51  C15     CG2R51  2        0.00000 -   0.00000
C14     CG2R51  H36     HGR52   1         -0.090 -     0.090
C15     CG2R51  N16     NG2R50  1        0.32000 -  -0.32000
C15     CG2R51  H37     HGR52   1       -0.10000 -   0.10000
C17     CG2RC0  N16     NG2R50  2        0.35000 -  -0.35000
C19     CG2R61  C18     CG2R67  2        0.00000 -   0.00000
C26     CG2R61  C18     CG2R67  1        0.00000 -   0.00000
C19     CG2R61  C20     CG2R61  1        0.00000 -   0.00000
C19     CG2R61  H38     HGR61   1       -0.11500 -   0.11500
C20     CG2R61  C21     CG2RC0  2        0.00000 -   0.00000
C20     CG2R61  H39     HGR61   1       -0.11500 -   0.11500
C22     CG2R52  C21     CG2RC0  1        0.02500 -  -0.02500
C21     CG2RC0  C25     CG2RC0  1        0.00000 -   0.00000
C22     CG2R52  N23     NG2R50  2        0.25000 -  -0.25000
C22     CG2R52  H40     HGR52   1         -0.130 -     0.130
N23     NG2R50  N24     NG2R51  1       -0.32000 -   0.32000
C25     CG2RC0  N24     NG2R51  1        0.15000 -  -0.15000
H41     HGP1    N24     NG2R51  1          0.370 -   -0.3700
C26     CG2R61  C25     CG2RC0  2        0.00000 -   0.00000
C26     CG2R61  H42     HGR61   1       -0.11500 -   0.11500
C27     CG2R61  H43     HGR61   1       -0.11500 -   0.11500
mol_gmx.pdb Success!
