N      N.3%6N NG301  N.3%6N
C      C.4%6N CG321  C.4(H.1)(H.1)
C3     C.4%6N CG321  C.4(H.1)(H.1)
C4     C.4%6N CG301  C.4   
C5     C.4%6N CG321  C.4(H.1)(H.1)
C6     C.4%6N CG321  C.4(H.1)(H.1)
C7     C.3%6N CG2D1  C.3%6N
C8     C.3%6N CG2D1  C.3%6N
C9     C.4%6N CG321  C.4(H.1)(H.1)
C10    C.4%6N CG321  C.4(H.1)(H.1)
C11    C.4%6N CG321  C.4(H.1)(H.1)
C12    C.4%6N CG321  C.4(H.1)(H.1)
C13    C.3%6A CG2R61 C.3%6A
N14    N.2%6A NG2R60 N.2%6 
C15    C.3%6A CG2R61 C.3%6A
C16    C.3%6A CG2R64 C.3%6(N.2%6)(N)
N17    N.2%6A NG2R60 N.2%6 
C18    C.3%6A CG2R64 C.3%6(N.2%6)(N)
N19    N.3    NG2S3  !N.3(H.1)(H.1)(C.3%6)
N20    N.4    NG3P3  N.4(H.1)(H.1)(H.1)
C21    C.4    CG331  !C.4(H.1)(H.1)(H.1)
H      H.1    HGA2   H.1(C.4(H.1))
H23    H.1    HGA2   H.1(C.4(H.1))
H24    H.1    HGA2   H.1(C.4(H.1))
H25    H.1    HGA2   H.1(C.4(H.1))
H26    H.1    HGA2   H.1(C.4(H.1))
H27    H.1    HGA2   H.1(C.4(H.1))
H28    H.1    HGA2   H.1(C.4(H.1))
H29    H.1    HGA2   H.1(C.4(H.1))
H30    H.1    HGA4   H.1(C.3%6(C.4%6(H.1)(H.1)))
H31    H.1    HGA2   H.1(C.4(H.1))
H32    H.1    HGA2   H.1(C.4(H.1))
H33    H.1    HGA2   H.1(C.4(H.1))
H34    H.1    HGA2   H.1(C.4(H.1))
H35    H.1    HGA2   H.1(C.4(H.1))
H36    H.1    HGA2   H.1(C.4(H.1))
H37    H.1    HGA2   H.1(C.4(H.1))
H38    H.1    HGA2   H.1(C.4(H.1))
H39    H.1    HGR62  H.1(C.3%6(C.3%6(N.3%6)))
H40    H.1    HGP4   H.1(!N.3(H.1)(C.3%6))
H41    H.1    HGP4   H.1(!N.3(H.1)(C.3%6))
H42    H.1    HGP2   H.1(N.4)
H43    H.1    HGP2   H.1(N.4)
H44    H.1    HGA3   H.1(C.4(H.1)(H.1))
H45    H.1    HGA3   H.1(C.4(H.1)(H.1))
H46    H.1    HGA3   H.1(C.4(H.1)(H.1))
H47    H.1    HGP2   H.1(N.4)
C       CG321   N       NG301   1        0.21000 -  -0.21000
C6      CG321   N       NG301   1        0.21000 -  -0.21000
C16     CG2R64  N       NG301   1        0.05000 -  -0.05000
C       CG321   C3      CG321   1        0.00000 -   0.00000
C       CG321   H       HGA2    1       -0.09000 -   0.09000
C       CG321   H23     HGA2    1       -0.09000 -   0.09000
C4      CG301   C3      CG321   1        0.00000 -   0.00000
C3      CG321   H24     HGA2    1       -0.09000 -   0.09000
C3      CG321   H25     HGA2    1       -0.09000 -   0.09000
C4      CG301   C5      CG321   1        0.00000 -   0.00000
C4      CG301   C21     CG331   1        0.00000 -   0.00000
C5      CG321   C6      CG321   1        0.00000 -   0.00000
C5      CG321   H26     HGA2    1       -0.09000 -   0.09000
C5      CG321   H27     HGA2    1       -0.09000 -   0.09000
C6      CG321   H28     HGA2    1       -0.09000 -   0.09000
C6      CG321   H29     HGA2    1       -0.09000 -   0.09000
C7      CG2D1   C8      CG2D1   2        0.00000 -   0.00000
C7      CG2D1   C12     CG321   1        0.00000 -   0.00000
C7      CG2D1   C13     CG2R61  1       -0.25000 -   0.25000
C8      CG2D1   C9      CG321   1        0.00000 -   0.00000
C8      CG2D1   H30     HGA4    1       -0.15000 -   0.15000
C9      CG321   C10     CG321   1        0.00000 -   0.00000
C9      CG321   H31     HGA2    1       -0.09000 -   0.09000
C9      CG321   H32     HGA2    1       -0.09000 -   0.09000
C10     CG321   C11     CG321   1        0.00000 -   0.00000
C10     CG321   H33     HGA2    1       -0.09000 -   0.09000
C10     CG321   H34     HGA2    1       -0.09000 -   0.09000
C11     CG321   C12     CG321   1        0.00000 -   0.00000
C11     CG321   H35     HGA2    1       -0.09000 -   0.09000
C11     CG321   H36     HGA2    1       -0.09000 -   0.09000
C12     CG321   H37     HGA2    1       -0.09000 -   0.09000
C12     CG321   H38     HGA2    1       -0.09000 -   0.09000
C13     CG2R61  N14     NG2R60  2        0.28000 -  -0.28000
C13     CG2R61  C18     CG2R64  1        0.00000 -   0.00000
C15     CG2R61  N14     NG2R60  1        0.28000 -  -0.28000
C15     CG2R61  C16     CG2R64  2        0.00000 -   0.00000
C15     CG2R61  H39     HGR62   1        -0.1000 -    0.1000
C16     CG2R64  N17     NG2R60  1        0.30000 -  -0.30000
C18     CG2R64  N17     NG2R60  2        0.30000 -  -0.30000
C18     CG2R64  N19     NG2S3   1        0.01000 -  -0.01000
H40     HGP4    N19     NG2S3   1        0.38000 -  -0.38000
H41     HGP4    N19     NG2S3   1        0.38000 -  -0.38000
H42     HGP2    N20     NG3P3   1        0.33000 -  -0.08000
H43     HGP2    N20     NG3P3   1        0.33000 -  -0.08000
H47     HGP2    N20     NG3P3   1        0.33000 -  -0.08000
C21     CG331   H44     HGA3    1       -0.09000 -   0.09000
C21     CG331   H45     HGA3    1       -0.09000 -   0.09000
C21     CG331   H46     HGA3    1       -0.09000 -   0.09000
The Following Bonds Could Not be Charged!
Name    Type    Name    Type    Bond Type
C4      CG301   N20     NG3P3   1      
