C      C.4    CG334  !C.4(H.1)(H.1)(H.1)(N+)
N      N.4    NG3P1  N.4(H.1)
C3     C.4    CG334  !C.4(H.1)(H.1)(H.1)(N+)
C4     C.4    CG324  C.4(H.1)(H.1)(N+)
C5     C.4    CG321  C.4(H.1)(H.1)
N6     N.3    NG2S1  !N.3(H.1)(C.3(!O.1))
C7     C.3    CG2O1  !C.3(O.1)(N.3)
O      O.1    OG2D1  O.1(C.3)
N9     N.3    NG2S1  !N.3(H.1)(C.3(!O.1))
C10    C.4    CG321  C.4(H.1)(H.1)
C11    C.4%6N CG311  C.4(H.1)
C12    C.4%6N CG321  C.4(H.1)(H.1)
C13    C.4%6N CG321  C.4(H.1)(H.1)
C14    C.4%6N,6N CG311  C.4(H.1)
C15    C.4%6N CG311  C.4(H.1)
C16    C.3%6A CG2R61 C.3%6A
C17    C.3%6A CG2R61 C.3%6A
C18    C.3%6A CG2R61 C.3%6A
C19    C.3%6A CG2R61 C.3%6A
C20    C.3%6A CG2R61 C.3%6A
C21    C.3%6A CG2R61 C.3%6A
N22    N.3%6N NG311  N.3(H.1)
C23    C.3%6N,6A CG2DC? C.3%*N(=C.3)(C.3(=C.3))
C24    C.3%6A CG2R61 C.3%6A
C25    C.3%6A CG2R61 C.3%6A
C26    C.3%6A CG2R61 C.3%6A
C27    C.4    CG302  C.4(F.1)(F.1)(F.1)
F      F.1    FGA3   F.1(!C.4(F.1)(F.1))
F29    F.1    FGA3   F.1(!C.4(F.1)(F.1))
F30    F.1    FGA3   F.1(!C.4(F.1)(F.1))
C31    C.3%6A CG2R61 C.3%6A
C32    C.3%6N,6A CG2DC? C.3%*N(=C.3)(C.3(=C.3))
C33    C.4%6N,6N CG311  C.4(H.1)
O34    O.2%6N OG3C61 O.2%6N
H      H.1    HGP5   H.1(!C.4(!N.4(!C.4)(!C.4)))
H36    H.1    HGP5   H.1(!C.4(!N.4(!C.4)(!C.4)))
H37    H.1    HGP5   H.1(!C.4(!N.4(!C.4)(!C.4)))
H38    H.1    HGP5   H.1(!C.4(!N.4(!C.4)(!C.4)))
H39    H.1    HGP5   H.1(!C.4(!N.4(!C.4)(!C.4)))
H40    H.1    HGP5   H.1(!C.4(!N.4(!C.4)(!C.4)))
H41    H.1    HGP5   H.1(!C.4(!N.4(!C.4)(!C.4)))
H42    H.1    HGP5   H.1(!C.4(!N.4(!C.4)(!C.4)))
H43    H.1    HGA2   H.1(C.4(H.1))
H44    H.1    HGA2   H.1(C.4(H.1))
H45    H.1    HGP1   H.1(!N.3)
H46    H.1    HGP1   H.1(!N.3)
H47    H.1    HGA2   H.1(C.4(H.1))
H48    H.1    HGA2   H.1(C.4(H.1))
H49    H.1    HGA1   H.1(C.4)
H50    H.1    HGA2   H.1(C.4(H.1))
H51    H.1    HGA2   H.1(C.4(H.1))
H52    H.1    HGA2   H.1(C.4(H.1))
H53    H.1    HGA2   H.1(C.4(H.1))
H54    H.1    HGA1   H.1(C.4)
H55    H.1    HGA1   H.1(C.4)
H56    H.1    HGR61  H.1(C.3%6)
H57    H.1    HGR61  H.1(C.3%6)
H58    H.1    HGR61  H.1(C.3%6)
H59    H.1    HGR61  H.1(C.3%6)
H60    H.1    HGR61  H.1(C.3%6)
H61    H.1    HGPAM1 H.1(N.3(C.3%6(C.3%6(C.4%6))))
H62    H.1    HGR62  H.1(C.3%6(C.3%6(N.3%6)))
H63    H.1    HGR61  H.1(C.3%6)
H64    H.1    HGR61  H.1(C.3%6)
H65    H.1    HGA1   H.1(C.4)
H66    H.1    HGP2   H.1(N.4)
C       CG334   N       NG3P1   1        0.42000 -  -0.17000
C       CG334   H       HGP5    1       -0.25000 -   0.25000
C       CG334   H36     HGP5    1       -0.25000 -   0.25000
C       CG334   H37     HGP5    1       -0.25000 -   0.25000
C3      CG334   N       NG3P1   1        0.42000 -  -0.17000
C4      CG324   N       NG3P1   1        0.33000 -  -0.08000
H66     HGP2    N       NG3P1   1        0.32000 -  -0.07000
C3      CG334   H38     HGP5    1       -0.25000 -   0.25000
C3      CG334   H39     HGP5    1       -0.25000 -   0.25000
C3      CG334   H40     HGP5    1       -0.25000 -   0.25000
C5      CG321   C4      CG324   1        0.00000 -   0.00000
C4      CG324   H41     HGP5    1       -0.25000 -   0.25000
C4      CG324   H42     HGP5    1       -0.25000 -   0.25000
C5      CG321   N6      NG2S1   1        0.00000 -   0.00000
C5      CG321   H43     HGA2    1       -0.09000 -   0.09000
C5      CG321   H44     HGA2    1       -0.09000 -   0.09000
C7      CG2O1   N6      NG2S1   1        0.00000 -   0.00000
H45     HGP1    N6      NG2S1   1        0.31000 -  -0.31000
C7      CG2O1   O       OG2D1   2        0.51000 -  -0.51000
C7      CG2O1   N9      NG2S1   1        0.00000 -   0.00000
C10     CG321   N9      NG2S1   1        0.00000 -   0.00000
H46     HGP1    N9      NG2S1   1        0.31000 -  -0.31000
C11     CG311   C10     CG321   1        0.00000 -   0.00000
C10     CG321   H47     HGA2    1       -0.09000 -   0.09000
C10     CG321   H48     HGA2    1       -0.09000 -   0.09000
C11     CG311   C12     CG321   1        0.00000 -   0.00000
C11     CG311   O34     OG3C61  1        0.17000 -  -0.17000
C11     CG311   H49     HGA1    1       -0.09000 -   0.09000
C12     CG321   C13     CG321   1        0.00000 -   0.00000
C12     CG321   H50     HGA2    1       -0.09000 -   0.09000
C12     CG321   H51     HGA2    1       -0.09000 -   0.09000
C14     CG311   C13     CG321   1        0.00000 -   0.00000
C13     CG321   H52     HGA2    1       -0.09000 -   0.09000
C13     CG321   H53     HGA2    1       -0.09000 -   0.09000
C14     CG311   C15     CG311   1        0.00000 -   0.00000
C14     CG311   C33     CG311   1        0.00000 -   0.00000
C14     CG311   H54     HGA1    1       -0.09000 -   0.09000
C16     CG2R61  C15     CG311   1        0.00000 -   0.00000
C15     CG311   N22     NG311   1        0.24000 -  -0.24000
C15     CG311   H55     HGA1    1       -0.09000 -   0.09000
C16     CG2R61  C17     CG2R61  2        0.00000 -   0.00000
C16     CG2R61  C21     CG2R61  1        0.00000 -   0.00000
C17     CG2R61  C18     CG2R61  1        0.00000 -   0.00000
C17     CG2R61  H56     HGR61   1       -0.11500 -   0.11500
C18     CG2R61  C19     CG2R61  2        0.00000 -   0.00000
C18     CG2R61  H57     HGR61   1       -0.11500 -   0.11500
C19     CG2R61  C20     CG2R61  1        0.00000 -   0.00000
C19     CG2R61  H58     HGR61   1       -0.11500 -   0.11500
C20     CG2R61  C21     CG2R61  2        0.00000 -   0.00000
C20     CG2R61  H59     HGR61   1       -0.11500 -   0.11500
C21     CG2R61  H60     HGR61   1       -0.11500 -   0.11500
C23     CG2DC2  N22     NG311   1        0.13500 -  -0.13500
H61     HGPAM1  N22     NG311   1        0.42000 -  -0.42000
C23     CG2DC2  C24     CG2R61  1        0.00000 -   0.00000
C23     CG2DC2  C32     CG2DC2  2        0.00000 -   0.00000
C24     CG2R61  C25     CG2R61  2        0.00000 -   0.00000
C24     CG2R61  H62     HGR62   1       -0.12000 -   0.12000
C25     CG2R61  C26     CG2R61  1        0.00000 -   0.00000
C25     CG2R61  H63     HGR61   1       -0.11500 -   0.11500
C26     CG2R61  C27     CG302   1        0.00000 -   0.00000
C26     CG2R61  C31     CG2R61  2        0.00000 -   0.00000
C27     CG302   F       FGA3    1        0.14000 -  -0.14000
C27     CG302   F29     FGA3    1        0.14000 -  -0.14000
C27     CG302   F30     FGA3    1        0.14000 -  -0.14000
C32     CG2DC2  C31     CG2R61  1        0.00000 -   0.00000
C31     CG2R61  H64     HGR61   1       -0.11500 -   0.11500
C32     CG2DC2  C33     CG311   1        0.16500 -  -0.16500
C33     CG311   O34     OG3C61  1        0.17000 -  -0.17000
C33     CG311   H65     HGA1    1       -0.09000 -   0.09000
mol.mol2 Success!
