C      C.3%6A CG2R61 C.3%6A
C2     C.3%6A CG2R61 C.3%6A
C3     C.3%6A CG2R61 C.3%6A
C4     C.3%6A CG2R67 C.3%6(C.3%6)(C.3%6)(C.3%6)
C5     C.3%6A,6A CG2R61 C.3%6A
C6     C.3%6A,6A CG2R61 C.3%6A
N      N.2%6A NG2R60 N.2%6 
C8     C.3%6A CG2R61 C.3%6A
C9     C.3%6A CG2R61 C.3%6A
N10    N.2%6A NG2R60 N.2%6 
C11    C.3%6A CG2R67 C.3%6(C.3%6)(C.3%6)(C.3%6)
N12    N.3    NG311  N.3(H.1)
C13    C.3%6A CG2R61 C.3%6A
C14    C.3%6A CG2R61 C.3%6A
C15    C.3%6A CG2R61 C.3%6A
C16    C.3%6A,5A CG2RC0 C.3%6,5(C.3%6,5)(C.3%6)
C17    C.3%6A,5A CG2RC0 C.3%6,5(C.3%6,5)(C.3%6)
C18    C.3%5A CG2R51 C.3%5(H.1)(C.3%5(C.3%5))(C.3%5)
C19    C.3%5A CG2R51 C.3%5 
N20    N.3%5A NG2R51 N.3%5A(C.3%5)
C21    C.3%6A CG2R61 C.3%6A
C22    C.3%6A CG2R61 C.3%6A
C23    C.3%6A CG2R61 C.3%6A
C24    C.3%6A CG2R61 C.3%6A
N25    N.2%6A NG2R60 N.2%6 
C26    C.3%6A CG2R61 C.3%6A
C27    C.3    CG2O1  !C.3(O.1)(N.3)
O      O.1    OG2D1  O.1(C.3)
N29    N.3    NG2S1  !N.3(H.1)(C.3(!O.1))
C30    C.4%6N CG311  C.4(H.1)
C31    C.4    CG331  !C.4(H.1)(H.1)(H.1)
C32    C.4%6N CG321  C.4(H.1)(H.1)
C33    C.4%6N CG321  C.4(H.1)(H.1)
O34    O.2%6N OG3C61 O.2%6N
C35    C.4%6N CG321  C.4(H.1)(H.1)
C36    C.4%6N CG321  C.4(H.1)(H.1)
H      H.1    HGR61  H.1(C.3%6)
H38    H.1    HGR61  H.1(C.3%6)
H39    H.1    HGR62  H.1(C.3%6A([^C]%6A))
H40    H.1    HGR62  H.1(C.3%6A([^C]%6A))
H41    H.1    HGP1   H.1(!N.3)
H42    H.1    HGR61  H.1(C.3%6)
H43    H.1    HGR61  H.1(C.3%6)
H44    H.1    HGR61  H.1(C.3%6)
H45    H.1    HGR51  H.1(C.3%5)
H46    H.1    HGR52  H.1(C.3%5([^C]%5))
H47    H.1    HGR61  H.1(C.3%6)
H48    H.1    HGR62  H.1(C.3%6A([^C]%6A))
H49    H.1    HGR62  H.1(C.3%6A([^C]%6A))
H50    H.1    HGP1   H.1(!N.3)
H51    H.1    HGA1   H.1(C.4)
H52    H.1    HGA3   H.1(C.4(H.1)(H.1))
H53    H.1    HGA3   H.1(C.4(H.1)(H.1))
H54    H.1    HGA3   H.1(C.4(H.1)(H.1))
H55    H.1    HGA2   H.1(C.4(H.1))
H56    H.1    HGA2   H.1(C.4(H.1))
H57    H.1    HGA2   H.1(C.4(H.1))
H58    H.1    HGA2   H.1(C.4(H.1))
H59    H.1    HGA2   H.1(C.4(H.1))
H60    H.1    HGA2   H.1(C.4(H.1))
H61    H.1    HGA2   H.1(C.4(H.1))
H62    H.1    HGA2   H.1(C.4(H.1))
C       CG2R61  C2      CG2R61  2        0.00000 -   0.00000
C       CG2R61  C5      CG2R61  1        0.00000 -   0.00000
C       CG2R61  H       HGR61   1       -0.11500 -   0.11500
C2      CG2R61  C3      CG2R61  1        0.00000 -   0.00000
C2      CG2R61  N12     NG311   1        0.04000 -  -0.04000
C3      CG2R61  C4      CG2R67  2        0.00000 -   0.00000
C3      CG2R61  H38     HGR61   1       -0.11500 -   0.11500
C6      CG2R61  C4      CG2R67  1        0.00000 -   0.00000
C4      CG2R67  C11     CG2R67  1        0.00000 -   0.00000
C5      CG2R61  C6      CG2R61  1        0.00000 -   0.00000
C5      CG2R61  N10     NG2R60  2        0.29000 -  -0.29000
C6      CG2R61  N       NG2R60  2        0.29000 -  -0.29000
C8      CG2R61  N       NG2R60  1        0.29000 -  -0.29000
C8      CG2R61  C9      CG2R61  2        0.00000 -   0.00000
C8      CG2R61  H39     HGR62   1         -0.160 -     0.160
C9      CG2R61  N10     NG2R60  1        0.29000 -  -0.29000
C9      CG2R61  H40     HGR62   1         -0.160 -     0.160
C13     CG2R61  C11     CG2R67  2        0.00000 -   0.00000
C15     CG2R61  C11     CG2R67  1        0.00000 -   0.00000
C21     CG2R61  N12     NG311   1        0.04000 -  -0.04000
H41     HGP1    N12     NG311   1        0.35000 -  -0.35000
C13     CG2R61  C14     CG2R61  1        0.00000 -   0.00000
C13     CG2R61  H42     HGR61   1       -0.11500 -   0.11500
C14     CG2R61  C17     CG2RC0  2        0.00000 -   0.00000
C14     CG2R61  H43     HGR61   1       -0.11500 -   0.11500
C15     CG2R61  C16     CG2RC0  2        0.00000 -   0.00000
C15     CG2R61  H44     HGR61   1       -0.11500 -   0.11500
C16     CG2RC0  C17     CG2RC0  1        0.00000 -   0.00000
C16     CG2RC0  N20     NG2R51  1        0.15000 -  -0.15000
C18     CG2R51  C17     CG2RC0  1       -0.03000 -   0.03000
C18     CG2R51  C19     CG2R51  2       -0.10000 -   0.10000
C18     CG2R51  H45     HGR51   1       -0.15000 -   0.15000
C19     CG2R51  N20     NG2R51  1        0.00000 -  -0.00000
C19     CG2R51  H46     HGR52   1         -0.140 -     0.140
C31     CG331   N20     NG2R51  1        0.00000 -   0.00000
C21     CG2R61  C22     CG2R61  2        0.00000 -   0.00000
C21     CG2R61  C26     CG2R61  1        0.00000 -   0.00000
C22     CG2R61  C23     CG2R61  1        0.00000 -   0.00000
C27     CG2O1   C22     CG2R61  1        0.02000 -  -0.02000
C23     CG2R61  C24     CG2R61  2        0.00000 -   0.00000
C23     CG2R61  H47     HGR61   1       -0.11500 -   0.11500
C24     CG2R61  N25     NG2R60  1        0.30000 -  -0.30000
C24     CG2R61  H48     HGR62   1       -0.12000 -   0.12000
C26     CG2R61  N25     NG2R60  2        0.30000 -  -0.30000
C26     CG2R61  H49     HGR62   1       -0.12000 -   0.12000
C27     CG2O1   O       OG2D1   2        0.51000 -  -0.51000
C27     CG2O1   N29     NG2S1   1        0.00000 -   0.00000
C30     CG311   N29     NG2S1   1        0.00000 -   0.00000
H50     HGP1    N29     NG2S1   1        0.31000 -  -0.31000
C30     CG311   C32     CG321   1        0.00000 -   0.00000
C30     CG311   C36     CG321   1        0.00000 -   0.00000
C30     CG311   H51     HGA1    1       -0.09000 -   0.09000
C31     CG331   H52     HGA3    1       -0.09000 -   0.09000
C31     CG331   H53     HGA3    1       -0.09000 -   0.09000
C31     CG331   H54     HGA3    1       -0.09000 -   0.09000
C32     CG321   C33     CG321   1        0.00000 -   0.00000
C32     CG321   H55     HGA2    1       -0.09000 -   0.09000
C32     CG321   H56     HGA2    1       -0.09000 -   0.09000
C33     CG321   O34     OG3C61  1        0.20000 -  -0.20000
C33     CG321   H57     HGA2    1       -0.09000 -   0.09000
C33     CG321   H58     HGA2    1       -0.09000 -   0.09000
C35     CG321   O34     OG3C61  1        0.20000 -  -0.20000
C35     CG321   C36     CG321   1        0.00000 -   0.00000
C35     CG321   H59     HGA2    1       -0.09000 -   0.09000
C35     CG321   H60     HGA2    1       -0.09000 -   0.09000
C36     CG321   H61     HGA2    1       -0.09000 -   0.09000
C36     CG321   H62     HGA2    1       -0.09000 -   0.09000
mol_gmx.pdb Success!
