N      N.3    NG311  N.3(H.1)
N2     N.2%6A NG2R60 N.2%6 
N3     N.3%6A,5A NG2RC0 N.3%5,6(C.3%6)
N4     N.2%5A NG2R50 N.2%5 
N5     N.3    NG2S1  !N.3(H.1)(C.3(!O.1))
N6     N.2%5A NG2R50 N.2%5 
N7     N.2%5A NG2R50 N.2%5 
N8     N.2%5A NG2R50 N.2%5 
N9     N.2%5A NG2R50 N.2%5 
C      C.4    CG331  !C.4(H.1)(H.1)(H.1)
C11    C.3%6A CG2R61 C.3%6A
C12    C.3%6A CG2R61 C.3%6A
C13    C.3%6A CG2R61 C.3%6A
C14    C.3%6A CG2R61 C.3%6A
C15    C.3%6A CG2R64 C.3%6(N.2%6)(N)
C16    C.3%6A CG2R61 C.3%6A
C17    C.3%6A CG2R62 C.3%6(N.3%6)
C18    C.3%5A CG2R51 C.3%5 
C19    C.3%5A CG2R51 C.3%5 
C20    C.3%6A,5A CG2RC0 C.3%6,5([^C]%6)([^C]%5)
C21    C.3%6A CG2R67 C.3%6(C.3%6)(C.3%6)(C.3%6)
C22    C.3%6A CG2R61 C.3%6A
C23    C.3%6A CG2R61 C.3%6A
C24    C.3%6A CG2R61 C.3%6A
C25    C.3%6A CG2R61 C.3%6A
C26    C.3%6A CG2R61 C.3%6A
C27    C.3    CG2O1  !C.3(O.1)(N.3)
C28    C.3%6A CG2R61 C.3%6A
C29    C.3%6A CG2R61 C.3%6A
C30    C.3%6A CG2R61 C.3%6A
C31    C.3%6A CG2R61 C.3%6A
C32    C.3%6A CG2R61 C.3%6A
C33    C.3%6A CG2R61 C.3%6A
C34    C.3%5A CG2R51 C.3%5([^C]%5(^C%5(^C%5)))
C35    C.3%6A CG2R61 C.3%6A
C36    C.3%6A CG2R61 C.3%6A
C37    C.4    CG331  !C.4(H.1)(H.1)(H.1)
O      O.2    OG301  O.2   
O39    O.1    OG2D1  O.1(C.3)
O40    O.2    OG301  O.2   
H      H.1    HGA3   H.1(C.4(H.1)(H.1))
H42    H.1    HGA3   H.1(C.4(H.1)(H.1))
H43    H.1    HGA3   H.1(C.4(H.1)(H.1))
H44    H.1    HGR61  H.1(C.3%6)
H45    H.1    HGR61  H.1(C.3%6)
H46    H.1    HGP1   H.1(!N.3)
H47    H.1    HGR62  H.1(C.3%6A([^C]%6A))
H48    H.1    HGR52  H.1(C.3%5([^C]%5))
H49    H.1    HGR52  H.1(C.3%5([^C]%5))
H50    H.1    HGR61  H.1(C.3%6)
H51    H.1    HGR61  H.1(C.3%6)
H52    H.1    HGR61  H.1(C.3%6)
H53    H.1    HGR61  H.1(C.3%6)
H54    H.1    HGP1   H.1(!N.3)
H55    H.1    HGR61  H.1(C.3%6)
H56    H.1    HGR61  H.1(C.3%6)
H57    H.1    HGR61  H.1(C.3%6)
H58    H.1    HGR61  H.1(C.3%6)
H59    H.1    HGR61  H.1(C.3%6)
H60    H.1    HGA3   H.1(C.4(H.1)(H.1))
H61    H.1    HGA3   H.1(C.4(H.1)(H.1))
H62    H.1    HGA3   H.1(C.4(H.1)(H.1))
C14     CG2R61  N       NG311   1        0.04000 -  -0.04000
C15     CG2R64  N       NG311   1        0.13500 -  -0.13500
H46     HGP1    N       NG311   1        0.35000 -  -0.35000
C15     CG2R64  N2      NG2R60  2        0.30000 -  -0.30000
C16     CG2R61  N2      NG2R60  1        0.30000 -  -0.30000
C17     CG2R62  N3      NG2RC0  1        0.29000 -  -0.29000
C18     CG2R51  N3      NG2RC0  1        0.04000 -  -0.04000
C20     CG2RC0  N3      NG2RC0  1       -0.05000 -   0.05000
C19     CG2R51  N4      NG2R50  1        0.32000 -  -0.32000
C20     CG2RC0  N4      NG2R50  2        0.35000 -  -0.35000
C27     CG2O1   N5      NG2S1   1        0.00000 -   0.00000
C28     CG2R61  N5      NG2S1   2        0.14000 -  -0.14000
H54     HGP1    N5      NG2S1   1        0.33000 -  -0.33000
N6      NG2R50  N7      NG2R50  2        0.00000 -   0.00000
C34     CG2R51  N6      NG2R50  1        0.32000 -  -0.32000
N7      NG2R50  N8      NG2R50  1        0.00000 -   0.00000
N8      NG2R50  N9      NG2R50  2        0.00000 -   0.00000
C34     CG2R51  N9      NG2R50  1        0.32000 -  -0.32000
C       CG331   O       OG301   1        0.17000 -  -0.17000
C       CG331   H       HGA3    1       -0.09000 -   0.09000
C       CG331   H42     HGA3    1       -0.09000 -   0.09000
C       CG331   H43     HGA3    1       -0.09000 -   0.09000
C11     CG2R61  C12     CG2R61  2        0.00000 -   0.00000
C11     CG2R61  C36     CG2R61  1        0.00000 -   0.00000
C11     CG2R61  O       OG301   1        0.21500 -  -0.21500
C12     CG2R61  C13     CG2R61  1        0.00000 -   0.00000
C12     CG2R61  H44     HGR61   1       -0.11500 -   0.11500
C13     CG2R61  C14     CG2R61  2        0.00000 -   0.00000
C13     CG2R61  H45     HGR61   1       -0.11500 -   0.11500
C14     CG2R61  C35     CG2R61  1        0.00000 -   0.00000
C15     CG2R64  C20     CG2RC0  1        0.02500 -  -0.02500
C16     CG2R61  C17     CG2R62  2        0.00000 -   0.00000
C16     CG2R61  C21     CG2R67  1        0.00000 -   0.00000
C17     CG2R62  H47     HGR62   1       -0.17000 -   0.17000
C18     CG2R51  C19     CG2R51  2        0.00000 -   0.00000
C18     CG2R51  H48     HGR52   1         -0.090 -     0.090
C19     CG2R51  H49     HGR52   1       -0.10000 -   0.10000
C22     CG2R61  C21     CG2R67  1        0.00000 -   0.00000
C26     CG2R61  C21     CG2R67  2        0.00000 -   0.00000
C22     CG2R61  C23     CG2R61  2        0.00000 -   0.00000
C22     CG2R61  H50     HGR61   1       -0.11500 -   0.11500
C23     CG2R61  C24     CG2R61  1        0.00000 -   0.00000
C23     CG2R61  H51     HGR61   1       -0.11500 -   0.11500
C24     CG2R61  C25     CG2R61  2        0.00000 -   0.00000
C24     CG2R61  H52     HGR61   1       -0.11500 -   0.11500
C25     CG2R61  C26     CG2R61  1        0.00000 -   0.00000
C27     CG2O1   C25     CG2R61  1        0.02000 -  -0.02000
C26     CG2R61  H53     HGR61   1       -0.11500 -   0.11500
C27     CG2O1   O39     OG2D1   2        0.51000 -  -0.51000
C28     CG2R61  C29     CG2R61  1        0.00000 -   0.00000
C28     CG2R61  C33     CG2R61  1        0.00000 -   0.00000
C29     CG2R61  C30     CG2R61  2        0.00000 -   0.00000
C29     CG2R61  H55     HGR61   1       -0.11500 -   0.11500
C30     CG2R61  C31     CG2R61  1        0.00000 -   0.00000
C30     CG2R61  H56     HGR61   1       -0.11500 -   0.11500
C31     CG2R61  C32     CG2R61  1        0.00000 -   0.00000
C34     CG2R51  C31     CG2R61  2       -0.03000 -   0.03000
C32     CG2R61  C33     CG2R61  2        0.00000 -   0.00000
C32     CG2R61  H57     HGR61   1       -0.11500 -   0.11500
C33     CG2R61  H58     HGR61   1       -0.11500 -   0.11500
C35     CG2R61  C36     CG2R61  2        0.00000 -   0.00000
C35     CG2R61  H59     HGR61   1       -0.11500 -   0.11500
C36     CG2R61  O40     OG301   1        0.21500 -  -0.21500
C37     CG331   O40     OG301   1        0.17000 -  -0.17000
C37     CG331   H60     HGA3    1       -0.09000 -   0.09000
C37     CG331   H61     HGA3    1       -0.09000 -   0.09000
C37     CG331   H62     HGA3    1       -0.09000 -   0.09000
mol_gmx.pdb Success!
