C      C.3%6A CG2R61 C.3%6A
C2     C.3%6A CG2R61 C.3%6A
C3     C.3%6A CG2R61 C.3%6A
C4     C.3%6A CG2R61 C.3%6A
C5     C.3%6A,5A CG2RC0 C.3%6,5(C.3%6,5)(C.3%6)
C6     C.3%6A,5A CG2RC0 C.3%6,5(C.3%6,5)(C.3%6)
C7     C.3%5A CG2R52 C.3%5(=N.2%5)
N      N.2%5A NG2R50 N.2%5 
N9     N.3%5A NG2R51 N.3%5A(C.3%5)
C10    C.4    CG321  C.4(H.1)(H.1)
N11    N.3%4N NG2S0  N.3(!C.3(O.1))
C12    C.3    CG2O1  !C.3(O.1)(N.3)
O      O.1    OG2D1  O.1(C.3)
C14    C.3%6A CG2R61 C.3%6A
C15    C.3%6A CG2R61 C.3%6A
C16    C.3%6A,5A CG2RC0 C.3%6,5(C.3%6,5)(C.3%6)
C17    C.3%6A,5A CG2RC0 C.3%6,5(C.3%6,5)(C.3%6)
C18    C.3%6A CG2R61 C.3%6A
C19    C.3%6A CG2R61 C.3%6A
C20    C.3%5A CG2R52 C.3%5(=N.2%5)
N21    N.2%5A NG2R50 N.2%5 
N22    N.3%5A NG2R51 N.3%5A(C.3%5)
C23    C.4    CG331  !C.4(H.1)(H.1)(H.1)
C24    C.4%4N CG321  C.4(H.1)(H.1)
C25    C.4%4N CG311  C.4(H.1)
C26    C.4%4N CG321  C.4(H.1)(H.1)
O27    O.2    OG311  !O.2(!H.1)
H      H.1    HGR61  H.1(C.3%6)
H29    H.1    HGR61  H.1(C.3%6)
H30    H.1    HGR61  H.1(C.3%6)
H31    H.1    HGP1   H.1(N.3%5)
H32    H.1    HGA2   H.1(C.4(H.1))
H33    H.1    HGA2   H.1(C.4(H.1))
H34    H.1    HGR61  H.1(C.3%6)
H35    H.1    HGR61  H.1(C.3%6)
H36    H.1    HGR61  H.1(C.3%6)
H37    H.1    HGR52  H.1(C.3%5([^C]%5))
H38    H.1    HGA3   H.1(C.4(H.1)(H.1))
H39    H.1    HGA3   H.1(C.4(H.1)(H.1))
H40    H.1    HGA3   H.1(C.4(H.1)(H.1))
H41    H.1    HGA2   H.1(C.4(H.1))
H42    H.1    HGA2   H.1(C.4(H.1))
H43    H.1    HGA1   H.1(C.4)
H44    H.1    HGA2   H.1(C.4(H.1))
H45    H.1    HGA2   H.1(C.4(H.1))
H46    H.1    HGP1   H(O.2)
C       CG2R61  C2      CG2R61  2        0.00000 -   0.00000
C       CG2R61  C4      CG2R61  1        0.00000 -   0.00000
C12     CG2O1   C       CG2R61  1        0.02000 -  -0.02000
C2      CG2R61  C6      CG2RC0  1        0.00000 -   0.00000
C2      CG2R61  H       HGR61   1       -0.11500 -   0.11500
C3      CG2R61  C4      CG2R61  2        0.00000 -   0.00000
C3      CG2R61  C5      CG2RC0  1        0.00000 -   0.00000
C3      CG2R61  H29     HGR61   1       -0.11500 -   0.11500
C4      CG2R61  H30     HGR61   1       -0.11500 -   0.11500
C5      CG2RC0  C6      CG2RC0  2        0.00000 -   0.00000
C5      CG2RC0  N9      NG2R51  1        0.15000 -  -0.15000
C7      CG2R52  C6      CG2RC0  1        0.02500 -  -0.02500
C7      CG2R52  N       NG2R50  2        0.25000 -  -0.25000
C7      CG2R52  C10     CG321   1       -0.11000 -   0.11000
N       NG2R50  N9      NG2R51  1       -0.32000 -   0.32000
H31     HGP1    N9      NG2R51  1          0.370 -   -0.3700
C14     CG2R61  C10     CG321   1        0.00000 -   0.00000
C10     CG321   H32     HGA2    1       -0.09000 -   0.09000
C10     CG321   H33     HGA2    1       -0.09000 -   0.09000
C12     CG2O1   N11     NG2S0   1        0.00000 -   0.00000
C24     CG321   N11     NG2S0   1        0.18000 -  -0.18000
C26     CG321   N11     NG2S0   1        0.18000 -  -0.18000
C12     CG2O1   O       OG2D1   2        0.51000 -  -0.51000
C14     CG2R61  C15     CG2R61  2        0.00000 -   0.00000
C14     CG2R61  C19     CG2R61  1        0.00000 -   0.00000
C15     CG2R61  C16     CG2RC0  1        0.00000 -   0.00000
C15     CG2R61  H34     HGR61   1       -0.11500 -   0.11500
C16     CG2RC0  C17     CG2RC0  2        0.00000 -   0.00000
C20     CG2R52  C16     CG2RC0  1        0.02500 -  -0.02500
C18     CG2R61  C17     CG2RC0  1        0.00000 -   0.00000
C17     CG2RC0  N22     NG2R51  1        0.15000 -  -0.15000
C18     CG2R61  C19     CG2R61  2        0.00000 -   0.00000
C18     CG2R61  H35     HGR61   1       -0.11500 -   0.11500
C19     CG2R61  H36     HGR61   1       -0.11500 -   0.11500
C20     CG2R52  N21     NG2R50  2        0.25000 -  -0.25000
C20     CG2R52  H37     HGR52   1       -0.27000 -   0.27000
N21     NG2R50  N22     NG2R51  1       -0.32000 -   0.32000
C23     CG331   N22     NG2R51  1        0.00000 -   0.00000
C23     CG331   H38     HGA3    1       -0.09000 -   0.09000
C23     CG331   H39     HGA3    1       -0.09000 -   0.09000
C23     CG331   H40     HGA3    1       -0.09000 -   0.09000
C25     CG311   C24     CG321   1        0.00000 -   0.00000
C24     CG321   H41     HGA2    1       -0.09000 -   0.09000
C24     CG321   H42     HGA2    1       -0.09000 -   0.09000
C25     CG311   C26     CG321   1        0.00000 -   0.00000
C25     CG311   O27     OG311   1        0.23000 -  -0.23000
C25     CG311   H43     HGA1    1       -0.09000 -   0.09000
C26     CG321   H44     HGA2    1       -0.09000 -   0.09000
C26     CG321   H45     HGA2    1       -0.09000 -   0.09000
H46     HGP1    O27     OG311   1        0.42000 -  -0.42000
mol.mol2 Success!
