C      C.4    CG334  !C.4(H.1)(H.1)(H.1)(N+)
N      N.4    NG3P2  N.4(H.1)(H.1)
C3     C.4    CG324  C.4(H.1)(H.1)(N+)
C4     C.4%6N CG311  C.4(H.1)
C5     C.4%6N CG321  C.4(H.1)(H.1)
C6     C.4%6N CG321  C.4(H.1)(H.1)
C7     C.4%6N,6N CG311  C.4(H.1)
C8     C.4%6N CG311  C.4(H.1)
C9     C.3%6A CG2R61 C.3%6A
C10    C.3%6A CG2R61 C.3%6A
C11    C.3%6A CG2R61 C.3%6A
C12    C.3%6A CG2R61 C.3%6A
C13    C.3%6A CG2R61 C.3%6A
C14    C.3%6A CG2R61 C.3%6A
N15    N.3%6N NG311  N.3(H.1)
C16    C.3%6N,6A CG2DC? C.3%*N(=C.3)(C.3(=C.3))
C17    C.3%6A CG2R61 C.3%6A
C18    C.3%6A CG2R61 C.3%6A
C19    C.3%6A CG2R61 C.3%6A
C20    C.4    CG301  C.4   
C21    C.4    CG331  !C.4(H.1)(H.1)(H.1)
C22    C.4    CG331  !C.4(H.1)(H.1)(H.1)
C23    C.4    CG331  !C.4(H.1)(H.1)(H.1)
C24    C.3%6A CG2R61 C.3%6A
C25    C.3%6N,6A CG2DC? C.3%*N(=C.3)(C.3(=C.3))
C26    C.4%6N,6N CG311  C.4(H.1)
O      O.2%6N OG3C61 O.2%6N
H      H.1    HGA3   H.1(C.4(H.1)(H.1))
H29    H.1    HGA3   H.1(C.4(H.1)(H.1))
H30    H.1    HGA3   H.1(C.4(H.1)(H.1))
H31    H.1    HGP2   H.1(N.4)
H32    H.1    HGA2   H.1(C.4(H.1))
H33    H.1    HGA2   H.1(C.4(H.1))
H34    H.1    HGA1   H.1(C.4)
H35    H.1    HGA2   H.1(C.4(H.1))
H36    H.1    HGA2   H.1(C.4(H.1))
H37    H.1    HGA2   H.1(C.4(H.1))
H38    H.1    HGA2   H.1(C.4(H.1))
H39    H.1    HGA1   H.1(C.4)
H40    H.1    HGA1   H.1(C.4)
H41    H.1    HGR61  H.1(C.3%6)
H42    H.1    HGR61  H.1(C.3%6)
H43    H.1    HGR61  H.1(C.3%6)
H44    H.1    HGR61  H.1(C.3%6)
H45    H.1    HGR61  H.1(C.3%6)
H46    H.1    HGPAM1 H.1(N.3(C.3%6(C.3%6(C.4%6))))
H47    H.1    HGR62  H.1(C.3%6(C.3%6(N.3%6)))
H48    H.1    HGR61  H.1(C.3%6)
H49    H.1    HGA3   H.1(C.4(H.1)(H.1))
H50    H.1    HGA3   H.1(C.4(H.1)(H.1))
H51    H.1    HGA3   H.1(C.4(H.1)(H.1))
H52    H.1    HGA3   H.1(C.4(H.1)(H.1))
H53    H.1    HGA3   H.1(C.4(H.1)(H.1))
H54    H.1    HGA3   H.1(C.4(H.1)(H.1))
H55    H.1    HGA3   H.1(C.4(H.1)(H.1))
H56    H.1    HGA3   H.1(C.4(H.1)(H.1))
H57    H.1    HGA3   H.1(C.4(H.1)(H.1))
H58    H.1    HGR61  H.1(C.3%6)
H59    H.1    HGA1   H.1(C.4)
H60    H.1    HGP2   H.1(N.4)
C       CG334   N       NG3P2   1        0.31000 -  -0.06000
C       CG334   H       HGA3    1       -0.09000 -   0.09000
C       CG334   H29     HGA3    1       -0.09000 -   0.09000
C       CG334   H30     HGA3    1       -0.09000 -   0.09000
C3      CG324   N       NG3P2   1        0.38000 -  -0.13000
H31     HGP2    N       NG3P2   1        0.32000 -  -0.07000
H60     HGP2    N       NG3P2   1        0.32000 -  -0.07000
C4      CG311   C3      CG324   1        0.00000 -   0.00000
C3      CG324   H32     HGA2    1       -0.09000 -   0.09000
C3      CG324   H33     HGA2    1       -0.09000 -   0.09000
C4      CG311   C5      CG321   1        0.00000 -   0.00000
C4      CG311   O       OG3C61  1        0.17000 -  -0.17000
C4      CG311   H34     HGA1    1       -0.09000 -   0.09000
C5      CG321   C6      CG321   1        0.00000 -   0.00000
C5      CG321   H35     HGA2    1       -0.09000 -   0.09000
C5      CG321   H36     HGA2    1       -0.09000 -   0.09000
C7      CG311   C6      CG321   1        0.00000 -   0.00000
C6      CG321   H37     HGA2    1       -0.09000 -   0.09000
C6      CG321   H38     HGA2    1       -0.09000 -   0.09000
C7      CG311   C8      CG311   1        0.00000 -   0.00000
C7      CG311   C26     CG311   1        0.00000 -   0.00000
C7      CG311   H39     HGA1    1       -0.09000 -   0.09000
C9      CG2R61  C8      CG311   1        0.00000 -   0.00000
C8      CG311   N15     NG311   1        0.24000 -  -0.24000
C8      CG311   H40     HGA1    1       -0.09000 -   0.09000
C9      CG2R61  C10     CG2R61  2        0.00000 -   0.00000
C9      CG2R61  C14     CG2R61  1        0.00000 -   0.00000
C10     CG2R61  C11     CG2R61  1        0.00000 -   0.00000
C10     CG2R61  H41     HGR61   1       -0.11500 -   0.11500
C11     CG2R61  C12     CG2R61  2        0.00000 -   0.00000
C11     CG2R61  H42     HGR61   1       -0.11500 -   0.11500
C12     CG2R61  C13     CG2R61  1        0.00000 -   0.00000
C12     CG2R61  H43     HGR61   1       -0.11500 -   0.11500
C13     CG2R61  C14     CG2R61  2        0.00000 -   0.00000
C13     CG2R61  H44     HGR61   1       -0.11500 -   0.11500
C14     CG2R61  H45     HGR61   1       -0.11500 -   0.11500
C16     CG2DC2  N15     NG311   1        0.13500 -  -0.13500
H46     HGPAM1  N15     NG311   1        0.42000 -  -0.42000
C16     CG2DC2  C17     CG2R61  1        0.00000 -   0.00000
C16     CG2DC2  C25     CG2DC2  2        0.00000 -   0.00000
C17     CG2R61  C18     CG2R61  2        0.00000 -   0.00000
C17     CG2R61  H47     HGR62   1       -0.12000 -   0.12000
C18     CG2R61  C19     CG2R61  1        0.00000 -   0.00000
C18     CG2R61  H48     HGR61   1       -0.11500 -   0.11500
C19     CG2R61  C20     CG301   1        0.00000 -   0.00000
C19     CG2R61  C24     CG2R61  2        0.00000 -   0.00000
C20     CG301   C21     CG331   1        0.00000 -   0.00000
C20     CG301   C22     CG331   1        0.00000 -   0.00000
C20     CG301   C23     CG331   1        0.00000 -   0.00000
C21     CG331   H49     HGA3    1       -0.09000 -   0.09000
C21     CG331   H50     HGA3    1       -0.09000 -   0.09000
C21     CG331   H51     HGA3    1       -0.09000 -   0.09000
C22     CG331   H52     HGA3    1       -0.09000 -   0.09000
C22     CG331   H53     HGA3    1       -0.09000 -   0.09000
C22     CG331   H54     HGA3    1       -0.09000 -   0.09000
C23     CG331   H55     HGA3    1       -0.09000 -   0.09000
C23     CG331   H56     HGA3    1       -0.09000 -   0.09000
C23     CG331   H57     HGA3    1       -0.09000 -   0.09000
C25     CG2DC2  C24     CG2R61  1        0.00000 -   0.00000
C24     CG2R61  H58     HGR61   1       -0.11500 -   0.11500
C25     CG2DC2  C26     CG311   1        0.16500 -  -0.16500
C26     CG311   O       OG3C61  1        0.17000 -  -0.17000
C26     CG311   H59     HGA1    1       -0.09000 -   0.09000
mol.mol2 Success!
