C      C.3%6A CG2R67 C.3%6(C.3%6)(C.3%6)(C.3%6)
C2     C.3%6A CG2R61 C.3%6A
C3     C.3%6A CG2R61 C.3%6A
C4     C.3%6A CG2R61 C.3%6A
C5     C.3%6A,6A CG2R61 C.3%6A
C6     C.3%6A,6A CG2R61 C.3%6A
N      N.2%6A NG2R60 N.2%6 
C8     C.3%6A CG2R61 C.3%6A
C9     C.3%6A CG2R61 C.3%6A
N10    N.2%6A NG2R60 N.2%6 
C11    C.3%6A CG2R67 C.3%6(C.3%6)(C.3%6)(C.3%6)
C12    C.3%6A CG2R61 C.3%6A
C13    C.3%6A CG2R61 C.3%6A
C14    C.3%6A CG2R61 C.3%6A
C15    C.3%6A CG2R61 C.3%6A
C16    C.3%6A CG2R61 C.3%6A
N17    N.3    NG311  N.3(H.1)
C18    C.3%6A CG2R61 C.3%6A
C19    C.3%6A CG2R61 C.3%6A
N20    N.2%6A NG2R60 N.2%6 
C21    C.3%6A CG2R61 C.3%6A
C22    C.3%6A CG2R61 C.3%6A
C23    C.3%6A CG2R61 C.3%6A
S      S.4    SG3O2  S.4(O.1)(O.1)
O      O.1    OG2P1  O.1(!S)
O26    O.1    OG2P1  O.1(!S)
C27    C.4    CG331  !C.4(H.1)(H.1)(H.1)
N28    N.3    NG2S3  !N.3(H.1)(H.1)(C.3%6)
H      H.1    HGR61  H.1(C.3%6)
H30    H.1    HGR61  H.1(C.3%6)
H31    H.1    HGR62  H.1(C.3%6A([^C]%6A))
H32    H.1    HGR62  H.1(C.3%6A([^C]%6A))
H33    H.1    HGR61  H.1(C.3%6)
H34    H.1    HGR61  H.1(C.3%6)
H35    H.1    HGR61  H.1(C.3%6)
H36    H.1    HGR61  H.1(C.3%6)
H37    H.1    HGP1   H.1(!N.3)
H38    H.1    HGR62  H.1(C.3%6A([^C]%6A))
H39    H.1    HGR62  H.1(C.3%6A([^C]%6A))
H40    H.1    HGR61  H.1(C.3%6)
H41    H.1    HGA3   H.1(C.4(H.1)(H.1))
H42    H.1    HGA3   H.1(C.4(H.1)(H.1))
H43    H.1    HGA3   H.1(C.4(H.1)(H.1))
H44    H.1    HGP4   H.1(!N.3(H.1)(C.3%6))
H45    H.1    HGP4   H.1(!N.3(H.1)(C.3%6))
C4      CG2R61  C       CG2R67  2        0.00000 -   0.00000
C6      CG2R61  C       CG2R67  1        0.00000 -   0.00000
C       CG2R67  C11     CG2R67  1        0.00000 -   0.00000
C2      CG2R61  C3      CG2R61  2        0.00000 -   0.00000
C2      CG2R61  C5      CG2R61  1        0.00000 -   0.00000
C2      CG2R61  H       HGR61   1       -0.11500 -   0.11500
C3      CG2R61  C4      CG2R61  1        0.00000 -   0.00000
C3      CG2R61  N17     NG311   1        0.04000 -  -0.04000
C4      CG2R61  H30     HGR61   1       -0.11500 -   0.11500
C5      CG2R61  C6      CG2R61  1        0.00000 -   0.00000
C5      CG2R61  N10     NG2R60  2        0.29000 -  -0.29000
C6      CG2R61  N       NG2R60  2        0.29000 -  -0.29000
C8      CG2R61  N       NG2R60  1        0.29000 -  -0.29000
C8      CG2R61  C9      CG2R61  2        0.00000 -   0.00000
C8      CG2R61  H31     HGR62   1         -0.160 -     0.160
C9      CG2R61  N10     NG2R60  1        0.29000 -  -0.29000
C9      CG2R61  H32     HGR62   1         -0.160 -     0.160
C12     CG2R61  C11     CG2R67  2        0.00000 -   0.00000
C16     CG2R61  C11     CG2R67  1        0.00000 -   0.00000
C12     CG2R61  C13     CG2R61  1        0.00000 -   0.00000
C12     CG2R61  H33     HGR61   1       -0.11500 -   0.11500
C13     CG2R61  C14     CG2R61  2        0.00000 -   0.00000
C13     CG2R61  H34     HGR61   1       -0.11500 -   0.11500
C14     CG2R61  C15     CG2R61  1        0.00000 -   0.00000
C14     CG2R61  N28     NG2S3   1        0.07000 -  -0.07000
C15     CG2R61  C16     CG2R61  2        0.00000 -   0.00000
C15     CG2R61  H35     HGR61   1       -0.11500 -   0.11500
C16     CG2R61  H36     HGR61   1       -0.11500 -   0.11500
C18     CG2R61  N17     NG311   1        0.04000 -  -0.04000
H37     HGP1    N17     NG311   1        0.35000 -  -0.35000
C18     CG2R61  C19     CG2R61  2        0.00000 -   0.00000
C18     CG2R61  C23     CG2R61  1        0.00000 -   0.00000
C19     CG2R61  N20     NG2R60  1        0.30000 -  -0.30000
C19     CG2R61  H38     HGR62   1       -0.12000 -   0.12000
C21     CG2R61  N20     NG2R60  2        0.30000 -  -0.30000
C21     CG2R61  C22     CG2R61  1        0.00000 -   0.00000
C21     CG2R61  H39     HGR62   1       -0.12000 -   0.12000
C22     CG2R61  C23     CG2R61  2        0.00000 -   0.00000
C22     CG2R61  H40     HGR61   1       -0.11500 -   0.11500
C23     CG2R61  S       SG3O2   1        0.24000 -  -0.24000
O       OG2P1   S       SG3O2   2       -0.36000 -   0.36000
O26     OG2P1   S       SG3O2   2       -0.36000 -   0.36000
C27     CG331   S       SG3O2   1        0.29000 -  -0.29000
C27     CG331   H41     HGA3    1       -0.09000 -   0.09000
C27     CG331   H42     HGA3    1       -0.09000 -   0.09000
C27     CG331   H43     HGA3    1       -0.09000 -   0.09000
H44     HGP4    N28     NG2S3   1        0.38000 -  -0.38000
H45     HGP4    N28     NG2S3   1        0.38000 -  -0.38000
mol.mol2 Success!
