C      C.4    CG331  !C.4(H.1)(H.1)(H.1)
C2     C.4%6N CG301  C.4   
O      O.2    OG311  !O.2(!H.1)
C4     C.4%6N CG321  C.4(H.1)(H.1)
C5     C.4%6N CG321  C.4(H.1)(H.1)
N      N.3%6N NG301  N.3%6N
C7     C.4%6N CG321  C.4(H.1)(H.1)
C8     C.4%6N CG321  C.4(H.1)(H.1)
C9     C.3%6A CG2D1O C.3%6([^C]%6(C.4%6))
C10    C.3%6A CG2R61 C.3%6A
C11    C.3%6A CG2R61 C.3%6A
C12    C.3%6A CG2R61 C.3%6A
N13    N.3    NG311  N.3(H.1)
C14    C.3%6A CG2R64 C.3%6(N.2%6)(N)
N15    N.2%6A NG2R60 N.2%6 
C16    C.3%6A CG2R61 C.3%6A
C17    C.3%6A CG2R62 C.3%6(N.3%6)
N18    N.3%6A,5A NG2RC0 N.3%5,6(C.3%6)
C19    C.3%5A CG2R51 C.3%5 
C20    C.3%5A CG2R51 C.3%5 
N21    N.2%5A NG2R50 N.2%5 
C22    C.3%6A,5A CG2RC0 C.3%6,5([^C]%6)([^C]%5)
C23    C.3%6A CG2R67 C.3%6(C.3%6)(C.3%6)(C.3%6)
C24    C.3%6A CG2R61 C.3%6A
C25    C.3%6A CG2R61 C.3%6A
C26    C.3%6A,5A CG2RC0 C.3%6,5(C.3%6,5)(C.3%6)
C27    C.3%5A CG2R52 C.3%5(=N.2%5)
N28    N.2%5A NG2R50 N.2%5 
N29    N.3%5A NG2R51 N.3%5A(C.3%5)
C30    C.3%6A,5A CG2RC0 C.3%6,5(C.3%6,5)(C.3%6)
C31    C.3%6A CG2R61 C.3%6A
C32    C.3%6A CG2R61 C.3%6A
C33    C.3%6A CG2R61 C.3%6A
H      H.1    HGA3   H.1(C.4(H.1)(H.1))
H35    H.1    HGA3   H.1(C.4(H.1)(H.1))
H36    H.1    HGA3   H.1(C.4(H.1)(H.1))
H37    H.1    HGP1   H(O.2)
H38    H.1    HGA2   H.1(C.4(H.1))
H39    H.1    HGA2   H.1(C.4(H.1))
H40    H.1    HGA2   H.1(C.4(H.1))
H41    H.1    HGA2   H.1(C.4(H.1))
H42    H.1    HGA2   H.1(C.4(H.1))
H43    H.1    HGA2   H.1(C.4(H.1))
H44    H.1    HGA2   H.1(C.4(H.1))
H45    H.1    HGA2   H.1(C.4(H.1))
H46    H.1    HGR62  H.1(C.3%6(C.3%6(N.3%6)))
H47    H.1    HGR61  H.1(C.3%6)
H48    H.1    HGP1   H.1(!N.3)
H49    H.1    HGR62  H.1(C.3%6A([^C]%6A))
H50    H.1    HGR52  H.1(C.3%5([^C]%5))
H51    H.1    HGR52  H.1(C.3%5([^C]%5))
H52    H.1    HGR61  H.1(C.3%6)
H53    H.1    HGR61  H.1(C.3%6)
H54    H.1    HGR52  H.1(C.3%5([^C]%5))
H55    H.1    HGP1   H.1(N.3%5)
H56    H.1    HGR61  H.1(C.3%6)
H57    H.1    HGR61  H.1(C.3%6)
H58    H.1    HGR62  H.1(C.3%6(C.3%6(N.3%6)))
C2      CG301   C       CG331   1        0.00000 -   0.00000
C       CG331   H       HGA3    1       -0.09000 -   0.09000
C       CG331   H35     HGA3    1       -0.09000 -   0.09000
C       CG331   H36     HGA3    1       -0.09000 -   0.09000
C2      CG301   O       OG311   1        0.23000 -  -0.23000
C2      CG301   C4      CG321   1        0.00000 -   0.00000
C2      CG301   C8      CG321   1        0.00000 -   0.00000
H37     HGP1    O       OG311   1        0.42000 -  -0.42000
C4      CG321   C5      CG321   1        0.00000 -   0.00000
C4      CG321   H38     HGA2    1       -0.09000 -   0.09000
C4      CG321   H39     HGA2    1       -0.09000 -   0.09000
C5      CG321   N       NG301   1        0.21000 -  -0.21000
C5      CG321   H40     HGA2    1       -0.09000 -   0.09000
C5      CG321   H41     HGA2    1       -0.09000 -   0.09000
C7      CG321   N       NG301   1        0.21000 -  -0.21000
C9      CG2D1O  N       NG301   1       -0.10000 -   0.10000
C7      CG321   C8      CG321   1        0.00000 -   0.00000
C7      CG321   H42     HGA2    1       -0.09000 -   0.09000
C7      CG321   H43     HGA2    1       -0.09000 -   0.09000
C8      CG321   H44     HGA2    1       -0.09000 -   0.09000
C8      CG321   H45     HGA2    1       -0.09000 -   0.09000
C9      CG2D1O  C10     CG2R61  2        0.00000 -   0.00000
C9      CG2D1O  C33     CG2R61  1        0.00000 -   0.00000
C10     CG2R61  C11     CG2R61  1        0.00000 -   0.00000
C10     CG2R61  H46     HGR62   1       -0.12000 -   0.12000
C11     CG2R61  C12     CG2R61  2        0.00000 -   0.00000
C11     CG2R61  H47     HGR61   1       -0.11500 -   0.11500
C12     CG2R61  N13     NG311   1        0.04000 -  -0.04000
C12     CG2R61  C32     CG2R61  1        0.00000 -   0.00000
C14     CG2R64  N13     NG311   1        0.13500 -  -0.13500
H48     HGP1    N13     NG311   1        0.35000 -  -0.35000
C14     CG2R64  N15     NG2R60  2        0.30000 -  -0.30000
C14     CG2R64  C22     CG2RC0  1        0.02500 -  -0.02500
C16     CG2R61  N15     NG2R60  1        0.30000 -  -0.30000
C16     CG2R61  C17     CG2R62  2        0.00000 -   0.00000
C16     CG2R61  C23     CG2R67  1        0.00000 -   0.00000
C17     CG2R62  N18     NG2RC0  1        0.29000 -  -0.29000
C17     CG2R62  H49     HGR62   1       -0.17000 -   0.17000
C19     CG2R51  N18     NG2RC0  1        0.04000 -  -0.04000
C22     CG2RC0  N18     NG2RC0  1       -0.05000 -   0.05000
C19     CG2R51  C20     CG2R51  2        0.00000 -   0.00000
C19     CG2R51  H50     HGR52   1         -0.090 -     0.090
C20     CG2R51  N21     NG2R50  1        0.32000 -  -0.32000
C20     CG2R51  H51     HGR52   1       -0.10000 -   0.10000
C22     CG2RC0  N21     NG2R50  2        0.35000 -  -0.35000
C24     CG2R61  C23     CG2R67  2        0.00000 -   0.00000
C31     CG2R61  C23     CG2R67  1        0.00000 -   0.00000
C24     CG2R61  C25     CG2R61  1        0.00000 -   0.00000
C24     CG2R61  H52     HGR61   1       -0.11500 -   0.11500
C25     CG2R61  C26     CG2RC0  2        0.00000 -   0.00000
C25     CG2R61  H53     HGR61   1       -0.11500 -   0.11500
C27     CG2R52  C26     CG2RC0  1        0.02500 -  -0.02500
C26     CG2RC0  C30     CG2RC0  1        0.00000 -   0.00000
C27     CG2R52  N28     NG2R50  2        0.25000 -  -0.25000
C27     CG2R52  H54     HGR52   1         -0.130 -     0.130
N28     NG2R50  N29     NG2R51  1       -0.32000 -   0.32000
C30     CG2RC0  N29     NG2R51  1        0.15000 -  -0.15000
H55     HGP1    N29     NG2R51  1          0.370 -   -0.3700
C31     CG2R61  C30     CG2RC0  2        0.00000 -   0.00000
C31     CG2R61  H56     HGR61   1       -0.11500 -   0.11500
C32     CG2R61  C33     CG2R61  2        0.00000 -   0.00000
C32     CG2R61  H57     HGR61   1       -0.11500 -   0.11500
C33     CG2R61  H58     HGR62   1       -0.12000 -   0.12000
mol_gmx.pdb Success!
