C      C.4    CG331  !C.4(H.1)(H.1)(H.1)
C2     C.3    CG2O1  !C.3(O.1)(N.3)
O      O.1    OG2D1  O.1(C.3)
N      N.3    NG2S1  !N.3(H.1)(C.3(!O.1))
C5     C.4    CG321  C.4(H.1)(H.1)
C6     C.4    CG324  C.4(H.1)(H.1)(N+)
N7     N.4    NG3P2  N.4(H.1)(H.1)
C8     C.4    CG324  C.4(H.1)(H.1)(N+)
C9     C.4%6N CG311  C.4(H.1)
C10    C.4%6N CG321  C.4(H.1)(H.1)
C11    C.4%6N CG321  C.4(H.1)(H.1)
C12    C.4%6N,6N CG311  C.4(H.1)
C13    C.4%6N CG311  C.4(H.1)
C14    C.3%6A CG2R61 C.3%6A
C15    C.3%6A CG2R61 C.3%6A
C16    C.3%6A CG2R61 C.3%6A
C17    C.3%6A CG2R61 C.3%6A
C18    C.3%6A CG2R61 C.3%6A
C19    C.3%6A CG2R61 C.3%6A
N20    N.3%6N NG311  N.3(H.1)
C21    C.3%6N,6A CG2DC? C.3%*N(=C.3)(C.3(=C.3))
C22    C.3%6A CG2R66 C.3%6(F.1)
F      F.1    FGR1   F.1(C.3%)
C24    C.3%6A CG2R61 C.3%6A
C25    C.3%6A CG2R61 C.3%6A
BR     BR.1   BRGR1  BR.1(C.3%6)
C27    C.3%6A CG2R61 C.3%6A
C28    C.3%6N,6A CG2DC? C.3%*N(=C.3)(C.3(=C.3))
C29    C.4%6N,6N CG311  C.4(H.1)
O30    O.2%6N OG3C61 O.2%6N
H      H.1    HGA3   H.1(C.4(H.1)(H.1))
H32    H.1    HGA3   H.1(C.4(H.1)(H.1))
H33    H.1    HGA3   H.1(C.4(H.1)(H.1))
H34    H.1    HGP1   H.1(!N.3)
H35    H.1    HGA2   H.1(C.4(H.1))
H36    H.1    HGA2   H.1(C.4(H.1))
H37    H.1    HGA2   H.1(C.4(H.1))
H38    H.1    HGA2   H.1(C.4(H.1))
H39    H.1    HGP2   H.1(N.4)
H40    H.1    HGA2   H.1(C.4(H.1))
H41    H.1    HGA2   H.1(C.4(H.1))
H42    H.1    HGA1   H.1(C.4)
H43    H.1    HGA2   H.1(C.4(H.1))
H44    H.1    HGA2   H.1(C.4(H.1))
H45    H.1    HGA2   H.1(C.4(H.1))
H46    H.1    HGA2   H.1(C.4(H.1))
H47    H.1    HGA1   H.1(C.4)
H48    H.1    HGA1   H.1(C.4)
H49    H.1    HGR61  H.1(C.3%6)
H50    H.1    HGR61  H.1(C.3%6)
H51    H.1    HGR61  H.1(C.3%6)
H52    H.1    HGR61  H.1(C.3%6)
H53    H.1    HGR61  H.1(C.3%6)
H54    H.1    HGPAM1 H.1(N.3(C.3%6(C.3%6(C.4%6))))
H55    H.1    HGR62  H.1(C.3%6(C.3%6(F|CL|BR|I.1)))
H56    H.1    HGR62  H.1(C.3%6(C.3%6(F|CL|BR|I.1)))
H57    H.1    HGA1   H.1(C.4)
H58    H.1    HGP2   H.1(N.4)
C24     CG2R61  H55     HGR62   1         -0.150 -     0.150
BR      BRGR1   C25     CG2R61  1       -0.10000 -   0.10000
C24     CG2R61  C25     CG2R61  1        0.09000 -  -0.09000
C24     CG2R61  C22     CG2R66  2        0.00000 -   0.00000
C22     CG2R66  F       FGR1    1        0.21000 -  -0.21000
C25     CG2R61  C27     CG2R61  2       -0.09000 -   0.09000
C18     CG2R61  H52     HGR61   1       -0.11500 -   0.11500
C21     CG2DC2  C22     CG2R66  1       -0.04000 -   0.04000
C19     CG2R61  H53     HGR61   1       -0.11500 -   0.11500
C27     CG2R61  H56     HGR62   1         -0.150 -     0.150
C28     CG2DC2  C27     CG2R61  1        0.00000 -   0.00000
C21     CG2DC2  C28     CG2DC2  2        0.00000 -   0.00000
C21     CG2DC2  N20     NG311   1        0.13500 -  -0.13500
C18     CG2R61  C19     CG2R61  1        0.00000 -   0.00000
C18     CG2R61  C17     CG2R61  2        0.00000 -   0.00000
C12     CG311   H47     HGA1    1       -0.09000 -   0.09000
C19     CG2R61  C14     CG2R61  2        0.00000 -   0.00000
H54     HGPAM1  N20     NG311   1        0.42000 -  -0.42000
C28     CG2DC2  C29     CG311   1        0.16500 -  -0.16500
C13     CG311   N20     NG311   1        0.24000 -  -0.24000
C29     CG311   H57     HGA1    1       -0.09000 -   0.09000
C17     CG2R61  H51     HGR61   1       -0.11500 -   0.11500
C17     CG2R61  C16     CG2R61  1        0.00000 -   0.00000
C12     CG311   C29     CG311   1        0.00000 -   0.00000
C12     CG311   C13     CG311   1        0.00000 -   0.00000
C12     CG311   C11     CG321   1        0.00000 -   0.00000
C29     CG311   O30     OG3C61  1        0.17000 -  -0.17000
C14     CG2R61  C13     CG311   1        0.00000 -   0.00000
C14     CG2R61  C15     CG2R61  1        0.00000 -   0.00000
C13     CG311   H48     HGA1    1       -0.09000 -   0.09000
C11     CG321   H45     HGA2    1       -0.09000 -   0.09000
C11     CG321   H46     HGA2    1       -0.09000 -   0.09000
C11     CG321   C10     CG321   1        0.00000 -   0.00000
C16     CG2R61  C15     CG2R61  2        0.00000 -   0.00000
C16     CG2R61  H50     HGR61   1       -0.11500 -   0.11500
C15     CG2R61  H49     HGR61   1       -0.11500 -   0.11500
C9      CG311   O30     OG3C61  1        0.17000 -  -0.17000
C9      CG311   H42     HGA1    1       -0.09000 -   0.09000
C9      CG311   C10     CG321   1        0.00000 -   0.00000
C9      CG311   C8      CG324   1        0.00000 -   0.00000
C10     CG321   H44     HGA2    1       -0.09000 -   0.09000
C10     CG321   H43     HGA2    1       -0.09000 -   0.09000
C8      CG324   H40     HGA2    1       -0.09000 -   0.09000
C8      CG324   H41     HGA2    1       -0.09000 -   0.09000
C8      CG324   N7      NG3P2   1        0.38000 -  -0.13000
H39     HGP2    N7      NG3P2   1        0.32000 -  -0.07000
H58     HGP2    N7      NG3P2   1        0.32000 -  -0.07000
C6      CG324   N7      NG3P2   1        0.38000 -  -0.13000
C6      CG324   H38     HGA2    1       -0.09000 -   0.09000
C6      CG324   H37     HGA2    1       -0.09000 -   0.09000
C5      CG321   C6      CG324   1        0.00000 -   0.00000
C5      CG321   H35     HGA2    1       -0.09000 -   0.09000
C5      CG321   H36     HGA2    1       -0.09000 -   0.09000
C5      CG321   N       NG2S1   1        0.00000 -   0.00000
H34     HGP1    N       NG2S1   1        0.31000 -  -0.31000
C2      CG2O1   N       NG2S1   1        0.00000 -   0.00000
C       CG331   H       HGA3    1       -0.09000 -   0.09000
C2      CG2O1   C       CG331   1        0.00000 -   0.00000
C2      CG2O1   O       OG2D1   2        0.51000 -  -0.51000
C       CG331   H32     HGA3    1       -0.09000 -   0.09000
C       CG331   H33     HGA3    1       -0.09000 -   0.09000
mol_clean Success!
