N      N.3%6N NG301  N.3%6N
C      C.4%6N CG321  C.4(H.1)(H.1)
C3     C.4%6N CG321  C.4(H.1)(H.1)
C4     C.4%6N CG301  C.4   
C5     C.4%6N CG321  C.4(H.1)(H.1)
C6     C.4%6N CG321  C.4(H.1)(H.1)
C7     C.3%6A CG2R67 C.3%6(C.3%6)(C.3%6)(C.3%6)
C8     C.3%6A,5A CG2RC0 C.3%6,5(C.3%6,5)(C.3%6)
C9     C.3%6A,5A CG2RC0 C.3%6,5(C.3%6,5)(C.3%6)
C10    C.3%6A CG2R61 C.3%6A
C11    C.3%6A CG2R61 C.3%6A
C12    C.3%6A CG2R61 C.3%6A
C13    C.3%6A CG2R61 C.3%6A
N14    N.2%6A NG2R60 N.2%6 
C15    C.3%6A CG2R61 C.3%6A
C16    C.3%6A CG2R64 C.3%6(N.2%6)(N)
N17    N.2%6A NG2R60 N.2%6 
C18    C.3%6A CG2R64 C.3%6(N.2%6)(N)
N19    N.3    NG2S3  !N.3(H.1)(H.1)(C.3%6)
N20    N.4    NG3P3  N.4(H.1)(H.1)(H.1)
C21    C.4    CG331  !C.4(H.1)(H.1)(H.1)
C22    C.3%5A CG2R51 C.3%5(H.1)(C.3%5(C.3%5))(C.3%5)
C23    C.3%5A CG2R51 C.3%5 
N24    N.3%5A NG2R51 N.3%5A(C.3%5)
H      H.1    HGA2   H.1(C.4(H.1))
H26    H.1    HGA2   H.1(C.4(H.1))
H27    H.1    HGA2   H.1(C.4(H.1))
H28    H.1    HGA2   H.1(C.4(H.1))
H29    H.1    HGA2   H.1(C.4(H.1))
H30    H.1    HGA2   H.1(C.4(H.1))
H31    H.1    HGA2   H.1(C.4(H.1))
H32    H.1    HGA2   H.1(C.4(H.1))
H33    H.1    HGR61  H.1(C.3%6)
H34    H.1    HGR61  H.1(C.3%6)
H35    H.1    HGR61  H.1(C.3%6)
H36    H.1    HGR62  H.1(C.3%6(C.3%6(N.3%6)))
H37    H.1    HGP4   H.1(!N.3(H.1)(C.3%6))
H38    H.1    HGP4   H.1(!N.3(H.1)(C.3%6))
H39    H.1    HGP2   H.1(N.4)
H40    H.1    HGP2   H.1(N.4)
H41    H.1    HGA3   H.1(C.4(H.1)(H.1))
H42    H.1    HGA3   H.1(C.4(H.1)(H.1))
H43    H.1    HGA3   H.1(C.4(H.1)(H.1))
H44    H.1    HGR51  H.1(C.3%5)
H45    H.1    HGR52  H.1(C.3%5([^C]%5))
H46    H.1    HGP1   H.1(N.3%5)
H47    H.1    HGP2   H.1(N.4)
C       CG321   N       NG301   1        0.21000 -  -0.21000
C6      CG321   N       NG301   1        0.21000 -  -0.21000
C16     CG2R64  N       NG301   1        0.05000 -  -0.05000
C       CG321   C3      CG321   1        0.00000 -   0.00000
C       CG321   H       HGA2    1       -0.09000 -   0.09000
C       CG321   H26     HGA2    1       -0.09000 -   0.09000
C4      CG301   C3      CG321   1        0.00000 -   0.00000
C3      CG321   H27     HGA2    1       -0.09000 -   0.09000
C3      CG321   H28     HGA2    1       -0.09000 -   0.09000
C4      CG301   C5      CG321   1        0.00000 -   0.00000
C4      CG301   C21     CG331   1        0.00000 -   0.00000
C5      CG321   C6      CG321   1        0.00000 -   0.00000
C5      CG321   H29     HGA2    1       -0.09000 -   0.09000
C5      CG321   H30     HGA2    1       -0.09000 -   0.09000
C6      CG321   H31     HGA2    1       -0.09000 -   0.09000
C6      CG321   H32     HGA2    1       -0.09000 -   0.09000
C7      CG2R67  C8      CG2RC0  2       -0.20000 -   0.20000
C12     CG2R61  C7      CG2R67  1        0.00000 -   0.00000
C13     CG2R61  C7      CG2R67  1        0.00000 -   0.00000
C8      CG2RC0  C9      CG2RC0  1        0.00000 -   0.00000
C8      CG2RC0  N24     NG2R51  1        0.15000 -  -0.15000
C10     CG2R61  C9      CG2RC0  2        0.00000 -   0.00000
C22     CG2R51  C9      CG2RC0  1       -0.03000 -   0.03000
C10     CG2R61  C11     CG2R61  1        0.00000 -   0.00000
C10     CG2R61  H33     HGR61   1       -0.11500 -   0.11500
C11     CG2R61  C12     CG2R61  2        0.00000 -   0.00000
C11     CG2R61  H34     HGR61   1       -0.11500 -   0.11500
C12     CG2R61  H35     HGR61   1       -0.11500 -   0.11500
C13     CG2R61  N14     NG2R60  2        0.28000 -  -0.28000
C13     CG2R61  C18     CG2R64  1        0.00000 -   0.00000
C15     CG2R61  N14     NG2R60  1        0.28000 -  -0.28000
C15     CG2R61  C16     CG2R64  2        0.00000 -   0.00000
C15     CG2R61  H36     HGR62   1        -0.1000 -    0.1000
C16     CG2R64  N17     NG2R60  1        0.30000 -  -0.30000
C18     CG2R64  N17     NG2R60  2        0.30000 -  -0.30000
C18     CG2R64  N19     NG2S3   1        0.01000 -  -0.01000
H37     HGP4    N19     NG2S3   1        0.38000 -  -0.38000
H38     HGP4    N19     NG2S3   1        0.38000 -  -0.38000
H39     HGP2    N20     NG3P3   1        0.33000 -  -0.08000
H40     HGP2    N20     NG3P3   1        0.33000 -  -0.08000
H47     HGP2    N20     NG3P3   1        0.33000 -  -0.08000
C21     CG331   H41     HGA3    1       -0.09000 -   0.09000
C21     CG331   H42     HGA3    1       -0.09000 -   0.09000
C21     CG331   H43     HGA3    1       -0.09000 -   0.09000
C22     CG2R51  C23     CG2R51  2       -0.10000 -   0.10000
C22     CG2R51  H44     HGR51   1       -0.15000 -   0.15000
C23     CG2R51  N24     NG2R51  1        0.00000 -  -0.00000
C23     CG2R51  H45     HGR52   1         -0.140 -     0.140
H46     HGP1    N24     NG2R51  1          0.370 -   -0.3700
The Following Bonds Could Not be Charged!
Name    Type    Name    Type    Bond Type
C4      CG301   N20     NG3P3   1      
