C0     C.4    CG331  !C.4(H.1)(H.1)(H.1)
C1     C.3%6A CG2R61 C.3%6A
C2     C.3%6A CG2R61 C.3%6A
C3     C.3%6A CG2R61 C.3%6A
C4     C.3%6A CG2R61 C.3%6A
N5     N.2%6A NG2R62 N.2%6(N.2%6)
N6     N.2%6A NG2R62 N.2%6(N.2%6)
C7     C.3%6A CG2R67 C.3%6(C.3%6)(C.3%6)(C.3%6)
C8     C.3%6A CG2R61 C.3%6A
C9     C.3%6A CG2R61 C.3%6A
C10    C.3%6A CG2R61 C.3%6A
C11    C.3%6A CG2R61 C.3%6A
C12    C.4    CG321  C.4(H.1)(H.1)
N13    N.3%6A NG2R61 N.3%6A
N14    N.2%6A NG2R60 N.2%6 
C15    C.3%6A CG2R61 C.3%6A
C16    C.3%6A CG2R61 C.3%6A
C17    C.3%6A CG2R61 C.3%6A
C18    C.3%6A CG2R63 C.3%6(O.1)(N.3%6)
O19    O.1    OG2D4  O.1(C.3%6(N%6))
C20    C.3%6A CG2R67 C.3%6(C.3%6)(C.3%6)(C.3%6)
C21    C.3%6A CG2R61 C.3%6A
C22    C.3%6A CG2R66 C.3%6(F.1)
F23    F.1    FGR1   F.1(C.3%)
C24    C.3%6A CG2R61 C.3%6A
C25    C.3%6A CG2R66 C.3%6(F.1)
F26    F.1    FGR1   F.1(C.3%)
C27    C.3%6A CG2R61 C.3%6A
C28    C.3%6A CG2R61 C.3%6A
H29    H.1    HGA3   H.1(C.4(H.1)(H.1))
H30    H.1    HGA3   H.1(C.4(H.1)(H.1))
H31    H.1    HGA3   H.1(C.4(H.1)(H.1))
H32    H.1    HGR61  H.1(C.3%6)
H33    H.1    HGR61  H.1(C.3%6)
H34    H.1    HGR61  H.1(C.3%6)
H35    H.1    HGR61  H.1(C.3%6)
H36    H.1    HGR61  H.1(C.3%6)
H37    H.1    HGA2   H.1(C.4(H.1))
H38    H.1    HGA2   H.1(C.4(H.1))
H39    H.1    HGR61  H.1(C.3%6)
H40    H.1    HGR62  H.1(C.3%6(C.3%6(N.3%6)))
H41    H.1    HGR62  H.1(C.3%6(C.3%6(F|CL|BR|I.1)))
H42    H.1    HGR62  H.1(C.3%6(C.3%6(F|CL|BR|I.1)))
H43    H.1    HGR62  H.1(C.3%6(C.3%6(F|CL|BR|I.1)))
H44    H.1    HGR61  H.1(C.3%6)
C1      CG2R61  C0      CG331   1        0.00000 -   0.00000
C0      CG331   H29     HGA3    1       -0.09000 -   0.09000
C0      CG331   H30     HGA3    1       -0.09000 -   0.09000
C0      CG331   H31     HGA3    1       -0.09000 -   0.09000
C1      CG2R61  C2      CG2R61  2        0.00000 -   0.00000
C1      CG2R61  N6      NG2R62  1        0.41000 -  -0.41000
C2      CG2R61  C3      CG2R61  1        0.00000 -   0.00000
C2      CG2R61  H32     HGR61   1         -0.180 -     0.180
C3      CG2R61  C4      CG2R61  2        0.00000 -   0.00000
C3      CG2R61  H33     HGR61   1         -0.180 -     0.180
C4      CG2R61  N5      NG2R62  1        0.41000 -  -0.41000
C4      CG2R61  C7      CG2R67  1        0.00000 -   0.00000
N5      NG2R62  N6      NG2R62  2        0.00000 -   0.00000
C8      CG2R61  C7      CG2R67  2        0.00000 -   0.00000
C28     CG2R61  C7      CG2R67  1        0.00000 -   0.00000
C8      CG2R61  C9      CG2R61  1        0.00000 -   0.00000
C8      CG2R61  H34     HGR61   1       -0.11500 -   0.11500
C9      CG2R61  C10     CG2R61  2        0.00000 -   0.00000
C9      CG2R61  H35     HGR61   1       -0.11500 -   0.11500
C10     CG2R61  C11     CG2R61  1        0.00000 -   0.00000
C10     CG2R61  H36     HGR61   1       -0.11500 -   0.11500
C11     CG2R61  C12     CG321   1        0.00000 -   0.00000
C11     CG2R61  C28     CG2R61  2        0.00000 -   0.00000
C12     CG321   N13     NG2R61  1        0.21000 -  -0.21000
C12     CG321   H37     HGA2    1       -0.09000 -   0.09000
C12     CG321   H38     HGA2    1       -0.09000 -   0.09000
N14     NG2R60  N13     NG2R61  1       -0.26000 -   0.26000
C18     CG2R63  N13     NG2R61  1        0.05000 -  -0.05000
C15     CG2R61  N14     NG2R60  2        0.30000 -  -0.30000
C15     CG2R61  C16     CG2R61  1        0.00000 -   0.00000
C15     CG2R61  C20     CG2R67  1        0.00000 -   0.00000
C16     CG2R61  C17     CG2R61  2        0.00000 -   0.00000
C16     CG2R61  H39     HGR61   1       -0.11500 -   0.11500
C17     CG2R61  C18     CG2R63  1       -0.02000 -   0.02000
C17     CG2R61  H40     HGR62   1       -0.12000 -   0.12000
C18     CG2R63  O19     OG2D4   2        0.49000 -  -0.49000
C21     CG2R61  C20     CG2R67  2        0.00000 -   0.00000
C27     CG2R61  C20     CG2R67  1        0.00000 -   0.00000
C21     CG2R61  C22     CG2R66  1        0.00000 -   0.00000
C21     CG2R61  H41     HGR62   1         -0.220 -     0.220
C22     CG2R66  F23     FGR1    1        0.19000 -  -0.19000
C24     CG2R61  C22     CG2R66  2        0.00000 -   0.00000
C24     CG2R61  C25     CG2R66  1        0.00000 -   0.00000
C24     CG2R61  H42     HGR62   1         -0.190 -     0.190
C25     CG2R66  F26     FGR1    1        0.19000 -  -0.19000
C27     CG2R61  C25     CG2R66  2        0.00000 -   0.00000
C27     CG2R61  H43     HGR62   1         -0.220 -     0.220
C28     CG2R61  H44     HGR61   1       -0.11500 -   0.11500
mol.mol2 Success!
