C      C.3%6A CG2R67 C.3%6(C.3%6)(C.3%6)(C.3%6)
C2     C.3%6A CG2R61 C.3%6A
C3     C.3%6A CG2R61 C.3%6A
C4     C.3%6A CG2R61 C.3%6A
C5     C.3%6A CG2R61 C.3%6A
N      N.2%6A NG2R62 N.2%6(C.3%6(N.3%6(C.3%6)))
C7     C.3%6A CG2R61 C.3%6A
C8     C.3%6A,6A CG2R61 C.3%6A
C9     C.3%6A,6A CG2R61 C.3%6A,6A(C.3%6A)(C.3%6A)(C.3%6A)
C10    C.3%6A CG2R61 C.3%6A
C11    C.3%6A CG2R61 C.3%6A
C12    C.3%6A CG2R61 C.3%6A
C13    C.3%6A CG2R61 C.3%6A
C14    C.3%6A CG2R63 C.3%6(O.1)(N.3%6)
N15    N.3%6A NG2R61 N.3%6A(H.1)
C16    C.3%6A CG2R64 C.3%6(N.2%6)(N)
O      O.1    OG2D4  O.1(C.3%6(N%6))
H      H.1    HGR61  H.1(C.3%6)
H19    H.1    HGR61  H.1(C.3%6)
H20    H.1    HGR61  H.1(C.3%6)
H21    H.1    HGR61  H.1(C.3%6)
H22    H.1    HGR61  H.1(C.3%6)
H23    H.1    HGR61  H.1(C.3%6)
H24    H.1    HGP1   H.1(N.3%)
H25    H.1    HGR61  H.1(C.3%6)
H26    H.1    HGR61  H.1(C.3%6)
H27    H.1    HGR61  H.1(C.3%6)
C2      CG2R61  C       CG2R67  2        0.00000 -   0.00000
C3      CG2R61  C       CG2R67  1        0.00000 -   0.00000
C16     CG2R64  C       CG2R67  1        0.20000 -  -0.20000
C2      CG2R61  C4      CG2R61  1        0.00000 -   0.00000
C2      CG2R61  H       HGR61   1       -0.11500 -   0.11500
C3      CG2R61  C5      CG2R61  2        0.00000 -   0.00000
C3      CG2R61  H19     HGR61   1       -0.11500 -   0.11500
C4      CG2R61  C7      CG2R61  2        0.00000 -   0.00000
C4      CG2R61  H20     HGR61   1       -0.11500 -   0.11500
C5      CG2R61  C7      CG2R61  1        0.00000 -   0.00000
C5      CG2R61  H21     HGR61   1       -0.11500 -   0.11500
C8      CG2R61  N       NG2R62  1        0.41000 -  -0.41000
C16     CG2R64  N       NG2R62  2        0.31500 -  -0.31500
C7      CG2R61  H27     HGR61   1       -0.11500 -   0.11500
C8      CG2R61  C9      CG2R61  2        0.00000 -   0.00000
C8      CG2R61  C13     CG2R61  1        0.00000 -   0.00000
C9      CG2R61  C12     CG2R61  1        0.00000 -   0.00000
C9      CG2R61  C14     CG2R63  1       -0.02000 -   0.02000
C10     CG2R61  C11     CG2R61  1        0.00000 -   0.00000
C10     CG2R61  C12     CG2R61  2        0.00000 -   0.00000
C10     CG2R61  H26     HGR61   1       -0.11500 -   0.11500
C11     CG2R61  C13     CG2R61  2        0.00000 -   0.00000
C11     CG2R61  H22     HGR61   1       -0.11500 -   0.11500
C12     CG2R61  H23     HGR61   1       -0.11500 -   0.11500
C13     CG2R61  H25     HGR61   1       -0.11500 -   0.11500
C14     CG2R63  N15     NG2R61  1        0.05000 -  -0.05000
C14     CG2R63  O       OG2D4   2        0.49000 -  -0.49000
C16     CG2R64  N15     NG2R61  1        0.05000 -  -0.05000
H24     HGP1    N15     NG2R61  1        0.36000 -  -0.36000
mol.mol2 Success!
