C      C.3%6A CG2R61 C.3%6A
C2     C.3%6A CG2R61 C.3%6A
C3     C.3%6A CG2R61 C.3%6A
C4     C.3%6A CG2R61 C.3%6A
C5     C.3%6A,5A CG2RC0 C.3%6,5(C.3%6,5)(C.3%6)
C6     C.3%6A,5A CG2RC0 C.3%6,5(C.3%6,5)(C.3%6)
C7     C.3%5A CG2R52 C.3%5(=N.2%5)
N      N.2%5A NG2R50 N.2%5 
N9     N.3%5A NG2R51 N.3%5A(C.3%5)
C10    C.4    CG321  C.4(H.1)(H.1)
C11    C.3%5A CG2R53 C.3%5(N.2%5)(^C%5)
C12    C.3%6A CG2R61 C.3%6A
C13    C.3%6A CG2R61 C.3%6A
C14    C.3%6A CG2R61 C.3%6A
C15    C.3%6A CG2R61 C.3%6A
C16    C.3%6A CG2R61 C.3%6A
C17    C.3%6A CG2R61 C.3%6A
C18    C.3%5A CG2R51 C.3%5 
C19    C.3%5A CG2R51 C.3%5 
N20    N.3%5A NG2R51 N.3%5A(C.3%5)
N21    N.2%5A NG2R50 N.2%5 
C22    C.3%5A CG2R52 C.3%5(=N.2%5)
C23    C.4    CG331  !C.4(H.1)(H.1)(H.1)
N24    N.3%5A NG2R51 N.3%5A(C.3%5)
C25    C.3%5A CG2R51 C.3%5 
C26    C.3%5A CG2R51 C.3%5 
N27    N.2%5A NG2R50 N.2%5 
C28    C.4    CG331  !C.4(H.1)(H.1)(H.1)
H      H.1    HGR61  H.1(C.3%6)
H30    H.1    HGR61  H.1(C.3%6)
H31    H.1    HGR61  H.1(C.3%6)
H32    H.1    HGP1   H.1(N.3%5)
H33    H.1    HGA2   H.1(C.4(H.1))
H34    H.1    HGA2   H.1(C.4(H.1))
H35    H.1    HGR61  H.1(C.3%6)
H36    H.1    HGR61  H.1(C.3%6)
H37    H.1    HGR61  H.1(C.3%6)
H38    H.1    HGR61  H.1(C.3%6)
H39    H.1    HGR52  H.1(C.3%5([^C]%5))
H40    H.1    HGR52  H.1(C.3%5([^C]%5))
H41    H.1    HGA3   H.1(C.4(H.1)(H.1))
H42    H.1    HGA3   H.1(C.4(H.1)(H.1))
H43    H.1    HGA3   H.1(C.4(H.1)(H.1))
H44    H.1    HGR52  H.1(C.3%5([^C]%5))
H45    H.1    HGR52  H.1(C.3%5([^C]%5))
H46    H.1    HGA3   H.1(C.4(H.1)(H.1))
H47    H.1    HGA3   H.1(C.4(H.1)(H.1))
H48    H.1    HGA3   H.1(C.4(H.1)(H.1))
C       CG2R61  C2      CG2R61  1        0.00000 -   0.00000
C       CG2R61  C4      CG2R61  2        0.00000 -   0.00000
C11     CG2R53  C       CG2R61  1        0.02000 -  -0.02000
C2      CG2R61  C6      CG2RC0  2        0.00000 -   0.00000
C2      CG2R61  H       HGR61   1       -0.11500 -   0.11500
C3      CG2R61  C4      CG2R61  1        0.00000 -   0.00000
C3      CG2R61  C5      CG2RC0  2        0.00000 -   0.00000
C3      CG2R61  H30     HGR61   1       -0.11500 -   0.11500
C4      CG2R61  H31     HGR61   1       -0.11500 -   0.11500
C5      CG2RC0  C6      CG2RC0  1        0.00000 -   0.00000
C5      CG2RC0  N9      NG2R51  1        0.15000 -  -0.15000
C7      CG2R52  C6      CG2RC0  1        0.02500 -  -0.02500
C7      CG2R52  N       NG2R50  2        0.25000 -  -0.25000
C7      CG2R52  C10     CG321   1       -0.11000 -   0.11000
N       NG2R50  N9      NG2R51  1       -0.32000 -   0.32000
H32     HGP1    N9      NG2R51  1          0.370 -   -0.3700
C12     CG2R61  C10     CG321   1        0.00000 -   0.00000
C10     CG321   H33     HGA2    1       -0.09000 -   0.09000
C10     CG321   H34     HGA2    1       -0.09000 -   0.09000
C11     CG2R53  N24     NG2R51  1        0.10000 -  -0.10000
C11     CG2R53  N27     NG2R50  2        0.36000 -  -0.36000
C12     CG2R61  C13     CG2R61  2        0.00000 -   0.00000
C12     CG2R61  C17     CG2R61  1        0.00000 -   0.00000
C13     CG2R61  C14     CG2R61  1        0.00000 -   0.00000
C13     CG2R61  H35     HGR61   1       -0.11500 -   0.11500
C14     CG2R61  C15     CG2R61  2        0.00000 -   0.00000
C14     CG2R61  H36     HGR61   1       -0.11500 -   0.11500
C15     CG2R61  C16     CG2R61  1        0.00000 -   0.00000
C18     CG2R51  C15     CG2R61  1       -0.03000 -   0.03000
C16     CG2R61  C17     CG2R61  2        0.00000 -   0.00000
C16     CG2R61  H37     HGR61   1       -0.11500 -   0.11500
C17     CG2R61  H38     HGR61   1       -0.11500 -   0.11500
C18     CG2R51  C19     CG2R51  2       -0.08000 -   0.08000
C18     CG2R51  C22     CG2R52  1       -0.02000 -   0.02000
C19     CG2R51  N20     NG2R51  1        0.04000 -  -0.04000
C19     CG2R51  H39     HGR52   1       -0.10000 -   0.10000
N21     NG2R50  N20     NG2R51  1       -0.32000 -   0.32000
C23     CG331   N20     NG2R51  1        0.00000 -   0.00000
C22     CG2R52  N21     NG2R50  2        0.25000 -  -0.25000
C22     CG2R52  H40     HGR52   1       -0.27000 -   0.27000
C23     CG331   H41     HGA3    1       -0.09000 -   0.09000
C23     CG331   H42     HGA3    1       -0.09000 -   0.09000
C23     CG331   H43     HGA3    1       -0.09000 -   0.09000
C25     CG2R51  N24     NG2R51  1        0.04000 -  -0.04000
C28     CG331   N24     NG2R51  1        0.00000 -   0.00000
C25     CG2R51  C26     CG2R51  2        0.00000 -   0.00000
C25     CG2R51  H44     HGR52   1         -0.090 -     0.090
C26     CG2R51  N27     NG2R50  1        0.32000 -  -0.32000
C26     CG2R51  H45     HGR52   1       -0.10000 -   0.10000
C28     CG331   H46     HGA3    1       -0.09000 -   0.09000
C28     CG331   H47     HGA3    1       -0.09000 -   0.09000
C28     CG331   H48     HGA3    1       -0.09000 -   0.09000
mol.mol2 Success!
