C      C.3%6A CG2R61 C.3%6A
C2     C.3%6A CG2R61 C.3%6A
C3     C.3%6A CG2R61 C.3%6A
C4     C.3%6A CG2R67 C.3%6(C.3%6)(C.3%6)(C.3%6)
C5     C.3%6A,6A CG2R61 C.3%6A
C6     C.3%6A,6A CG2R61 C.3%6A
N      N.2%6A NG2R60 N.2%6 
C8     C.3%6A CG2R61 C.3%6A
C9     C.3%6A CG2R61 C.3%6A
N10    N.2%6A NG2R60 N.2%6 
C11    C.3%6A CG2R67 C.3%6(C.3%6)(C.3%6)(C.3%6)
C12    C.3%6A CG2R61 C.3%6A
C13    C.3%6A CG2R61 C.3%6A
C14    C.3%6A CG2R61 C.3%6A
C15    C.3%6A,5A CG2RC0 C.3%6,5(C.3%6,5)(C.3%6)
C16    C.3%6A,5A CG2RC0 C.3%6,5(C.3%6,5)(C.3%6)
O      O.2%5A OG2R50 O.2%5A
C18    C.3%5A CG2R51 C.3%5 
C19    C.3%5A CG2R51 C.3%5 
N20    N.3    NG311  N.3(H.1)
C21    C.4    CG331  !C.4(H.1)(H.1)(H.1)
C22    C.3%6A CG2R61 C.3%6A
C23    C.3%6A CG2R61 C.3%6A
C24    C.3%6A CG2R61 C.3%6A
C25    C.3%6A CG2R61 C.3%6A
N26    N.2%6A NG2R60 N.2%6 
C27    C.3%6A CG2R61 C.3%6A
S      S.4    SG3O2  S.4(O.1)(O.1)
O29    O.1    OG2P1  O.1(!S)
O30    O.1    OG2P1  O.1(!S)
C31    C.4    CG331  !C.4(H.1)(H.1)(H.1)
H      H.1    HGR61  H.1(C.3%6)
H33    H.1    HGR61  H.1(C.3%6)
H34    H.1    HGR62  H.1(C.3%6A([^C]%6A))
H35    H.1    HGR62  H.1(C.3%6A([^C]%6A))
H36    H.1    HGR61  H.1(C.3%6)
H37    H.1    HGR61  H.1(C.3%6)
H38    H.1    HGR61  H.1(C.3%6)
H39    H.1    HGR52  H.1(C.3%5([^C]%5))
H40    H.1    HGPAM1 H.1(N.3(C.3%6(C.3%6))(C.3%6(C.3%6([^C]%6))))
H41    H.1    HGA3   H.1(C.4(H.1)(H.1))
H42    H.1    HGA3   H.1(C.4(H.1)(H.1))
H43    H.1    HGA3   H.1(C.4(H.1)(H.1))
H44    H.1    HGR61  H.1(C.3%6)
H45    H.1    HGR62  H.1(C.3%6A([^C]%6A))
H46    H.1    HGR62  H.1(C.3%6A([^C]%6A))
H47    H.1    HGA3   H.1(C.4(H.1)(H.1))
H48    H.1    HGA3   H.1(C.4(H.1)(H.1))
H49    H.1    HGA3   H.1(C.4(H.1)(H.1))
C       CG2R61  C2      CG2R61  2        0.00000 -   0.00000
C       CG2R61  C5      CG2R61  1        0.00000 -   0.00000
C       CG2R61  H       HGR61   1       -0.11500 -   0.11500
C2      CG2R61  C3      CG2R61  1        0.00000 -   0.00000
C2      CG2R61  N20     NG311   1        0.04000 -  -0.04000
C3      CG2R61  C4      CG2R67  2        0.00000 -   0.00000
C3      CG2R61  H33     HGR61   1       -0.11500 -   0.11500
C6      CG2R61  C4      CG2R67  1        0.00000 -   0.00000
C4      CG2R67  C11     CG2R67  1        0.00000 -   0.00000
C5      CG2R61  C6      CG2R61  2        0.00000 -   0.00000
C5      CG2R61  N10     NG2R60  1        0.29000 -  -0.29000
C6      CG2R61  N       NG2R60  1        0.29000 -  -0.29000
C8      CG2R61  N       NG2R60  2        0.29000 -  -0.29000
C8      CG2R61  C9      CG2R61  1        0.00000 -   0.00000
C8      CG2R61  H34     HGR62   1         -0.160 -     0.160
C9      CG2R61  N10     NG2R60  2        0.29000 -  -0.29000
C9      CG2R61  H35     HGR62   1         -0.160 -     0.160
C12     CG2R61  C11     CG2R67  2        0.00000 -   0.00000
C14     CG2R61  C11     CG2R67  1        0.00000 -   0.00000
C12     CG2R61  C13     CG2R61  1        0.00000 -   0.00000
C12     CG2R61  H36     HGR61   1       -0.11500 -   0.11500
C13     CG2R61  C16     CG2RC0  2        0.00000 -   0.00000
C13     CG2R61  H37     HGR61   1       -0.11500 -   0.11500
C14     CG2R61  C15     CG2RC0  2        0.00000 -   0.00000
C14     CG2R61  H38     HGR61   1       -0.11500 -   0.11500
C15     CG2RC0  C16     CG2RC0  1        0.00000 -   0.00000
C19     CG2R51  C15     CG2RC0  1       -0.03000 -   0.03000
C16     CG2RC0  O       OG2R50  1        0.03000 -  -0.03000
C18     CG2R51  O       OG2R50  1        0.14000 -  -0.14000
C18     CG2R51  C19     CG2R51  2        0.10000 -  -0.10000
C18     CG2R51  H39     HGR52   1       -0.14000 -   0.14000
C19     CG2R51  C21     CG331   1        0.00000 -   0.00000
C22     CG2R61  N20     NG311   1        0.04000 -  -0.04000
H40     HGPAM1  N20     NG311   1        0.36000 -  -0.36000
C21     CG331   H41     HGA3    1       -0.09000 -   0.09000
C21     CG331   H42     HGA3    1       -0.09000 -   0.09000
C21     CG331   H43     HGA3    1       -0.09000 -   0.09000
C22     CG2R61  C23     CG2R61  2        0.00000 -   0.00000
C22     CG2R61  C27     CG2R61  1        0.00000 -   0.00000
C23     CG2R61  C24     CG2R61  1        0.00000 -   0.00000
C23     CG2R61  S       SG3O2   1        0.24000 -  -0.24000
C24     CG2R61  C25     CG2R61  2        0.00000 -   0.00000
C24     CG2R61  H44     HGR61   1       -0.11500 -   0.11500
C25     CG2R61  N26     NG2R60  1        0.30000 -  -0.30000
C25     CG2R61  H45     HGR62   1       -0.12000 -   0.12000
C27     CG2R61  N26     NG2R60  2        0.30000 -  -0.30000
C27     CG2R61  H46     HGR62   1       -0.12000 -   0.12000
O29     OG2P1   S       SG3O2   2       -0.36000 -   0.36000
O30     OG2P1   S       SG3O2   2       -0.36000 -   0.36000
C31     CG331   S       SG3O2   1        0.29000 -  -0.29000
C31     CG331   H47     HGA3    1       -0.09000 -   0.09000
C31     CG331   H48     HGA3    1       -0.09000 -   0.09000
C31     CG331   H49     HGA3    1       -0.09000 -   0.09000
mol_gmx.pdb Success!
