N      N.3%6N NG301  N.3%6N
C      C.4%6N CG321  C.4(H.1)(H.1)
C3     C.4%6N CG321  C.4(H.1)(H.1)
C4     C.4%6N CG301  C.4   
C5     C.4%6N CG321  C.4(H.1)(H.1)
C6     C.4%6N CG321  C.4(H.1)(H.1)
C7     C.3%6A CG2R67 C.3%6(C.3%6)(C.3%6)(C.3%6)
C8     C.3%6A CG2R61 C.3%6A
C9     C.3%6A CG2R61 C.3%6A
C10    C.3%6A CG2R61 C.3%6A
C11    C.3%6A CG2R61 C.3%6A
C12    C.3%6A CG2R61 C.3%6A
C13    C.3%6A CG2R61 C.3%6A
N14    N.2%6A NG2R60 N.2%6 
C15    C.3%6A CG2R61 C.3%6A
C16    C.3%6A CG2D1O C.3%6([^C]%6(C.4%6))
N17    N.2%6A NG2R60 N.2%6 
C18    C.3%6A CG2R61 C.3%6A
CL     CL.1   CLGR1  CL.1(C%6)
CL20   CL.1   CLGR1  CL.1(C%6)
N21    N.4    NG3P3  N.4(H.1)(H.1)(H.1)
C22    C.4    CG331  !C.4(H.1)(H.1)(H.1)
H      H.1    HGA2   H.1(C.4(H.1))
H24    H.1    HGA2   H.1(C.4(H.1))
H25    H.1    HGA2   H.1(C.4(H.1))
H26    H.1    HGA2   H.1(C.4(H.1))
H27    H.1    HGA2   H.1(C.4(H.1))
H28    H.1    HGA2   H.1(C.4(H.1))
H29    H.1    HGA2   H.1(C.4(H.1))
H30    H.1    HGA2   H.1(C.4(H.1))
H31    H.1    HGR62  H.1(C.3%6(C.3%6(F|CL|BR|I.1)))
H32    H.1    HGR61  H.1(C.3%6)
H33    H.1    HGR61  H.1(C.3%6)
H34    H.1    HGP2   H.1(N.4)
H35    H.1    HGA3   H.1(C.4(H.1)(H.1))
H36    H.1    HGA3   H.1(C.4(H.1)(H.1))
H37    H.1    HGA3   H.1(C.4(H.1)(H.1))
H38    H.1    HGP2   H.1(N.4)
H39    H.1    HGR62  H.1(C.3%6A([^C]%6A))
H40    H.1    HGR62  H.1(C.3%6(C.3%6(N.3%6)))
H41    H.1    HGP2   H.1(N.4)
C22     CG331   H35     HGA3    1       -0.09000 -   0.09000
C       CG321   H       HGA2    1       -0.09000 -   0.09000
C22     CG331   H37     HGA3    1       -0.09000 -   0.09000
C22     CG331   H36     HGA3    1       -0.09000 -   0.09000
C4      CG301   C22     CG331   1        0.00000 -   0.00000
C       CG321   H24     HGA2    1       -0.09000 -   0.09000
C3      CG321   H26     HGA2    1       -0.09000 -   0.09000
C       CG321   C3      CG321   1        0.00000 -   0.00000
C       CG321   N       NG301   1        0.21000 -  -0.21000
C6      CG321   H29     HGA2    1       -0.09000 -   0.09000
C4      CG301   C3      CG321   1        0.00000 -   0.00000
C3      CG321   H25     HGA2    1       -0.09000 -   0.09000
C15     CG2R61  H40     HGR62   1        -0.1000 -    0.1000
C6      CG321   N       NG301   1        0.21000 -  -0.21000
C16     CG2D1O  N       NG301   1       -0.10000 -   0.10000
C4      CG301   C5      CG321   1        0.00000 -   0.00000
C6      CG321   H30     HGA2    1       -0.09000 -   0.09000
C6      CG321   C5      CG321   1        0.00000 -   0.00000
H38     HGP2    N21     NG3P3   1        0.33000 -  -0.08000
C16     CG2D1O  C15     CG2R61  1        0.00000 -   0.00000
C15     CG2R61  N14     NG2R60  2        0.28000 -  -0.28000
C12     CG2R61  H33     HGR61   1       -0.11500 -   0.11500
C16     CG2D1O  N17     NG2R60  2        0.34000 -  -0.34000
C5      CG321   H28     HGA2    1       -0.09000 -   0.09000
C5      CG321   H27     HGA2    1       -0.09000 -   0.09000
H34     HGP2    N21     NG3P3   1        0.33000 -  -0.08000
H41     HGP2    N21     NG3P3   1        0.33000 -  -0.08000
C13     CG2R61  N14     NG2R60  1        0.28000 -  -0.28000
C11     CG2R61  H32     HGR61   1       -0.11500 -   0.11500
C18     CG2R61  N17     NG2R60  1        0.28000 -  -0.28000
C12     CG2R61  C11     CG2R61  1        0.00000 -   0.00000
C12     CG2R61  C7      CG2R67  2        0.00000 -   0.00000
C13     CG2R61  C18     CG2R61  2        0.00000 -   0.00000
C13     CG2R61  C7      CG2R67  1        0.00000 -   0.00000
C11     CG2R61  C10     CG2R61  2        0.00000 -   0.00000
C18     CG2R61  H39     HGR62   1        -0.1000 -    0.1000
C8      CG2R61  C7      CG2R67  1        0.00000 -   0.00000
C10     CG2R61  H31     HGR62   1         -0.150 -     0.150
C10     CG2R61  C9      CG2R61  1        0.00000 -   0.00000
C8      CG2R61  C9      CG2R61  2        0.00000 -   0.00000
C8      CG2R61  CL20    CLGR1   1        0.13000 -  -0.13000
C9      CG2R61  CL      CLGR1   1        0.13000 -  -0.13000
The Following Bonds Could Not be Charged!
Name    Type    Name    Type    Bond Type
C4      CG301   N21     NG3P3   1      
