C      C.4    CG331  !C.4(H.1)(H.1)(H.1)
C2     C.4    CG301  C.4   
C3     C.4    CG331  !C.4(H.1)(H.1)(H.1)
C4     C.4    CG331  !C.4(H.1)(H.1)(H.1)
C5     C.3%6A CG2R61 C.3%6A
C6     C.3%6A CG2R61 C.3%6A
C7     C.3%6A CG2R61 C.3%6A
C8     C.3%6A,6N CG2DC? C.3%*N(=C.3)(C.3(=C.3))
C9     C.3%6A,6N CG2DC? C.3%*N(=C.3)(C.3(=C.3))
C10    C.3%6A CG2R61 C.3%6A
C11    C.4%6N,6N CG311  C.4(H.1)
O      O.2%6N OG3C61 O.2%6N
C13    C.4%6N CG321  C.4(H.1)(H.1)
C14    C.4%6N CG321  C.4(H.1)(H.1)
C15    C.4%6N CG321  C.4(H.1)(H.1)
C16    C.4%6N,6N CG311  C.4(H.1)
C17    C.4%6N CG311  C.4(H.1)
C18    C.3%5A CG2R51 C.3%5 
C19    C.3%5A CG2R51 C.3%5(H.1)(C.3%5(C.3%5))(C.3%5)
C20    C.3%5A CG2R51 C.3%5 
S      S.2%5A SG2R50 S.2%*A
C22    C.3%5A CG2R51 C.3%5 
N      N.3%6N NG311  N.3(H.1)
H      H.1    HGA3   H.1(C.4(H.1)(H.1))
H25    H.1    HGA3   H.1(C.4(H.1)(H.1))
H26    H.1    HGA3   H.1(C.4(H.1)(H.1))
H27    H.1    HGA3   H.1(C.4(H.1)(H.1))
H28    H.1    HGA3   H.1(C.4(H.1)(H.1))
H29    H.1    HGA3   H.1(C.4(H.1)(H.1))
H30    H.1    HGA3   H.1(C.4(H.1)(H.1))
H31    H.1    HGA3   H.1(C.4(H.1)(H.1))
H32    H.1    HGA3   H.1(C.4(H.1)(H.1))
H33    H.1    HGR61  H.1(C.3%6)
H34    H.1    HGR62  H.1(C.3%6(C.3%6(N.3%6)))
H35    H.1    HGR61  H.1(C.3%6)
H36    H.1    HGA1   H.1(C.4)
H37    H.1    HGA2   H.1(C.4(H.1))
H38    H.1    HGA2   H.1(C.4(H.1))
H39    H.1    HGA2   H.1(C.4(H.1))
H40    H.1    HGA2   H.1(C.4(H.1))
H41    H.1    HGA2   H.1(C.4(H.1))
H42    H.1    HGA2   H.1(C.4(H.1))
H43    H.1    HGA1   H.1(C.4)
H44    H.1    HGA1   H.1(C.4)
H45    H.1    HGR51  H.1(C.3%5)
H46    H.1    HGR52  H.1(C.3%5([^C]%5))
H47    H.1    HGR52  H.1(C.3%5([^C]%5))
H48    H.1    HGPAM1 H.1(N.3(C.3%6(C.3%6(C.4%6))))
C2      CG301   C       CG331   1        0.00000 -   0.00000
C       CG331   H       HGA3    1       -0.09000 -   0.09000
C       CG331   H25     HGA3    1       -0.09000 -   0.09000
C       CG331   H26     HGA3    1       -0.09000 -   0.09000
C2      CG301   C3      CG331   1        0.00000 -   0.00000
C2      CG301   C4      CG331   1        0.00000 -   0.00000
C5      CG2R61  C2      CG301   1        0.00000 -   0.00000
C3      CG331   H27     HGA3    1       -0.09000 -   0.09000
C3      CG331   H28     HGA3    1       -0.09000 -   0.09000
C3      CG331   H29     HGA3    1       -0.09000 -   0.09000
C4      CG331   H30     HGA3    1       -0.09000 -   0.09000
C4      CG331   H31     HGA3    1       -0.09000 -   0.09000
C4      CG331   H32     HGA3    1       -0.09000 -   0.09000
C5      CG2R61  C6      CG2R61  2        0.00000 -   0.00000
C5      CG2R61  C10     CG2R61  1        0.00000 -   0.00000
C6      CG2R61  C7      CG2R61  1        0.00000 -   0.00000
C6      CG2R61  H33     HGR61   1       -0.11500 -   0.11500
C8      CG2DC1  C7      CG2R61  2        0.00000 -   0.00000
C7      CG2R61  H34     HGR62   1       -0.12000 -   0.12000
C8      CG2DC1  C9      CG2DC2  1        0.00000 -   0.00000
C8      CG2DC1  N       NG311   1        0.13500 -  -0.13500
C9      CG2DC2  C10     CG2R61  2        0.00000 -   0.00000
C9      CG2DC2  C11     CG311   1        0.16500 -  -0.16500
C10     CG2R61  H35     HGR61   1       -0.11500 -   0.11500
C11     CG311   O       OG3C61  1        0.17000 -  -0.17000
C11     CG311   C16     CG311   1        0.00000 -   0.00000
C11     CG311   H36     HGA1    1       -0.09000 -   0.09000
C13     CG321   O       OG3C61  1        0.20000 -  -0.20000
C13     CG321   C14     CG321   1        0.00000 -   0.00000
C13     CG321   H37     HGA2    1       -0.09000 -   0.09000
C13     CG321   H38     HGA2    1       -0.09000 -   0.09000
C14     CG321   C15     CG321   1        0.00000 -   0.00000
C14     CG321   H39     HGA2    1       -0.09000 -   0.09000
C14     CG321   H40     HGA2    1       -0.09000 -   0.09000
C16     CG311   C15     CG321   1        0.00000 -   0.00000
C15     CG321   H41     HGA2    1       -0.09000 -   0.09000
C15     CG321   H42     HGA2    1       -0.09000 -   0.09000
C16     CG311   C17     CG311   1        0.00000 -   0.00000
C16     CG311   H43     HGA1    1       -0.09000 -   0.09000
C18     CG2R51  C17     CG311   1       -0.09000 -   0.09000
C17     CG311   N       NG311   1        0.24000 -  -0.24000
C17     CG311   H44     HGA1    1       -0.09000 -   0.09000
C18     CG2R51  C19     CG2R51  1        0.00000 -   0.00000
C18     CG2R51  C22     CG2R51  2       -0.07000 -   0.07000
C19     CG2R51  C20     CG2R51  2       -0.07000 -   0.07000
C19     CG2R51  H45     HGR51   1       -0.15000 -   0.15000
C20     CG2R51  S       SG2R50  1        0.05000 -  -0.05000
C20     CG2R51  H46     HGR52   1         -0.180 -     0.180
C22     CG2R51  S       SG2R50  1        0.05000 -  -0.05000
C22     CG2R51  H47     HGR52   1         -0.180 -     0.180
H48     HGPAM1  N       NG311   1        0.42000 -  -0.42000
mol_gmx.pdb Success!
