C0     C.4    CG334  !C.4(H.1)(H.1)(H.1)(N+)
N1     N.4    NG3P1  N.4(H.1)
C2     C.4    CG334  !C.4(H.1)(H.1)(H.1)(N+)
C3     C.4    CG324  C.4(H.1)(H.1)(N+)
C4     C.4    CG321  C.4(H.1)(H.1)
C5     C.4    CG321  C.4(H.1)(H.1)
O6     O.2    OG302  !O.2(!C.3(!O.1))(C.4)
C7     C.3    CG2O6  !C.3(!N.3)(!O)(!O)
O8     O.1    OG2D1  O.1(C.3)
N9     N.3    NG2S1  !N.3(H.1)(C.3(!O.1))
C10    C.3%6A CG2R61 C.3%6A
C11    C.3%6A CG2R61 C.3%6A
C12    C.3%6A CG2R61 C.3%6A
C13    C.3%6A CG2R61 C.3%6A
C14    C.3%6A CG2R61 C.3%6A
C15    C.4    CG321  C.4(H.1)(H.1)
N16    N.3%6N NG301  N.3%6N
N17    N.2%6N NG2R60 N.2%6 
C18    C.3%6N CG2D1  C.3%6N
C19    C.4%6N CG321  C.4(H.1)(H.1)
S20    S.2%6N SG311  S.2%*N
C21    C.3%6N CG2R63 C.3%6(O.1)(N.3%6)
O22    O.1    OG2D4  O.1(C.3%6(N%6))
C23    C.3%6A CG2R67 C.3%6(C.3%6)(C.3%6)(C.3%6)
C24    C.3%6A CG2R61 C.3%6A
C25    C.3%6A CG2R66 C.3%6(F.1)
F26    F.1    FGR1   F.1(C.3%)
C27    C.3%6A CG2R61 C.3%6A
C28    C.3%6A CG2R66 C.3%6(F.1)
F29    F.1    FGR1   F.1(C.3%)
C30    C.3%6A CG2R61 C.3%6A
C31    C.3%6A CG2R61 C.3%6A
H32    H.1    HGP5   H.1(!C.4(!N.4(!C.4)(!C.4)))
H33    H.1    HGP5   H.1(!C.4(!N.4(!C.4)(!C.4)))
H34    H.1    HGP5   H.1(!C.4(!N.4(!C.4)(!C.4)))
H35    H.1    HGP5   H.1(!C.4(!N.4(!C.4)(!C.4)))
H36    H.1    HGP5   H.1(!C.4(!N.4(!C.4)(!C.4)))
H37    H.1    HGP5   H.1(!C.4(!N.4(!C.4)(!C.4)))
H38    H.1    HGP5   H.1(!C.4(!N.4(!C.4)(!C.4)))
H39    H.1    HGP5   H.1(!C.4(!N.4(!C.4)(!C.4)))
H40    H.1    HGA2   H.1(C.4(H.1))
H41    H.1    HGA2   H.1(C.4(H.1))
H42    H.1    HGA2   H.1(C.4(H.1))
H43    H.1    HGA2   H.1(C.4(H.1))
H44    H.1    HGP1   H.1(!N.3)
H45    H.1    HGR61  H.1(C.3%6)
H46    H.1    HGR61  H.1(C.3%6)
H47    H.1    HGR61  H.1(C.3%6)
H48    H.1    HGA2   H.1(C.4(H.1))
H49    H.1    HGA2   H.1(C.4(H.1))
H50    H.1    HGA2   H.1(C.4(H.1))
H51    H.1    HGA2   H.1(C.4(H.1))
H52    H.1    HGR62  H.1(C.3%6(C.3%6(F|CL|BR|I.1)))
H53    H.1    HGR62  H.1(C.3%6(C.3%6(F|CL|BR|I.1)))
H54    H.1    HGR62  H.1(C.3%6(C.3%6(F|CL|BR|I.1)))
H55    H.1    HGR61  H.1(C.3%6)
H56    H.1    HGP2   H.1(N.4)
C0      CG334   N1      NG3P1   1        0.42000 -  -0.17000
C0      CG334   H32     HGP5    1       -0.25000 -   0.25000
C0      CG334   H33     HGP5    1       -0.25000 -   0.25000
C0      CG334   H34     HGP5    1       -0.25000 -   0.25000
C2      CG334   N1      NG3P1   1        0.42000 -  -0.17000
C3      CG324   N1      NG3P1   1        0.33000 -  -0.08000
H56     HGP2    N1      NG3P1   1        0.32000 -  -0.07000
C2      CG334   H35     HGP5    1       -0.25000 -   0.25000
C2      CG334   H36     HGP5    1       -0.25000 -   0.25000
C2      CG334   H37     HGP5    1       -0.25000 -   0.25000
C4      CG321   C3      CG324   1        0.00000 -   0.00000
C3      CG324   H38     HGP5    1       -0.25000 -   0.25000
C3      CG324   H39     HGP5    1       -0.25000 -   0.25000
C4      CG321   C5      CG321   1        0.00000 -   0.00000
C4      CG321   H40     HGA2    1       -0.09000 -   0.09000
C4      CG321   H41     HGA2    1       -0.09000 -   0.09000
C5      CG321   O6      OG302   1        0.34000 -  -0.34000
C5      CG321   H42     HGA2    1       -0.09000 -   0.09000
C5      CG321   H43     HGA2    1       -0.09000 -   0.09000
C7      CG2O6   O6      OG302   1       -0.02000 -   0.02000
C7      CG2O6   O8      OG2D1   2        0.39000 -  -0.39000
C7      CG2O6   N9      NG2S1   1       -0.17000 -   0.17000
C10     CG2R61  N9      NG2S1   1        0.14000 -  -0.14000
H44     HGP1    N9      NG2S1   1        0.32000 -  -0.32000
C10     CG2R61  C11     CG2R61  2        0.00000 -   0.00000
C10     CG2R61  C31     CG2R61  1        0.00000 -   0.00000
C11     CG2R61  C12     CG2R61  1        0.00000 -   0.00000
C11     CG2R61  H45     HGR61   1       -0.11500 -   0.11500
C12     CG2R61  C13     CG2R61  2        0.00000 -   0.00000
C12     CG2R61  H46     HGR61   1       -0.11500 -   0.11500
C13     CG2R61  C14     CG2R61  1        0.00000 -   0.00000
C13     CG2R61  H47     HGR61   1       -0.11500 -   0.11500
C14     CG2R61  C15     CG321   1        0.00000 -   0.00000
C14     CG2R61  C31     CG2R61  2        0.00000 -   0.00000
C15     CG321   N16     NG301   1        0.21000 -  -0.21000
C15     CG321   H48     HGA2    1       -0.09000 -   0.09000
C15     CG321   H49     HGA2    1       -0.09000 -   0.09000
N17     NG2R60  N16     NG301   1       -0.26000 -   0.26000
C21     CG2R63  N16     NG301   1        0.05000 -  -0.05000
C18     CG2D1   N17     NG2R60  2        0.25000 -  -0.25000
C18     CG2D1   C19     CG321   1        0.00000 -   0.00000
C18     CG2D1   C23     CG2R67  1        0.00000 -   0.00000
C19     CG321   S20     SG311   1        0.11000 -  -0.11000
C19     CG321   H50     HGA2    1       -0.09000 -   0.09000
C19     CG321   H51     HGA2    1       -0.09000 -   0.09000
C21     CG2R63  S20     SG311   1        0.00000 -   0.00000
C21     CG2R63  O22     OG2D4   2        0.49000 -  -0.49000
C24     CG2R61  C23     CG2R67  2        0.00000 -   0.00000
C30     CG2R61  C23     CG2R67  1        0.00000 -   0.00000
C24     CG2R61  C25     CG2R66  1        0.00000 -   0.00000
C24     CG2R61  H52     HGR62   1         -0.220 -     0.220
C25     CG2R66  F26     FGR1    1        0.19000 -  -0.19000
C27     CG2R61  C25     CG2R66  2        0.00000 -   0.00000
C27     CG2R61  C28     CG2R66  1        0.00000 -   0.00000
C27     CG2R61  H53     HGR62   1         -0.190 -     0.190
C28     CG2R66  F29     FGR1    1        0.19000 -  -0.19000
C30     CG2R61  C28     CG2R66  2        0.00000 -   0.00000
C30     CG2R61  H54     HGR62   1         -0.220 -     0.220
C31     CG2R61  H55     HGR61   1       -0.11500 -   0.11500
mol.mol2 Success!
