C      C.3%6A CG2R61 C.3%6A
C2     C.3%6A CG2R61 C.3%6A
C3     C.3%6A CG2R67 C.3%6(C.3%6)(C.3%6)(C.3%6)
C4     C.3%6A CG2R61 C.3%6A
C5     C.3%6A,6A CG2R61 C.3%6A
C6     C.3%6A,6A CG2R61 C.3%6A
N      N.2%6A NG2R60 N.2%6 
C8     C.3%6A CG2R61 C.3%6A
C9     C.3%6A CG2R61 C.3%6A
N10    N.2%6A NG2R60 N.2%6 
N11    N.3    NG311  N.3(H.1)
C12    C.3%6A CG2R67 C.3%6(C.3%6)(C.3%6)(C.3%6)
C13    C.3%6A CG2R61 C.3%6A
C14    C.3%6A CG2R61 C.3%6A
C15    C.3%6A CG2R61 C.3%6A
C16    C.3%6A,5A CG2RC0 C.3%6,5(C.3%6,5)(C.3%6)
C17    C.3%6A,5A CG2RC0 C.3%6,5(C.3%6,5)(C.3%6)
C18    C.3%5A CG2R51 C.3%5(H.1)(C.3%5(C.3%5))(C.3%5)
C19    C.3%5A CG2R51 C.3%5 
N20    N.3%5A NG2R51 N.3%5A(C.3%5)
C21    C.4    CG311  C.4(H.1)
C22    C.4    CG331  !C.4(H.1)(H.1)(H.1)
C23    C.4    CG331  !C.4(H.1)(H.1)(H.1)
C24    C.3%6A CG2R61 C.3%6A
C25    C.3%6A CG2R61 C.3%6A
N26    N.2%6A NG2R60 N.2%6 
C27    C.3%6A CG2R61 C.3%6A
C28    C.3%6A CG2R61 C.3%6A
C29    C.3%6A CG2R61 C.3%6A
S      S.4    SG3O2  S.4(O.1)(O.1)
O      O.1    OG2P1  O.1(!S)
O32    O.1    OG2P1  O.1(!S)
C33    C.4    CG331  !C.4(H.1)(H.1)(H.1)
H      H.1    HGR61  H.1(C.3%6)
H35    H.1    HGR61  H.1(C.3%6)
H36    H.1    HGR62  H.1(C.3%6A([^C]%6A))
H37    H.1    HGR62  H.1(C.3%6A([^C]%6A))
H38    H.1    HGP1   H.1(!N.3)
H39    H.1    HGR61  H.1(C.3%6)
H40    H.1    HGR61  H.1(C.3%6)
H41    H.1    HGR61  H.1(C.3%6)
H42    H.1    HGR51  H.1(C.3%5)
H43    H.1    HGR52  H.1(C.3%5([^C]%5))
H44    H.1    HGA1   H.1(C.4)
H45    H.1    HGA3   H.1(C.4(H.1)(H.1))
H46    H.1    HGA3   H.1(C.4(H.1)(H.1))
H47    H.1    HGA3   H.1(C.4(H.1)(H.1))
H48    H.1    HGA3   H.1(C.4(H.1)(H.1))
H49    H.1    HGA3   H.1(C.4(H.1)(H.1))
H50    H.1    HGA3   H.1(C.4(H.1)(H.1))
H51    H.1    HGR62  H.1(C.3%6A([^C]%6A))
H52    H.1    HGR62  H.1(C.3%6A([^C]%6A))
H53    H.1    HGR61  H.1(C.3%6)
H54    H.1    HGA3   H.1(C.4(H.1)(H.1))
H55    H.1    HGA3   H.1(C.4(H.1)(H.1))
H56    H.1    HGA3   H.1(C.4(H.1)(H.1))
C       CG2R61  C2      CG2R61  2        0.00000 -   0.00000
C       CG2R61  C4      CG2R61  1        0.00000 -   0.00000
C       CG2R61  N11     NG311   1        0.04000 -  -0.04000
C2      CG2R61  C3      CG2R67  1        0.00000 -   0.00000
C2      CG2R61  H       HGR61   1       -0.11500 -   0.11500
C6      CG2R61  C3      CG2R67  2        0.00000 -   0.00000
C3      CG2R67  C12     CG2R67  1        0.00000 -   0.00000
C4      CG2R61  C5      CG2R61  2        0.00000 -   0.00000
C4      CG2R61  H35     HGR61   1       -0.11500 -   0.11500
C5      CG2R61  C6      CG2R61  1        0.00000 -   0.00000
C5      CG2R61  N10     NG2R60  1        0.29000 -  -0.29000
C6      CG2R61  N       NG2R60  1        0.29000 -  -0.29000
C8      CG2R61  N       NG2R60  2        0.29000 -  -0.29000
C8      CG2R61  C9      CG2R61  1        0.00000 -   0.00000
C8      CG2R61  H36     HGR62   1         -0.160 -     0.160
C9      CG2R61  N10     NG2R60  2        0.29000 -  -0.29000
C9      CG2R61  H37     HGR62   1         -0.160 -     0.160
C24     CG2R61  N11     NG311   1        0.04000 -  -0.04000
H38     HGP1    N11     NG311   1        0.35000 -  -0.35000
C13     CG2R61  C12     CG2R67  2        0.00000 -   0.00000
C15     CG2R61  C12     CG2R67  1        0.00000 -   0.00000
C13     CG2R61  C14     CG2R61  1        0.00000 -   0.00000
C13     CG2R61  H39     HGR61   1       -0.11500 -   0.11500
C14     CG2R61  C17     CG2RC0  2        0.00000 -   0.00000
C14     CG2R61  H40     HGR61   1       -0.11500 -   0.11500
C15     CG2R61  C16     CG2RC0  2        0.00000 -   0.00000
C15     CG2R61  H41     HGR61   1       -0.11500 -   0.11500
C16     CG2RC0  C17     CG2RC0  1        0.00000 -   0.00000
C16     CG2RC0  N20     NG2R51  1        0.15000 -  -0.15000
C18     CG2R51  C17     CG2RC0  1       -0.03000 -   0.03000
C18     CG2R51  C19     CG2R51  2       -0.10000 -   0.10000
C18     CG2R51  H42     HGR51   1       -0.15000 -   0.15000
C19     CG2R51  N20     NG2R51  1        0.00000 -  -0.00000
C19     CG2R51  H43     HGR52   1         -0.140 -     0.140
C21     CG311   N20     NG2R51  1        0.00000 -   0.00000
C21     CG311   C22     CG331   1        0.00000 -   0.00000
C21     CG311   C23     CG331   1        0.00000 -   0.00000
C21     CG311   H44     HGA1    1       -0.09000 -   0.09000
C22     CG331   H45     HGA3    1       -0.09000 -   0.09000
C22     CG331   H46     HGA3    1       -0.09000 -   0.09000
C22     CG331   H47     HGA3    1       -0.09000 -   0.09000
C23     CG331   H48     HGA3    1       -0.09000 -   0.09000
C23     CG331   H49     HGA3    1       -0.09000 -   0.09000
C23     CG331   H50     HGA3    1       -0.09000 -   0.09000
C24     CG2R61  C25     CG2R61  1        0.00000 -   0.00000
C24     CG2R61  C29     CG2R61  2        0.00000 -   0.00000
C25     CG2R61  N26     NG2R60  2        0.30000 -  -0.30000
C25     CG2R61  H51     HGR62   1       -0.12000 -   0.12000
C27     CG2R61  N26     NG2R60  1        0.30000 -  -0.30000
C27     CG2R61  C28     CG2R61  2        0.00000 -   0.00000
C27     CG2R61  H52     HGR62   1       -0.12000 -   0.12000
C28     CG2R61  C29     CG2R61  1        0.00000 -   0.00000
C28     CG2R61  H53     HGR61   1       -0.11500 -   0.11500
C29     CG2R61  S       SG3O2   1        0.24000 -  -0.24000
O       OG2P1   S       SG3O2   2       -0.36000 -   0.36000
O32     OG2P1   S       SG3O2   2       -0.36000 -   0.36000
C33     CG331   S       SG3O2   1        0.29000 -  -0.29000
C33     CG331   H54     HGA3    1       -0.09000 -   0.09000
C33     CG331   H55     HGA3    1       -0.09000 -   0.09000
C33     CG331   H56     HGA3    1       -0.09000 -   0.09000
mol_gmx.pdb Success!
