C      C.3%6A CG2R61 C.3%6A
C2     C.3%6A CG2R61 C.3%6A
C3     C.3%6A CG2R61 C.3%6A
C4     C.3%6A CG2R61 C.3%6A
C5     C.3%6A,5A CG2RC0 C.3%6,5(C.3%6,5)(C.3%6)
C6     C.3%6A,5A CG2RC0 C.3%6,5(C.3%6,5)(C.3%6)
C7     C.3%5A CG2R52 C.3%5(=N.2%5)
N      N.2%5A NG2R50 N.2%5 
N9     N.3%5A NG2R51 N.3%5A(C.3%5)
C10    C.4    CG321  C.4(H.1)(H.1)
N11    N.3    NG2S1  !N.3(H.1)(C.3(!O.1))
C12    C.4    CG331  !C.4(H.1)(H.1)(H.1)
C13    C.3    CG2O1  !C.3(O.1)(N.3)
O      O.1    OG2D1  O.1(C.3)
C15    C.4    CG311  C.4(H.1)
C16    C.4    CG331  !C.4(H.1)(H.1)(H.1)
C17    C.4    CG331  !C.4(H.1)(H.1)(H.1)
H      H.1    HGR61  H.1(C.3%6)
H19    H.1    HGR61  H.1(C.3%6)
H20    H.1    HGR61  H.1(C.3%6)
H21    H.1    HGP1   H.1(N.3%5)
H22    H.1    HGA2   H.1(C.4(H.1))
H23    H.1    HGA2   H.1(C.4(H.1))
H24    H.1    HGP1   H.1(!N.3)
H25    H.1    HGA3   H.1(C.4(H.1)(H.1))
H26    H.1    HGA3   H.1(C.4(H.1)(H.1))
H27    H.1    HGA3   H.1(C.4(H.1)(H.1))
H28    H.1    HGA1   H.1(C.4)
H29    H.1    HGA3   H.1(C.4(H.1)(H.1))
H30    H.1    HGA3   H.1(C.4(H.1)(H.1))
H31    H.1    HGA3   H.1(C.4(H.1)(H.1))
H32    H.1    HGA3   H.1(C.4(H.1)(H.1))
H33    H.1    HGA3   H.1(C.4(H.1)(H.1))
H34    H.1    HGA3   H.1(C.4(H.1)(H.1))
C       CG2R61  C2      CG2R61  2        0.00000 -   0.00000
C       CG2R61  C4      CG2R61  1        0.00000 -   0.00000
C13     CG2O1   C       CG2R61  1        0.02000 -  -0.02000
C2      CG2R61  C6      CG2RC0  1        0.00000 -   0.00000
C2      CG2R61  H       HGR61   1       -0.11500 -   0.11500
C3      CG2R61  C4      CG2R61  2        0.00000 -   0.00000
C3      CG2R61  C5      CG2RC0  1        0.00000 -   0.00000
C3      CG2R61  H19     HGR61   1       -0.11500 -   0.11500
C4      CG2R61  H20     HGR61   1       -0.11500 -   0.11500
C5      CG2RC0  C6      CG2RC0  2        0.00000 -   0.00000
C5      CG2RC0  N9      NG2R51  1        0.15000 -  -0.15000
C7      CG2R52  C6      CG2RC0  1        0.02500 -  -0.02500
C7      CG2R52  N       NG2R50  2        0.25000 -  -0.25000
C7      CG2R52  C10     CG321   1       -0.11000 -   0.11000
N       NG2R50  N9      NG2R51  1       -0.32000 -   0.32000
H21     HGP1    N9      NG2R51  1          0.370 -   -0.3700
C15     CG311   C10     CG321   1        0.00000 -   0.00000
C10     CG321   H22     HGA2    1       -0.09000 -   0.09000
C10     CG321   H23     HGA2    1       -0.09000 -   0.09000
C12     CG331   N11     NG2S1   1        0.16000 -  -0.16000
C13     CG2O1   N11     NG2S1   1        0.00000 -   0.00000
H24     HGP1    N11     NG2S1   1        0.31000 -  -0.31000
C12     CG331   H25     HGA3    1       -0.09000 -   0.09000
C12     CG331   H26     HGA3    1       -0.09000 -   0.09000
C12     CG331   H27     HGA3    1       -0.09000 -   0.09000
C13     CG2O1   O       OG2D1   2        0.51000 -  -0.51000
C15     CG311   C16     CG331   1        0.00000 -   0.00000
C15     CG311   C17     CG331   1        0.00000 -   0.00000
C15     CG311   H28     HGA1    1       -0.09000 -   0.09000
C16     CG331   H29     HGA3    1       -0.09000 -   0.09000
C16     CG331   H30     HGA3    1       -0.09000 -   0.09000
C16     CG331   H31     HGA3    1       -0.09000 -   0.09000
C17     CG331   H32     HGA3    1       -0.09000 -   0.09000
C17     CG331   H33     HGA3    1       -0.09000 -   0.09000
C17     CG331   H34     HGA3    1       -0.09000 -   0.09000
mol_gmx.pdb Success!
