C0     C.4    CG334  !C.4(H.1)(H.1)(H.1)(N+)
N1     N.4    NG3P1  N.4(H.1)
C2     C.4    CG334  !C.4(H.1)(H.1)(H.1)(N+)
C3     C.4    CG324  C.4(H.1)(H.1)(N+)
C4     C.4    CG321  C.4(H.1)(H.1)
C5     C.4    CG321  C.4(H.1)(H.1)
O6     O.2    OG302  !O.2(!C.3(!O.1))(C.4)
C7     C.3    CG2O6  !C.3(!N.3)(!O)(!O)
O8     O.1    OG2D1  O.1(C.3)
N9     N.3    NG2S1  !N.3(H.1)(C.3(!O.1))
C10    C.3%6A CG2R61 C.3%6A
C11    C.3%6A CG2R61 C.3%6A
C12    C.3%6A CG2R61 C.3%6A
C13    C.3%6A CG2R61 C.3%6A
C14    C.3%6A CG2R61 C.3%6A
C15    C.4    CG321  C.4(H.1)(H.1)
N16    N.3%6A NG2R61 N.3%6A
N17    N.2%6A NG2R60 N.2%6 
C18    C.3%6A CG2R61 C.3%6A
C19    C.3%6A CG2R61 C.3%6A
C20    C.3%6A CG2R61 C.3%6A
C21    C.3%6A CG2R63 C.3%6(O.1)(N.3%6)
O22    O.1    OG2D4  O.1(C.3%6(N%6))
C23    C.3%6A CG2R67 C.3%6(C.3%6)(C.3%6)(C.3%6)
C24    C.3%6A CG2R61 C.3%6A
C25    C.3%6A CG2R61 C.3%6A
C26    C.3%6A CG2R66 C.3%6(F.1)
F27    F.1    FGR1   F.1(C.3%)
C28    C.3%6A CG2R61 C.3%6A
C29    C.3%6A CG2R61 C.3%6A
C30    C.3%6A CG2R61 C.3%6A
H31    H.1    HGP5   H.1(!C.4(!N.4(!C.4)(!C.4)))
H32    H.1    HGP5   H.1(!C.4(!N.4(!C.4)(!C.4)))
H33    H.1    HGP5   H.1(!C.4(!N.4(!C.4)(!C.4)))
H34    H.1    HGP5   H.1(!C.4(!N.4(!C.4)(!C.4)))
H35    H.1    HGP5   H.1(!C.4(!N.4(!C.4)(!C.4)))
H36    H.1    HGP5   H.1(!C.4(!N.4(!C.4)(!C.4)))
H37    H.1    HGP5   H.1(!C.4(!N.4(!C.4)(!C.4)))
H38    H.1    HGP5   H.1(!C.4(!N.4(!C.4)(!C.4)))
H39    H.1    HGA2   H.1(C.4(H.1))
H40    H.1    HGA2   H.1(C.4(H.1))
H41    H.1    HGA2   H.1(C.4(H.1))
H42    H.1    HGA2   H.1(C.4(H.1))
H43    H.1    HGP1   H.1(!N.3)
H44    H.1    HGR61  H.1(C.3%6)
H45    H.1    HGR61  H.1(C.3%6)
H46    H.1    HGR61  H.1(C.3%6)
H47    H.1    HGA2   H.1(C.4(H.1))
H48    H.1    HGA2   H.1(C.4(H.1))
H49    H.1    HGR61  H.1(C.3%6)
H50    H.1    HGR62  H.1(C.3%6(C.3%6(N.3%6)))
H51    H.1    HGR61  H.1(C.3%6)
H52    H.1    HGR62  H.1(C.3%6(C.3%6(F|CL|BR|I.1)))
H53    H.1    HGR62  H.1(C.3%6(C.3%6(F|CL|BR|I.1)))
H54    H.1    HGR61  H.1(C.3%6)
H55    H.1    HGR61  H.1(C.3%6)
H56    H.1    HGP2   H.1(N.4)
C0      CG334   N1      NG3P1   1        0.42000 -  -0.17000
C0      CG334   H31     HGP5    1       -0.25000 -   0.25000
C0      CG334   H32     HGP5    1       -0.25000 -   0.25000
C0      CG334   H33     HGP5    1       -0.25000 -   0.25000
C2      CG334   N1      NG3P1   1        0.42000 -  -0.17000
C3      CG324   N1      NG3P1   1        0.33000 -  -0.08000
H56     HGP2    N1      NG3P1   1        0.32000 -  -0.07000
C2      CG334   H34     HGP5    1       -0.25000 -   0.25000
C2      CG334   H35     HGP5    1       -0.25000 -   0.25000
C2      CG334   H36     HGP5    1       -0.25000 -   0.25000
C4      CG321   C3      CG324   1        0.00000 -   0.00000
C3      CG324   H37     HGP5    1       -0.25000 -   0.25000
C3      CG324   H38     HGP5    1       -0.25000 -   0.25000
C4      CG321   C5      CG321   1        0.00000 -   0.00000
C4      CG321   H39     HGA2    1       -0.09000 -   0.09000
C4      CG321   H40     HGA2    1       -0.09000 -   0.09000
C5      CG321   O6      OG302   1        0.34000 -  -0.34000
C5      CG321   H41     HGA2    1       -0.09000 -   0.09000
C5      CG321   H42     HGA2    1       -0.09000 -   0.09000
C7      CG2O6   O6      OG302   1       -0.02000 -   0.02000
C7      CG2O6   O8      OG2D1   2        0.39000 -  -0.39000
C7      CG2O6   N9      NG2S1   1       -0.17000 -   0.17000
C10     CG2R61  N9      NG2S1   1        0.14000 -  -0.14000
H43     HGP1    N9      NG2S1   1        0.32000 -  -0.32000
C10     CG2R61  C11     CG2R61  2        0.00000 -   0.00000
C10     CG2R61  C30     CG2R61  1        0.00000 -   0.00000
C11     CG2R61  C12     CG2R61  1        0.00000 -   0.00000
C11     CG2R61  H44     HGR61   1       -0.11500 -   0.11500
C12     CG2R61  C13     CG2R61  2        0.00000 -   0.00000
C12     CG2R61  H45     HGR61   1       -0.11500 -   0.11500
C13     CG2R61  C14     CG2R61  1        0.00000 -   0.00000
C13     CG2R61  H46     HGR61   1       -0.11500 -   0.11500
C14     CG2R61  C15     CG321   1        0.00000 -   0.00000
C14     CG2R61  C30     CG2R61  2        0.00000 -   0.00000
C15     CG321   N16     NG2R61  1        0.21000 -  -0.21000
C15     CG321   H47     HGA2    1       -0.09000 -   0.09000
C15     CG321   H48     HGA2    1       -0.09000 -   0.09000
N17     NG2R60  N16     NG2R61  1       -0.26000 -   0.26000
C21     CG2R63  N16     NG2R61  1        0.05000 -  -0.05000
C18     CG2R61  N17     NG2R60  2        0.30000 -  -0.30000
C18     CG2R61  C19     CG2R61  1        0.00000 -   0.00000
C18     CG2R61  C23     CG2R67  1        0.00000 -   0.00000
C19     CG2R61  C20     CG2R61  2        0.00000 -   0.00000
C19     CG2R61  H49     HGR61   1       -0.11500 -   0.11500
C20     CG2R61  C21     CG2R63  1       -0.02000 -   0.02000
C20     CG2R61  H50     HGR62   1       -0.12000 -   0.12000
C21     CG2R63  O22     OG2D4   2        0.49000 -  -0.49000
C24     CG2R61  C23     CG2R67  2        0.00000 -   0.00000
C29     CG2R61  C23     CG2R67  1        0.00000 -   0.00000
C24     CG2R61  C25     CG2R61  1        0.00000 -   0.00000
C24     CG2R61  H51     HGR61   1       -0.11500 -   0.11500
C25     CG2R61  C26     CG2R66  2        0.05000 -  -0.05000
C25     CG2R61  H52     HGR62   1         -0.150 -     0.150
C26     CG2R66  F27     FGR1    1        0.21000 -  -0.21000
C28     CG2R61  C26     CG2R66  1        0.05000 -  -0.05000
C28     CG2R61  C29     CG2R61  2        0.00000 -   0.00000
C28     CG2R61  H53     HGR62   1         -0.150 -     0.150
C29     CG2R61  H54     HGR61   1       -0.11500 -   0.11500
C30     CG2R61  H55     HGR61   1       -0.11500 -   0.11500
mol_gmx.pdb Success!
