N      N.2%6A NG2R60 N.2%6 
N2     N.2%6A NG2R60 N.2%6 
C      C.3%6A CG2R61 C.3%6A
C4     C.3%6A CG2R61 C.3%6A
C5     C.3%6A,6A CG2R61 C.3%6A
C6     C.3%6A,6A CG2R61 C.3%6A
C7     C.3%6A CG2R61 C.3%6A
C8     C.3%6A CG2R61 C.3%6A
C9     C.3%6A CG2R61 C.3%6A
C10    C.3%6A CG2R67 C.3%6(C.3%6)(C.3%6)(C.3%6)
C11    C.3%6A CG2R67 C.3%6(C.3%6)(C.3%6)(C.3%6)
N12    N.3    NG311  N.3(H.1)
C13    C.3%6A CG2R61 C.3%6A
C14    C.3%6A CG2R61 C.3%6A
C15    C.3%6A CG2R61 C.3%6A
C16    C.3%6A CG2R61 C.3%6A
C17    C.3%6A CG2R61 C.3%6A
N18    N.2%6A NG2R60 N.2%6 
C19    C.3%6A CG2R61 C.3%6A
C20    C.3%6A CG2R61 C.3%6A
C21    C.3%6A CG2R61 C.3%6A
S      S.4    SG3O2  S.4(O.1)(O.1)
O      O.1    OG2P1  O.1(!S)
O24    O.1    OG2P1  O.1(!S)
C25    C.4    CG331  !C.4(H.1)(H.1)(H.1)
C26    C.3%6A,6N CG2DC? C.3%*N(=C.3)(C.3(=C.3))
C27    C.3%6A,6N CG2DC? C.3%*N(=C.3)(C.3(=C.3))
O28    O.2%6N OG3R60 O.2%6N(C.3)
C29    C.4%6N CG321  C.4(H.1)(H.1)
C30    C.4%6N CG321  C.4(H.1)(H.1)
O31    O.2%6N OG3R60 O.2%6N(C.3)
H      H.1    HGR62  H.1(C.3%6A([^C]%6A))
H33    H.1    HGR62  H.1(C.3%6A([^C]%6A))
H34    H.1    HGR61  H.1(C.3%6)
H35    H.1    HGR61  H.1(C.3%6)
H36    H.1    HGP1   H.1(!N.3)
H37    H.1    HGR61  H.1(C.3%6)
H38    H.1    HGR61  H.1(C.3%6)
H39    H.1    HGR61  H.1(C.3%6)
H40    H.1    HGR62  H.1(C.3%6A([^C]%6A))
H41    H.1    HGR62  H.1(C.3%6A([^C]%6A))
H42    H.1    HGR61  H.1(C.3%6)
H43    H.1    HGA3   H.1(C.4(H.1)(H.1))
H44    H.1    HGA3   H.1(C.4(H.1)(H.1))
H45    H.1    HGA3   H.1(C.4(H.1)(H.1))
H46    H.1    HGA2   H.1(C.4(H.1))
H47    H.1    HGA2   H.1(C.4(H.1))
H48    H.1    HGA2   H.1(C.4(H.1))
H49    H.1    HGA2   H.1(C.4(H.1))
C4      CG2R61  N       NG2R60  2        0.29000 -  -0.29000
C6      CG2R61  N       NG2R60  1        0.29000 -  -0.29000
C       CG2R61  N2      NG2R60  2        0.29000 -  -0.29000
C5      CG2R61  N2      NG2R60  1        0.29000 -  -0.29000
C       CG2R61  C4      CG2R61  1        0.00000 -   0.00000
C       CG2R61  H       HGR62   1         -0.160 -     0.160
C4      CG2R61  H33     HGR62   1         -0.160 -     0.160
C5      CG2R61  C6      CG2R61  2        0.00000 -   0.00000
C5      CG2R61  C10     CG2R67  1        0.00000 -   0.00000
C6      CG2R61  C7      CG2R61  1        0.00000 -   0.00000
C7      CG2R61  C8      CG2R61  2        0.00000 -   0.00000
C7      CG2R61  H34     HGR61   1       -0.11500 -   0.11500
C8      CG2R61  C9      CG2R61  1        0.00000 -   0.00000
C8      CG2R61  N12     NG311   1        0.04000 -  -0.04000
C9      CG2R61  C10     CG2R67  2        0.00000 -   0.00000
C9      CG2R61  H35     HGR61   1       -0.11500 -   0.11500
C10     CG2R67  C11     CG2R67  1        0.00000 -   0.00000
C13     CG2R61  C11     CG2R67  2        0.00000 -   0.00000
C15     CG2R61  C11     CG2R67  1        0.00000 -   0.00000
C16     CG2R61  N12     NG311   1        0.04000 -  -0.04000
H36     HGP1    N12     NG311   1        0.35000 -  -0.35000
C13     CG2R61  C14     CG2R61  1        0.00000 -   0.00000
C13     CG2R61  H37     HGR61   1       -0.11500 -   0.11500
C27     CG2DC2  C14     CG2R61  2        0.00000 -   0.00000
C14     CG2R61  H38     HGR61   1       -0.11500 -   0.11500
C26     CG2DC1  C15     CG2R61  2        0.00000 -   0.00000
C15     CG2R61  H39     HGR61   1       -0.11500 -   0.11500
C16     CG2R61  C17     CG2R61  2        0.00000 -   0.00000
C16     CG2R61  C21     CG2R61  1        0.00000 -   0.00000
C17     CG2R61  N18     NG2R60  1        0.30000 -  -0.30000
C17     CG2R61  H40     HGR62   1       -0.12000 -   0.12000
C19     CG2R61  N18     NG2R60  2        0.30000 -  -0.30000
C19     CG2R61  C20     CG2R61  1        0.00000 -   0.00000
C19     CG2R61  H41     HGR62   1       -0.12000 -   0.12000
C20     CG2R61  C21     CG2R61  2        0.00000 -   0.00000
C20     CG2R61  H42     HGR61   1       -0.11500 -   0.11500
C21     CG2R61  S       SG3O2   1        0.24000 -  -0.24000
O       OG2P1   S       SG3O2   2       -0.36000 -   0.36000
O24     OG2P1   S       SG3O2   2       -0.36000 -   0.36000
C25     CG331   S       SG3O2   1        0.29000 -  -0.29000
C25     CG331   H43     HGA3    1       -0.09000 -   0.09000
C25     CG331   H44     HGA3    1       -0.09000 -   0.09000
C25     CG331   H45     HGA3    1       -0.09000 -   0.09000
C26     CG2DC1  C27     CG2DC2  1        0.00000 -   0.00000
C26     CG2DC1  O31     OG3R60  1        0.03000 -  -0.03000
C27     CG2DC2  O28     OG3R60  1        0.03000 -  -0.03000
C29     CG321   O28     OG3R60  1        0.22000 -  -0.22000
C29     CG321   C30     CG321   1        0.00000 -   0.00000
C29     CG321   H46     HGA2    1       -0.09000 -   0.09000
C29     CG321   H47     HGA2    1       -0.09000 -   0.09000
C30     CG321   O31     OG3R60  1        0.22000 -  -0.22000
C30     CG321   H48     HGA2    1       -0.09000 -   0.09000
C30     CG321   H49     HGA2    1       -0.09000 -   0.09000
mol_gmx.pdb Success!
