N      N.3    NG311  N.3(H.1)
C      C.3%6A CG2R61 C.3%6A
C3     C.3%6A CG2R61 C.3%6A
C4     C.3%6A CG2R67 C.3%6(C.3%6)(C.3%6)(C.3%6)
C5     C.3%6A,6A CG2R61 C.3%6A
C6     C.3%6A,6A CG2R61 C.3%6A
C7     C.3%6A CG2R61 C.3%6A
C8     C.3%6A CG2R67 C.3%6(C.3%6)(C.3%6)(C.3%6)
C9     C.3%6A CG2R61 C.3%6A
C10    C.3%6A CG2R61 C.3%6A
C11    C.3%6A,5A CG2RC0 C.3%6,5(C.3%6,5)(C.3%6)
C12    C.3%6A,5A CG2RC0 C.3%6,5(C.3%6,5)(C.3%6)
C13    C.3%6A CG2R61 C.3%6A
C14    C.3%5A CG2R51 C.3%5(H.1)(C.3%5(C.3%5))(C.3%5)
C15    C.3%5A CG2R51 C.3%5 
N16    N.3%5A NG2R51 N.3%5A(C.3%5)
C17    C.4    CG331  !C.4(H.1)(H.1)(H.1)
N18    N.2%6A NG2R60 N.2%6 
C19    C.3%6A CG2R61 C.3%6A
C20    C.3%6A CG2R61 C.3%6A
N21    N.2%6A NG2R60 N.2%6 
C22    C.3%6A CG2R61 C.3%6A
C23    C.3%6A CG2R61 C.3%6A
N24    N.2%6A NG2R60 N.2%6 
C25    C.3%6A CG2R61 C.3%6A
C26    C.3%6A CG2R61 C.3%6A
C27    C.3%6A CG2R61 C.3%6A
H      H.1    HGP1   H.1(!N.3)
H29    H.1    HGR61  H.1(C.3%6)
H30    H.1    HGR61  H.1(C.3%6)
H31    H.1    HGR61  H.1(C.3%6)
H32    H.1    HGR61  H.1(C.3%6)
H33    H.1    HGR61  H.1(C.3%6)
H34    H.1    HGR51  H.1(C.3%5)
H35    H.1    HGR52  H.1(C.3%5([^C]%5))
H36    H.1    HGA3   H.1(C.4(H.1)(H.1))
H37    H.1    HGA3   H.1(C.4(H.1)(H.1))
H38    H.1    HGA3   H.1(C.4(H.1)(H.1))
H39    H.1    HGR62  H.1(C.3%6A([^C]%6A))
H40    H.1    HGR62  H.1(C.3%6A([^C]%6A))
H41    H.1    HGR62  H.1(C.3%6A([^C]%6A))
H42    H.1    HGR62  H.1(C.3%6A([^C]%6A))
H43    H.1    HGR61  H.1(C.3%6)
H44    H.1    HGR61  H.1(C.3%6)
C       CG2R61  N       NG311   1        0.04000 -  -0.04000
C22     CG2R61  N       NG311   1        0.04000 -  -0.04000
H       HGP1    N       NG311   1        0.35000 -  -0.35000
C       CG2R61  C3      CG2R61  1        0.00000 -   0.00000
C       CG2R61  C7      CG2R61  2        0.00000 -   0.00000
C3      CG2R61  C4      CG2R67  2        0.00000 -   0.00000
C3      CG2R61  H29     HGR61   1       -0.11500 -   0.11500
C5      CG2R61  C4      CG2R67  1        0.00000 -   0.00000
C4      CG2R67  C8      CG2R67  1        0.00000 -   0.00000
C5      CG2R61  C6      CG2R61  1        0.00000 -   0.00000
C5      CG2R61  N21     NG2R60  2        0.29000 -  -0.29000
C6      CG2R61  C7      CG2R61  1        0.00000 -   0.00000
C6      CG2R61  N18     NG2R60  2        0.29000 -  -0.29000
C7      CG2R61  H30     HGR61   1       -0.11500 -   0.11500
C9      CG2R61  C8      CG2R67  2        0.00000 -   0.00000
C13     CG2R61  C8      CG2R67  1        0.00000 -   0.00000
C9      CG2R61  C10     CG2R61  1        0.00000 -   0.00000
C9      CG2R61  H31     HGR61   1       -0.11500 -   0.11500
C10     CG2R61  C11     CG2RC0  2        0.00000 -   0.00000
C10     CG2R61  H32     HGR61   1       -0.11500 -   0.11500
C11     CG2RC0  C12     CG2RC0  1        0.00000 -   0.00000
C14     CG2R51  C11     CG2RC0  1       -0.03000 -   0.03000
C13     CG2R61  C12     CG2RC0  2        0.00000 -   0.00000
C12     CG2RC0  N16     NG2R51  1        0.15000 -  -0.15000
C13     CG2R61  H33     HGR61   1       -0.11500 -   0.11500
C14     CG2R51  C15     CG2R51  2       -0.10000 -   0.10000
C14     CG2R51  H34     HGR51   1       -0.15000 -   0.15000
C15     CG2R51  N16     NG2R51  1        0.00000 -  -0.00000
C15     CG2R51  H35     HGR52   1         -0.140 -     0.140
C17     CG331   N16     NG2R51  1        0.00000 -   0.00000
C17     CG331   H36     HGA3    1       -0.09000 -   0.09000
C17     CG331   H37     HGA3    1       -0.09000 -   0.09000
C17     CG331   H38     HGA3    1       -0.09000 -   0.09000
C19     CG2R61  N18     NG2R60  1        0.29000 -  -0.29000
C19     CG2R61  C20     CG2R61  2        0.00000 -   0.00000
C19     CG2R61  H39     HGR62   1         -0.160 -     0.160
C20     CG2R61  N21     NG2R60  1        0.29000 -  -0.29000
C20     CG2R61  H40     HGR62   1         -0.160 -     0.160
C22     CG2R61  C23     CG2R61  2        0.00000 -   0.00000
C22     CG2R61  C27     CG2R61  1        0.00000 -   0.00000
C23     CG2R61  N24     NG2R60  1        0.30000 -  -0.30000
C23     CG2R61  H41     HGR62   1       -0.12000 -   0.12000
C25     CG2R61  N24     NG2R60  2        0.30000 -  -0.30000
C25     CG2R61  C26     CG2R61  1        0.00000 -   0.00000
C25     CG2R61  H42     HGR62   1       -0.12000 -   0.12000
C26     CG2R61  C27     CG2R61  2        0.00000 -   0.00000
C26     CG2R61  H43     HGR61   1       -0.11500 -   0.11500
C27     CG2R61  H44     HGR61   1       -0.11500 -   0.11500
mol.mol2 Success!
