C      C.3%6A CG2R61 C.3%6A
C2     C.3%6A CG2R61 C.3%6A
C3     C.3%6A CG2R61 C.3%6A
C4     C.3%6A CG2R67 C.3%6(C.3%6)(C.3%6)(C.3%6)
C5     C.3%6A,6A CG2R61 C.3%6A
C6     C.3%6A,6A CG2R61 C.3%6A
N      N.2%6A NG2R60 N.2%6 
C8     C.3%6A CG2R61 C.3%6A
C9     C.3%6A CG2R61 C.3%6A
N10    N.2%6A NG2R60 N.2%6 
C11    C.3%6A CG2R67 C.3%6(C.3%6)(C.3%6)(C.3%6)
N12    N.3    NG311  N.3(H.1)
C13    C.3%6A CG2R61 C.3%6A
C14    C.3%6A CG2R61 C.3%6A
N15    N.2%6A NG2R60 N.2%6 
C16    C.3%6A CG2R61 C.3%6A
C17    C.3%6A CG2R61 C.3%6A
C18    C.3%6A CG2R61 C.3%6A
S      S.4    SG3O2  S.4(O.1)(O.1)
O      O.1    OG2P1  O.1(!S)
O21    O.1    OG2P1  O.1(!S)
C22    C.4    CG331  !C.4(H.1)(H.1)(H.1)
C23    C.3%6A CG2R61 C.3%6A
C24    C.3%6A CG2R61 C.3%6A
C25    C.3%6A CG2R61 C.3%6A
C26    C.3%6A,5A CG2RC0 C.3%6,5(C.3%6,5)(C.3%6)
C27    C.3%6A,5A CG2RC0 C.3%6,5(C.3%6,5)(C.3%6)
S28    S.2%5A SG2R50 S.2%*A
C29    C.3%5A CG2R51 C.3%5 
C30    C.3%5A CG2R51 C.3%5(H.1)(C.3%5(C.3%5))(C.3%5)
N31    N.3    NG321  N.3(H.1)(H.1)
H      H.1    HGR61  H.1(C.3%6)
H33    H.1    HGR61  H.1(C.3%6)
H34    H.1    HGR62  H.1(C.3%6A([^C]%6A))
H35    H.1    HGR62  H.1(C.3%6A([^C]%6A))
H36    H.1    HGP1   H.1(!N.3)
H37    H.1    HGR62  H.1(C.3%6A([^C]%6A))
H38    H.1    HGR62  H.1(C.3%6A([^C]%6A))
H39    H.1    HGR61  H.1(C.3%6)
H40    H.1    HGA3   H.1(C.4(H.1)(H.1))
H41    H.1    HGA3   H.1(C.4(H.1)(H.1))
H42    H.1    HGA3   H.1(C.4(H.1)(H.1))
H43    H.1    HGR61  H.1(C.3%6)
H44    H.1    HGR61  H.1(C.3%6)
H45    H.1    HGR61  H.1(C.3%6)
H46    H.1    HGR51  H.1(C.3%5)
H47    H.1    HGP1   H.1(!N.3)
H48    H.1    HGP1   H.1(!N.3)
C       CG2R61  C2      CG2R61  2        0.00000 -   0.00000
C       CG2R61  C5      CG2R61  1        0.00000 -   0.00000
C       CG2R61  H       HGR61   1       -0.11500 -   0.11500
C2      CG2R61  C3      CG2R61  1        0.00000 -   0.00000
C2      CG2R61  N12     NG311   1        0.04000 -  -0.04000
C3      CG2R61  C4      CG2R67  2        0.00000 -   0.00000
C3      CG2R61  H33     HGR61   1       -0.11500 -   0.11500
C6      CG2R61  C4      CG2R67  1        0.00000 -   0.00000
C4      CG2R67  C11     CG2R67  1        0.00000 -   0.00000
C5      CG2R61  C6      CG2R61  1        0.00000 -   0.00000
C5      CG2R61  N10     NG2R60  2        0.29000 -  -0.29000
C6      CG2R61  N       NG2R60  2        0.29000 -  -0.29000
C8      CG2R61  N       NG2R60  1        0.29000 -  -0.29000
C8      CG2R61  C9      CG2R61  2        0.00000 -   0.00000
C8      CG2R61  H34     HGR62   1         -0.160 -     0.160
C9      CG2R61  N10     NG2R60  1        0.29000 -  -0.29000
C9      CG2R61  H35     HGR62   1         -0.160 -     0.160
C23     CG2R61  C11     CG2R67  2        0.00000 -   0.00000
C25     CG2R61  C11     CG2R67  1        0.00000 -   0.00000
C13     CG2R61  N12     NG311   1        0.04000 -  -0.04000
H36     HGP1    N12     NG311   1        0.35000 -  -0.35000
C13     CG2R61  C14     CG2R61  2        0.00000 -   0.00000
C13     CG2R61  C18     CG2R61  1        0.00000 -   0.00000
C14     CG2R61  N15     NG2R60  1        0.30000 -  -0.30000
C14     CG2R61  H37     HGR62   1       -0.12000 -   0.12000
C16     CG2R61  N15     NG2R60  2        0.30000 -  -0.30000
C16     CG2R61  C17     CG2R61  1        0.00000 -   0.00000
C16     CG2R61  H38     HGR62   1       -0.12000 -   0.12000
C17     CG2R61  C18     CG2R61  2        0.00000 -   0.00000
C17     CG2R61  H39     HGR61   1       -0.11500 -   0.11500
C18     CG2R61  S       SG3O2   1        0.24000 -  -0.24000
O       OG2P1   S       SG3O2   2       -0.36000 -   0.36000
O21     OG2P1   S       SG3O2   2       -0.36000 -   0.36000
C22     CG331   S       SG3O2   1        0.29000 -  -0.29000
C22     CG331   H40     HGA3    1       -0.09000 -   0.09000
C22     CG331   H41     HGA3    1       -0.09000 -   0.09000
C22     CG331   H42     HGA3    1       -0.09000 -   0.09000
C23     CG2R61  C24     CG2R61  1        0.00000 -   0.00000
C23     CG2R61  H43     HGR61   1       -0.11500 -   0.11500
C24     CG2R61  C27     CG2RC0  2        0.00000 -   0.00000
C24     CG2R61  H44     HGR61   1       -0.11500 -   0.11500
C25     CG2R61  C26     CG2RC0  2        0.00000 -   0.00000
C25     CG2R61  H45     HGR61   1       -0.11500 -   0.11500
C26     CG2RC0  C27     CG2RC0  1        0.00000 -   0.00000
C30     CG2R51  C26     CG2RC0  1       -0.03000 -   0.03000
C27     CG2RC0  S28     SG2R50  1        0.08000 -  -0.08000
C29     CG2R51  S28     SG2R50  1        0.05000 -  -0.05000
C29     CG2R51  C30     CG2R51  2        0.07000 -  -0.07000
C29     CG2R51  N31     NG321   1        0.04000 -  -0.04000
C30     CG2R51  H46     HGR51   1       -0.15000 -   0.15000
H47     HGP1    N31     NG321   1        0.38000 -  -0.38000
H48     HGP1    N31     NG321   1        0.38000 -  -0.38000
mol.mol2 Success!
