N      N.3    NG321  N.3(H.1)(H.1)
C      C.4%5N CG3C51 C.4%5(H.1)
C3     C.4%5N CG312  C.4(F.1)(F.1)
C4     C.4%5N CG3C52 C.4%5(H.1)(H.1)
C5     C.3%5N,6A CG2RC0 C.3%6,5(C.3%6,5)(C.3%6)
C6     C.3%5N,6A CG2RC0 C.3%6,5(C.3%6,5)(C.3%6)
C7     C.3%6A CG2R61 C.3%6A
C8     C.3%6A CG2R61 C.3%6A
C9     C.3%6A CG2R61 C.3%6A
C10    C.3%6A CG2R61 C.3%6A
O      O.2    OG301  O.2   
C12    C.3%6A CG2R61 C.3%6A
C13    C.3%6A CG2R61 C.3%6A
C14    C.3%6A CG2R66 C.3%6(F.1)
F      F.1    FGR1   F.1(C.3%)
C16    C.3%6A CG2R61 C.3%6A
C17    C.3%6A CG2R61 C.3%6A
C18    C.2    CG1N1  !C.2(!N.1)
C19    C.3%6A CG2R61 C.3%6A
S      S.4    SG3O2  S.4(O.1)(O.1)
O21    O.1    OG2P1  O.1(!S)
O22    O.1    OG2P1  O.1(!S)
C23    C.4    CG331  !C.4(H.1)(H.1)(H.1)
F24    F.1    FGA2   F.1(C.4(F.1))
F25    F.1    FGA2   F.1(C.4(F.1))
N26    N.1    NG1T1  !N.1  
H      H.1    HGPAM2 H.1(!N.3(H.1)(C.4))
H28    H.1    HGPAM2 H.1(!N.3(H.1)(C.4))
H29    H.1    HGA1   H.1(C.4)
H30    H.1    HGA2   H.1(C.4(H.1))
H31    H.1    HGA2   H.1(C.4(H.1))
H32    H.1    HGR61  H.1(C.3%6)
H33    H.1    HGR61  H.1(C.3%6)
H34    H.1    HGR62  H.1(C.3%6(C.3%6(F|CL|BR|I.1)))
H35    H.1    HGR62  H.1(C.3%6(C.3%6(F|CL|BR|I.1)))
H36    H.1    HGR61  H.1(C.3%6)
H37    H.1    HGA3   H.1(C.4(H.1)(H.1))
H38    H.1    HGA3   H.1(C.4(H.1)(H.1))
H39    H.1    HGA3   H.1(C.4(H.1)(H.1))
C       CG3C51  N       NG321   1        0.28000 -  -0.28000
H       HGPAM2  N       NG321   1        0.29000 -  -0.29000
H28     HGPAM2  N       NG321   1        0.29000 -  -0.29000
C3      CG312   C       CG3C51  1        0.00000 -   0.00000
C6      CG2RC0  C       CG3C51  1        0.00000 -   0.00000
C       CG3C51  H29     HGA1    1       -0.09000 -   0.09000
C3      CG312   C4      CG3C52  1        0.00000 -   0.00000
C3      CG312   F24     FGA2    1        0.17000 -  -0.17000
C3      CG312   F25     FGA2    1        0.17000 -  -0.17000
C5      CG2RC0  C4      CG3C52  1       -0.17000 -   0.17000
C4      CG3C52  H30     HGA2    1       -0.09000 -   0.09000
C4      CG3C52  H31     HGA2    1       -0.09000 -   0.09000
C5      CG2RC0  C6      CG2RC0  1        0.00000 -   0.00000
C10     CG2R61  C5      CG2RC0  2        0.00000 -   0.00000
C7      CG2R61  C6      CG2RC0  2        0.00000 -   0.00000
C7      CG2R61  C8      CG2R61  1        0.00000 -   0.00000
C7      CG2R61  S       SG3O2   1        0.24000 -  -0.24000
C8      CG2R61  C9      CG2R61  2        0.00000 -   0.00000
C8      CG2R61  H32     HGR61   1       -0.11500 -   0.11500
C9      CG2R61  C10     CG2R61  1        0.00000 -   0.00000
C9      CG2R61  H33     HGR61   1       -0.11500 -   0.11500
C10     CG2R61  O       OG301   1        0.21500 -  -0.21500
C12     CG2R61  O       OG301   1        0.21500 -  -0.21500
C12     CG2R61  C13     CG2R61  2        0.00000 -   0.00000
C12     CG2R61  C19     CG2R61  1        0.00000 -   0.00000
C13     CG2R61  C14     CG2R66  1        0.00000 -   0.00000
C13     CG2R61  H34     HGR62   1         -0.150 -     0.150
C14     CG2R66  F       FGR1    1        0.21000 -  -0.21000
C16     CG2R61  C14     CG2R66  2        0.00000 -   0.00000
C16     CG2R61  C17     CG2R61  1        0.00000 -   0.00000
C16     CG2R61  H35     HGR62   1         -0.150 -     0.150
C18     CG1N1   C17     CG2R61  1       -0.10000 -   0.10000
C17     CG2R61  C19     CG2R61  2        0.00000 -   0.00000
C18     CG1N1   N26     NG1T1   3        0.46000 -  -0.46000
C19     CG2R61  H36     HGR61   1       -0.11500 -   0.11500
O21     OG2P1   S       SG3O2   2       -0.36000 -   0.36000
O22     OG2P1   S       SG3O2   2       -0.36000 -   0.36000
C23     CG331   S       SG3O2   1        0.29000 -  -0.29000
C23     CG331   H37     HGA3    1       -0.09000 -   0.09000
C23     CG331   H38     HGA3    1       -0.09000 -   0.09000
C23     CG331   H39     HGA3    1       -0.09000 -   0.09000
mol.mol2 Success!
