C      C.4%5N CG3C51 C.4%5(H.1)
C2     C.4%5N CG3C52 C.4%5(H.1)(H.1)
C3     C.4%5N CG3C52 C.4%5(H.1)(H.1)
O      O.2    OG311  !O.2(!H.1)
C5     C.4%5N CG3C52 C.4%5(H.1)(H.1)
N      N.3%5N NG2S0  N.3(!C.3(O.1))
C7     C.3%6A CG2R61 C.3%6A
C8     C.3%6A CG2R61 C.3%6A
C9     C.3%6A CG2R61 C.3%6A
C10    C.3%6A CG2R61 C.3%6A
O11    O.2    OG311  !O.2(!H.1)
C12    C.3    CG2O1  !C.3(O.1)(N.3)
O13    O.1    OG2D1  O.1(C.3)
C14    C.3%6A,5A CG2RC0 C.3%6,5(C.3%6,5)(C.3%6)
C15    C.3%6A,5A CG2RC0 C.3%6,5(C.3%6,5)(C.3%6)
N16    N.3%5A NG2R51 N.3%5A(C.3%5)
N17    N.2%5A NG2R50 N.2%5 
C18    C.3%5A CG2R52 C.3%5(=N.2%5)
C19    C.4    CG321  C.4(H.1)(H.1)
C20    C.3%6A CG2R61 C.3%6A
C21    C.3%6A CG2R61 C.3%6A
C22    C.3%6A CG2R61 C.3%6A
C23    C.3%6A CG2R61 C.3%6A
C24    C.3%6A CG2R61 C.3%6A
C25    C.3%6A CG2R61 C.3%6A
C26    C.4    CG331  !C.4(H.1)(H.1)(H.1)
H      H.1    HGA1   H.1(C.4)
H28    H.1    HGA2   H.1(C.4(H.1))
H29    H.1    HGA2   H.1(C.4(H.1))
H30    H.1    HGA2   H.1(C.4(H.1))
H31    H.1    HGA2   H.1(C.4(H.1))
H32    H.1    HGP1   H(O.2)
H33    H.1    HGA2   H.1(C.4(H.1))
H34    H.1    HGA2   H.1(C.4(H.1))
H35    H.1    HGR61  H.1(C.3%6)
H36    H.1    HGR61  H.1(C.3%6)
H37    H.1    HGP1   H(O.2)
H38    H.1    HGP1   H.1(N.3%5)
H39    H.1    HGA2   H.1(C.4(H.1))
H40    H.1    HGA2   H.1(C.4(H.1))
H41    H.1    HGR61  H.1(C.3%6)
H42    H.1    HGR61  H.1(C.3%6)
H43    H.1    HGR61  H.1(C.3%6)
H44    H.1    HGR61  H.1(C.3%6)
H45    H.1    HGA3   H.1(C.4(H.1)(H.1))
H46    H.1    HGA3   H.1(C.4(H.1)(H.1))
H47    H.1    HGA3   H.1(C.4(H.1)(H.1))
C       CG3C51  C2      CG3C52  1        0.00000 -   0.00000
C       CG3C51  C3      CG3C52  1        0.00000 -   0.00000
C       CG3C51  O       OG311   1        0.23000 -  -0.23000
C       CG3C51  H       HGA1    1       -0.09000 -   0.09000
C2      CG3C52  C5      CG3C52  1        0.00000 -   0.00000
C2      CG3C52  H28     HGA2    1       -0.09000 -   0.09000
C2      CG3C52  H29     HGA2    1       -0.09000 -   0.09000
C3      CG3C52  N       NG2S0   1        0.18000 -  -0.18000
C3      CG3C52  H30     HGA2    1       -0.09000 -   0.09000
C3      CG3C52  H31     HGA2    1       -0.09000 -   0.09000
H32     HGP1    O       OG311   1        0.42000 -  -0.42000
C5      CG3C52  N       NG2S0   1        0.18000 -  -0.18000
C5      CG3C52  H33     HGA2    1       -0.09000 -   0.09000
C5      CG3C52  H34     HGA2    1       -0.09000 -   0.09000
C12     CG2O1   N       NG2S0   1        0.00000 -   0.00000
C7      CG2R61  C8      CG2R61  2        0.00000 -   0.00000
C7      CG2R61  C10     CG2R61  1        0.00000 -   0.00000
C12     CG2O1   C7      CG2R61  1        0.02000 -  -0.02000
C8      CG2R61  C9      CG2R61  1        0.00000 -   0.00000
C8      CG2R61  O11     OG311   1        0.11000 -  -0.11000
C9      CG2R61  C15     CG2RC0  2        0.00000 -   0.00000
C9      CG2R61  H35     HGR61   1       -0.11500 -   0.11500
C10     CG2R61  C14     CG2RC0  2        0.00000 -   0.00000
C10     CG2R61  H36     HGR61   1       -0.11500 -   0.11500
H37     HGP1    O11     OG311   1        0.42000 -  -0.42000
C12     CG2O1   O13     OG2D1   2        0.51000 -  -0.51000
C14     CG2RC0  C15     CG2RC0  1        0.00000 -   0.00000
C18     CG2R52  C14     CG2RC0  1        0.02500 -  -0.02500
C15     CG2RC0  N16     NG2R51  1        0.15000 -  -0.15000
N17     NG2R50  N16     NG2R51  1       -0.32000 -   0.32000
H38     HGP1    N16     NG2R51  1          0.370 -   -0.3700
C18     CG2R52  N17     NG2R50  2        0.25000 -  -0.25000
C18     CG2R52  C19     CG321   1       -0.11000 -   0.11000
C20     CG2R61  C19     CG321   1        0.00000 -   0.00000
C19     CG321   H39     HGA2    1       -0.09000 -   0.09000
C19     CG321   H40     HGA2    1       -0.09000 -   0.09000
C20     CG2R61  C21     CG2R61  2        0.00000 -   0.00000
C20     CG2R61  C25     CG2R61  1        0.00000 -   0.00000
C21     CG2R61  C24     CG2R61  1        0.00000 -   0.00000
C21     CG2R61  H41     HGR61   1       -0.11500 -   0.11500
C22     CG2R61  C23     CG2R61  1        0.00000 -   0.00000
C22     CG2R61  C24     CG2R61  2        0.00000 -   0.00000
C22     CG2R61  H42     HGR61   1       -0.11500 -   0.11500
C23     CG2R61  C25     CG2R61  2        0.00000 -   0.00000
C23     CG2R61  C26     CG331   1        0.00000 -   0.00000
C24     CG2R61  H43     HGR61   1       -0.11500 -   0.11500
C25     CG2R61  H44     HGR61   1       -0.11500 -   0.11500
C26     CG331   H45     HGA3    1       -0.09000 -   0.09000
C26     CG331   H46     HGA3    1       -0.09000 -   0.09000
C26     CG331   H47     HGA3    1       -0.09000 -   0.09000
mol_gmx.pdb Success!
