C      C.3%6A CG2R61 C.3%6A
C2     C.3%6A CG2R61 C.3%6A
C3     C.3%6A CG2R61 C.3%6A
C4     C.3%6A CG2R61 C.3%6A
C5     C.3%6A CG2R61 C.3%6A
C6     C.3%6A CG2R61 C.3%6A
O      O.2    OG301  O.2   
C8     C.3%6A CG2R61 C.3%6A
C9     C.3%6A CG2R61 C.3%6A
C10    C.3%6A CG2R66 C.3%6(F.1)
C11    C.3%6A CG2R61 C.3%6A
C12    C.3%6A CG2R61 C.3%6A
CL     CL.1   CLGR1  CL.1(C%6)
C14    C.3%6A CG2R61 C.3%6A
S      S.4    SG3O2  S.4(O.1)(O.1)
O16    O.1    OG2P1  O.1(!S)
O17    O.1    OG2P1  O.1(!S)
C18    C.4    CG302  C.4(F.1)(F.1)(F.1)
F      F.1    FGA3   F.1(!C.4(F.1)(F.1))
F20    F.1    FGA3   F.1(!C.4(F.1)(F.1))
C21    C.4    CG312  C.4(F.1)(F.1)
F22    F.1    FGR1   F.1(C.3%)
F23    F.1    FGA3   F.1(!C.4(F.1)(F.1))
F24    F.1    FGA2   F.1(C.4(F.1))
F25    F.1    FGA2   F.1(C.4(F.1))
H      H.1    HGR61  H.1(C.3%6)
H27    H.1    HGR61  H.1(C.3%6)
H28    H.1    HGR61  H.1(C.3%6)
H29    H.1    HGR62  H.1(C.3%6(C.3%6(F|CL|BR|I.1)))
H30    H.1    HGR62  H.1(C.3%6(C.3%6(F|CL|BR|I.1)))
H31    H.1    HGR62  H.1(C.3%6(C.3%6(F|CL|BR|I.1)))
H32    H.1    HGA7   H.1(C.4(F.1)(F.1))
C21     CG312   F25     FGA2    1        0.17000 -  -0.17000
C21     CG312   H32     HGA7    1       -0.10000 -   0.10000
C21     CG312   F24     FGA2    1        0.17000 -  -0.17000
C       CG2R61  C21     CG312   1       -0.34000 -   0.34000
C9      CG2R61  H29     HGR62   1         -0.150 -     0.150
C8      CG2R61  O       OG301   1        0.21500 -  -0.21500
C6      CG2R61  O       OG301   1        0.21500 -  -0.21500
C       CG2R61  C6      CG2R61  1        0.00000 -   0.00000
C       CG2R61  C2      CG2R61  2        0.00000 -   0.00000
C9      CG2R61  C8      CG2R61  2        0.00000 -   0.00000
C9      CG2R61  C10     CG2R66  1        0.00000 -   0.00000
C2      CG2R61  H       HGR61   1       -0.11500 -   0.11500
C8      CG2R61  C14     CG2R61  1        0.00000 -   0.00000
C10     CG2R66  F22     FGR1    1        0.21000 -  -0.21000
C6      CG2R61  C5      CG2R61  2        0.00000 -   0.00000
C11     CG2R61  C10     CG2R66  2        0.00000 -   0.00000
C2      CG2R61  C3      CG2R61  1        0.00000 -   0.00000
C14     CG2R61  H31     HGR62   1         -0.150 -     0.150
C14     CG2R61  C12     CG2R61  2        0.00000 -   0.00000
C11     CG2R61  C12     CG2R61  1        0.00000 -   0.00000
C11     CG2R61  H30     HGR62   1         -0.150 -     0.150
C12     CG2R61  CL      CLGR1   1        0.13000 -  -0.13000
O17     OG2P1   S       SG3O2   2       -0.42000 -   0.42000
C5      CG2R61  H28     HGR61   1       -0.11500 -   0.11500
C5      CG2R61  C4      CG2R61  1        0.00000 -   0.00000
C3      CG2R61  C4      CG2R61  2        0.00000 -   0.00000
C3      CG2R61  S       SG3O2   1        0.24000 -  -0.24000
C4      CG2R61  H27     HGR61   1       -0.11500 -   0.11500
C18     CG302   F23     FGA3    1        0.14000 -  -0.14000
C18     CG302   S       SG3O2   1        0.22000 -  -0.22000
O16     OG2P1   S       SG3O2   2       -0.42000 -   0.42000
C18     CG302   F20     FGA3    1        0.14000 -  -0.14000
C18     CG302   F       FGA3    1        0.14000 -  -0.14000
mol_clean Success!
