C      C.3%6A CG2R61 C.3%6A
C2     C.3%6A,6A CG2R61 C.3%6A
C3     C.3%6A CG2R61 C.3%6A
C4     C.3%6A,6A CG2R62 C.3%6(C.3%6([^C]%6))(C.3%6([^C]%6))
N      N.2%6A NG2R62 N.2%6(C.3%6(N.3%6(C.3%6)))
C6     C.3%6A CG2R66 C.3%6(F.1)
C7     C.3%6A CG2R61 C.3%6A
C8     C.3%6A CG2R63 C.3%6(O.1)(N.3%6)
N9     N.3%6A NG2R61 N.3%6A(H.1)
O      O.1    OG2D4  O.1(C.3%6(N%6))
C11    C.3%6A CG2R64 C.3%6(N.2%6)(N)
C12    C.3%6A CG2R67 C.3%6(C.3%6)(C.3%6)(C.3%6)
C13    C.3%6A CG2R61 C.3%6A
C14    C.3%6A CG2R61 C.3%6A
C15    C.3%6A CG2D1O C.3%6([^C]%6(C.4%6))
C16    C.3%6A CG2R61 C.3%6A
C17    C.3%6A CG2R61 C.3%6A
F      F.1    FGR1   F.1(C.3%)
N19    N.3%6N NG301  N.3%6N
C20    C.4%6N CG321  C.4(H.1)(H.1)
C21    C.4%6N CG324  C.4(H.1)(H.1)(N+)
N22    N.4%6N NG3P1  N.4(H.1)
C23    C.4%6N CG324  C.4(H.1)(H.1)(N+)
C24    C.4%6N CG321  C.4(H.1)(H.1)
C25    C.4    CG334  !C.4(H.1)(H.1)(H.1)(N+)
H      H.1    HGR62  H.1(C.3%6(C.3%6(F|CL|BR|I.1)))
H27    H.1    HGR62  H.1(C.3%6(C.3%6(F|CL|BR|I.1)))
H28    H.1    HGP1   H.1(N.3%)
H29    H.1    HGR61  H.1(C.3%6)
H30    H.1    HGR62  H.1(C.3%6(C.3%6(N.3%6)))
H31    H.1    HGR62  H.1(C.3%6(C.3%6(N.3%6)))
H32    H.1    HGR61  H.1(C.3%6)
H33    H.1    HGA2   H.1(C.4(H.1))
H34    H.1    HGA2   H.1(C.4(H.1))
H35    H.1    HGA2   H.1(C.4(H.1))
H36    H.1    HGA2   H.1(C.4(H.1))
H37    H.1    HGA2   H.1(C.4(H.1))
H38    H.1    HGA2   H.1(C.4(H.1))
H39    H.1    HGA2   H.1(C.4(H.1))
H40    H.1    HGA2   H.1(C.4(H.1))
H41    H.1    HGA3   H.1(C.4(H.1)(H.1))
H42    H.1    HGA3   H.1(C.4(H.1)(H.1))
H43    H.1    HGA3   H.1(C.4(H.1)(H.1))
H44    H.1    HGP2   H.1(N.4)
C45    C.4    CG331  !C.4(H.1)(H.1)(H.1)
H46    H.1    HGA3   H.1(C.4(H.1)(H.1))
H47    H.1    HGA3   H.1(C.4(H.1)(H.1))
H48    H.1    HGA3   H.1(C.4(H.1)(H.1))
C       CG2R61  C2      CG2R61  1        0.00000 -   0.00000
C       CG2R61  C3      CG2R61  2        0.00000 -   0.00000
C       CG2R61  C45     CG331   1        0.00000 -   0.00000
C2      CG2R61  C4      CG2R62  2        0.00000 -   0.00000
C2      CG2R61  N       NG2R62  1        0.41000 -  -0.41000
C3      CG2R61  C6      CG2R66  1        0.00000 -   0.00000
C3      CG2R61  H       HGR62   1         -0.150 -     0.150
C7      CG2R61  C4      CG2R62  1        0.00000 -   0.00000
C4      CG2R62  C8      CG2R63  1        0.00000 -   0.00000
C11     CG2R64  N       NG2R62  2        0.31500 -  -0.31500
C7      CG2R61  C6      CG2R66  2        0.00000 -   0.00000
C6      CG2R66  F       FGR1    1        0.21000 -  -0.21000
C7      CG2R61  H27     HGR62   1         -0.150 -     0.150
C8      CG2R63  N9      NG2R61  1        0.05000 -  -0.05000
C8      CG2R63  O       OG2D4   2        0.49000 -  -0.49000
C11     CG2R64  N9      NG2R61  1        0.05000 -  -0.05000
H28     HGP1    N9      NG2R61  1        0.36000 -  -0.36000
C11     CG2R64  C12     CG2R67  1        0.20000 -  -0.20000
C13     CG2R61  C12     CG2R67  2        0.00000 -   0.00000
C17     CG2R61  C12     CG2R67  1        0.00000 -   0.00000
C13     CG2R61  C14     CG2R61  1        0.00000 -   0.00000
C13     CG2R61  H29     HGR61   1       -0.11500 -   0.11500
C15     CG2D1O  C14     CG2R61  2        0.00000 -   0.00000
C14     CG2R61  H30     HGR62   1       -0.12000 -   0.12000
C15     CG2D1O  C16     CG2R61  1        0.00000 -   0.00000
C15     CG2D1O  N19     NG301   1       -0.10000 -   0.10000
C16     CG2R61  C17     CG2R61  2        0.00000 -   0.00000
C16     CG2R61  H31     HGR62   1       -0.12000 -   0.12000
C17     CG2R61  H32     HGR61   1       -0.11500 -   0.11500
C20     CG321   N19     NG301   1        0.21000 -  -0.21000
C24     CG321   N19     NG301   1        0.21000 -  -0.21000
C20     CG321   C21     CG324   1        0.00000 -   0.00000
C20     CG321   H33     HGA2    1       -0.09000 -   0.09000
C20     CG321   H34     HGA2    1       -0.09000 -   0.09000
C21     CG324   N22     NG3P1   1        0.33000 -  -0.08000
C21     CG324   H35     HGA2    1       -0.09000 -   0.09000
C21     CG324   H36     HGA2    1       -0.09000 -   0.09000
C23     CG324   N22     NG3P1   1        0.33000 -  -0.08000
C25     CG334   N22     NG3P1   1        0.42000 -  -0.17000
H44     HGP2    N22     NG3P1   1        0.32000 -  -0.07000
C24     CG321   C23     CG324   1        0.00000 -   0.00000
C23     CG324   H37     HGA2    1       -0.09000 -   0.09000
C23     CG324   H38     HGA2    1       -0.09000 -   0.09000
C24     CG321   H39     HGA2    1       -0.09000 -   0.09000
C24     CG321   H40     HGA2    1       -0.09000 -   0.09000
C25     CG334   H41     HGA3    1       -0.09000 -   0.09000
C25     CG334   H42     HGA3    1       -0.09000 -   0.09000
C25     CG334   H43     HGA3    1       -0.09000 -   0.09000
C45     CG331   H46     HGA3    1       -0.09000 -   0.09000
C45     CG331   H47     HGA3    1       -0.09000 -   0.09000
C45     CG331   H48     HGA3    1       -0.09000 -   0.09000
mol_gmx.pdb Success!
